[2023-10-10 12:13:43,978] {taskinstance.py:1179} INFO - Dependencies all met for <TaskInstance: ETL_toll_data.unzip_data manual__2023-10-10T12:13:42.528919+00:00 [queued]>
[2023-10-10 12:13:44,003] {taskinstance.py:1179} INFO - Dependencies all met for <TaskInstance: ETL_toll_data.unzip_data manual__2023-10-10T12:13:42.528919+00:00 [queued]>
[2023-10-10 12:13:44,003] {taskinstance.py:1376} INFO - 
--------------------------------------------------------------------------------
[2023-10-10 12:13:44,003] {taskinstance.py:1377} INFO - Starting attempt 1 of 2
[2023-10-10 12:13:44,003] {taskinstance.py:1378} INFO - 
--------------------------------------------------------------------------------
[2023-10-10 12:13:44,038] {taskinstance.py:1397} INFO - Executing <Task(BashOperator): unzip_data> on 2023-10-10 12:13:42.528919+00:00
[2023-10-10 12:13:44,057] {standard_task_runner.py:52} INFO - Started process 663 to run task
[2023-10-10 12:13:44,063] {standard_task_runner.py:79} INFO - Running: ['***', 'tasks', 'run', 'ETL_toll_data', 'unzip_data', 'manual__2023-10-10T12:13:42.528919+00:00', '--job-id', '2', '--raw', '--subdir', 'DAGS_FOLDER/finalassignment/staging/ETL_toll_data.py', '--cfg-path', '/tmp/tmptzxs_h6l', '--error-file', '/tmp/tmp1ze5ng1d']
[2023-10-10 12:13:44,063] {standard_task_runner.py:80} INFO - Job 2: Subtask unzip_data
[2023-10-10 12:13:44,222] {task_command.py:371} INFO - Running <TaskInstance: ETL_toll_data.unzip_data manual__2023-10-10T12:13:42.528919+00:00 [running]> on host 3812ee76f9ad
[2023-10-10 12:13:44,387] {taskinstance.py:1591} INFO - Exporting the following env vars:
AIRFLOW_CTX_DAG_EMAIL=ngocminhngo@mail.com
AIRFLOW_CTX_DAG_OWNER=ngocminhngo
AIRFLOW_CTX_DAG_ID=ETL_toll_data
AIRFLOW_CTX_TASK_ID=unzip_data
AIRFLOW_CTX_EXECUTION_DATE=2023-10-10T12:13:42.528919+00:00
AIRFLOW_CTX_TRY_NUMBER=1
AIRFLOW_CTX_DAG_RUN_ID=manual__2023-10-10T12:13:42.528919+00:00
[2023-10-10 12:13:44,389] {subprocess.py:62} INFO - Tmp dir root location: 
 /tmp
[2023-10-10 12:13:44,390] {subprocess.py:74} INFO - Running command: ['bash', '-c', 'tar -xzf /home/project/***/dags/finalassignment/tolldata.tgz']
[2023-10-10 12:13:44,455] {subprocess.py:85} INFO - Output:
[2023-10-10 12:13:44,497] {subprocess.py:96} INFO - Command exited with return code 0
[2023-10-10 12:13:44,559] {taskinstance.py:1420} INFO - Marking task as SUCCESS. dag_id=ETL_toll_data, task_id=unzip_data, execution_date=20231010T121342, start_date=20231010T121343, end_date=20231010T121344
[2023-10-10 12:13:44,596] {local_task_job.py:156} INFO - Task exited with return code 0
[2023-10-10 12:13:44,676] {local_task_job.py:273} INFO - 0 downstream tasks scheduled from follow-on schedule check
