[2023-10-10 12:21:56,182] {taskinstance.py:1179} INFO - Dependencies all met for <TaskInstance: ETL_toll_data.unzip_data manual__2023-10-10T12:21:55.245018+00:00 [queued]>
[2023-10-10 12:21:56,194] {taskinstance.py:1179} INFO - Dependencies all met for <TaskInstance: ETL_toll_data.unzip_data manual__2023-10-10T12:21:55.245018+00:00 [queued]>
[2023-10-10 12:21:56,194] {taskinstance.py:1376} INFO - 
--------------------------------------------------------------------------------
[2023-10-10 12:21:56,194] {taskinstance.py:1377} INFO - Starting attempt 1 of 2
[2023-10-10 12:21:56,194] {taskinstance.py:1378} INFO - 
--------------------------------------------------------------------------------
[2023-10-10 12:21:56,208] {taskinstance.py:1397} INFO - Executing <Task(BashOperator): unzip_data> on 2023-10-10 12:21:55.245018+00:00
[2023-10-10 12:21:56,218] {standard_task_runner.py:52} INFO - Started process 1075 to run task
[2023-10-10 12:21:56,223] {standard_task_runner.py:79} INFO - Running: ['***', 'tasks', 'run', 'ETL_toll_data', 'unzip_data', 'manual__2023-10-10T12:21:55.245018+00:00', '--job-id', '7', '--raw', '--subdir', 'DAGS_FOLDER/finalassignment/staging/ETL_toll_data.py', '--cfg-path', '/tmp/tmpwsz0d2nu', '--error-file', '/tmp/tmp6bdjwyyx']
[2023-10-10 12:21:56,224] {standard_task_runner.py:80} INFO - Job 7: Subtask unzip_data
[2023-10-10 12:21:56,327] {task_command.py:371} INFO - Running <TaskInstance: ETL_toll_data.unzip_data manual__2023-10-10T12:21:55.245018+00:00 [running]> on host 3812ee76f9ad
[2023-10-10 12:21:56,430] {taskinstance.py:1591} INFO - Exporting the following env vars:
AIRFLOW_CTX_DAG_EMAIL=ngocminhngo@mail.com
AIRFLOW_CTX_DAG_OWNER=ngocminhngo
AIRFLOW_CTX_DAG_ID=ETL_toll_data
AIRFLOW_CTX_TASK_ID=unzip_data
AIRFLOW_CTX_EXECUTION_DATE=2023-10-10T12:21:55.245018+00:00
AIRFLOW_CTX_TRY_NUMBER=1
AIRFLOW_CTX_DAG_RUN_ID=manual__2023-10-10T12:21:55.245018+00:00
[2023-10-10 12:21:56,431] {subprocess.py:62} INFO - Tmp dir root location: 
 /tmp
[2023-10-10 12:21:56,432] {subprocess.py:74} INFO - Running command: ['bash', '-c', 'tar -xzf /home/project/***/dags/finalassignment/tolldata.tgz']
[2023-10-10 12:21:56,455] {subprocess.py:85} INFO - Output:
[2023-10-10 12:21:56,478] {subprocess.py:96} INFO - Command exited with return code 0
[2023-10-10 12:21:56,529] {taskinstance.py:1420} INFO - Marking task as SUCCESS. dag_id=ETL_toll_data, task_id=unzip_data, execution_date=20231010T122155, start_date=20231010T122156, end_date=20231010T122156
[2023-10-10 12:21:56,555] {local_task_job.py:156} INFO - Task exited with return code 0
[2023-10-10 12:21:56,622] {local_task_job.py:273} INFO - 1 downstream tasks scheduled from follow-on schedule check
