[2023-10-10 00:56:09,461] {processor.py:153} INFO - Started process (PID=24562) to work on /home/project/airflow/dags/finalassignment/staging/ETL_toll_data.py
[2023-10-10 00:56:09,461] {processor.py:641} INFO - Processing file /home/project/airflow/dags/finalassignment/staging/ETL_toll_data.py for tasks to queue
[2023-10-10 00:56:09,462] {logging_mixin.py:115} INFO - [2023-10-10 00:56:09,462] {dagbag.py:508} INFO - Filling up the DagBag from /home/project/airflow/dags/finalassignment/staging/ETL_toll_data.py
[2023-10-10 00:56:09,493] {processor.py:651} INFO - DAG(s) dict_keys(['ETL_toll_data']) retrieved from /home/project/airflow/dags/finalassignment/staging/ETL_toll_data.py
[2023-10-10 00:56:09,591] {logging_mixin.py:115} INFO - [2023-10-10 00:56:09,591] {manager.py:508} INFO - Created Permission View: can edit on DAG:ETL_toll_data
[2023-10-10 00:56:09,605] {logging_mixin.py:115} INFO - [2023-10-10 00:56:09,605] {manager.py:508} INFO - Created Permission View: can delete on DAG:ETL_toll_data
[2023-10-10 00:56:09,612] {logging_mixin.py:115} INFO - [2023-10-10 00:56:09,612] {manager.py:508} INFO - Created Permission View: can read on DAG:ETL_toll_data
[2023-10-10 00:56:09,612] {logging_mixin.py:115} INFO - [2023-10-10 00:56:09,612] {dag.py:2420} INFO - Sync 1 DAGs
[2023-10-10 00:56:09,625] {logging_mixin.py:115} INFO - [2023-10-10 00:56:09,625] {dag.py:2439} INFO - Creating ORM DAG for ETL_toll_data
[2023-10-10 00:56:09,640] {logging_mixin.py:115} INFO - [2023-10-10 00:56:09,640] {dag.py:2972} INFO - Setting next_dagrun for ETL_toll_data to 2023-10-10T00:00:00+00:00, run_after=2023-10-11T00:00:00+00:00
[2023-10-10 00:56:09,653] {processor.py:161} INFO - Processing /home/project/airflow/dags/finalassignment/staging/ETL_toll_data.py took 0.198 seconds
[2023-10-10 00:56:39,807] {processor.py:153} INFO - Started process (PID=24624) to work on /home/project/airflow/dags/finalassignment/staging/ETL_toll_data.py
[2023-10-10 00:56:39,808] {processor.py:641} INFO - Processing file /home/project/airflow/dags/finalassignment/staging/ETL_toll_data.py for tasks to queue
[2023-10-10 00:56:39,809] {logging_mixin.py:115} INFO - [2023-10-10 00:56:39,808] {dagbag.py:508} INFO - Filling up the DagBag from /home/project/airflow/dags/finalassignment/staging/ETL_toll_data.py
[2023-10-10 00:56:39,831] {processor.py:651} INFO - DAG(s) dict_keys(['ETL_toll_data']) retrieved from /home/project/airflow/dags/finalassignment/staging/ETL_toll_data.py
[2023-10-10 00:56:39,869] {logging_mixin.py:115} INFO - [2023-10-10 00:56:39,869] {dag.py:2420} INFO - Sync 1 DAGs
[2023-10-10 00:56:39,899] {logging_mixin.py:115} INFO - [2023-10-10 00:56:39,899] {dag.py:2972} INFO - Setting next_dagrun for ETL_toll_data to 2023-10-10T00:00:00+00:00, run_after=2023-10-11T00:00:00+00:00
[2023-10-10 00:56:39,911] {processor.py:161} INFO - Processing /home/project/airflow/dags/finalassignment/staging/ETL_toll_data.py took 0.110 seconds
[2023-10-10 00:57:10,446] {processor.py:153} INFO - Started process (PID=24677) to work on /home/project/airflow/dags/finalassignment/staging/ETL_toll_data.py
[2023-10-10 00:57:10,447] {processor.py:641} INFO - Processing file /home/project/airflow/dags/finalassignment/staging/ETL_toll_data.py for tasks to queue
[2023-10-10 00:57:10,448] {logging_mixin.py:115} INFO - [2023-10-10 00:57:10,448] {dagbag.py:508} INFO - Filling up the DagBag from /home/project/airflow/dags/finalassignment/staging/ETL_toll_data.py
[2023-10-10 00:57:10,471] {processor.py:651} INFO - DAG(s) dict_keys(['ETL_toll_data']) retrieved from /home/project/airflow/dags/finalassignment/staging/ETL_toll_data.py
[2023-10-10 00:57:10,509] {logging_mixin.py:115} INFO - [2023-10-10 00:57:10,509] {dag.py:2420} INFO - Sync 1 DAGs
[2023-10-10 00:57:10,537] {logging_mixin.py:115} INFO - [2023-10-10 00:57:10,537] {dag.py:2972} INFO - Setting next_dagrun for ETL_toll_data to 2023-10-10T00:00:00+00:00, run_after=2023-10-11T00:00:00+00:00
[2023-10-10 00:57:10,550] {processor.py:161} INFO - Processing /home/project/airflow/dags/finalassignment/staging/ETL_toll_data.py took 0.109 seconds
[2023-10-10 00:57:41,545] {processor.py:153} INFO - Started process (PID=24739) to work on /home/project/airflow/dags/finalassignment/staging/ETL_toll_data.py
[2023-10-10 00:57:41,546] {processor.py:641} INFO - Processing file /home/project/airflow/dags/finalassignment/staging/ETL_toll_data.py for tasks to queue
[2023-10-10 00:57:41,547] {logging_mixin.py:115} INFO - [2023-10-10 00:57:41,547] {dagbag.py:508} INFO - Filling up the DagBag from /home/project/airflow/dags/finalassignment/staging/ETL_toll_data.py
[2023-10-10 00:57:41,569] {processor.py:651} INFO - DAG(s) dict_keys(['ETL_toll_data']) retrieved from /home/project/airflow/dags/finalassignment/staging/ETL_toll_data.py
[2023-10-10 00:57:41,619] {logging_mixin.py:115} INFO - [2023-10-10 00:57:41,619] {dag.py:2420} INFO - Sync 1 DAGs
[2023-10-10 00:57:41,658] {logging_mixin.py:115} INFO - [2023-10-10 00:57:41,658] {dag.py:2972} INFO - Setting next_dagrun for ETL_toll_data to 2023-10-10T00:00:00+00:00, run_after=2023-10-11T00:00:00+00:00
[2023-10-10 00:57:41,672] {processor.py:161} INFO - Processing /home/project/airflow/dags/finalassignment/staging/ETL_toll_data.py took 0.132 seconds
[2023-10-10 00:58:11,898] {processor.py:153} INFO - Started process (PID=24801) to work on /home/project/airflow/dags/finalassignment/staging/ETL_toll_data.py
[2023-10-10 00:58:11,903] {processor.py:641} INFO - Processing file /home/project/airflow/dags/finalassignment/staging/ETL_toll_data.py for tasks to queue
[2023-10-10 00:58:11,904] {logging_mixin.py:115} INFO - [2023-10-10 00:58:11,903] {dagbag.py:508} INFO - Filling up the DagBag from /home/project/airflow/dags/finalassignment/staging/ETL_toll_data.py
[2023-10-10 00:58:11,933] {processor.py:651} INFO - DAG(s) dict_keys(['ETL_toll_data']) retrieved from /home/project/airflow/dags/finalassignment/staging/ETL_toll_data.py
[2023-10-10 00:58:12,009] {logging_mixin.py:115} INFO - [2023-10-10 00:58:12,009] {dag.py:2420} INFO - Sync 1 DAGs
[2023-10-10 00:58:12,069] {logging_mixin.py:115} INFO - [2023-10-10 00:58:12,069] {dag.py:2972} INFO - Setting next_dagrun for ETL_toll_data to 2023-10-10T00:00:00+00:00, run_after=2023-10-11T00:00:00+00:00
[2023-10-10 00:58:12,095] {processor.py:161} INFO - Processing /home/project/airflow/dags/finalassignment/staging/ETL_toll_data.py took 0.201 seconds
[2023-10-10 00:58:42,879] {processor.py:153} INFO - Started process (PID=24854) to work on /home/project/airflow/dags/finalassignment/staging/ETL_toll_data.py
[2023-10-10 00:58:42,880] {processor.py:641} INFO - Processing file /home/project/airflow/dags/finalassignment/staging/ETL_toll_data.py for tasks to queue
[2023-10-10 00:58:42,880] {logging_mixin.py:115} INFO - [2023-10-10 00:58:42,880] {dagbag.py:508} INFO - Filling up the DagBag from /home/project/airflow/dags/finalassignment/staging/ETL_toll_data.py
[2023-10-10 00:58:42,903] {processor.py:651} INFO - DAG(s) dict_keys(['ETL_toll_data']) retrieved from /home/project/airflow/dags/finalassignment/staging/ETL_toll_data.py
[2023-10-10 00:58:42,941] {logging_mixin.py:115} INFO - [2023-10-10 00:58:42,941] {dag.py:2420} INFO - Sync 1 DAGs
[2023-10-10 00:58:42,970] {logging_mixin.py:115} INFO - [2023-10-10 00:58:42,970] {dag.py:2972} INFO - Setting next_dagrun for ETL_toll_data to 2023-10-10T00:00:00+00:00, run_after=2023-10-11T00:00:00+00:00
[2023-10-10 00:58:42,984] {processor.py:161} INFO - Processing /home/project/airflow/dags/finalassignment/staging/ETL_toll_data.py took 0.111 seconds
[2023-10-10 00:59:13,048] {processor.py:153} INFO - Started process (PID=24916) to work on /home/project/airflow/dags/finalassignment/staging/ETL_toll_data.py
[2023-10-10 00:59:13,049] {processor.py:641} INFO - Processing file /home/project/airflow/dags/finalassignment/staging/ETL_toll_data.py for tasks to queue
[2023-10-10 00:59:13,050] {logging_mixin.py:115} INFO - [2023-10-10 00:59:13,050] {dagbag.py:508} INFO - Filling up the DagBag from /home/project/airflow/dags/finalassignment/staging/ETL_toll_data.py
[2023-10-10 00:59:13,094] {processor.py:651} INFO - DAG(s) dict_keys(['ETL_toll_data']) retrieved from /home/project/airflow/dags/finalassignment/staging/ETL_toll_data.py
[2023-10-10 00:59:13,190] {logging_mixin.py:115} INFO - [2023-10-10 00:59:13,190] {dag.py:2420} INFO - Sync 1 DAGs
[2023-10-10 00:59:13,236] {logging_mixin.py:115} INFO - [2023-10-10 00:59:13,236] {dag.py:2972} INFO - Setting next_dagrun for ETL_toll_data to 2023-10-10T00:00:00+00:00, run_after=2023-10-11T00:00:00+00:00
[2023-10-10 00:59:13,252] {processor.py:161} INFO - Processing /home/project/airflow/dags/finalassignment/staging/ETL_toll_data.py took 0.210 seconds
[2023-10-10 00:59:43,295] {processor.py:153} INFO - Started process (PID=24970) to work on /home/project/airflow/dags/finalassignment/staging/ETL_toll_data.py
[2023-10-10 00:59:43,296] {processor.py:641} INFO - Processing file /home/project/airflow/dags/finalassignment/staging/ETL_toll_data.py for tasks to queue
[2023-10-10 00:59:43,297] {logging_mixin.py:115} INFO - [2023-10-10 00:59:43,297] {dagbag.py:508} INFO - Filling up the DagBag from /home/project/airflow/dags/finalassignment/staging/ETL_toll_data.py
[2023-10-10 00:59:43,319] {processor.py:651} INFO - DAG(s) dict_keys(['ETL_toll_data']) retrieved from /home/project/airflow/dags/finalassignment/staging/ETL_toll_data.py
[2023-10-10 00:59:43,367] {logging_mixin.py:115} INFO - [2023-10-10 00:59:43,367] {dag.py:2420} INFO - Sync 1 DAGs
[2023-10-10 00:59:43,396] {logging_mixin.py:115} INFO - [2023-10-10 00:59:43,396] {dag.py:2972} INFO - Setting next_dagrun for ETL_toll_data to 2023-10-10T00:00:00+00:00, run_after=2023-10-11T00:00:00+00:00
[2023-10-10 00:59:43,409] {processor.py:161} INFO - Processing /home/project/airflow/dags/finalassignment/staging/ETL_toll_data.py took 0.119 seconds
[2023-10-10 01:00:13,451] {processor.py:153} INFO - Started process (PID=25032) to work on /home/project/airflow/dags/finalassignment/staging/ETL_toll_data.py
[2023-10-10 01:00:13,452] {processor.py:641} INFO - Processing file /home/project/airflow/dags/finalassignment/staging/ETL_toll_data.py for tasks to queue
[2023-10-10 01:00:13,453] {logging_mixin.py:115} INFO - [2023-10-10 01:00:13,452] {dagbag.py:508} INFO - Filling up the DagBag from /home/project/airflow/dags/finalassignment/staging/ETL_toll_data.py
[2023-10-10 01:00:13,487] {processor.py:651} INFO - DAG(s) dict_keys(['ETL_toll_data']) retrieved from /home/project/airflow/dags/finalassignment/staging/ETL_toll_data.py
[2023-10-10 01:00:13,551] {logging_mixin.py:115} INFO - [2023-10-10 01:00:13,551] {dag.py:2420} INFO - Sync 1 DAGs
[2023-10-10 01:00:13,592] {logging_mixin.py:115} INFO - [2023-10-10 01:00:13,592] {dag.py:2972} INFO - Setting next_dagrun for ETL_toll_data to 2023-10-10T00:00:00+00:00, run_after=2023-10-11T00:00:00+00:00
[2023-10-10 01:00:13,623] {processor.py:161} INFO - Processing /home/project/airflow/dags/finalassignment/staging/ETL_toll_data.py took 0.178 seconds
[2023-10-10 01:00:44,312] {processor.py:153} INFO - Started process (PID=25093) to work on /home/project/airflow/dags/finalassignment/staging/ETL_toll_data.py
[2023-10-10 01:00:44,313] {processor.py:641} INFO - Processing file /home/project/airflow/dags/finalassignment/staging/ETL_toll_data.py for tasks to queue
[2023-10-10 01:00:44,314] {logging_mixin.py:115} INFO - [2023-10-10 01:00:44,314] {dagbag.py:508} INFO - Filling up the DagBag from /home/project/airflow/dags/finalassignment/staging/ETL_toll_data.py
[2023-10-10 01:00:44,337] {processor.py:651} INFO - DAG(s) dict_keys(['ETL_toll_data']) retrieved from /home/project/airflow/dags/finalassignment/staging/ETL_toll_data.py
[2023-10-10 01:00:44,375] {logging_mixin.py:115} INFO - [2023-10-10 01:00:44,375] {dag.py:2420} INFO - Sync 1 DAGs
[2023-10-10 01:00:44,405] {logging_mixin.py:115} INFO - [2023-10-10 01:00:44,405] {dag.py:2972} INFO - Setting next_dagrun for ETL_toll_data to 2023-10-10T00:00:00+00:00, run_after=2023-10-11T00:00:00+00:00
[2023-10-10 01:00:44,417] {processor.py:161} INFO - Processing /home/project/airflow/dags/finalassignment/staging/ETL_toll_data.py took 0.110 seconds
[2023-10-10 01:01:15,215] {processor.py:153} INFO - Started process (PID=25146) to work on /home/project/airflow/dags/finalassignment/staging/ETL_toll_data.py
[2023-10-10 01:01:15,216] {processor.py:641} INFO - Processing file /home/project/airflow/dags/finalassignment/staging/ETL_toll_data.py for tasks to queue
[2023-10-10 01:01:15,216] {logging_mixin.py:115} INFO - [2023-10-10 01:01:15,216] {dagbag.py:508} INFO - Filling up the DagBag from /home/project/airflow/dags/finalassignment/staging/ETL_toll_data.py
[2023-10-10 01:01:15,238] {processor.py:651} INFO - DAG(s) dict_keys(['ETL_toll_data']) retrieved from /home/project/airflow/dags/finalassignment/staging/ETL_toll_data.py
[2023-10-10 01:01:15,276] {logging_mixin.py:115} INFO - [2023-10-10 01:01:15,276] {dag.py:2420} INFO - Sync 1 DAGs
[2023-10-10 01:01:15,309] {logging_mixin.py:115} INFO - [2023-10-10 01:01:15,309] {dag.py:2972} INFO - Setting next_dagrun for ETL_toll_data to 2023-10-10T00:00:00+00:00, run_after=2023-10-11T00:00:00+00:00
[2023-10-10 01:01:15,323] {processor.py:161} INFO - Processing /home/project/airflow/dags/finalassignment/staging/ETL_toll_data.py took 0.113 seconds
[2023-10-10 01:01:45,905] {processor.py:153} INFO - Started process (PID=25208) to work on /home/project/airflow/dags/finalassignment/staging/ETL_toll_data.py
[2023-10-10 01:01:45,913] {processor.py:641} INFO - Processing file /home/project/airflow/dags/finalassignment/staging/ETL_toll_data.py for tasks to queue
[2023-10-10 01:01:45,914] {logging_mixin.py:115} INFO - [2023-10-10 01:01:45,914] {dagbag.py:508} INFO - Filling up the DagBag from /home/project/airflow/dags/finalassignment/staging/ETL_toll_data.py
[2023-10-10 01:01:45,937] {processor.py:651} INFO - DAG(s) dict_keys(['ETL_toll_data']) retrieved from /home/project/airflow/dags/finalassignment/staging/ETL_toll_data.py
[2023-10-10 01:01:45,976] {logging_mixin.py:115} INFO - [2023-10-10 01:01:45,976] {dag.py:2420} INFO - Sync 1 DAGs
[2023-10-10 01:01:46,012] {logging_mixin.py:115} INFO - [2023-10-10 01:01:46,012] {dag.py:2972} INFO - Setting next_dagrun for ETL_toll_data to 2023-10-10T00:00:00+00:00, run_after=2023-10-11T00:00:00+00:00
[2023-10-10 01:01:46,026] {processor.py:161} INFO - Processing /home/project/airflow/dags/finalassignment/staging/ETL_toll_data.py took 0.126 seconds
[2023-10-10 01:02:16,461] {processor.py:153} INFO - Started process (PID=25270) to work on /home/project/airflow/dags/finalassignment/staging/ETL_toll_data.py
[2023-10-10 01:02:16,462] {processor.py:641} INFO - Processing file /home/project/airflow/dags/finalassignment/staging/ETL_toll_data.py for tasks to queue
[2023-10-10 01:02:16,462] {logging_mixin.py:115} INFO - [2023-10-10 01:02:16,462] {dagbag.py:508} INFO - Filling up the DagBag from /home/project/airflow/dags/finalassignment/staging/ETL_toll_data.py
[2023-10-10 01:02:16,485] {processor.py:651} INFO - DAG(s) dict_keys(['ETL_toll_data']) retrieved from /home/project/airflow/dags/finalassignment/staging/ETL_toll_data.py
[2023-10-10 01:02:16,523] {logging_mixin.py:115} INFO - [2023-10-10 01:02:16,523] {dag.py:2420} INFO - Sync 1 DAGs
[2023-10-10 01:02:16,552] {logging_mixin.py:115} INFO - [2023-10-10 01:02:16,552] {dag.py:2972} INFO - Setting next_dagrun for ETL_toll_data to 2023-10-10T00:00:00+00:00, run_after=2023-10-11T00:00:00+00:00
[2023-10-10 01:02:16,565] {processor.py:161} INFO - Processing /home/project/airflow/dags/finalassignment/staging/ETL_toll_data.py took 0.110 seconds
[2023-10-10 01:02:47,345] {processor.py:153} INFO - Started process (PID=25323) to work on /home/project/airflow/dags/finalassignment/staging/ETL_toll_data.py
[2023-10-10 01:02:47,346] {processor.py:641} INFO - Processing file /home/project/airflow/dags/finalassignment/staging/ETL_toll_data.py for tasks to queue
[2023-10-10 01:02:47,346] {logging_mixin.py:115} INFO - [2023-10-10 01:02:47,346] {dagbag.py:508} INFO - Filling up the DagBag from /home/project/airflow/dags/finalassignment/staging/ETL_toll_data.py
[2023-10-10 01:02:47,373] {processor.py:651} INFO - DAG(s) dict_keys(['ETL_toll_data']) retrieved from /home/project/airflow/dags/finalassignment/staging/ETL_toll_data.py
[2023-10-10 01:02:47,429] {logging_mixin.py:115} INFO - [2023-10-10 01:02:47,429] {dag.py:2420} INFO - Sync 1 DAGs
[2023-10-10 01:02:47,458] {logging_mixin.py:115} INFO - [2023-10-10 01:02:47,457] {dag.py:2972} INFO - Setting next_dagrun for ETL_toll_data to 2023-10-10T00:00:00+00:00, run_after=2023-10-11T00:00:00+00:00
[2023-10-10 01:02:47,471] {processor.py:161} INFO - Processing /home/project/airflow/dags/finalassignment/staging/ETL_toll_data.py took 0.131 seconds
[2023-10-10 01:03:18,043] {processor.py:153} INFO - Started process (PID=25385) to work on /home/project/airflow/dags/finalassignment/staging/ETL_toll_data.py
[2023-10-10 01:03:18,044] {processor.py:641} INFO - Processing file /home/project/airflow/dags/finalassignment/staging/ETL_toll_data.py for tasks to queue
[2023-10-10 01:03:18,045] {logging_mixin.py:115} INFO - [2023-10-10 01:03:18,045] {dagbag.py:508} INFO - Filling up the DagBag from /home/project/airflow/dags/finalassignment/staging/ETL_toll_data.py
[2023-10-10 01:03:18,069] {processor.py:651} INFO - DAG(s) dict_keys(['ETL_toll_data']) retrieved from /home/project/airflow/dags/finalassignment/staging/ETL_toll_data.py
[2023-10-10 01:03:18,114] {logging_mixin.py:115} INFO - [2023-10-10 01:03:18,114] {dag.py:2420} INFO - Sync 1 DAGs
[2023-10-10 01:03:18,144] {logging_mixin.py:115} INFO - [2023-10-10 01:03:18,144] {dag.py:2972} INFO - Setting next_dagrun for ETL_toll_data to 2023-10-10T00:00:00+00:00, run_after=2023-10-11T00:00:00+00:00
[2023-10-10 01:03:18,157] {processor.py:161} INFO - Processing /home/project/airflow/dags/finalassignment/staging/ETL_toll_data.py took 0.119 seconds
[2023-10-10 01:03:48,733] {processor.py:153} INFO - Started process (PID=25447) to work on /home/project/airflow/dags/finalassignment/staging/ETL_toll_data.py
[2023-10-10 01:03:48,734] {processor.py:641} INFO - Processing file /home/project/airflow/dags/finalassignment/staging/ETL_toll_data.py for tasks to queue
[2023-10-10 01:03:48,735] {logging_mixin.py:115} INFO - [2023-10-10 01:03:48,735] {dagbag.py:508} INFO - Filling up the DagBag from /home/project/airflow/dags/finalassignment/staging/ETL_toll_data.py
[2023-10-10 01:03:48,759] {processor.py:651} INFO - DAG(s) dict_keys(['ETL_toll_data']) retrieved from /home/project/airflow/dags/finalassignment/staging/ETL_toll_data.py
[2023-10-10 01:03:48,803] {logging_mixin.py:115} INFO - [2023-10-10 01:03:48,803] {dag.py:2420} INFO - Sync 1 DAGs
[2023-10-10 01:03:48,832] {logging_mixin.py:115} INFO - [2023-10-10 01:03:48,831] {dag.py:2972} INFO - Setting next_dagrun for ETL_toll_data to 2023-10-10T00:00:00+00:00, run_after=2023-10-11T00:00:00+00:00
[2023-10-10 01:03:48,846] {processor.py:161} INFO - Processing /home/project/airflow/dags/finalassignment/staging/ETL_toll_data.py took 0.118 seconds
[2023-10-10 01:04:19,372] {processor.py:153} INFO - Started process (PID=25500) to work on /home/project/airflow/dags/finalassignment/staging/ETL_toll_data.py
[2023-10-10 01:04:19,373] {processor.py:641} INFO - Processing file /home/project/airflow/dags/finalassignment/staging/ETL_toll_data.py for tasks to queue
[2023-10-10 01:04:19,374] {logging_mixin.py:115} INFO - [2023-10-10 01:04:19,374] {dagbag.py:508} INFO - Filling up the DagBag from /home/project/airflow/dags/finalassignment/staging/ETL_toll_data.py
[2023-10-10 01:04:19,396] {processor.py:651} INFO - DAG(s) dict_keys(['ETL_toll_data']) retrieved from /home/project/airflow/dags/finalassignment/staging/ETL_toll_data.py
[2023-10-10 01:04:19,438] {logging_mixin.py:115} INFO - [2023-10-10 01:04:19,438] {dag.py:2420} INFO - Sync 1 DAGs
[2023-10-10 01:04:19,469] {logging_mixin.py:115} INFO - [2023-10-10 01:04:19,469] {dag.py:2972} INFO - Setting next_dagrun for ETL_toll_data to 2023-10-10T00:00:00+00:00, run_after=2023-10-11T00:00:00+00:00
[2023-10-10 01:04:19,483] {processor.py:161} INFO - Processing /home/project/airflow/dags/finalassignment/staging/ETL_toll_data.py took 0.116 seconds
[2023-10-10 01:04:35,746] {processor.py:153} INFO - Started process (PID=25534) to work on /home/project/airflow/dags/finalassignment/staging/ETL_toll_data.py
[2023-10-10 01:04:35,747] {processor.py:641} INFO - Processing file /home/project/airflow/dags/finalassignment/staging/ETL_toll_data.py for tasks to queue
[2023-10-10 01:04:35,748] {logging_mixin.py:115} INFO - [2023-10-10 01:04:35,748] {dagbag.py:508} INFO - Filling up the DagBag from /home/project/airflow/dags/finalassignment/staging/ETL_toll_data.py
[2023-10-10 01:04:35,770] {processor.py:651} INFO - DAG(s) dict_keys(['ETL_toll_data']) retrieved from /home/project/airflow/dags/finalassignment/staging/ETL_toll_data.py
[2023-10-10 01:04:35,853] {logging_mixin.py:115} INFO - [2023-10-10 01:04:35,853] {dag.py:2420} INFO - Sync 1 DAGs
[2023-10-10 01:04:35,881] {logging_mixin.py:115} INFO - [2023-10-10 01:04:35,881] {dag.py:2972} INFO - Setting next_dagrun for ETL_toll_data to 2023-10-10T00:00:00+00:00, run_after=2023-10-11T00:00:00+00:00
[2023-10-10 01:04:35,897] {processor.py:161} INFO - Processing /home/project/airflow/dags/finalassignment/staging/ETL_toll_data.py took 0.156 seconds
[2023-10-10 01:05:06,546] {processor.py:153} INFO - Started process (PID=25587) to work on /home/project/airflow/dags/finalassignment/staging/ETL_toll_data.py
[2023-10-10 01:05:06,547] {processor.py:641} INFO - Processing file /home/project/airflow/dags/finalassignment/staging/ETL_toll_data.py for tasks to queue
[2023-10-10 01:05:06,548] {logging_mixin.py:115} INFO - [2023-10-10 01:05:06,548] {dagbag.py:508} INFO - Filling up the DagBag from /home/project/airflow/dags/finalassignment/staging/ETL_toll_data.py
[2023-10-10 01:05:06,573] {processor.py:651} INFO - DAG(s) dict_keys(['ETL_toll_data']) retrieved from /home/project/airflow/dags/finalassignment/staging/ETL_toll_data.py
[2023-10-10 01:05:06,618] {logging_mixin.py:115} INFO - [2023-10-10 01:05:06,618] {dag.py:2420} INFO - Sync 1 DAGs
[2023-10-10 01:05:06,652] {logging_mixin.py:115} INFO - [2023-10-10 01:05:06,652] {dag.py:2972} INFO - Setting next_dagrun for ETL_toll_data to 2023-10-10T00:00:00+00:00, run_after=2023-10-11T00:00:00+00:00
[2023-10-10 01:05:06,668] {processor.py:161} INFO - Processing /home/project/airflow/dags/finalassignment/staging/ETL_toll_data.py took 0.129 seconds
[2023-10-10 01:05:36,753] {processor.py:153} INFO - Started process (PID=25649) to work on /home/project/airflow/dags/finalassignment/staging/ETL_toll_data.py
[2023-10-10 01:05:36,763] {processor.py:641} INFO - Processing file /home/project/airflow/dags/finalassignment/staging/ETL_toll_data.py for tasks to queue
[2023-10-10 01:05:36,764] {logging_mixin.py:115} INFO - [2023-10-10 01:05:36,764] {dagbag.py:508} INFO - Filling up the DagBag from /home/project/airflow/dags/finalassignment/staging/ETL_toll_data.py
[2023-10-10 01:05:36,808] {processor.py:651} INFO - DAG(s) dict_keys(['ETL_toll_data']) retrieved from /home/project/airflow/dags/finalassignment/staging/ETL_toll_data.py
[2023-10-10 01:05:36,888] {logging_mixin.py:115} INFO - [2023-10-10 01:05:36,888] {dag.py:2420} INFO - Sync 1 DAGs
[2023-10-10 01:05:36,948] {logging_mixin.py:115} INFO - [2023-10-10 01:05:36,947] {dag.py:2972} INFO - Setting next_dagrun for ETL_toll_data to 2023-10-10T00:00:00+00:00, run_after=2023-10-11T00:00:00+00:00
[2023-10-10 01:05:36,967] {processor.py:161} INFO - Processing /home/project/airflow/dags/finalassignment/staging/ETL_toll_data.py took 0.220 seconds
[2023-10-10 01:06:07,156] {processor.py:153} INFO - Started process (PID=25699) to work on /home/project/airflow/dags/finalassignment/staging/ETL_toll_data.py
[2023-10-10 01:06:07,157] {processor.py:641} INFO - Processing file /home/project/airflow/dags/finalassignment/staging/ETL_toll_data.py for tasks to queue
[2023-10-10 01:06:07,158] {logging_mixin.py:115} INFO - [2023-10-10 01:06:07,158] {dagbag.py:508} INFO - Filling up the DagBag from /home/project/airflow/dags/finalassignment/staging/ETL_toll_data.py
[2023-10-10 01:06:07,185] {processor.py:651} INFO - DAG(s) dict_keys(['ETL_toll_data']) retrieved from /home/project/airflow/dags/finalassignment/staging/ETL_toll_data.py
[2023-10-10 01:06:07,233] {logging_mixin.py:115} INFO - [2023-10-10 01:06:07,233] {dag.py:2420} INFO - Sync 1 DAGs
[2023-10-10 01:06:07,276] {logging_mixin.py:115} INFO - [2023-10-10 01:06:07,276] {dag.py:2972} INFO - Setting next_dagrun for ETL_toll_data to 2023-10-10T00:00:00+00:00, run_after=2023-10-11T00:00:00+00:00
[2023-10-10 01:06:07,293] {processor.py:161} INFO - Processing /home/project/airflow/dags/finalassignment/staging/ETL_toll_data.py took 0.143 seconds
[2023-10-10 01:06:37,726] {processor.py:153} INFO - Started process (PID=25761) to work on /home/project/airflow/dags/finalassignment/staging/ETL_toll_data.py
[2023-10-10 01:06:37,727] {processor.py:641} INFO - Processing file /home/project/airflow/dags/finalassignment/staging/ETL_toll_data.py for tasks to queue
[2023-10-10 01:06:37,728] {logging_mixin.py:115} INFO - [2023-10-10 01:06:37,728] {dagbag.py:508} INFO - Filling up the DagBag from /home/project/airflow/dags/finalassignment/staging/ETL_toll_data.py
[2023-10-10 01:06:37,764] {processor.py:651} INFO - DAG(s) dict_keys(['ETL_toll_data']) retrieved from /home/project/airflow/dags/finalassignment/staging/ETL_toll_data.py
[2023-10-10 01:06:37,847] {logging_mixin.py:115} INFO - [2023-10-10 01:06:37,846] {dag.py:2420} INFO - Sync 1 DAGs
[2023-10-10 01:06:37,903] {logging_mixin.py:115} INFO - [2023-10-10 01:06:37,903] {dag.py:2972} INFO - Setting next_dagrun for ETL_toll_data to 2023-10-10T00:00:00+00:00, run_after=2023-10-11T00:00:00+00:00
[2023-10-10 01:06:37,947] {processor.py:161} INFO - Processing /home/project/airflow/dags/finalassignment/staging/ETL_toll_data.py took 0.226 seconds
[2023-10-10 01:07:08,307] {processor.py:153} INFO - Started process (PID=25815) to work on /home/project/airflow/dags/finalassignment/staging/ETL_toll_data.py
[2023-10-10 01:07:08,309] {processor.py:641} INFO - Processing file /home/project/airflow/dags/finalassignment/staging/ETL_toll_data.py for tasks to queue
[2023-10-10 01:07:08,309] {logging_mixin.py:115} INFO - [2023-10-10 01:07:08,309] {dagbag.py:508} INFO - Filling up the DagBag from /home/project/airflow/dags/finalassignment/staging/ETL_toll_data.py
[2023-10-10 01:07:08,341] {processor.py:651} INFO - DAG(s) dict_keys(['ETL_toll_data']) retrieved from /home/project/airflow/dags/finalassignment/staging/ETL_toll_data.py
[2023-10-10 01:07:08,399] {logging_mixin.py:115} INFO - [2023-10-10 01:07:08,398] {dag.py:2420} INFO - Sync 1 DAGs
[2023-10-10 01:07:08,436] {logging_mixin.py:115} INFO - [2023-10-10 01:07:08,436] {dag.py:2972} INFO - Setting next_dagrun for ETL_toll_data to 2023-10-10T00:00:00+00:00, run_after=2023-10-11T00:00:00+00:00
[2023-10-10 01:07:08,453] {processor.py:161} INFO - Processing /home/project/airflow/dags/finalassignment/staging/ETL_toll_data.py took 0.151 seconds
[2023-10-10 01:07:39,135] {processor.py:153} INFO - Started process (PID=25877) to work on /home/project/airflow/dags/finalassignment/staging/ETL_toll_data.py
[2023-10-10 01:07:39,137] {processor.py:641} INFO - Processing file /home/project/airflow/dags/finalassignment/staging/ETL_toll_data.py for tasks to queue
[2023-10-10 01:07:39,137] {logging_mixin.py:115} INFO - [2023-10-10 01:07:39,137] {dagbag.py:508} INFO - Filling up the DagBag from /home/project/airflow/dags/finalassignment/staging/ETL_toll_data.py
[2023-10-10 01:07:39,164] {processor.py:651} INFO - DAG(s) dict_keys(['ETL_toll_data']) retrieved from /home/project/airflow/dags/finalassignment/staging/ETL_toll_data.py
[2023-10-10 01:07:39,215] {logging_mixin.py:115} INFO - [2023-10-10 01:07:39,215] {dag.py:2420} INFO - Sync 1 DAGs
[2023-10-10 01:07:39,256] {logging_mixin.py:115} INFO - [2023-10-10 01:07:39,256] {dag.py:2972} INFO - Setting next_dagrun for ETL_toll_data to 2023-10-10T00:00:00+00:00, run_after=2023-10-11T00:00:00+00:00
[2023-10-10 01:07:39,273] {processor.py:161} INFO - Processing /home/project/airflow/dags/finalassignment/staging/ETL_toll_data.py took 0.144 seconds
[2023-10-10 01:08:09,780] {processor.py:153} INFO - Started process (PID=25930) to work on /home/project/airflow/dags/finalassignment/staging/ETL_toll_data.py
[2023-10-10 01:08:09,782] {processor.py:641} INFO - Processing file /home/project/airflow/dags/finalassignment/staging/ETL_toll_data.py for tasks to queue
[2023-10-10 01:08:09,782] {logging_mixin.py:115} INFO - [2023-10-10 01:08:09,782] {dagbag.py:508} INFO - Filling up the DagBag from /home/project/airflow/dags/finalassignment/staging/ETL_toll_data.py
[2023-10-10 01:08:09,810] {processor.py:651} INFO - DAG(s) dict_keys(['ETL_toll_data']) retrieved from /home/project/airflow/dags/finalassignment/staging/ETL_toll_data.py
[2023-10-10 01:08:09,863] {logging_mixin.py:115} INFO - [2023-10-10 01:08:09,863] {dag.py:2420} INFO - Sync 1 DAGs
[2023-10-10 01:08:09,907] {logging_mixin.py:115} INFO - [2023-10-10 01:08:09,907] {dag.py:2972} INFO - Setting next_dagrun for ETL_toll_data to 2023-10-10T00:00:00+00:00, run_after=2023-10-11T00:00:00+00:00
[2023-10-10 01:08:09,928] {processor.py:161} INFO - Processing /home/project/airflow/dags/finalassignment/staging/ETL_toll_data.py took 0.153 seconds
[2023-10-10 01:08:40,275] {processor.py:153} INFO - Started process (PID=25992) to work on /home/project/airflow/dags/finalassignment/staging/ETL_toll_data.py
[2023-10-10 01:08:40,276] {processor.py:641} INFO - Processing file /home/project/airflow/dags/finalassignment/staging/ETL_toll_data.py for tasks to queue
[2023-10-10 01:08:40,277] {logging_mixin.py:115} INFO - [2023-10-10 01:08:40,276] {dagbag.py:508} INFO - Filling up the DagBag from /home/project/airflow/dags/finalassignment/staging/ETL_toll_data.py
[2023-10-10 01:08:40,307] {processor.py:651} INFO - DAG(s) dict_keys(['ETL_toll_data']) retrieved from /home/project/airflow/dags/finalassignment/staging/ETL_toll_data.py
[2023-10-10 01:08:40,357] {logging_mixin.py:115} INFO - [2023-10-10 01:08:40,357] {dag.py:2420} INFO - Sync 1 DAGs
[2023-10-10 01:08:40,394] {logging_mixin.py:115} INFO - [2023-10-10 01:08:40,394] {dag.py:2972} INFO - Setting next_dagrun for ETL_toll_data to 2023-10-10T00:00:00+00:00, run_after=2023-10-11T00:00:00+00:00
[2023-10-10 01:08:40,411] {processor.py:161} INFO - Processing /home/project/airflow/dags/finalassignment/staging/ETL_toll_data.py took 0.142 seconds
[2023-10-10 01:09:10,906] {processor.py:153} INFO - Started process (PID=26045) to work on /home/project/airflow/dags/finalassignment/staging/ETL_toll_data.py
[2023-10-10 01:09:10,907] {processor.py:641} INFO - Processing file /home/project/airflow/dags/finalassignment/staging/ETL_toll_data.py for tasks to queue
[2023-10-10 01:09:10,908] {logging_mixin.py:115} INFO - [2023-10-10 01:09:10,908] {dagbag.py:508} INFO - Filling up the DagBag from /home/project/airflow/dags/finalassignment/staging/ETL_toll_data.py
[2023-10-10 01:09:10,939] {processor.py:651} INFO - DAG(s) dict_keys(['ETL_toll_data']) retrieved from /home/project/airflow/dags/finalassignment/staging/ETL_toll_data.py
[2023-10-10 01:09:10,990] {logging_mixin.py:115} INFO - [2023-10-10 01:09:10,990] {dag.py:2420} INFO - Sync 1 DAGs
[2023-10-10 01:09:11,027] {logging_mixin.py:115} INFO - [2023-10-10 01:09:11,027] {dag.py:2972} INFO - Setting next_dagrun for ETL_toll_data to 2023-10-10T00:00:00+00:00, run_after=2023-10-11T00:00:00+00:00
[2023-10-10 01:09:11,048] {processor.py:161} INFO - Processing /home/project/airflow/dags/finalassignment/staging/ETL_toll_data.py took 0.148 seconds
[2023-10-10 01:09:41,541] {processor.py:153} INFO - Started process (PID=26107) to work on /home/project/airflow/dags/finalassignment/staging/ETL_toll_data.py
[2023-10-10 01:09:41,543] {processor.py:641} INFO - Processing file /home/project/airflow/dags/finalassignment/staging/ETL_toll_data.py for tasks to queue
[2023-10-10 01:09:41,543] {logging_mixin.py:115} INFO - [2023-10-10 01:09:41,543] {dagbag.py:508} INFO - Filling up the DagBag from /home/project/airflow/dags/finalassignment/staging/ETL_toll_data.py
[2023-10-10 01:09:41,570] {processor.py:651} INFO - DAG(s) dict_keys(['ETL_toll_data']) retrieved from /home/project/airflow/dags/finalassignment/staging/ETL_toll_data.py
[2023-10-10 01:09:41,618] {logging_mixin.py:115} INFO - [2023-10-10 01:09:41,618] {dag.py:2420} INFO - Sync 1 DAGs
[2023-10-10 01:09:41,656] {logging_mixin.py:115} INFO - [2023-10-10 01:09:41,656] {dag.py:2972} INFO - Setting next_dagrun for ETL_toll_data to 2023-10-10T00:00:00+00:00, run_after=2023-10-11T00:00:00+00:00
[2023-10-10 01:09:41,679] {processor.py:161} INFO - Processing /home/project/airflow/dags/finalassignment/staging/ETL_toll_data.py took 0.144 seconds
[2023-10-10 01:10:12,552] {processor.py:153} INFO - Started process (PID=26169) to work on /home/project/airflow/dags/finalassignment/staging/ETL_toll_data.py
[2023-10-10 01:10:12,553] {processor.py:641} INFO - Processing file /home/project/airflow/dags/finalassignment/staging/ETL_toll_data.py for tasks to queue
[2023-10-10 01:10:12,553] {logging_mixin.py:115} INFO - [2023-10-10 01:10:12,553] {dagbag.py:508} INFO - Filling up the DagBag from /home/project/airflow/dags/finalassignment/staging/ETL_toll_data.py
[2023-10-10 01:10:12,591] {processor.py:651} INFO - DAG(s) dict_keys(['ETL_toll_data']) retrieved from /home/project/airflow/dags/finalassignment/staging/ETL_toll_data.py
[2023-10-10 01:10:12,685] {logging_mixin.py:115} INFO - [2023-10-10 01:10:12,685] {dag.py:2420} INFO - Sync 1 DAGs
[2023-10-10 01:10:12,803] {logging_mixin.py:115} INFO - [2023-10-10 01:10:12,790] {dag.py:2972} INFO - Setting next_dagrun for ETL_toll_data to 2023-10-10T00:00:00+00:00, run_after=2023-10-11T00:00:00+00:00
[2023-10-10 01:10:12,849] {processor.py:161} INFO - Processing /home/project/airflow/dags/finalassignment/staging/ETL_toll_data.py took 0.302 seconds
[2023-10-10 01:10:43,797] {processor.py:153} INFO - Started process (PID=26222) to work on /home/project/airflow/dags/finalassignment/staging/ETL_toll_data.py
[2023-10-10 01:10:43,798] {processor.py:641} INFO - Processing file /home/project/airflow/dags/finalassignment/staging/ETL_toll_data.py for tasks to queue
[2023-10-10 01:10:43,799] {logging_mixin.py:115} INFO - [2023-10-10 01:10:43,799] {dagbag.py:508} INFO - Filling up the DagBag from /home/project/airflow/dags/finalassignment/staging/ETL_toll_data.py
[2023-10-10 01:10:43,825] {processor.py:651} INFO - DAG(s) dict_keys(['ETL_toll_data']) retrieved from /home/project/airflow/dags/finalassignment/staging/ETL_toll_data.py
[2023-10-10 01:10:43,880] {logging_mixin.py:115} INFO - [2023-10-10 01:10:43,880] {dag.py:2420} INFO - Sync 1 DAGs
[2023-10-10 01:10:43,919] {logging_mixin.py:115} INFO - [2023-10-10 01:10:43,919] {dag.py:2972} INFO - Setting next_dagrun for ETL_toll_data to 2023-10-10T00:00:00+00:00, run_after=2023-10-11T00:00:00+00:00
[2023-10-10 01:10:43,937] {processor.py:161} INFO - Processing /home/project/airflow/dags/finalassignment/staging/ETL_toll_data.py took 0.146 seconds
[2023-10-10 01:11:14,544] {processor.py:153} INFO - Started process (PID=26283) to work on /home/project/airflow/dags/finalassignment/staging/ETL_toll_data.py
[2023-10-10 01:11:14,545] {processor.py:641} INFO - Processing file /home/project/airflow/dags/finalassignment/staging/ETL_toll_data.py for tasks to queue
[2023-10-10 01:11:14,546] {logging_mixin.py:115} INFO - [2023-10-10 01:11:14,546] {dagbag.py:508} INFO - Filling up the DagBag from /home/project/airflow/dags/finalassignment/staging/ETL_toll_data.py
[2023-10-10 01:11:14,592] {processor.py:651} INFO - DAG(s) dict_keys(['ETL_toll_data']) retrieved from /home/project/airflow/dags/finalassignment/staging/ETL_toll_data.py
[2023-10-10 01:11:14,706] {logging_mixin.py:115} INFO - [2023-10-10 01:11:14,706] {dag.py:2420} INFO - Sync 1 DAGs
[2023-10-10 01:11:14,753] {logging_mixin.py:115} INFO - [2023-10-10 01:11:14,753] {dag.py:2972} INFO - Setting next_dagrun for ETL_toll_data to 2023-10-10T00:00:00+00:00, run_after=2023-10-11T00:00:00+00:00
[2023-10-10 01:11:14,784] {processor.py:161} INFO - Processing /home/project/airflow/dags/finalassignment/staging/ETL_toll_data.py took 0.254 seconds
[2023-10-10 01:11:45,288] {processor.py:153} INFO - Started process (PID=26336) to work on /home/project/airflow/dags/finalassignment/staging/ETL_toll_data.py
[2023-10-10 01:11:45,289] {processor.py:641} INFO - Processing file /home/project/airflow/dags/finalassignment/staging/ETL_toll_data.py for tasks to queue
[2023-10-10 01:11:45,290] {logging_mixin.py:115} INFO - [2023-10-10 01:11:45,290] {dagbag.py:508} INFO - Filling up the DagBag from /home/project/airflow/dags/finalassignment/staging/ETL_toll_data.py
[2023-10-10 01:11:45,317] {processor.py:651} INFO - DAG(s) dict_keys(['ETL_toll_data']) retrieved from /home/project/airflow/dags/finalassignment/staging/ETL_toll_data.py
[2023-10-10 01:11:45,365] {logging_mixin.py:115} INFO - [2023-10-10 01:11:45,365] {dag.py:2420} INFO - Sync 1 DAGs
[2023-10-10 01:11:45,403] {logging_mixin.py:115} INFO - [2023-10-10 01:11:45,402] {dag.py:2972} INFO - Setting next_dagrun for ETL_toll_data to 2023-10-10T00:00:00+00:00, run_after=2023-10-11T00:00:00+00:00
[2023-10-10 01:11:45,427] {processor.py:161} INFO - Processing /home/project/airflow/dags/finalassignment/staging/ETL_toll_data.py took 0.145 seconds
[2023-10-10 01:12:16,053] {processor.py:153} INFO - Started process (PID=26398) to work on /home/project/airflow/dags/finalassignment/staging/ETL_toll_data.py
[2023-10-10 01:12:16,055] {processor.py:641} INFO - Processing file /home/project/airflow/dags/finalassignment/staging/ETL_toll_data.py for tasks to queue
[2023-10-10 01:12:16,055] {logging_mixin.py:115} INFO - [2023-10-10 01:12:16,055] {dagbag.py:508} INFO - Filling up the DagBag from /home/project/airflow/dags/finalassignment/staging/ETL_toll_data.py
[2023-10-10 01:12:16,106] {processor.py:651} INFO - DAG(s) dict_keys(['ETL_toll_data']) retrieved from /home/project/airflow/dags/finalassignment/staging/ETL_toll_data.py
[2023-10-10 01:12:16,187] {logging_mixin.py:115} INFO - [2023-10-10 01:12:16,187] {dag.py:2420} INFO - Sync 1 DAGs
[2023-10-10 01:12:16,248] {logging_mixin.py:115} INFO - [2023-10-10 01:12:16,248] {dag.py:2972} INFO - Setting next_dagrun for ETL_toll_data to 2023-10-10T00:00:00+00:00, run_after=2023-10-11T00:00:00+00:00
[2023-10-10 01:12:16,327] {processor.py:161} INFO - Processing /home/project/airflow/dags/finalassignment/staging/ETL_toll_data.py took 0.279 seconds
[2023-10-10 01:12:46,534] {processor.py:153} INFO - Started process (PID=26451) to work on /home/project/airflow/dags/finalassignment/staging/ETL_toll_data.py
[2023-10-10 01:12:46,543] {processor.py:641} INFO - Processing file /home/project/airflow/dags/finalassignment/staging/ETL_toll_data.py for tasks to queue
[2023-10-10 01:12:46,544] {logging_mixin.py:115} INFO - [2023-10-10 01:12:46,544] {dagbag.py:508} INFO - Filling up the DagBag from /home/project/airflow/dags/finalassignment/staging/ETL_toll_data.py
[2023-10-10 01:12:46,592] {processor.py:651} INFO - DAG(s) dict_keys(['ETL_toll_data']) retrieved from /home/project/airflow/dags/finalassignment/staging/ETL_toll_data.py
[2023-10-10 01:12:46,646] {logging_mixin.py:115} INFO - [2023-10-10 01:12:46,646] {dag.py:2420} INFO - Sync 1 DAGs
[2023-10-10 01:12:46,684] {logging_mixin.py:115} INFO - [2023-10-10 01:12:46,683] {dag.py:2972} INFO - Setting next_dagrun for ETL_toll_data to 2023-10-10T00:00:00+00:00, run_after=2023-10-11T00:00:00+00:00
[2023-10-10 01:12:46,700] {processor.py:161} INFO - Processing /home/project/airflow/dags/finalassignment/staging/ETL_toll_data.py took 0.173 seconds
[2023-10-10 01:13:16,734] {processor.py:153} INFO - Started process (PID=26513) to work on /home/project/airflow/dags/finalassignment/staging/ETL_toll_data.py
[2023-10-10 01:13:16,736] {processor.py:641} INFO - Processing file /home/project/airflow/dags/finalassignment/staging/ETL_toll_data.py for tasks to queue
[2023-10-10 01:13:16,736] {logging_mixin.py:115} INFO - [2023-10-10 01:13:16,736] {dagbag.py:508} INFO - Filling up the DagBag from /home/project/airflow/dags/finalassignment/staging/ETL_toll_data.py
[2023-10-10 01:13:16,763] {processor.py:651} INFO - DAG(s) dict_keys(['ETL_toll_data']) retrieved from /home/project/airflow/dags/finalassignment/staging/ETL_toll_data.py
[2023-10-10 01:13:16,809] {logging_mixin.py:115} INFO - [2023-10-10 01:13:16,808] {dag.py:2420} INFO - Sync 1 DAGs
[2023-10-10 01:13:16,845] {logging_mixin.py:115} INFO - [2023-10-10 01:13:16,844] {dag.py:2972} INFO - Setting next_dagrun for ETL_toll_data to 2023-10-10T00:00:00+00:00, run_after=2023-10-11T00:00:00+00:00
[2023-10-10 01:13:16,860] {processor.py:161} INFO - Processing /home/project/airflow/dags/finalassignment/staging/ETL_toll_data.py took 0.132 seconds
[2023-10-10 01:13:47,585] {processor.py:153} INFO - Started process (PID=26566) to work on /home/project/airflow/dags/finalassignment/staging/ETL_toll_data.py
[2023-10-10 01:13:47,587] {processor.py:641} INFO - Processing file /home/project/airflow/dags/finalassignment/staging/ETL_toll_data.py for tasks to queue
[2023-10-10 01:13:47,587] {logging_mixin.py:115} INFO - [2023-10-10 01:13:47,587] {dagbag.py:508} INFO - Filling up the DagBag from /home/project/airflow/dags/finalassignment/staging/ETL_toll_data.py
[2023-10-10 01:13:47,618] {processor.py:651} INFO - DAG(s) dict_keys(['ETL_toll_data']) retrieved from /home/project/airflow/dags/finalassignment/staging/ETL_toll_data.py
[2023-10-10 01:13:47,672] {logging_mixin.py:115} INFO - [2023-10-10 01:13:47,672] {dag.py:2420} INFO - Sync 1 DAGs
[2023-10-10 01:13:47,733] {logging_mixin.py:115} INFO - [2023-10-10 01:13:47,733] {dag.py:2972} INFO - Setting next_dagrun for ETL_toll_data to 2023-10-10T00:00:00+00:00, run_after=2023-10-11T00:00:00+00:00
[2023-10-10 01:13:47,768] {processor.py:161} INFO - Processing /home/project/airflow/dags/finalassignment/staging/ETL_toll_data.py took 0.188 seconds
[2023-10-10 01:14:18,224] {processor.py:153} INFO - Started process (PID=26628) to work on /home/project/airflow/dags/finalassignment/staging/ETL_toll_data.py
[2023-10-10 01:14:18,225] {processor.py:641} INFO - Processing file /home/project/airflow/dags/finalassignment/staging/ETL_toll_data.py for tasks to queue
[2023-10-10 01:14:18,226] {logging_mixin.py:115} INFO - [2023-10-10 01:14:18,226] {dagbag.py:508} INFO - Filling up the DagBag from /home/project/airflow/dags/finalassignment/staging/ETL_toll_data.py
[2023-10-10 01:14:18,272] {processor.py:651} INFO - DAG(s) dict_keys(['ETL_toll_data']) retrieved from /home/project/airflow/dags/finalassignment/staging/ETL_toll_data.py
[2023-10-10 01:14:18,365] {logging_mixin.py:115} INFO - [2023-10-10 01:14:18,365] {dag.py:2420} INFO - Sync 1 DAGs
[2023-10-10 01:14:18,401] {logging_mixin.py:115} INFO - [2023-10-10 01:14:18,401] {dag.py:2972} INFO - Setting next_dagrun for ETL_toll_data to 2023-10-10T00:00:00+00:00, run_after=2023-10-11T00:00:00+00:00
[2023-10-10 01:14:18,417] {processor.py:161} INFO - Processing /home/project/airflow/dags/finalassignment/staging/ETL_toll_data.py took 0.199 seconds
[2023-10-10 01:14:48,895] {processor.py:153} INFO - Started process (PID=26681) to work on /home/project/airflow/dags/finalassignment/staging/ETL_toll_data.py
[2023-10-10 01:14:48,897] {processor.py:641} INFO - Processing file /home/project/airflow/dags/finalassignment/staging/ETL_toll_data.py for tasks to queue
[2023-10-10 01:14:48,897] {logging_mixin.py:115} INFO - [2023-10-10 01:14:48,897] {dagbag.py:508} INFO - Filling up the DagBag from /home/project/airflow/dags/finalassignment/staging/ETL_toll_data.py
[2023-10-10 01:14:48,928] {processor.py:651} INFO - DAG(s) dict_keys(['ETL_toll_data']) retrieved from /home/project/airflow/dags/finalassignment/staging/ETL_toll_data.py
[2023-10-10 01:14:48,979] {logging_mixin.py:115} INFO - [2023-10-10 01:14:48,979] {dag.py:2420} INFO - Sync 1 DAGs
[2023-10-10 01:14:49,024] {logging_mixin.py:115} INFO - [2023-10-10 01:14:49,023] {dag.py:2972} INFO - Setting next_dagrun for ETL_toll_data to 2023-10-10T00:00:00+00:00, run_after=2023-10-11T00:00:00+00:00
[2023-10-10 01:14:49,041] {processor.py:161} INFO - Processing /home/project/airflow/dags/finalassignment/staging/ETL_toll_data.py took 0.152 seconds
[2023-10-10 01:15:19,124] {processor.py:153} INFO - Started process (PID=26743) to work on /home/project/airflow/dags/finalassignment/staging/ETL_toll_data.py
[2023-10-10 01:15:19,125] {processor.py:641} INFO - Processing file /home/project/airflow/dags/finalassignment/staging/ETL_toll_data.py for tasks to queue
[2023-10-10 01:15:19,126] {logging_mixin.py:115} INFO - [2023-10-10 01:15:19,126] {dagbag.py:508} INFO - Filling up the DagBag from /home/project/airflow/dags/finalassignment/staging/ETL_toll_data.py
[2023-10-10 01:15:19,164] {processor.py:651} INFO - DAG(s) dict_keys(['ETL_toll_data']) retrieved from /home/project/airflow/dags/finalassignment/staging/ETL_toll_data.py
[2023-10-10 01:15:19,231] {logging_mixin.py:115} INFO - [2023-10-10 01:15:19,230] {dag.py:2420} INFO - Sync 1 DAGs
[2023-10-10 01:15:19,323] {logging_mixin.py:115} INFO - [2023-10-10 01:15:19,323] {dag.py:2972} INFO - Setting next_dagrun for ETL_toll_data to 2023-10-10T00:00:00+00:00, run_after=2023-10-11T00:00:00+00:00
[2023-10-10 01:15:19,350] {processor.py:161} INFO - Processing /home/project/airflow/dags/finalassignment/staging/ETL_toll_data.py took 0.240 seconds
[2023-10-10 01:15:50,338] {processor.py:153} INFO - Started process (PID=26796) to work on /home/project/airflow/dags/finalassignment/staging/ETL_toll_data.py
[2023-10-10 01:15:50,339] {processor.py:641} INFO - Processing file /home/project/airflow/dags/finalassignment/staging/ETL_toll_data.py for tasks to queue
[2023-10-10 01:15:50,340] {logging_mixin.py:115} INFO - [2023-10-10 01:15:50,339] {dagbag.py:508} INFO - Filling up the DagBag from /home/project/airflow/dags/finalassignment/staging/ETL_toll_data.py
[2023-10-10 01:15:50,370] {processor.py:651} INFO - DAG(s) dict_keys(['ETL_toll_data']) retrieved from /home/project/airflow/dags/finalassignment/staging/ETL_toll_data.py
[2023-10-10 01:15:50,466] {logging_mixin.py:115} INFO - [2023-10-10 01:15:50,465] {dag.py:2420} INFO - Sync 1 DAGs
[2023-10-10 01:15:50,553] {logging_mixin.py:115} INFO - [2023-10-10 01:15:50,552] {dag.py:2972} INFO - Setting next_dagrun for ETL_toll_data to 2023-10-10T00:00:00+00:00, run_after=2023-10-11T00:00:00+00:00
[2023-10-10 01:15:50,587] {processor.py:161} INFO - Processing /home/project/airflow/dags/finalassignment/staging/ETL_toll_data.py took 0.255 seconds
[2023-10-10 01:16:21,147] {processor.py:153} INFO - Started process (PID=26858) to work on /home/project/airflow/dags/finalassignment/staging/ETL_toll_data.py
[2023-10-10 01:16:21,148] {processor.py:641} INFO - Processing file /home/project/airflow/dags/finalassignment/staging/ETL_toll_data.py for tasks to queue
[2023-10-10 01:16:21,148] {logging_mixin.py:115} INFO - [2023-10-10 01:16:21,148] {dagbag.py:508} INFO - Filling up the DagBag from /home/project/airflow/dags/finalassignment/staging/ETL_toll_data.py
[2023-10-10 01:16:21,175] {processor.py:651} INFO - DAG(s) dict_keys(['ETL_toll_data']) retrieved from /home/project/airflow/dags/finalassignment/staging/ETL_toll_data.py
[2023-10-10 01:16:21,252] {logging_mixin.py:115} INFO - [2023-10-10 01:16:21,252] {dag.py:2420} INFO - Sync 1 DAGs
[2023-10-10 01:16:21,318] {logging_mixin.py:115} INFO - [2023-10-10 01:16:21,318] {dag.py:2972} INFO - Setting next_dagrun for ETL_toll_data to 2023-10-10T00:00:00+00:00, run_after=2023-10-11T00:00:00+00:00
[2023-10-10 01:16:21,349] {processor.py:161} INFO - Processing /home/project/airflow/dags/finalassignment/staging/ETL_toll_data.py took 0.208 seconds
[2023-10-10 01:16:51,783] {processor.py:153} INFO - Started process (PID=26921) to work on /home/project/airflow/dags/finalassignment/staging/ETL_toll_data.py
[2023-10-10 01:16:51,784] {processor.py:641} INFO - Processing file /home/project/airflow/dags/finalassignment/staging/ETL_toll_data.py for tasks to queue
[2023-10-10 01:16:51,785] {logging_mixin.py:115} INFO - [2023-10-10 01:16:51,785] {dagbag.py:508} INFO - Filling up the DagBag from /home/project/airflow/dags/finalassignment/staging/ETL_toll_data.py
[2023-10-10 01:16:51,863] {processor.py:651} INFO - DAG(s) dict_keys(['ETL_toll_data']) retrieved from /home/project/airflow/dags/finalassignment/staging/ETL_toll_data.py
[2023-10-10 01:16:51,944] {logging_mixin.py:115} INFO - [2023-10-10 01:16:51,943] {dag.py:2420} INFO - Sync 1 DAGs
[2023-10-10 01:16:51,997] {logging_mixin.py:115} INFO - [2023-10-10 01:16:51,997] {dag.py:2972} INFO - Setting next_dagrun for ETL_toll_data to 2023-10-10T00:00:00+00:00, run_after=2023-10-11T00:00:00+00:00
[2023-10-10 01:16:52,029] {processor.py:161} INFO - Processing /home/project/airflow/dags/finalassignment/staging/ETL_toll_data.py took 0.265 seconds
[2023-10-10 01:17:22,934] {processor.py:153} INFO - Started process (PID=26974) to work on /home/project/airflow/dags/finalassignment/staging/ETL_toll_data.py
[2023-10-10 01:17:22,935] {processor.py:641} INFO - Processing file /home/project/airflow/dags/finalassignment/staging/ETL_toll_data.py for tasks to queue
[2023-10-10 01:17:22,936] {logging_mixin.py:115} INFO - [2023-10-10 01:17:22,936] {dagbag.py:508} INFO - Filling up the DagBag from /home/project/airflow/dags/finalassignment/staging/ETL_toll_data.py
[2023-10-10 01:17:22,963] {processor.py:651} INFO - DAG(s) dict_keys(['ETL_toll_data']) retrieved from /home/project/airflow/dags/finalassignment/staging/ETL_toll_data.py
[2023-10-10 01:17:23,018] {logging_mixin.py:115} INFO - [2023-10-10 01:17:23,017] {dag.py:2420} INFO - Sync 1 DAGs
[2023-10-10 01:17:23,053] {logging_mixin.py:115} INFO - [2023-10-10 01:17:23,053] {dag.py:2972} INFO - Setting next_dagrun for ETL_toll_data to 2023-10-10T00:00:00+00:00, run_after=2023-10-11T00:00:00+00:00
[2023-10-10 01:17:23,071] {processor.py:161} INFO - Processing /home/project/airflow/dags/finalassignment/staging/ETL_toll_data.py took 0.142 seconds
[2023-10-10 01:17:53,348] {processor.py:153} INFO - Started process (PID=27036) to work on /home/project/airflow/dags/finalassignment/staging/ETL_toll_data.py
[2023-10-10 01:17:53,349] {processor.py:641} INFO - Processing file /home/project/airflow/dags/finalassignment/staging/ETL_toll_data.py for tasks to queue
[2023-10-10 01:17:53,350] {logging_mixin.py:115} INFO - [2023-10-10 01:17:53,350] {dagbag.py:508} INFO - Filling up the DagBag from /home/project/airflow/dags/finalassignment/staging/ETL_toll_data.py
[2023-10-10 01:17:53,411] {processor.py:651} INFO - DAG(s) dict_keys(['ETL_toll_data']) retrieved from /home/project/airflow/dags/finalassignment/staging/ETL_toll_data.py
[2023-10-10 01:17:53,506] {logging_mixin.py:115} INFO - [2023-10-10 01:17:53,506] {dag.py:2420} INFO - Sync 1 DAGs
[2023-10-10 01:17:53,588] {logging_mixin.py:115} INFO - [2023-10-10 01:17:53,587] {dag.py:2972} INFO - Setting next_dagrun for ETL_toll_data to 2023-10-10T00:00:00+00:00, run_after=2023-10-11T00:00:00+00:00
[2023-10-10 01:17:53,644] {processor.py:161} INFO - Processing /home/project/airflow/dags/finalassignment/staging/ETL_toll_data.py took 0.315 seconds
[2023-10-10 01:18:24,597] {processor.py:153} INFO - Started process (PID=27089) to work on /home/project/airflow/dags/finalassignment/staging/ETL_toll_data.py
[2023-10-10 01:18:24,598] {processor.py:641} INFO - Processing file /home/project/airflow/dags/finalassignment/staging/ETL_toll_data.py for tasks to queue
[2023-10-10 01:18:24,599] {logging_mixin.py:115} INFO - [2023-10-10 01:18:24,598] {dagbag.py:508} INFO - Filling up the DagBag from /home/project/airflow/dags/finalassignment/staging/ETL_toll_data.py
[2023-10-10 01:18:24,625] {processor.py:651} INFO - DAG(s) dict_keys(['ETL_toll_data']) retrieved from /home/project/airflow/dags/finalassignment/staging/ETL_toll_data.py
[2023-10-10 01:18:24,675] {logging_mixin.py:115} INFO - [2023-10-10 01:18:24,675] {dag.py:2420} INFO - Sync 1 DAGs
[2023-10-10 01:18:24,715] {logging_mixin.py:115} INFO - [2023-10-10 01:18:24,715] {dag.py:2972} INFO - Setting next_dagrun for ETL_toll_data to 2023-10-10T00:00:00+00:00, run_after=2023-10-11T00:00:00+00:00
[2023-10-10 01:18:24,733] {processor.py:161} INFO - Processing /home/project/airflow/dags/finalassignment/staging/ETL_toll_data.py took 0.143 seconds
[2023-10-10 01:18:54,825] {processor.py:153} INFO - Started process (PID=27151) to work on /home/project/airflow/dags/finalassignment/staging/ETL_toll_data.py
[2023-10-10 01:18:54,826] {processor.py:641} INFO - Processing file /home/project/airflow/dags/finalassignment/staging/ETL_toll_data.py for tasks to queue
[2023-10-10 01:18:54,827] {logging_mixin.py:115} INFO - [2023-10-10 01:18:54,827] {dagbag.py:508} INFO - Filling up the DagBag from /home/project/airflow/dags/finalassignment/staging/ETL_toll_data.py
[2023-10-10 01:18:54,884] {processor.py:651} INFO - DAG(s) dict_keys(['ETL_toll_data']) retrieved from /home/project/airflow/dags/finalassignment/staging/ETL_toll_data.py
[2023-10-10 01:18:54,933] {logging_mixin.py:115} INFO - [2023-10-10 01:18:54,933] {dag.py:2420} INFO - Sync 1 DAGs
[2023-10-10 01:18:54,970] {logging_mixin.py:115} INFO - [2023-10-10 01:18:54,970] {dag.py:2972} INFO - Setting next_dagrun for ETL_toll_data to 2023-10-10T00:00:00+00:00, run_after=2023-10-11T00:00:00+00:00
[2023-10-10 01:18:54,987] {processor.py:161} INFO - Processing /home/project/airflow/dags/finalassignment/staging/ETL_toll_data.py took 0.172 seconds
[2023-10-10 01:19:25,401] {processor.py:153} INFO - Started process (PID=27204) to work on /home/project/airflow/dags/finalassignment/staging/ETL_toll_data.py
[2023-10-10 01:19:25,402] {processor.py:641} INFO - Processing file /home/project/airflow/dags/finalassignment/staging/ETL_toll_data.py for tasks to queue
[2023-10-10 01:19:25,403] {logging_mixin.py:115} INFO - [2023-10-10 01:19:25,403] {dagbag.py:508} INFO - Filling up the DagBag from /home/project/airflow/dags/finalassignment/staging/ETL_toll_data.py
[2023-10-10 01:19:25,431] {processor.py:651} INFO - DAG(s) dict_keys(['ETL_toll_data']) retrieved from /home/project/airflow/dags/finalassignment/staging/ETL_toll_data.py
[2023-10-10 01:19:25,502] {logging_mixin.py:115} INFO - [2023-10-10 01:19:25,502] {dag.py:2420} INFO - Sync 1 DAGs
[2023-10-10 01:19:25,537] {logging_mixin.py:115} INFO - [2023-10-10 01:19:25,537] {dag.py:2972} INFO - Setting next_dagrun for ETL_toll_data to 2023-10-10T00:00:00+00:00, run_after=2023-10-11T00:00:00+00:00
[2023-10-10 01:19:25,552] {processor.py:161} INFO - Processing /home/project/airflow/dags/finalassignment/staging/ETL_toll_data.py took 0.157 seconds
[2023-10-10 01:19:55,736] {processor.py:153} INFO - Started process (PID=27267) to work on /home/project/airflow/dags/finalassignment/staging/ETL_toll_data.py
[2023-10-10 01:19:55,737] {processor.py:641} INFO - Processing file /home/project/airflow/dags/finalassignment/staging/ETL_toll_data.py for tasks to queue
[2023-10-10 01:19:55,738] {logging_mixin.py:115} INFO - [2023-10-10 01:19:55,738] {dagbag.py:508} INFO - Filling up the DagBag from /home/project/airflow/dags/finalassignment/staging/ETL_toll_data.py
[2023-10-10 01:19:55,764] {processor.py:651} INFO - DAG(s) dict_keys(['ETL_toll_data']) retrieved from /home/project/airflow/dags/finalassignment/staging/ETL_toll_data.py
[2023-10-10 01:19:55,814] {logging_mixin.py:115} INFO - [2023-10-10 01:19:55,814] {dag.py:2420} INFO - Sync 1 DAGs
[2023-10-10 01:19:55,857] {logging_mixin.py:115} INFO - [2023-10-10 01:19:55,857] {dag.py:2972} INFO - Setting next_dagrun for ETL_toll_data to 2023-10-10T00:00:00+00:00, run_after=2023-10-11T00:00:00+00:00
[2023-10-10 01:19:55,875] {processor.py:161} INFO - Processing /home/project/airflow/dags/finalassignment/staging/ETL_toll_data.py took 0.145 seconds
[2023-10-10 01:20:26,612] {processor.py:153} INFO - Started process (PID=27320) to work on /home/project/airflow/dags/finalassignment/staging/ETL_toll_data.py
[2023-10-10 01:20:26,613] {processor.py:641} INFO - Processing file /home/project/airflow/dags/finalassignment/staging/ETL_toll_data.py for tasks to queue
[2023-10-10 01:20:26,614] {logging_mixin.py:115} INFO - [2023-10-10 01:20:26,614] {dagbag.py:508} INFO - Filling up the DagBag from /home/project/airflow/dags/finalassignment/staging/ETL_toll_data.py
[2023-10-10 01:20:26,644] {processor.py:651} INFO - DAG(s) dict_keys(['ETL_toll_data']) retrieved from /home/project/airflow/dags/finalassignment/staging/ETL_toll_data.py
[2023-10-10 01:20:26,689] {logging_mixin.py:115} INFO - [2023-10-10 01:20:26,689] {dag.py:2420} INFO - Sync 1 DAGs
[2023-10-10 01:20:26,725] {logging_mixin.py:115} INFO - [2023-10-10 01:20:26,724] {dag.py:2972} INFO - Setting next_dagrun for ETL_toll_data to 2023-10-10T00:00:00+00:00, run_after=2023-10-11T00:00:00+00:00
[2023-10-10 01:20:26,740] {processor.py:161} INFO - Processing /home/project/airflow/dags/finalassignment/staging/ETL_toll_data.py took 0.134 seconds
[2023-10-10 01:20:57,195] {processor.py:153} INFO - Started process (PID=27383) to work on /home/project/airflow/dags/finalassignment/staging/ETL_toll_data.py
[2023-10-10 01:20:57,196] {processor.py:641} INFO - Processing file /home/project/airflow/dags/finalassignment/staging/ETL_toll_data.py for tasks to queue
[2023-10-10 01:20:57,197] {logging_mixin.py:115} INFO - [2023-10-10 01:20:57,197] {dagbag.py:508} INFO - Filling up the DagBag from /home/project/airflow/dags/finalassignment/staging/ETL_toll_data.py
[2023-10-10 01:20:57,224] {processor.py:651} INFO - DAG(s) dict_keys(['ETL_toll_data']) retrieved from /home/project/airflow/dags/finalassignment/staging/ETL_toll_data.py
[2023-10-10 01:20:57,271] {logging_mixin.py:115} INFO - [2023-10-10 01:20:57,271] {dag.py:2420} INFO - Sync 1 DAGs
[2023-10-10 01:20:57,307] {logging_mixin.py:115} INFO - [2023-10-10 01:20:57,307] {dag.py:2972} INFO - Setting next_dagrun for ETL_toll_data to 2023-10-10T00:00:00+00:00, run_after=2023-10-11T00:00:00+00:00
[2023-10-10 01:20:57,325] {processor.py:161} INFO - Processing /home/project/airflow/dags/finalassignment/staging/ETL_toll_data.py took 0.136 seconds
[2023-10-10 01:21:27,898] {processor.py:153} INFO - Started process (PID=27436) to work on /home/project/airflow/dags/finalassignment/staging/ETL_toll_data.py
[2023-10-10 01:21:27,899] {processor.py:641} INFO - Processing file /home/project/airflow/dags/finalassignment/staging/ETL_toll_data.py for tasks to queue
[2023-10-10 01:21:27,900] {logging_mixin.py:115} INFO - [2023-10-10 01:21:27,900] {dagbag.py:508} INFO - Filling up the DagBag from /home/project/airflow/dags/finalassignment/staging/ETL_toll_data.py
[2023-10-10 01:21:27,926] {processor.py:651} INFO - DAG(s) dict_keys(['ETL_toll_data']) retrieved from /home/project/airflow/dags/finalassignment/staging/ETL_toll_data.py
[2023-10-10 01:21:27,975] {logging_mixin.py:115} INFO - [2023-10-10 01:21:27,975] {dag.py:2420} INFO - Sync 1 DAGs
[2023-10-10 01:21:28,012] {logging_mixin.py:115} INFO - [2023-10-10 01:21:28,012] {dag.py:2972} INFO - Setting next_dagrun for ETL_toll_data to 2023-10-10T00:00:00+00:00, run_after=2023-10-11T00:00:00+00:00
[2023-10-10 01:21:28,029] {processor.py:161} INFO - Processing /home/project/airflow/dags/finalassignment/staging/ETL_toll_data.py took 0.137 seconds
[2023-10-10 01:21:58,917] {processor.py:153} INFO - Started process (PID=27498) to work on /home/project/airflow/dags/finalassignment/staging/ETL_toll_data.py
[2023-10-10 01:21:58,918] {processor.py:641} INFO - Processing file /home/project/airflow/dags/finalassignment/staging/ETL_toll_data.py for tasks to queue
[2023-10-10 01:21:58,919] {logging_mixin.py:115} INFO - [2023-10-10 01:21:58,919] {dagbag.py:508} INFO - Filling up the DagBag from /home/project/airflow/dags/finalassignment/staging/ETL_toll_data.py
[2023-10-10 01:21:58,945] {processor.py:651} INFO - DAG(s) dict_keys(['ETL_toll_data']) retrieved from /home/project/airflow/dags/finalassignment/staging/ETL_toll_data.py
[2023-10-10 01:21:58,993] {logging_mixin.py:115} INFO - [2023-10-10 01:21:58,993] {dag.py:2420} INFO - Sync 1 DAGs
[2023-10-10 01:21:59,034] {logging_mixin.py:115} INFO - [2023-10-10 01:21:59,033] {dag.py:2972} INFO - Setting next_dagrun for ETL_toll_data to 2023-10-10T00:00:00+00:00, run_after=2023-10-11T00:00:00+00:00
[2023-10-10 01:21:59,053] {processor.py:161} INFO - Processing /home/project/airflow/dags/finalassignment/staging/ETL_toll_data.py took 0.142 seconds
[2023-10-10 01:22:29,413] {processor.py:153} INFO - Started process (PID=27560) to work on /home/project/airflow/dags/finalassignment/staging/ETL_toll_data.py
[2023-10-10 01:22:29,423] {processor.py:641} INFO - Processing file /home/project/airflow/dags/finalassignment/staging/ETL_toll_data.py for tasks to queue
[2023-10-10 01:22:29,424] {logging_mixin.py:115} INFO - [2023-10-10 01:22:29,424] {dagbag.py:508} INFO - Filling up the DagBag from /home/project/airflow/dags/finalassignment/staging/ETL_toll_data.py
[2023-10-10 01:22:29,467] {processor.py:651} INFO - DAG(s) dict_keys(['ETL_toll_data']) retrieved from /home/project/airflow/dags/finalassignment/staging/ETL_toll_data.py
[2023-10-10 01:22:29,585] {logging_mixin.py:115} INFO - [2023-10-10 01:22:29,585] {dag.py:2420} INFO - Sync 1 DAGs
[2023-10-10 01:22:29,668] {logging_mixin.py:115} INFO - [2023-10-10 01:22:29,668] {dag.py:2972} INFO - Setting next_dagrun for ETL_toll_data to 2023-10-10T00:00:00+00:00, run_after=2023-10-11T00:00:00+00:00
[2023-10-10 01:22:29,709] {processor.py:161} INFO - Processing /home/project/airflow/dags/finalassignment/staging/ETL_toll_data.py took 0.303 seconds
[2023-10-10 01:23:00,674] {processor.py:153} INFO - Started process (PID=27614) to work on /home/project/airflow/dags/finalassignment/staging/ETL_toll_data.py
[2023-10-10 01:23:00,675] {processor.py:641} INFO - Processing file /home/project/airflow/dags/finalassignment/staging/ETL_toll_data.py for tasks to queue
[2023-10-10 01:23:00,676] {logging_mixin.py:115} INFO - [2023-10-10 01:23:00,675] {dagbag.py:508} INFO - Filling up the DagBag from /home/project/airflow/dags/finalassignment/staging/ETL_toll_data.py
[2023-10-10 01:23:00,700] {processor.py:651} INFO - DAG(s) dict_keys(['ETL_toll_data']) retrieved from /home/project/airflow/dags/finalassignment/staging/ETL_toll_data.py
[2023-10-10 01:23:00,746] {logging_mixin.py:115} INFO - [2023-10-10 01:23:00,746] {dag.py:2420} INFO - Sync 1 DAGs
[2023-10-10 01:23:00,778] {logging_mixin.py:115} INFO - [2023-10-10 01:23:00,778] {dag.py:2972} INFO - Setting next_dagrun for ETL_toll_data to 2023-10-10T00:00:00+00:00, run_after=2023-10-11T00:00:00+00:00
[2023-10-10 01:23:00,793] {processor.py:161} INFO - Processing /home/project/airflow/dags/finalassignment/staging/ETL_toll_data.py took 0.125 seconds
