[2023-10-10 12:17:05,544] {taskinstance.py:1179} INFO - Dependencies all met for <TaskInstance: ETL_toll_data.unzip_data manual__2023-10-10T12:17:04.361147+00:00 [queued]>
[2023-10-10 12:17:05,558] {taskinstance.py:1179} INFO - Dependencies all met for <TaskInstance: ETL_toll_data.unzip_data manual__2023-10-10T12:17:04.361147+00:00 [queued]>
[2023-10-10 12:17:05,558] {taskinstance.py:1376} INFO - 
--------------------------------------------------------------------------------
[2023-10-10 12:17:05,558] {taskinstance.py:1377} INFO - Starting attempt 1 of 2
[2023-10-10 12:17:05,558] {taskinstance.py:1378} INFO - 
--------------------------------------------------------------------------------
[2023-10-10 12:17:05,572] {taskinstance.py:1397} INFO - Executing <Task(BashOperator): unzip_data> on 2023-10-10 12:17:04.361147+00:00
[2023-10-10 12:17:05,586] {standard_task_runner.py:52} INFO - Started process 822 to run task
[2023-10-10 12:17:05,591] {standard_task_runner.py:79} INFO - Running: ['***', 'tasks', 'run', 'ETL_toll_data', 'unzip_data', 'manual__2023-10-10T12:17:04.361147+00:00', '--job-id', '4', '--raw', '--subdir', 'DAGS_FOLDER/finalassignment/staging/ETL_toll_data.py', '--cfg-path', '/tmp/tmpndfhderc', '--error-file', '/tmp/tmptei06val']
[2023-10-10 12:17:05,591] {standard_task_runner.py:80} INFO - Job 4: Subtask unzip_data
[2023-10-10 12:17:05,720] {task_command.py:371} INFO - Running <TaskInstance: ETL_toll_data.unzip_data manual__2023-10-10T12:17:04.361147+00:00 [running]> on host 3812ee76f9ad
[2023-10-10 12:17:05,863] {taskinstance.py:1591} INFO - Exporting the following env vars:
AIRFLOW_CTX_DAG_EMAIL=ngocminhngo@mail.com
AIRFLOW_CTX_DAG_OWNER=ngocminhngo
AIRFLOW_CTX_DAG_ID=ETL_toll_data
AIRFLOW_CTX_TASK_ID=unzip_data
AIRFLOW_CTX_EXECUTION_DATE=2023-10-10T12:17:04.361147+00:00
AIRFLOW_CTX_TRY_NUMBER=1
AIRFLOW_CTX_DAG_RUN_ID=manual__2023-10-10T12:17:04.361147+00:00
[2023-10-10 12:17:05,864] {subprocess.py:62} INFO - Tmp dir root location: 
 /tmp
[2023-10-10 12:17:05,865] {subprocess.py:74} INFO - Running command: ['bash', '-c', 'tar -xzf /home/project/***/dags/finalassignment/tolldata.tgz']
[2023-10-10 12:17:05,904] {subprocess.py:85} INFO - Output:
[2023-10-10 12:17:05,943] {subprocess.py:96} INFO - Command exited with return code 0
[2023-10-10 12:17:06,020] {taskinstance.py:1420} INFO - Marking task as SUCCESS. dag_id=ETL_toll_data, task_id=unzip_data, execution_date=20231010T121704, start_date=20231010T121705, end_date=20231010T121706
[2023-10-10 12:17:06,057] {local_task_job.py:156} INFO - Task exited with return code 0
[2023-10-10 12:17:06,144] {local_task_job.py:273} INFO - 1 downstream tasks scheduled from follow-on schedule check
