[2023-10-10 00:57:54,281] {taskinstance.py:1179} INFO - Dependencies all met for <TaskInstance: ETL_toll_data.unzip_data manual__2023-10-10T00:57:52.895218+00:00 [queued]>
[2023-10-10 00:57:54,290] {taskinstance.py:1179} INFO - Dependencies all met for <TaskInstance: ETL_toll_data.unzip_data manual__2023-10-10T00:57:52.895218+00:00 [queued]>
[2023-10-10 00:57:54,290] {taskinstance.py:1376} INFO - 
--------------------------------------------------------------------------------
[2023-10-10 00:57:54,290] {taskinstance.py:1377} INFO - Starting attempt 1 of 2
[2023-10-10 00:57:54,290] {taskinstance.py:1378} INFO - 
--------------------------------------------------------------------------------
[2023-10-10 00:57:54,304] {taskinstance.py:1397} INFO - Executing <Task(BashOperator): unzip_data> on 2023-10-10 00:57:52.895218+00:00
[2023-10-10 00:57:54,314] {standard_task_runner.py:52} INFO - Started process 10261 to run task
[2023-10-10 00:57:54,319] {standard_task_runner.py:79} INFO - Running: ['***', 'tasks', 'run', 'ETL_toll_data', 'unzip_data', 'manual__2023-10-10T00:57:52.895218+00:00', '--job-id', '2', '--raw', '--subdir', 'DAGS_FOLDER/finalassignment/staging/ETL_toll_data.py', '--cfg-path', '/tmp/tmp73tp2s47', '--error-file', '/tmp/tmphadl5eih']
[2023-10-10 00:57:54,320] {standard_task_runner.py:80} INFO - Job 2: Subtask unzip_data
[2023-10-10 00:57:54,419] {task_command.py:371} INFO - Running <TaskInstance: ETL_toll_data.unzip_data manual__2023-10-10T00:57:52.895218+00:00 [running]> on host 6ff74945a4b7
[2023-10-10 00:57:54,525] {taskinstance.py:1591} INFO - Exporting the following env vars:
AIRFLOW_CTX_DAG_EMAIL=ngocminhngo@mail.com
AIRFLOW_CTX_DAG_OWNER=ngocminhngo
AIRFLOW_CTX_DAG_ID=ETL_toll_data
AIRFLOW_CTX_TASK_ID=unzip_data
AIRFLOW_CTX_EXECUTION_DATE=2023-10-10T00:57:52.895218+00:00
AIRFLOW_CTX_TRY_NUMBER=1
AIRFLOW_CTX_DAG_RUN_ID=manual__2023-10-10T00:57:52.895218+00:00
[2023-10-10 00:57:54,526] {subprocess.py:62} INFO - Tmp dir root location: 
 /tmp
[2023-10-10 00:57:54,527] {subprocess.py:74} INFO - Running command: ['bash', '-c', 'tar -xzf /home/project/***/dags/finalassignment/tolldata.tgz']
[2023-10-10 00:57:54,564] {subprocess.py:85} INFO - Output:
[2023-10-10 00:57:54,594] {subprocess.py:96} INFO - Command exited with return code 0
[2023-10-10 00:57:54,669] {taskinstance.py:1420} INFO - Marking task as SUCCESS. dag_id=ETL_toll_data, task_id=unzip_data, execution_date=20231010T005752, start_date=20231010T005754, end_date=20231010T005754
[2023-10-10 00:57:54,731] {local_task_job.py:156} INFO - Task exited with return code 0
[2023-10-10 00:57:54,795] {local_task_job.py:273} INFO - 1 downstream tasks scheduled from follow-on schedule check
