[2023-10-10 12:03:44,377] {processor.py:153} INFO - Started process (PID=103) to work on /home/airflow/.local/lib/python3.7/site-packages/airflow/example_dags/example_latest_only_with_trigger.py
[2023-10-10 12:03:44,378] {processor.py:641} INFO - Processing file /home/airflow/.local/lib/python3.7/site-packages/airflow/example_dags/example_latest_only_with_trigger.py for tasks to queue
[2023-10-10 12:03:44,378] {logging_mixin.py:115} INFO - [2023-10-10 12:03:44,378] {dagbag.py:508} INFO - Filling up the DagBag from /home/airflow/.local/lib/python3.7/site-packages/airflow/example_dags/example_latest_only_with_trigger.py
[2023-10-10 12:03:44,439] {processor.py:651} INFO - DAG(s) dict_keys(['latest_only_with_trigger']) retrieved from /home/airflow/.local/lib/python3.7/site-packages/airflow/example_dags/example_latest_only_with_trigger.py
[2023-10-10 12:03:45,120] {logging_mixin.py:115} INFO - [2023-10-10 12:03:45,120] {manager.py:508} INFO - Created Permission View: can read on DAG:latest_only_with_trigger
[2023-10-10 12:03:45,160] {logging_mixin.py:115} INFO - [2023-10-10 12:03:45,160] {manager.py:508} INFO - Created Permission View: can edit on DAG:latest_only_with_trigger
[2023-10-10 12:03:45,199] {logging_mixin.py:115} INFO - [2023-10-10 12:03:45,199] {manager.py:508} INFO - Created Permission View: can delete on DAG:latest_only_with_trigger
[2023-10-10 12:03:45,200] {logging_mixin.py:115} INFO - [2023-10-10 12:03:45,199] {dag.py:2420} INFO - Sync 1 DAGs
[2023-10-10 12:03:45,260] {logging_mixin.py:115} INFO - [2023-10-10 12:03:45,259] {dag.py:2439} INFO - Creating ORM DAG for latest_only_with_trigger
[2023-10-10 12:03:45,321] {logging_mixin.py:115} INFO - [2023-10-10 12:03:45,321] {dag.py:2972} INFO - Setting next_dagrun for latest_only_with_trigger to 2023-10-10T08:03:45.320945+00:00, run_after=2023-10-10T12:03:45.320945+00:00
[2023-10-10 12:03:45,416] {processor.py:161} INFO - Processing /home/airflow/.local/lib/python3.7/site-packages/airflow/example_dags/example_latest_only_with_trigger.py took 1.078 seconds
[2023-10-10 12:04:15,941] {processor.py:153} INFO - Started process (PID=155) to work on /home/airflow/.local/lib/python3.7/site-packages/airflow/example_dags/example_latest_only_with_trigger.py
[2023-10-10 12:04:15,942] {processor.py:641} INFO - Processing file /home/airflow/.local/lib/python3.7/site-packages/airflow/example_dags/example_latest_only_with_trigger.py for tasks to queue
[2023-10-10 12:04:15,942] {logging_mixin.py:115} INFO - [2023-10-10 12:04:15,942] {dagbag.py:508} INFO - Filling up the DagBag from /home/airflow/.local/lib/python3.7/site-packages/airflow/example_dags/example_latest_only_with_trigger.py
[2023-10-10 12:04:15,951] {processor.py:651} INFO - DAG(s) dict_keys(['latest_only_with_trigger']) retrieved from /home/airflow/.local/lib/python3.7/site-packages/airflow/example_dags/example_latest_only_with_trigger.py
[2023-10-10 12:04:16,022] {logging_mixin.py:115} INFO - [2023-10-10 12:04:16,022] {dag.py:2420} INFO - Sync 1 DAGs
[2023-10-10 12:04:16,083] {logging_mixin.py:115} INFO - [2023-10-10 12:04:16,083] {dag.py:2972} INFO - Setting next_dagrun for latest_only_with_trigger to 2023-10-10T08:04:16.082952+00:00, run_after=2023-10-10T12:04:16.082952+00:00
[2023-10-10 12:04:16,100] {processor.py:161} INFO - Processing /home/airflow/.local/lib/python3.7/site-packages/airflow/example_dags/example_latest_only_with_trigger.py took 0.164 seconds
[2023-10-10 12:04:46,757] {processor.py:153} INFO - Started process (PID=216) to work on /home/airflow/.local/lib/python3.7/site-packages/airflow/example_dags/example_latest_only_with_trigger.py
[2023-10-10 12:04:46,758] {processor.py:641} INFO - Processing file /home/airflow/.local/lib/python3.7/site-packages/airflow/example_dags/example_latest_only_with_trigger.py for tasks to queue
[2023-10-10 12:04:46,758] {logging_mixin.py:115} INFO - [2023-10-10 12:04:46,758] {dagbag.py:508} INFO - Filling up the DagBag from /home/airflow/.local/lib/python3.7/site-packages/airflow/example_dags/example_latest_only_with_trigger.py
[2023-10-10 12:04:46,767] {processor.py:651} INFO - DAG(s) dict_keys(['latest_only_with_trigger']) retrieved from /home/airflow/.local/lib/python3.7/site-packages/airflow/example_dags/example_latest_only_with_trigger.py
[2023-10-10 12:04:46,816] {logging_mixin.py:115} INFO - [2023-10-10 12:04:46,816] {dag.py:2420} INFO - Sync 1 DAGs
[2023-10-10 12:04:46,846] {logging_mixin.py:115} INFO - [2023-10-10 12:04:46,846] {dag.py:2972} INFO - Setting next_dagrun for latest_only_with_trigger to 2023-10-10T08:04:46.845816+00:00, run_after=2023-10-10T12:04:46.845816+00:00
[2023-10-10 12:04:46,861] {processor.py:161} INFO - Processing /home/airflow/.local/lib/python3.7/site-packages/airflow/example_dags/example_latest_only_with_trigger.py took 0.109 seconds
[2023-10-10 12:05:17,380] {processor.py:153} INFO - Started process (PID=268) to work on /home/airflow/.local/lib/python3.7/site-packages/airflow/example_dags/example_latest_only_with_trigger.py
[2023-10-10 12:05:17,381] {processor.py:641} INFO - Processing file /home/airflow/.local/lib/python3.7/site-packages/airflow/example_dags/example_latest_only_with_trigger.py for tasks to queue
[2023-10-10 12:05:17,382] {logging_mixin.py:115} INFO - [2023-10-10 12:05:17,382] {dagbag.py:508} INFO - Filling up the DagBag from /home/airflow/.local/lib/python3.7/site-packages/airflow/example_dags/example_latest_only_with_trigger.py
[2023-10-10 12:05:17,390] {processor.py:651} INFO - DAG(s) dict_keys(['latest_only_with_trigger']) retrieved from /home/airflow/.local/lib/python3.7/site-packages/airflow/example_dags/example_latest_only_with_trigger.py
[2023-10-10 12:05:17,431] {logging_mixin.py:115} INFO - [2023-10-10 12:05:17,431] {dag.py:2420} INFO - Sync 1 DAGs
[2023-10-10 12:05:17,460] {logging_mixin.py:115} INFO - [2023-10-10 12:05:17,460] {dag.py:2972} INFO - Setting next_dagrun for latest_only_with_trigger to 2023-10-10T08:05:17.460316+00:00, run_after=2023-10-10T12:05:17.460316+00:00
[2023-10-10 12:05:17,476] {processor.py:161} INFO - Processing /home/airflow/.local/lib/python3.7/site-packages/airflow/example_dags/example_latest_only_with_trigger.py took 0.100 seconds
[2023-10-10 12:05:48,098] {processor.py:153} INFO - Started process (PID=330) to work on /home/airflow/.local/lib/python3.7/site-packages/airflow/example_dags/example_latest_only_with_trigger.py
[2023-10-10 12:05:48,100] {processor.py:641} INFO - Processing file /home/airflow/.local/lib/python3.7/site-packages/airflow/example_dags/example_latest_only_with_trigger.py for tasks to queue
[2023-10-10 12:05:48,100] {logging_mixin.py:115} INFO - [2023-10-10 12:05:48,100] {dagbag.py:508} INFO - Filling up the DagBag from /home/airflow/.local/lib/python3.7/site-packages/airflow/example_dags/example_latest_only_with_trigger.py
[2023-10-10 12:05:48,109] {processor.py:651} INFO - DAG(s) dict_keys(['latest_only_with_trigger']) retrieved from /home/airflow/.local/lib/python3.7/site-packages/airflow/example_dags/example_latest_only_with_trigger.py
[2023-10-10 12:05:48,176] {logging_mixin.py:115} INFO - [2023-10-10 12:05:48,175] {dag.py:2420} INFO - Sync 1 DAGs
[2023-10-10 12:05:48,207] {logging_mixin.py:115} INFO - [2023-10-10 12:05:48,207] {dag.py:2972} INFO - Setting next_dagrun for latest_only_with_trigger to 2023-10-10T08:05:48.207232+00:00, run_after=2023-10-10T12:05:48.207232+00:00
[2023-10-10 12:05:48,223] {processor.py:161} INFO - Processing /home/airflow/.local/lib/python3.7/site-packages/airflow/example_dags/example_latest_only_with_trigger.py took 0.130 seconds
[2023-10-10 12:06:18,656] {processor.py:153} INFO - Started process (PID=391) to work on /home/airflow/.local/lib/python3.7/site-packages/airflow/example_dags/example_latest_only_with_trigger.py
[2023-10-10 12:06:18,657] {processor.py:641} INFO - Processing file /home/airflow/.local/lib/python3.7/site-packages/airflow/example_dags/example_latest_only_with_trigger.py for tasks to queue
[2023-10-10 12:06:18,658] {logging_mixin.py:115} INFO - [2023-10-10 12:06:18,658] {dagbag.py:508} INFO - Filling up the DagBag from /home/airflow/.local/lib/python3.7/site-packages/airflow/example_dags/example_latest_only_with_trigger.py
[2023-10-10 12:06:18,666] {processor.py:651} INFO - DAG(s) dict_keys(['latest_only_with_trigger']) retrieved from /home/airflow/.local/lib/python3.7/site-packages/airflow/example_dags/example_latest_only_with_trigger.py
[2023-10-10 12:06:18,743] {logging_mixin.py:115} INFO - [2023-10-10 12:06:18,743] {dag.py:2420} INFO - Sync 1 DAGs
[2023-10-10 12:06:18,784] {logging_mixin.py:115} INFO - [2023-10-10 12:06:18,784] {dag.py:2972} INFO - Setting next_dagrun for latest_only_with_trigger to 2023-10-10T08:06:18.783941+00:00, run_after=2023-10-10T12:06:18.783941+00:00
[2023-10-10 12:06:18,821] {processor.py:161} INFO - Processing /home/airflow/.local/lib/python3.7/site-packages/airflow/example_dags/example_latest_only_with_trigger.py took 0.170 seconds
[2023-10-10 12:06:48,989] {processor.py:153} INFO - Started process (PID=444) to work on /home/airflow/.local/lib/python3.7/site-packages/airflow/example_dags/example_latest_only_with_trigger.py
[2023-10-10 12:06:48,990] {processor.py:641} INFO - Processing file /home/airflow/.local/lib/python3.7/site-packages/airflow/example_dags/example_latest_only_with_trigger.py for tasks to queue
[2023-10-10 12:06:48,990] {logging_mixin.py:115} INFO - [2023-10-10 12:06:48,990] {dagbag.py:508} INFO - Filling up the DagBag from /home/airflow/.local/lib/python3.7/site-packages/airflow/example_dags/example_latest_only_with_trigger.py
[2023-10-10 12:06:48,998] {processor.py:651} INFO - DAG(s) dict_keys(['latest_only_with_trigger']) retrieved from /home/airflow/.local/lib/python3.7/site-packages/airflow/example_dags/example_latest_only_with_trigger.py
[2023-10-10 12:06:49,044] {logging_mixin.py:115} INFO - [2023-10-10 12:06:49,044] {dag.py:2420} INFO - Sync 1 DAGs
[2023-10-10 12:06:49,077] {logging_mixin.py:115} INFO - [2023-10-10 12:06:49,077] {dag.py:2972} INFO - Setting next_dagrun for latest_only_with_trigger to 2023-10-10T08:06:49.076738+00:00, run_after=2023-10-10T12:06:49.076738+00:00
[2023-10-10 12:06:49,093] {processor.py:161} INFO - Processing /home/airflow/.local/lib/python3.7/site-packages/airflow/example_dags/example_latest_only_with_trigger.py took 0.109 seconds
[2023-10-10 12:07:19,280] {processor.py:153} INFO - Started process (PID=505) to work on /home/airflow/.local/lib/python3.7/site-packages/airflow/example_dags/example_latest_only_with_trigger.py
[2023-10-10 12:07:19,281] {processor.py:641} INFO - Processing file /home/airflow/.local/lib/python3.7/site-packages/airflow/example_dags/example_latest_only_with_trigger.py for tasks to queue
[2023-10-10 12:07:19,281] {logging_mixin.py:115} INFO - [2023-10-10 12:07:19,281] {dagbag.py:508} INFO - Filling up the DagBag from /home/airflow/.local/lib/python3.7/site-packages/airflow/example_dags/example_latest_only_with_trigger.py
[2023-10-10 12:07:19,290] {processor.py:651} INFO - DAG(s) dict_keys(['latest_only_with_trigger']) retrieved from /home/airflow/.local/lib/python3.7/site-packages/airflow/example_dags/example_latest_only_with_trigger.py
[2023-10-10 12:07:19,329] {logging_mixin.py:115} INFO - [2023-10-10 12:07:19,329] {dag.py:2420} INFO - Sync 1 DAGs
[2023-10-10 12:07:19,359] {logging_mixin.py:115} INFO - [2023-10-10 12:07:19,359] {dag.py:2972} INFO - Setting next_dagrun for latest_only_with_trigger to 2023-10-10T08:07:19.359097+00:00, run_after=2023-10-10T12:07:19.359097+00:00
[2023-10-10 12:07:19,376] {processor.py:161} INFO - Processing /home/airflow/.local/lib/python3.7/site-packages/airflow/example_dags/example_latest_only_with_trigger.py took 0.102 seconds
[2023-10-10 12:07:49,474] {processor.py:153} INFO - Started process (PID=557) to work on /home/airflow/.local/lib/python3.7/site-packages/airflow/example_dags/example_latest_only_with_trigger.py
[2023-10-10 12:07:49,475] {processor.py:641} INFO - Processing file /home/airflow/.local/lib/python3.7/site-packages/airflow/example_dags/example_latest_only_with_trigger.py for tasks to queue
[2023-10-10 12:07:49,475] {logging_mixin.py:115} INFO - [2023-10-10 12:07:49,475] {dagbag.py:508} INFO - Filling up the DagBag from /home/airflow/.local/lib/python3.7/site-packages/airflow/example_dags/example_latest_only_with_trigger.py
[2023-10-10 12:07:49,483] {processor.py:651} INFO - DAG(s) dict_keys(['latest_only_with_trigger']) retrieved from /home/airflow/.local/lib/python3.7/site-packages/airflow/example_dags/example_latest_only_with_trigger.py
[2023-10-10 12:07:49,524] {logging_mixin.py:115} INFO - [2023-10-10 12:07:49,524] {dag.py:2420} INFO - Sync 1 DAGs
[2023-10-10 12:07:49,561] {logging_mixin.py:115} INFO - [2023-10-10 12:07:49,561] {dag.py:2972} INFO - Setting next_dagrun for latest_only_with_trigger to 2023-10-10T08:07:49.560698+00:00, run_after=2023-10-10T12:07:49.560698+00:00
[2023-10-10 12:07:49,576] {processor.py:161} INFO - Processing /home/airflow/.local/lib/python3.7/site-packages/airflow/example_dags/example_latest_only_with_trigger.py took 0.108 seconds
[2023-10-10 12:08:19,915] {processor.py:153} INFO - Started process (PID=618) to work on /home/airflow/.local/lib/python3.7/site-packages/airflow/example_dags/example_latest_only_with_trigger.py
[2023-10-10 12:08:19,917] {processor.py:641} INFO - Processing file /home/airflow/.local/lib/python3.7/site-packages/airflow/example_dags/example_latest_only_with_trigger.py for tasks to queue
[2023-10-10 12:08:19,917] {logging_mixin.py:115} INFO - [2023-10-10 12:08:19,917] {dagbag.py:508} INFO - Filling up the DagBag from /home/airflow/.local/lib/python3.7/site-packages/airflow/example_dags/example_latest_only_with_trigger.py
[2023-10-10 12:08:19,926] {processor.py:651} INFO - DAG(s) dict_keys(['latest_only_with_trigger']) retrieved from /home/airflow/.local/lib/python3.7/site-packages/airflow/example_dags/example_latest_only_with_trigger.py
[2023-10-10 12:08:19,986] {logging_mixin.py:115} INFO - [2023-10-10 12:08:19,986] {dag.py:2420} INFO - Sync 1 DAGs
[2023-10-10 12:08:20,042] {logging_mixin.py:115} INFO - [2023-10-10 12:08:20,042] {dag.py:2972} INFO - Setting next_dagrun for latest_only_with_trigger to 2023-10-10T08:08:20.041728+00:00, run_after=2023-10-10T12:08:20.041728+00:00
[2023-10-10 12:08:20,062] {processor.py:161} INFO - Processing /home/airflow/.local/lib/python3.7/site-packages/airflow/example_dags/example_latest_only_with_trigger.py took 0.160 seconds
[2023-10-10 12:08:50,510] {processor.py:153} INFO - Started process (PID=680) to work on /home/airflow/.local/lib/python3.7/site-packages/airflow/example_dags/example_latest_only_with_trigger.py
[2023-10-10 12:08:50,511] {processor.py:641} INFO - Processing file /home/airflow/.local/lib/python3.7/site-packages/airflow/example_dags/example_latest_only_with_trigger.py for tasks to queue
[2023-10-10 12:08:50,511] {logging_mixin.py:115} INFO - [2023-10-10 12:08:50,511] {dagbag.py:508} INFO - Filling up the DagBag from /home/airflow/.local/lib/python3.7/site-packages/airflow/example_dags/example_latest_only_with_trigger.py
[2023-10-10 12:08:50,519] {processor.py:651} INFO - DAG(s) dict_keys(['latest_only_with_trigger']) retrieved from /home/airflow/.local/lib/python3.7/site-packages/airflow/example_dags/example_latest_only_with_trigger.py
[2023-10-10 12:08:50,560] {logging_mixin.py:115} INFO - [2023-10-10 12:08:50,560] {dag.py:2420} INFO - Sync 1 DAGs
[2023-10-10 12:08:50,589] {logging_mixin.py:115} INFO - [2023-10-10 12:08:50,589] {dag.py:2972} INFO - Setting next_dagrun for latest_only_with_trigger to 2023-10-10T08:08:50.589219+00:00, run_after=2023-10-10T12:08:50.589219+00:00
[2023-10-10 12:08:50,603] {processor.py:161} INFO - Processing /home/airflow/.local/lib/python3.7/site-packages/airflow/example_dags/example_latest_only_with_trigger.py took 0.098 seconds
[2023-10-10 12:09:21,097] {processor.py:153} INFO - Started process (PID=733) to work on /home/airflow/.local/lib/python3.7/site-packages/airflow/example_dags/example_latest_only_with_trigger.py
[2023-10-10 12:09:21,098] {processor.py:641} INFO - Processing file /home/airflow/.local/lib/python3.7/site-packages/airflow/example_dags/example_latest_only_with_trigger.py for tasks to queue
[2023-10-10 12:09:21,099] {logging_mixin.py:115} INFO - [2023-10-10 12:09:21,099] {dagbag.py:508} INFO - Filling up the DagBag from /home/airflow/.local/lib/python3.7/site-packages/airflow/example_dags/example_latest_only_with_trigger.py
[2023-10-10 12:09:21,107] {processor.py:651} INFO - DAG(s) dict_keys(['latest_only_with_trigger']) retrieved from /home/airflow/.local/lib/python3.7/site-packages/airflow/example_dags/example_latest_only_with_trigger.py
[2023-10-10 12:09:21,158] {logging_mixin.py:115} INFO - [2023-10-10 12:09:21,158] {dag.py:2420} INFO - Sync 1 DAGs
[2023-10-10 12:09:21,188] {logging_mixin.py:115} INFO - [2023-10-10 12:09:21,188] {dag.py:2972} INFO - Setting next_dagrun for latest_only_with_trigger to 2023-10-10T08:09:21.187968+00:00, run_after=2023-10-10T12:09:21.187968+00:00
[2023-10-10 12:09:21,203] {processor.py:161} INFO - Processing /home/airflow/.local/lib/python3.7/site-packages/airflow/example_dags/example_latest_only_with_trigger.py took 0.111 seconds
[2023-10-10 12:09:51,718] {processor.py:153} INFO - Started process (PID=795) to work on /home/airflow/.local/lib/python3.7/site-packages/airflow/example_dags/example_latest_only_with_trigger.py
[2023-10-10 12:09:51,719] {processor.py:641} INFO - Processing file /home/airflow/.local/lib/python3.7/site-packages/airflow/example_dags/example_latest_only_with_trigger.py for tasks to queue
[2023-10-10 12:09:51,720] {logging_mixin.py:115} INFO - [2023-10-10 12:09:51,720] {dagbag.py:508} INFO - Filling up the DagBag from /home/airflow/.local/lib/python3.7/site-packages/airflow/example_dags/example_latest_only_with_trigger.py
[2023-10-10 12:09:51,728] {processor.py:651} INFO - DAG(s) dict_keys(['latest_only_with_trigger']) retrieved from /home/airflow/.local/lib/python3.7/site-packages/airflow/example_dags/example_latest_only_with_trigger.py
[2023-10-10 12:09:51,770] {logging_mixin.py:115} INFO - [2023-10-10 12:09:51,770] {dag.py:2420} INFO - Sync 1 DAGs
[2023-10-10 12:09:51,801] {logging_mixin.py:115} INFO - [2023-10-10 12:09:51,800] {dag.py:2972} INFO - Setting next_dagrun for latest_only_with_trigger to 2023-10-10T08:09:51.800467+00:00, run_after=2023-10-10T12:09:51.800467+00:00
[2023-10-10 12:09:51,814] {processor.py:161} INFO - Processing /home/airflow/.local/lib/python3.7/site-packages/airflow/example_dags/example_latest_only_with_trigger.py took 0.101 seconds
[2023-10-10 12:10:22,425] {processor.py:153} INFO - Started process (PID=856) to work on /home/airflow/.local/lib/python3.7/site-packages/airflow/example_dags/example_latest_only_with_trigger.py
[2023-10-10 12:10:22,426] {processor.py:641} INFO - Processing file /home/airflow/.local/lib/python3.7/site-packages/airflow/example_dags/example_latest_only_with_trigger.py for tasks to queue
[2023-10-10 12:10:22,427] {logging_mixin.py:115} INFO - [2023-10-10 12:10:22,427] {dagbag.py:508} INFO - Filling up the DagBag from /home/airflow/.local/lib/python3.7/site-packages/airflow/example_dags/example_latest_only_with_trigger.py
[2023-10-10 12:10:22,435] {processor.py:651} INFO - DAG(s) dict_keys(['latest_only_with_trigger']) retrieved from /home/airflow/.local/lib/python3.7/site-packages/airflow/example_dags/example_latest_only_with_trigger.py
[2023-10-10 12:10:22,482] {logging_mixin.py:115} INFO - [2023-10-10 12:10:22,482] {dag.py:2420} INFO - Sync 1 DAGs
[2023-10-10 12:10:22,512] {logging_mixin.py:115} INFO - [2023-10-10 12:10:22,512] {dag.py:2972} INFO - Setting next_dagrun for latest_only_with_trigger to 2023-10-10T08:10:22.512281+00:00, run_after=2023-10-10T12:10:22.512281+00:00
[2023-10-10 12:10:22,526] {processor.py:161} INFO - Processing /home/airflow/.local/lib/python3.7/site-packages/airflow/example_dags/example_latest_only_with_trigger.py took 0.106 seconds
[2023-10-10 12:10:52,828] {processor.py:153} INFO - Started process (PID=909) to work on /home/airflow/.local/lib/python3.7/site-packages/airflow/example_dags/example_latest_only_with_trigger.py
[2023-10-10 12:10:52,829] {processor.py:641} INFO - Processing file /home/airflow/.local/lib/python3.7/site-packages/airflow/example_dags/example_latest_only_with_trigger.py for tasks to queue
[2023-10-10 12:10:52,829] {logging_mixin.py:115} INFO - [2023-10-10 12:10:52,829] {dagbag.py:508} INFO - Filling up the DagBag from /home/airflow/.local/lib/python3.7/site-packages/airflow/example_dags/example_latest_only_with_trigger.py
[2023-10-10 12:10:52,837] {processor.py:651} INFO - DAG(s) dict_keys(['latest_only_with_trigger']) retrieved from /home/airflow/.local/lib/python3.7/site-packages/airflow/example_dags/example_latest_only_with_trigger.py
[2023-10-10 12:10:52,881] {logging_mixin.py:115} INFO - [2023-10-10 12:10:52,881] {dag.py:2420} INFO - Sync 1 DAGs
[2023-10-10 12:10:52,910] {logging_mixin.py:115} INFO - [2023-10-10 12:10:52,910] {dag.py:2972} INFO - Setting next_dagrun for latest_only_with_trigger to 2023-10-10T08:10:52.909705+00:00, run_after=2023-10-10T12:10:52.909705+00:00
[2023-10-10 12:10:52,923] {processor.py:161} INFO - Processing /home/airflow/.local/lib/python3.7/site-packages/airflow/example_dags/example_latest_only_with_trigger.py took 0.101 seconds
[2023-10-10 12:11:23,505] {processor.py:153} INFO - Started process (PID=970) to work on /home/airflow/.local/lib/python3.7/site-packages/airflow/example_dags/example_latest_only_with_trigger.py
[2023-10-10 12:11:23,506] {processor.py:641} INFO - Processing file /home/airflow/.local/lib/python3.7/site-packages/airflow/example_dags/example_latest_only_with_trigger.py for tasks to queue
[2023-10-10 12:11:23,506] {logging_mixin.py:115} INFO - [2023-10-10 12:11:23,506] {dagbag.py:508} INFO - Filling up the DagBag from /home/airflow/.local/lib/python3.7/site-packages/airflow/example_dags/example_latest_only_with_trigger.py
[2023-10-10 12:11:23,514] {processor.py:651} INFO - DAG(s) dict_keys(['latest_only_with_trigger']) retrieved from /home/airflow/.local/lib/python3.7/site-packages/airflow/example_dags/example_latest_only_with_trigger.py
[2023-10-10 12:11:23,558] {logging_mixin.py:115} INFO - [2023-10-10 12:11:23,558] {dag.py:2420} INFO - Sync 1 DAGs
[2023-10-10 12:11:23,588] {logging_mixin.py:115} INFO - [2023-10-10 12:11:23,588] {dag.py:2972} INFO - Setting next_dagrun for latest_only_with_trigger to 2023-10-10T08:11:23.588229+00:00, run_after=2023-10-10T12:11:23.588229+00:00
[2023-10-10 12:11:23,602] {processor.py:161} INFO - Processing /home/airflow/.local/lib/python3.7/site-packages/airflow/example_dags/example_latest_only_with_trigger.py took 0.103 seconds
[2023-10-10 12:11:53,917] {processor.py:153} INFO - Started process (PID=1022) to work on /home/airflow/.local/lib/python3.7/site-packages/airflow/example_dags/example_latest_only_with_trigger.py
[2023-10-10 12:11:53,918] {processor.py:641} INFO - Processing file /home/airflow/.local/lib/python3.7/site-packages/airflow/example_dags/example_latest_only_with_trigger.py for tasks to queue
[2023-10-10 12:11:53,919] {logging_mixin.py:115} INFO - [2023-10-10 12:11:53,919] {dagbag.py:508} INFO - Filling up the DagBag from /home/airflow/.local/lib/python3.7/site-packages/airflow/example_dags/example_latest_only_with_trigger.py
[2023-10-10 12:11:53,927] {processor.py:651} INFO - DAG(s) dict_keys(['latest_only_with_trigger']) retrieved from /home/airflow/.local/lib/python3.7/site-packages/airflow/example_dags/example_latest_only_with_trigger.py
[2023-10-10 12:11:53,968] {logging_mixin.py:115} INFO - [2023-10-10 12:11:53,968] {dag.py:2420} INFO - Sync 1 DAGs
[2023-10-10 12:11:54,001] {logging_mixin.py:115} INFO - [2023-10-10 12:11:54,001] {dag.py:2972} INFO - Setting next_dagrun for latest_only_with_trigger to 2023-10-10T08:11:54.001225+00:00, run_after=2023-10-10T12:11:54.001225+00:00
[2023-10-10 12:11:54,015] {processor.py:161} INFO - Processing /home/airflow/.local/lib/python3.7/site-packages/airflow/example_dags/example_latest_only_with_trigger.py took 0.102 seconds
[2023-10-10 12:12:24,479] {processor.py:153} INFO - Started process (PID=1083) to work on /home/airflow/.local/lib/python3.7/site-packages/airflow/example_dags/example_latest_only_with_trigger.py
[2023-10-10 12:12:24,481] {processor.py:641} INFO - Processing file /home/airflow/.local/lib/python3.7/site-packages/airflow/example_dags/example_latest_only_with_trigger.py for tasks to queue
[2023-10-10 12:12:24,481] {logging_mixin.py:115} INFO - [2023-10-10 12:12:24,481] {dagbag.py:508} INFO - Filling up the DagBag from /home/airflow/.local/lib/python3.7/site-packages/airflow/example_dags/example_latest_only_with_trigger.py
[2023-10-10 12:12:24,489] {processor.py:651} INFO - DAG(s) dict_keys(['latest_only_with_trigger']) retrieved from /home/airflow/.local/lib/python3.7/site-packages/airflow/example_dags/example_latest_only_with_trigger.py
[2023-10-10 12:12:24,530] {logging_mixin.py:115} INFO - [2023-10-10 12:12:24,529] {dag.py:2420} INFO - Sync 1 DAGs
[2023-10-10 12:12:24,559] {logging_mixin.py:115} INFO - [2023-10-10 12:12:24,559] {dag.py:2972} INFO - Setting next_dagrun for latest_only_with_trigger to 2023-10-10T08:12:24.559140+00:00, run_after=2023-10-10T12:12:24.559140+00:00
[2023-10-10 12:12:24,573] {processor.py:161} INFO - Processing /home/airflow/.local/lib/python3.7/site-packages/airflow/example_dags/example_latest_only_with_trigger.py took 0.098 seconds
[2023-10-10 12:12:55,290] {processor.py:153} INFO - Started process (PID=1144) to work on /home/airflow/.local/lib/python3.7/site-packages/airflow/example_dags/example_latest_only_with_trigger.py
[2023-10-10 12:12:55,295] {processor.py:641} INFO - Processing file /home/airflow/.local/lib/python3.7/site-packages/airflow/example_dags/example_latest_only_with_trigger.py for tasks to queue
[2023-10-10 12:12:55,296] {logging_mixin.py:115} INFO - [2023-10-10 12:12:55,296] {dagbag.py:508} INFO - Filling up the DagBag from /home/airflow/.local/lib/python3.7/site-packages/airflow/example_dags/example_latest_only_with_trigger.py
[2023-10-10 12:12:55,304] {processor.py:651} INFO - DAG(s) dict_keys(['latest_only_with_trigger']) retrieved from /home/airflow/.local/lib/python3.7/site-packages/airflow/example_dags/example_latest_only_with_trigger.py
[2023-10-10 12:12:55,378] {logging_mixin.py:115} INFO - [2023-10-10 12:12:55,378] {dag.py:2420} INFO - Sync 1 DAGs
[2023-10-10 12:12:55,417] {logging_mixin.py:115} INFO - [2023-10-10 12:12:55,417] {dag.py:2972} INFO - Setting next_dagrun for latest_only_with_trigger to 2023-10-10T08:12:55.417123+00:00, run_after=2023-10-10T12:12:55.417123+00:00
[2023-10-10 12:12:55,441] {processor.py:161} INFO - Processing /home/airflow/.local/lib/python3.7/site-packages/airflow/example_dags/example_latest_only_with_trigger.py took 0.156 seconds
[2023-10-10 12:13:25,931] {processor.py:153} INFO - Started process (PID=1197) to work on /home/airflow/.local/lib/python3.7/site-packages/airflow/example_dags/example_latest_only_with_trigger.py
[2023-10-10 12:13:25,932] {processor.py:641} INFO - Processing file /home/airflow/.local/lib/python3.7/site-packages/airflow/example_dags/example_latest_only_with_trigger.py for tasks to queue
[2023-10-10 12:13:25,933] {logging_mixin.py:115} INFO - [2023-10-10 12:13:25,933] {dagbag.py:508} INFO - Filling up the DagBag from /home/airflow/.local/lib/python3.7/site-packages/airflow/example_dags/example_latest_only_with_trigger.py
[2023-10-10 12:13:25,941] {processor.py:651} INFO - DAG(s) dict_keys(['latest_only_with_trigger']) retrieved from /home/airflow/.local/lib/python3.7/site-packages/airflow/example_dags/example_latest_only_with_trigger.py
[2023-10-10 12:13:26,002] {logging_mixin.py:115} INFO - [2023-10-10 12:13:26,001] {dag.py:2420} INFO - Sync 1 DAGs
[2023-10-10 12:13:26,036] {logging_mixin.py:115} INFO - [2023-10-10 12:13:26,036] {dag.py:2972} INFO - Setting next_dagrun for latest_only_with_trigger to 2023-10-10T08:13:26.036034+00:00, run_after=2023-10-10T12:13:26.036034+00:00
[2023-10-10 12:13:26,049] {processor.py:161} INFO - Processing /home/airflow/.local/lib/python3.7/site-packages/airflow/example_dags/example_latest_only_with_trigger.py took 0.123 seconds
[2023-10-10 12:13:56,610] {processor.py:153} INFO - Started process (PID=1259) to work on /home/airflow/.local/lib/python3.7/site-packages/airflow/example_dags/example_latest_only_with_trigger.py
[2023-10-10 12:13:56,615] {processor.py:641} INFO - Processing file /home/airflow/.local/lib/python3.7/site-packages/airflow/example_dags/example_latest_only_with_trigger.py for tasks to queue
[2023-10-10 12:13:56,616] {logging_mixin.py:115} INFO - [2023-10-10 12:13:56,616] {dagbag.py:508} INFO - Filling up the DagBag from /home/airflow/.local/lib/python3.7/site-packages/airflow/example_dags/example_latest_only_with_trigger.py
[2023-10-10 12:13:56,624] {processor.py:651} INFO - DAG(s) dict_keys(['latest_only_with_trigger']) retrieved from /home/airflow/.local/lib/python3.7/site-packages/airflow/example_dags/example_latest_only_with_trigger.py
[2023-10-10 12:13:56,739] {logging_mixin.py:115} INFO - [2023-10-10 12:13:56,739] {dag.py:2420} INFO - Sync 1 DAGs
[2023-10-10 12:13:56,838] {logging_mixin.py:115} INFO - [2023-10-10 12:13:56,838] {dag.py:2972} INFO - Setting next_dagrun for latest_only_with_trigger to 2023-10-10T08:13:56.837907+00:00, run_after=2023-10-10T12:13:56.837907+00:00
[2023-10-10 12:13:56,857] {processor.py:161} INFO - Processing /home/airflow/.local/lib/python3.7/site-packages/airflow/example_dags/example_latest_only_with_trigger.py took 0.252 seconds
[2023-10-10 12:14:27,003] {processor.py:153} INFO - Started process (PID=1321) to work on /home/airflow/.local/lib/python3.7/site-packages/airflow/example_dags/example_latest_only_with_trigger.py
[2023-10-10 12:14:27,004] {processor.py:641} INFO - Processing file /home/airflow/.local/lib/python3.7/site-packages/airflow/example_dags/example_latest_only_with_trigger.py for tasks to queue
[2023-10-10 12:14:27,005] {logging_mixin.py:115} INFO - [2023-10-10 12:14:27,005] {dagbag.py:508} INFO - Filling up the DagBag from /home/airflow/.local/lib/python3.7/site-packages/airflow/example_dags/example_latest_only_with_trigger.py
[2023-10-10 12:14:27,023] {processor.py:651} INFO - DAG(s) dict_keys(['latest_only_with_trigger']) retrieved from /home/airflow/.local/lib/python3.7/site-packages/airflow/example_dags/example_latest_only_with_trigger.py
[2023-10-10 12:14:27,126] {logging_mixin.py:115} INFO - [2023-10-10 12:14:27,126] {dag.py:2420} INFO - Sync 1 DAGs
[2023-10-10 12:14:27,181] {logging_mixin.py:115} INFO - [2023-10-10 12:14:27,181] {dag.py:2972} INFO - Setting next_dagrun for latest_only_with_trigger to 2023-10-10T08:14:27.180823+00:00, run_after=2023-10-10T12:14:27.180823+00:00
[2023-10-10 12:14:27,205] {processor.py:161} INFO - Processing /home/airflow/.local/lib/python3.7/site-packages/airflow/example_dags/example_latest_only_with_trigger.py took 0.207 seconds
[2023-10-10 12:14:57,770] {processor.py:153} INFO - Started process (PID=1374) to work on /home/airflow/.local/lib/python3.7/site-packages/airflow/example_dags/example_latest_only_with_trigger.py
[2023-10-10 12:14:57,771] {processor.py:641} INFO - Processing file /home/airflow/.local/lib/python3.7/site-packages/airflow/example_dags/example_latest_only_with_trigger.py for tasks to queue
[2023-10-10 12:14:57,772] {logging_mixin.py:115} INFO - [2023-10-10 12:14:57,772] {dagbag.py:508} INFO - Filling up the DagBag from /home/airflow/.local/lib/python3.7/site-packages/airflow/example_dags/example_latest_only_with_trigger.py
[2023-10-10 12:14:57,780] {processor.py:651} INFO - DAG(s) dict_keys(['latest_only_with_trigger']) retrieved from /home/airflow/.local/lib/python3.7/site-packages/airflow/example_dags/example_latest_only_with_trigger.py
[2023-10-10 12:14:57,822] {logging_mixin.py:115} INFO - [2023-10-10 12:14:57,822] {dag.py:2420} INFO - Sync 1 DAGs
[2023-10-10 12:14:57,852] {logging_mixin.py:115} INFO - [2023-10-10 12:14:57,852] {dag.py:2972} INFO - Setting next_dagrun for latest_only_with_trigger to 2023-10-10T08:14:57.851757+00:00, run_after=2023-10-10T12:14:57.851757+00:00
[2023-10-10 12:14:57,865] {processor.py:161} INFO - Processing /home/airflow/.local/lib/python3.7/site-packages/airflow/example_dags/example_latest_only_with_trigger.py took 0.100 seconds
[2023-10-10 12:15:28,661] {processor.py:153} INFO - Started process (PID=1438) to work on /home/airflow/.local/lib/python3.7/site-packages/airflow/example_dags/example_latest_only_with_trigger.py
[2023-10-10 12:15:28,662] {processor.py:641} INFO - Processing file /home/airflow/.local/lib/python3.7/site-packages/airflow/example_dags/example_latest_only_with_trigger.py for tasks to queue
[2023-10-10 12:15:28,662] {logging_mixin.py:115} INFO - [2023-10-10 12:15:28,662] {dagbag.py:508} INFO - Filling up the DagBag from /home/airflow/.local/lib/python3.7/site-packages/airflow/example_dags/example_latest_only_with_trigger.py
[2023-10-10 12:15:28,670] {processor.py:651} INFO - DAG(s) dict_keys(['latest_only_with_trigger']) retrieved from /home/airflow/.local/lib/python3.7/site-packages/airflow/example_dags/example_latest_only_with_trigger.py
[2023-10-10 12:15:28,712] {logging_mixin.py:115} INFO - [2023-10-10 12:15:28,712] {dag.py:2420} INFO - Sync 1 DAGs
[2023-10-10 12:15:28,740] {logging_mixin.py:115} INFO - [2023-10-10 12:15:28,740] {dag.py:2972} INFO - Setting next_dagrun for latest_only_with_trigger to 2023-10-10T08:15:28.739948+00:00, run_after=2023-10-10T12:15:28.739948+00:00
[2023-10-10 12:15:28,759] {processor.py:161} INFO - Processing /home/airflow/.local/lib/python3.7/site-packages/airflow/example_dags/example_latest_only_with_trigger.py took 0.103 seconds
[2023-10-10 12:15:59,356] {processor.py:153} INFO - Started process (PID=1500) to work on /home/airflow/.local/lib/python3.7/site-packages/airflow/example_dags/example_latest_only_with_trigger.py
[2023-10-10 12:15:59,357] {processor.py:641} INFO - Processing file /home/airflow/.local/lib/python3.7/site-packages/airflow/example_dags/example_latest_only_with_trigger.py for tasks to queue
[2023-10-10 12:15:59,358] {logging_mixin.py:115} INFO - [2023-10-10 12:15:59,358] {dagbag.py:508} INFO - Filling up the DagBag from /home/airflow/.local/lib/python3.7/site-packages/airflow/example_dags/example_latest_only_with_trigger.py
[2023-10-10 12:15:59,366] {processor.py:651} INFO - DAG(s) dict_keys(['latest_only_with_trigger']) retrieved from /home/airflow/.local/lib/python3.7/site-packages/airflow/example_dags/example_latest_only_with_trigger.py
[2023-10-10 12:15:59,436] {logging_mixin.py:115} INFO - [2023-10-10 12:15:59,436] {dag.py:2420} INFO - Sync 1 DAGs
[2023-10-10 12:15:59,476] {logging_mixin.py:115} INFO - [2023-10-10 12:15:59,476] {dag.py:2972} INFO - Setting next_dagrun for latest_only_with_trigger to 2023-10-10T08:15:59.476076+00:00, run_after=2023-10-10T12:15:59.476076+00:00
[2023-10-10 12:15:59,501] {processor.py:161} INFO - Processing /home/airflow/.local/lib/python3.7/site-packages/airflow/example_dags/example_latest_only_with_trigger.py took 0.153 seconds
[2023-10-10 12:16:30,068] {processor.py:153} INFO - Started process (PID=1555) to work on /home/airflow/.local/lib/python3.7/site-packages/airflow/example_dags/example_latest_only_with_trigger.py
[2023-10-10 12:16:30,069] {processor.py:641} INFO - Processing file /home/airflow/.local/lib/python3.7/site-packages/airflow/example_dags/example_latest_only_with_trigger.py for tasks to queue
[2023-10-10 12:16:30,070] {logging_mixin.py:115} INFO - [2023-10-10 12:16:30,070] {dagbag.py:508} INFO - Filling up the DagBag from /home/airflow/.local/lib/python3.7/site-packages/airflow/example_dags/example_latest_only_with_trigger.py
[2023-10-10 12:16:30,083] {processor.py:651} INFO - DAG(s) dict_keys(['latest_only_with_trigger']) retrieved from /home/airflow/.local/lib/python3.7/site-packages/airflow/example_dags/example_latest_only_with_trigger.py
[2023-10-10 12:16:30,164] {logging_mixin.py:115} INFO - [2023-10-10 12:16:30,164] {dag.py:2420} INFO - Sync 1 DAGs
[2023-10-10 12:16:30,235] {logging_mixin.py:115} INFO - [2023-10-10 12:16:30,223] {dag.py:2972} INFO - Setting next_dagrun for latest_only_with_trigger to 2023-10-10T08:16:30.222939+00:00, run_after=2023-10-10T12:16:30.222939+00:00
[2023-10-10 12:16:30,259] {processor.py:161} INFO - Processing /home/airflow/.local/lib/python3.7/site-packages/airflow/example_dags/example_latest_only_with_trigger.py took 0.196 seconds
[2023-10-10 12:17:00,470] {processor.py:153} INFO - Started process (PID=1618) to work on /home/airflow/.local/lib/python3.7/site-packages/airflow/example_dags/example_latest_only_with_trigger.py
[2023-10-10 12:17:00,471] {processor.py:641} INFO - Processing file /home/airflow/.local/lib/python3.7/site-packages/airflow/example_dags/example_latest_only_with_trigger.py for tasks to queue
[2023-10-10 12:17:00,471] {logging_mixin.py:115} INFO - [2023-10-10 12:17:00,471] {dagbag.py:508} INFO - Filling up the DagBag from /home/airflow/.local/lib/python3.7/site-packages/airflow/example_dags/example_latest_only_with_trigger.py
[2023-10-10 12:17:00,480] {processor.py:651} INFO - DAG(s) dict_keys(['latest_only_with_trigger']) retrieved from /home/airflow/.local/lib/python3.7/site-packages/airflow/example_dags/example_latest_only_with_trigger.py
[2023-10-10 12:17:00,525] {logging_mixin.py:115} INFO - [2023-10-10 12:17:00,525] {dag.py:2420} INFO - Sync 1 DAGs
[2023-10-10 12:17:00,558] {logging_mixin.py:115} INFO - [2023-10-10 12:17:00,558] {dag.py:2972} INFO - Setting next_dagrun for latest_only_with_trigger to 2023-10-10T08:17:00.558115+00:00, run_after=2023-10-10T12:17:00.558115+00:00
[2023-10-10 12:17:00,575] {processor.py:161} INFO - Processing /home/airflow/.local/lib/python3.7/site-packages/airflow/example_dags/example_latest_only_with_trigger.py took 0.111 seconds
[2023-10-10 12:17:30,806] {processor.py:153} INFO - Started process (PID=1671) to work on /home/airflow/.local/lib/python3.7/site-packages/airflow/example_dags/example_latest_only_with_trigger.py
[2023-10-10 12:17:30,807] {processor.py:641} INFO - Processing file /home/airflow/.local/lib/python3.7/site-packages/airflow/example_dags/example_latest_only_with_trigger.py for tasks to queue
[2023-10-10 12:17:30,808] {logging_mixin.py:115} INFO - [2023-10-10 12:17:30,808] {dagbag.py:508} INFO - Filling up the DagBag from /home/airflow/.local/lib/python3.7/site-packages/airflow/example_dags/example_latest_only_with_trigger.py
[2023-10-10 12:17:30,820] {processor.py:651} INFO - DAG(s) dict_keys(['latest_only_with_trigger']) retrieved from /home/airflow/.local/lib/python3.7/site-packages/airflow/example_dags/example_latest_only_with_trigger.py
[2023-10-10 12:17:30,897] {logging_mixin.py:115} INFO - [2023-10-10 12:17:30,897] {dag.py:2420} INFO - Sync 1 DAGs
[2023-10-10 12:17:30,956] {logging_mixin.py:115} INFO - [2023-10-10 12:17:30,956] {dag.py:2972} INFO - Setting next_dagrun for latest_only_with_trigger to 2023-10-10T08:17:30.956119+00:00, run_after=2023-10-10T12:17:30.956119+00:00
[2023-10-10 12:17:30,981] {processor.py:161} INFO - Processing /home/airflow/.local/lib/python3.7/site-packages/airflow/example_dags/example_latest_only_with_trigger.py took 0.179 seconds
[2023-10-10 12:18:01,085] {processor.py:153} INFO - Started process (PID=1733) to work on /home/airflow/.local/lib/python3.7/site-packages/airflow/example_dags/example_latest_only_with_trigger.py
[2023-10-10 12:18:01,085] {processor.py:641} INFO - Processing file /home/airflow/.local/lib/python3.7/site-packages/airflow/example_dags/example_latest_only_with_trigger.py for tasks to queue
[2023-10-10 12:18:01,086] {logging_mixin.py:115} INFO - [2023-10-10 12:18:01,086] {dagbag.py:508} INFO - Filling up the DagBag from /home/airflow/.local/lib/python3.7/site-packages/airflow/example_dags/example_latest_only_with_trigger.py
[2023-10-10 12:18:01,094] {processor.py:651} INFO - DAG(s) dict_keys(['latest_only_with_trigger']) retrieved from /home/airflow/.local/lib/python3.7/site-packages/airflow/example_dags/example_latest_only_with_trigger.py
[2023-10-10 12:18:01,134] {logging_mixin.py:115} INFO - [2023-10-10 12:18:01,134] {dag.py:2420} INFO - Sync 1 DAGs
[2023-10-10 12:18:01,166] {logging_mixin.py:115} INFO - [2023-10-10 12:18:01,166] {dag.py:2972} INFO - Setting next_dagrun for latest_only_with_trigger to 2023-10-10T08:18:01.165921+00:00, run_after=2023-10-10T12:18:01.165921+00:00
[2023-10-10 12:18:01,178] {processor.py:161} INFO - Processing /home/airflow/.local/lib/python3.7/site-packages/airflow/example_dags/example_latest_only_with_trigger.py took 0.099 seconds
[2023-10-10 12:18:32,663] {processor.py:153} INFO - Started process (PID=1795) to work on /home/airflow/.local/lib/python3.7/site-packages/airflow/example_dags/example_latest_only_with_trigger.py
[2023-10-10 12:18:32,664] {processor.py:641} INFO - Processing file /home/airflow/.local/lib/python3.7/site-packages/airflow/example_dags/example_latest_only_with_trigger.py for tasks to queue
[2023-10-10 12:18:32,664] {logging_mixin.py:115} INFO - [2023-10-10 12:18:32,664] {dagbag.py:508} INFO - Filling up the DagBag from /home/airflow/.local/lib/python3.7/site-packages/airflow/example_dags/example_latest_only_with_trigger.py
[2023-10-10 12:18:32,680] {processor.py:651} INFO - DAG(s) dict_keys(['latest_only_with_trigger']) retrieved from /home/airflow/.local/lib/python3.7/site-packages/airflow/example_dags/example_latest_only_with_trigger.py
[2023-10-10 12:18:32,759] {logging_mixin.py:115} INFO - [2023-10-10 12:18:32,759] {dag.py:2420} INFO - Sync 1 DAGs
[2023-10-10 12:18:32,820] {logging_mixin.py:115} INFO - [2023-10-10 12:18:32,820] {dag.py:2972} INFO - Setting next_dagrun for latest_only_with_trigger to 2023-10-10T08:18:32.820046+00:00, run_after=2023-10-10T12:18:32.820046+00:00
[2023-10-10 12:18:32,841] {processor.py:161} INFO - Processing /home/airflow/.local/lib/python3.7/site-packages/airflow/example_dags/example_latest_only_with_trigger.py took 0.183 seconds
[2023-10-10 12:19:03,651] {processor.py:153} INFO - Started process (PID=1848) to work on /home/airflow/.local/lib/python3.7/site-packages/airflow/example_dags/example_latest_only_with_trigger.py
[2023-10-10 12:19:03,652] {processor.py:641} INFO - Processing file /home/airflow/.local/lib/python3.7/site-packages/airflow/example_dags/example_latest_only_with_trigger.py for tasks to queue
[2023-10-10 12:19:03,652] {logging_mixin.py:115} INFO - [2023-10-10 12:19:03,652] {dagbag.py:508} INFO - Filling up the DagBag from /home/airflow/.local/lib/python3.7/site-packages/airflow/example_dags/example_latest_only_with_trigger.py
[2023-10-10 12:19:03,660] {processor.py:651} INFO - DAG(s) dict_keys(['latest_only_with_trigger']) retrieved from /home/airflow/.local/lib/python3.7/site-packages/airflow/example_dags/example_latest_only_with_trigger.py
[2023-10-10 12:19:03,699] {logging_mixin.py:115} INFO - [2023-10-10 12:19:03,699] {dag.py:2420} INFO - Sync 1 DAGs
[2023-10-10 12:19:03,731] {logging_mixin.py:115} INFO - [2023-10-10 12:19:03,731] {dag.py:2972} INFO - Setting next_dagrun for latest_only_with_trigger to 2023-10-10T08:19:03.730807+00:00, run_after=2023-10-10T12:19:03.730807+00:00
[2023-10-10 12:19:03,745] {processor.py:161} INFO - Processing /home/airflow/.local/lib/python3.7/site-packages/airflow/example_dags/example_latest_only_with_trigger.py took 0.100 seconds
[2023-10-10 12:19:34,245] {processor.py:153} INFO - Started process (PID=1909) to work on /home/airflow/.local/lib/python3.7/site-packages/airflow/example_dags/example_latest_only_with_trigger.py
[2023-10-10 12:19:34,246] {processor.py:641} INFO - Processing file /home/airflow/.local/lib/python3.7/site-packages/airflow/example_dags/example_latest_only_with_trigger.py for tasks to queue
[2023-10-10 12:19:34,246] {logging_mixin.py:115} INFO - [2023-10-10 12:19:34,246] {dagbag.py:508} INFO - Filling up the DagBag from /home/airflow/.local/lib/python3.7/site-packages/airflow/example_dags/example_latest_only_with_trigger.py
[2023-10-10 12:19:34,254] {processor.py:651} INFO - DAG(s) dict_keys(['latest_only_with_trigger']) retrieved from /home/airflow/.local/lib/python3.7/site-packages/airflow/example_dags/example_latest_only_with_trigger.py
[2023-10-10 12:19:34,296] {logging_mixin.py:115} INFO - [2023-10-10 12:19:34,296] {dag.py:2420} INFO - Sync 1 DAGs
[2023-10-10 12:19:34,329] {logging_mixin.py:115} INFO - [2023-10-10 12:19:34,329] {dag.py:2972} INFO - Setting next_dagrun for latest_only_with_trigger to 2023-10-10T08:19:34.329404+00:00, run_after=2023-10-10T12:19:34.329404+00:00
[2023-10-10 12:19:34,346] {processor.py:161} INFO - Processing /home/airflow/.local/lib/python3.7/site-packages/airflow/example_dags/example_latest_only_with_trigger.py took 0.106 seconds
[2023-10-10 12:20:04,907] {processor.py:153} INFO - Started process (PID=1961) to work on /home/airflow/.local/lib/python3.7/site-packages/airflow/example_dags/example_latest_only_with_trigger.py
[2023-10-10 12:20:04,908] {processor.py:641} INFO - Processing file /home/airflow/.local/lib/python3.7/site-packages/airflow/example_dags/example_latest_only_with_trigger.py for tasks to queue
[2023-10-10 12:20:04,909] {logging_mixin.py:115} INFO - [2023-10-10 12:20:04,909] {dagbag.py:508} INFO - Filling up the DagBag from /home/airflow/.local/lib/python3.7/site-packages/airflow/example_dags/example_latest_only_with_trigger.py
[2023-10-10 12:20:04,917] {processor.py:651} INFO - DAG(s) dict_keys(['latest_only_with_trigger']) retrieved from /home/airflow/.local/lib/python3.7/site-packages/airflow/example_dags/example_latest_only_with_trigger.py
[2023-10-10 12:20:04,965] {logging_mixin.py:115} INFO - [2023-10-10 12:20:04,965] {dag.py:2420} INFO - Sync 1 DAGs
[2023-10-10 12:20:04,994] {logging_mixin.py:115} INFO - [2023-10-10 12:20:04,994] {dag.py:2972} INFO - Setting next_dagrun for latest_only_with_trigger to 2023-10-10T08:20:04.994350+00:00, run_after=2023-10-10T12:20:04.994350+00:00
[2023-10-10 12:20:05,008] {processor.py:161} INFO - Processing /home/airflow/.local/lib/python3.7/site-packages/airflow/example_dags/example_latest_only_with_trigger.py took 0.105 seconds
[2023-10-10 12:20:35,275] {processor.py:153} INFO - Started process (PID=2022) to work on /home/airflow/.local/lib/python3.7/site-packages/airflow/example_dags/example_latest_only_with_trigger.py
[2023-10-10 12:20:35,276] {processor.py:641} INFO - Processing file /home/airflow/.local/lib/python3.7/site-packages/airflow/example_dags/example_latest_only_with_trigger.py for tasks to queue
[2023-10-10 12:20:35,277] {logging_mixin.py:115} INFO - [2023-10-10 12:20:35,277] {dagbag.py:508} INFO - Filling up the DagBag from /home/airflow/.local/lib/python3.7/site-packages/airflow/example_dags/example_latest_only_with_trigger.py
[2023-10-10 12:20:35,285] {processor.py:651} INFO - DAG(s) dict_keys(['latest_only_with_trigger']) retrieved from /home/airflow/.local/lib/python3.7/site-packages/airflow/example_dags/example_latest_only_with_trigger.py
[2023-10-10 12:20:35,325] {logging_mixin.py:115} INFO - [2023-10-10 12:20:35,325] {dag.py:2420} INFO - Sync 1 DAGs
[2023-10-10 12:20:35,356] {logging_mixin.py:115} INFO - [2023-10-10 12:20:35,356] {dag.py:2972} INFO - Setting next_dagrun for latest_only_with_trigger to 2023-10-10T08:20:35.355691+00:00, run_after=2023-10-10T12:20:35.355691+00:00
[2023-10-10 12:20:35,369] {processor.py:161} INFO - Processing /home/airflow/.local/lib/python3.7/site-packages/airflow/example_dags/example_latest_only_with_trigger.py took 0.099 seconds
[2023-10-10 12:21:05,763] {processor.py:153} INFO - Started process (PID=2086) to work on /home/airflow/.local/lib/python3.7/site-packages/airflow/example_dags/example_latest_only_with_trigger.py
[2023-10-10 12:21:05,764] {processor.py:641} INFO - Processing file /home/airflow/.local/lib/python3.7/site-packages/airflow/example_dags/example_latest_only_with_trigger.py for tasks to queue
[2023-10-10 12:21:05,765] {logging_mixin.py:115} INFO - [2023-10-10 12:21:05,765] {dagbag.py:508} INFO - Filling up the DagBag from /home/airflow/.local/lib/python3.7/site-packages/airflow/example_dags/example_latest_only_with_trigger.py
[2023-10-10 12:21:05,781] {processor.py:651} INFO - DAG(s) dict_keys(['latest_only_with_trigger']) retrieved from /home/airflow/.local/lib/python3.7/site-packages/airflow/example_dags/example_latest_only_with_trigger.py
[2023-10-10 12:21:05,837] {logging_mixin.py:115} INFO - [2023-10-10 12:21:05,837] {dag.py:2420} INFO - Sync 1 DAGs
[2023-10-10 12:21:05,867] {logging_mixin.py:115} INFO - [2023-10-10 12:21:05,867] {dag.py:2972} INFO - Setting next_dagrun for latest_only_with_trigger to 2023-10-10T08:21:05.866679+00:00, run_after=2023-10-10T12:21:05.866679+00:00
[2023-10-10 12:21:05,880] {processor.py:161} INFO - Processing /home/airflow/.local/lib/python3.7/site-packages/airflow/example_dags/example_latest_only_with_trigger.py took 0.122 seconds
[2023-10-10 12:21:36,587] {processor.py:153} INFO - Started process (PID=2139) to work on /home/airflow/.local/lib/python3.7/site-packages/airflow/example_dags/example_latest_only_with_trigger.py
[2023-10-10 12:21:36,596] {processor.py:641} INFO - Processing file /home/airflow/.local/lib/python3.7/site-packages/airflow/example_dags/example_latest_only_with_trigger.py for tasks to queue
[2023-10-10 12:21:36,596] {logging_mixin.py:115} INFO - [2023-10-10 12:21:36,596] {dagbag.py:508} INFO - Filling up the DagBag from /home/airflow/.local/lib/python3.7/site-packages/airflow/example_dags/example_latest_only_with_trigger.py
[2023-10-10 12:21:36,621] {processor.py:651} INFO - DAG(s) dict_keys(['latest_only_with_trigger']) retrieved from /home/airflow/.local/lib/python3.7/site-packages/airflow/example_dags/example_latest_only_with_trigger.py
[2023-10-10 12:21:36,699] {logging_mixin.py:115} INFO - [2023-10-10 12:21:36,698] {dag.py:2420} INFO - Sync 1 DAGs
[2023-10-10 12:21:36,756] {logging_mixin.py:115} INFO - [2023-10-10 12:21:36,756] {dag.py:2972} INFO - Setting next_dagrun for latest_only_with_trigger to 2023-10-10T08:21:36.756262+00:00, run_after=2023-10-10T12:21:36.756262+00:00
[2023-10-10 12:21:36,771] {processor.py:161} INFO - Processing /home/airflow/.local/lib/python3.7/site-packages/airflow/example_dags/example_latest_only_with_trigger.py took 0.190 seconds
[2023-10-10 12:22:06,962] {processor.py:153} INFO - Started process (PID=2201) to work on /home/airflow/.local/lib/python3.7/site-packages/airflow/example_dags/example_latest_only_with_trigger.py
[2023-10-10 12:22:06,963] {processor.py:641} INFO - Processing file /home/airflow/.local/lib/python3.7/site-packages/airflow/example_dags/example_latest_only_with_trigger.py for tasks to queue
[2023-10-10 12:22:06,964] {logging_mixin.py:115} INFO - [2023-10-10 12:22:06,964] {dagbag.py:508} INFO - Filling up the DagBag from /home/airflow/.local/lib/python3.7/site-packages/airflow/example_dags/example_latest_only_with_trigger.py
[2023-10-10 12:22:06,982] {processor.py:651} INFO - DAG(s) dict_keys(['latest_only_with_trigger']) retrieved from /home/airflow/.local/lib/python3.7/site-packages/airflow/example_dags/example_latest_only_with_trigger.py
[2023-10-10 12:22:07,063] {logging_mixin.py:115} INFO - [2023-10-10 12:22:07,062] {dag.py:2420} INFO - Sync 1 DAGs
[2023-10-10 12:22:07,095] {logging_mixin.py:115} INFO - [2023-10-10 12:22:07,095] {dag.py:2972} INFO - Setting next_dagrun for latest_only_with_trigger to 2023-10-10T08:22:07.095228+00:00, run_after=2023-10-10T12:22:07.095228+00:00
[2023-10-10 12:22:07,110] {processor.py:161} INFO - Processing /home/airflow/.local/lib/python3.7/site-packages/airflow/example_dags/example_latest_only_with_trigger.py took 0.153 seconds
[2023-10-10 12:22:38,023] {processor.py:153} INFO - Started process (PID=2263) to work on /home/airflow/.local/lib/python3.7/site-packages/airflow/example_dags/example_latest_only_with_trigger.py
[2023-10-10 12:22:38,024] {processor.py:641} INFO - Processing file /home/airflow/.local/lib/python3.7/site-packages/airflow/example_dags/example_latest_only_with_trigger.py for tasks to queue
[2023-10-10 12:22:38,025] {logging_mixin.py:115} INFO - [2023-10-10 12:22:38,024] {dagbag.py:508} INFO - Filling up the DagBag from /home/airflow/.local/lib/python3.7/site-packages/airflow/example_dags/example_latest_only_with_trigger.py
[2023-10-10 12:22:38,032] {processor.py:651} INFO - DAG(s) dict_keys(['latest_only_with_trigger']) retrieved from /home/airflow/.local/lib/python3.7/site-packages/airflow/example_dags/example_latest_only_with_trigger.py
[2023-10-10 12:22:38,080] {logging_mixin.py:115} INFO - [2023-10-10 12:22:38,080] {dag.py:2420} INFO - Sync 1 DAGs
[2023-10-10 12:22:38,110] {logging_mixin.py:115} INFO - [2023-10-10 12:22:38,110] {dag.py:2972} INFO - Setting next_dagrun for latest_only_with_trigger to 2023-10-10T08:22:38.109745+00:00, run_after=2023-10-10T12:22:38.109745+00:00
[2023-10-10 12:22:38,123] {processor.py:161} INFO - Processing /home/airflow/.local/lib/python3.7/site-packages/airflow/example_dags/example_latest_only_with_trigger.py took 0.105 seconds
[2023-10-10 12:23:08,293] {processor.py:153} INFO - Started process (PID=2316) to work on /home/airflow/.local/lib/python3.7/site-packages/airflow/example_dags/example_latest_only_with_trigger.py
[2023-10-10 12:23:08,294] {processor.py:641} INFO - Processing file /home/airflow/.local/lib/python3.7/site-packages/airflow/example_dags/example_latest_only_with_trigger.py for tasks to queue
[2023-10-10 12:23:08,294] {logging_mixin.py:115} INFO - [2023-10-10 12:23:08,294] {dagbag.py:508} INFO - Filling up the DagBag from /home/airflow/.local/lib/python3.7/site-packages/airflow/example_dags/example_latest_only_with_trigger.py
[2023-10-10 12:23:08,302] {processor.py:651} INFO - DAG(s) dict_keys(['latest_only_with_trigger']) retrieved from /home/airflow/.local/lib/python3.7/site-packages/airflow/example_dags/example_latest_only_with_trigger.py
[2023-10-10 12:23:08,350] {logging_mixin.py:115} INFO - [2023-10-10 12:23:08,350] {dag.py:2420} INFO - Sync 1 DAGs
[2023-10-10 12:23:08,381] {logging_mixin.py:115} INFO - [2023-10-10 12:23:08,380] {dag.py:2972} INFO - Setting next_dagrun for latest_only_with_trigger to 2023-10-10T08:23:08.380528+00:00, run_after=2023-10-10T12:23:08.380528+00:00
[2023-10-10 12:23:08,394] {processor.py:161} INFO - Processing /home/airflow/.local/lib/python3.7/site-packages/airflow/example_dags/example_latest_only_with_trigger.py took 0.107 seconds
[2023-10-10 12:23:39,044] {processor.py:153} INFO - Started process (PID=2378) to work on /home/airflow/.local/lib/python3.7/site-packages/airflow/example_dags/example_latest_only_with_trigger.py
[2023-10-10 12:23:39,045] {processor.py:641} INFO - Processing file /home/airflow/.local/lib/python3.7/site-packages/airflow/example_dags/example_latest_only_with_trigger.py for tasks to queue
[2023-10-10 12:23:39,046] {logging_mixin.py:115} INFO - [2023-10-10 12:23:39,045] {dagbag.py:508} INFO - Filling up the DagBag from /home/airflow/.local/lib/python3.7/site-packages/airflow/example_dags/example_latest_only_with_trigger.py
[2023-10-10 12:23:39,055] {processor.py:651} INFO - DAG(s) dict_keys(['latest_only_with_trigger']) retrieved from /home/airflow/.local/lib/python3.7/site-packages/airflow/example_dags/example_latest_only_with_trigger.py
[2023-10-10 12:23:39,098] {logging_mixin.py:115} INFO - [2023-10-10 12:23:39,098] {dag.py:2420} INFO - Sync 1 DAGs
[2023-10-10 12:23:39,133] {logging_mixin.py:115} INFO - [2023-10-10 12:23:39,133] {dag.py:2972} INFO - Setting next_dagrun for latest_only_with_trigger to 2023-10-10T08:23:39.133068+00:00, run_after=2023-10-10T12:23:39.133068+00:00
[2023-10-10 12:23:39,149] {processor.py:161} INFO - Processing /home/airflow/.local/lib/python3.7/site-packages/airflow/example_dags/example_latest_only_with_trigger.py took 0.112 seconds
[2023-10-10 12:24:09,758] {processor.py:153} INFO - Started process (PID=2431) to work on /home/airflow/.local/lib/python3.7/site-packages/airflow/example_dags/example_latest_only_with_trigger.py
[2023-10-10 12:24:09,759] {processor.py:641} INFO - Processing file /home/airflow/.local/lib/python3.7/site-packages/airflow/example_dags/example_latest_only_with_trigger.py for tasks to queue
[2023-10-10 12:24:09,760] {logging_mixin.py:115} INFO - [2023-10-10 12:24:09,760] {dagbag.py:508} INFO - Filling up the DagBag from /home/airflow/.local/lib/python3.7/site-packages/airflow/example_dags/example_latest_only_with_trigger.py
[2023-10-10 12:24:09,769] {processor.py:651} INFO - DAG(s) dict_keys(['latest_only_with_trigger']) retrieved from /home/airflow/.local/lib/python3.7/site-packages/airflow/example_dags/example_latest_only_with_trigger.py
[2023-10-10 12:24:09,820] {logging_mixin.py:115} INFO - [2023-10-10 12:24:09,819] {dag.py:2420} INFO - Sync 1 DAGs
[2023-10-10 12:24:09,864] {logging_mixin.py:115} INFO - [2023-10-10 12:24:09,864] {dag.py:2972} INFO - Setting next_dagrun for latest_only_with_trigger to 2023-10-10T08:24:09.864149+00:00, run_after=2023-10-10T12:24:09.864149+00:00
[2023-10-10 12:24:09,880] {processor.py:161} INFO - Processing /home/airflow/.local/lib/python3.7/site-packages/airflow/example_dags/example_latest_only_with_trigger.py took 0.128 seconds
[2023-10-10 12:24:40,479] {processor.py:153} INFO - Started process (PID=2494) to work on /home/airflow/.local/lib/python3.7/site-packages/airflow/example_dags/example_latest_only_with_trigger.py
[2023-10-10 12:24:40,480] {processor.py:641} INFO - Processing file /home/airflow/.local/lib/python3.7/site-packages/airflow/example_dags/example_latest_only_with_trigger.py for tasks to queue
[2023-10-10 12:24:40,480] {logging_mixin.py:115} INFO - [2023-10-10 12:24:40,480] {dagbag.py:508} INFO - Filling up the DagBag from /home/airflow/.local/lib/python3.7/site-packages/airflow/example_dags/example_latest_only_with_trigger.py
[2023-10-10 12:24:40,489] {processor.py:651} INFO - DAG(s) dict_keys(['latest_only_with_trigger']) retrieved from /home/airflow/.local/lib/python3.7/site-packages/airflow/example_dags/example_latest_only_with_trigger.py
[2023-10-10 12:24:40,531] {logging_mixin.py:115} INFO - [2023-10-10 12:24:40,531] {dag.py:2420} INFO - Sync 1 DAGs
[2023-10-10 12:24:40,563] {logging_mixin.py:115} INFO - [2023-10-10 12:24:40,563] {dag.py:2972} INFO - Setting next_dagrun for latest_only_with_trigger to 2023-10-10T08:24:40.562729+00:00, run_after=2023-10-10T12:24:40.562729+00:00
[2023-10-10 12:24:40,576] {processor.py:161} INFO - Processing /home/airflow/.local/lib/python3.7/site-packages/airflow/example_dags/example_latest_only_with_trigger.py took 0.103 seconds
[2023-10-10 12:25:11,174] {processor.py:153} INFO - Started process (PID=2556) to work on /home/airflow/.local/lib/python3.7/site-packages/airflow/example_dags/example_latest_only_with_trigger.py
[2023-10-10 12:25:11,175] {processor.py:641} INFO - Processing file /home/airflow/.local/lib/python3.7/site-packages/airflow/example_dags/example_latest_only_with_trigger.py for tasks to queue
[2023-10-10 12:25:11,176] {logging_mixin.py:115} INFO - [2023-10-10 12:25:11,176] {dagbag.py:508} INFO - Filling up the DagBag from /home/airflow/.local/lib/python3.7/site-packages/airflow/example_dags/example_latest_only_with_trigger.py
[2023-10-10 12:25:11,185] {processor.py:651} INFO - DAG(s) dict_keys(['latest_only_with_trigger']) retrieved from /home/airflow/.local/lib/python3.7/site-packages/airflow/example_dags/example_latest_only_with_trigger.py
[2023-10-10 12:25:11,229] {logging_mixin.py:115} INFO - [2023-10-10 12:25:11,229] {dag.py:2420} INFO - Sync 1 DAGs
[2023-10-10 12:25:11,261] {logging_mixin.py:115} INFO - [2023-10-10 12:25:11,260] {dag.py:2972} INFO - Setting next_dagrun for latest_only_with_trigger to 2023-10-10T08:25:11.260544+00:00, run_after=2023-10-10T12:25:11.260544+00:00
[2023-10-10 12:25:11,275] {processor.py:161} INFO - Processing /home/airflow/.local/lib/python3.7/site-packages/airflow/example_dags/example_latest_only_with_trigger.py took 0.106 seconds
[2023-10-10 12:25:41,882] {processor.py:153} INFO - Started process (PID=2609) to work on /home/airflow/.local/lib/python3.7/site-packages/airflow/example_dags/example_latest_only_with_trigger.py
[2023-10-10 12:25:41,883] {processor.py:641} INFO - Processing file /home/airflow/.local/lib/python3.7/site-packages/airflow/example_dags/example_latest_only_with_trigger.py for tasks to queue
[2023-10-10 12:25:41,884] {logging_mixin.py:115} INFO - [2023-10-10 12:25:41,884] {dagbag.py:508} INFO - Filling up the DagBag from /home/airflow/.local/lib/python3.7/site-packages/airflow/example_dags/example_latest_only_with_trigger.py
[2023-10-10 12:25:41,892] {processor.py:651} INFO - DAG(s) dict_keys(['latest_only_with_trigger']) retrieved from /home/airflow/.local/lib/python3.7/site-packages/airflow/example_dags/example_latest_only_with_trigger.py
[2023-10-10 12:25:41,942] {logging_mixin.py:115} INFO - [2023-10-10 12:25:41,942] {dag.py:2420} INFO - Sync 1 DAGs
[2023-10-10 12:25:41,973] {logging_mixin.py:115} INFO - [2023-10-10 12:25:41,973] {dag.py:2972} INFO - Setting next_dagrun for latest_only_with_trigger to 2023-10-10T08:25:41.973211+00:00, run_after=2023-10-10T12:25:41.973211+00:00
[2023-10-10 12:25:41,986] {processor.py:161} INFO - Processing /home/airflow/.local/lib/python3.7/site-packages/airflow/example_dags/example_latest_only_with_trigger.py took 0.109 seconds
[2023-10-10 12:26:12,374] {processor.py:153} INFO - Started process (PID=2671) to work on /home/airflow/.local/lib/python3.7/site-packages/airflow/example_dags/example_latest_only_with_trigger.py
[2023-10-10 12:26:12,375] {processor.py:641} INFO - Processing file /home/airflow/.local/lib/python3.7/site-packages/airflow/example_dags/example_latest_only_with_trigger.py for tasks to queue
[2023-10-10 12:26:12,376] {logging_mixin.py:115} INFO - [2023-10-10 12:26:12,375] {dagbag.py:508} INFO - Filling up the DagBag from /home/airflow/.local/lib/python3.7/site-packages/airflow/example_dags/example_latest_only_with_trigger.py
[2023-10-10 12:26:12,384] {processor.py:651} INFO - DAG(s) dict_keys(['latest_only_with_trigger']) retrieved from /home/airflow/.local/lib/python3.7/site-packages/airflow/example_dags/example_latest_only_with_trigger.py
[2023-10-10 12:26:12,424] {logging_mixin.py:115} INFO - [2023-10-10 12:26:12,424] {dag.py:2420} INFO - Sync 1 DAGs
[2023-10-10 12:26:12,453] {logging_mixin.py:115} INFO - [2023-10-10 12:26:12,453] {dag.py:2972} INFO - Setting next_dagrun for latest_only_with_trigger to 2023-10-10T08:26:12.452956+00:00, run_after=2023-10-10T12:26:12.452956+00:00
[2023-10-10 12:26:12,466] {processor.py:161} INFO - Processing /home/airflow/.local/lib/python3.7/site-packages/airflow/example_dags/example_latest_only_with_trigger.py took 0.097 seconds
[2023-10-10 12:26:43,226] {processor.py:153} INFO - Started process (PID=2733) to work on /home/airflow/.local/lib/python3.7/site-packages/airflow/example_dags/example_latest_only_with_trigger.py
[2023-10-10 12:26:43,227] {processor.py:641} INFO - Processing file /home/airflow/.local/lib/python3.7/site-packages/airflow/example_dags/example_latest_only_with_trigger.py for tasks to queue
[2023-10-10 12:26:43,228] {logging_mixin.py:115} INFO - [2023-10-10 12:26:43,228] {dagbag.py:508} INFO - Filling up the DagBag from /home/airflow/.local/lib/python3.7/site-packages/airflow/example_dags/example_latest_only_with_trigger.py
[2023-10-10 12:26:43,236] {processor.py:651} INFO - DAG(s) dict_keys(['latest_only_with_trigger']) retrieved from /home/airflow/.local/lib/python3.7/site-packages/airflow/example_dags/example_latest_only_with_trigger.py
[2023-10-10 12:26:43,276] {logging_mixin.py:115} INFO - [2023-10-10 12:26:43,276] {dag.py:2420} INFO - Sync 1 DAGs
[2023-10-10 12:26:43,305] {logging_mixin.py:115} INFO - [2023-10-10 12:26:43,305] {dag.py:2972} INFO - Setting next_dagrun for latest_only_with_trigger to 2023-10-10T08:26:43.304964+00:00, run_after=2023-10-10T12:26:43.304964+00:00
[2023-10-10 12:26:43,318] {processor.py:161} INFO - Processing /home/airflow/.local/lib/python3.7/site-packages/airflow/example_dags/example_latest_only_with_trigger.py took 0.096 seconds
