[2023-10-10 12:03:40,641] {processor.py:153} INFO - Started process (PID=98) to work on /home/airflow/.local/lib/python3.7/site-packages/airflow/example_dags/example_branch_python_dop_operator_3.py
[2023-10-10 12:03:40,642] {processor.py:641} INFO - Processing file /home/airflow/.local/lib/python3.7/site-packages/airflow/example_dags/example_branch_python_dop_operator_3.py for tasks to queue
[2023-10-10 12:03:40,642] {logging_mixin.py:115} INFO - [2023-10-10 12:03:40,642] {dagbag.py:508} INFO - Filling up the DagBag from /home/airflow/.local/lib/python3.7/site-packages/airflow/example_dags/example_branch_python_dop_operator_3.py
[2023-10-10 12:03:40,696] {processor.py:651} INFO - DAG(s) dict_keys(['example_branch_dop_operator_v3']) retrieved from /home/airflow/.local/lib/python3.7/site-packages/airflow/example_dags/example_branch_python_dop_operator_3.py
[2023-10-10 12:03:41,297] {logging_mixin.py:115} INFO - [2023-10-10 12:03:41,297] {manager.py:508} INFO - Created Permission View: can read on DAG:example_branch_dop_operator_v3
[2023-10-10 12:03:41,375] {logging_mixin.py:115} INFO - [2023-10-10 12:03:41,375] {manager.py:508} INFO - Created Permission View: can edit on DAG:example_branch_dop_operator_v3
[2023-10-10 12:03:41,400] {logging_mixin.py:115} INFO - [2023-10-10 12:03:41,400] {manager.py:508} INFO - Created Permission View: can delete on DAG:example_branch_dop_operator_v3
[2023-10-10 12:03:41,400] {logging_mixin.py:115} INFO - [2023-10-10 12:03:41,400] {dag.py:2420} INFO - Sync 1 DAGs
[2023-10-10 12:03:41,459] {logging_mixin.py:115} INFO - [2023-10-10 12:03:41,459] {dag.py:2439} INFO - Creating ORM DAG for example_branch_dop_operator_v3
[2023-10-10 12:03:41,558] {logging_mixin.py:115} INFO - [2023-10-10 12:03:41,557] {dag.py:2972} INFO - Setting next_dagrun for example_branch_dop_operator_v3 to 2023-10-10T12:02:00+00:00, run_after=2023-10-10T12:03:00+00:00
[2023-10-10 12:03:41,656] {processor.py:161} INFO - Processing /home/airflow/.local/lib/python3.7/site-packages/airflow/example_dags/example_branch_python_dop_operator_3.py took 1.020 seconds
[2023-10-10 12:04:12,361] {processor.py:153} INFO - Started process (PID=150) to work on /home/airflow/.local/lib/python3.7/site-packages/airflow/example_dags/example_branch_python_dop_operator_3.py
[2023-10-10 12:04:12,362] {processor.py:641} INFO - Processing file /home/airflow/.local/lib/python3.7/site-packages/airflow/example_dags/example_branch_python_dop_operator_3.py for tasks to queue
[2023-10-10 12:04:12,362] {logging_mixin.py:115} INFO - [2023-10-10 12:04:12,362] {dagbag.py:508} INFO - Filling up the DagBag from /home/airflow/.local/lib/python3.7/site-packages/airflow/example_dags/example_branch_python_dop_operator_3.py
[2023-10-10 12:04:12,380] {processor.py:651} INFO - DAG(s) dict_keys(['example_branch_dop_operator_v3']) retrieved from /home/airflow/.local/lib/python3.7/site-packages/airflow/example_dags/example_branch_python_dop_operator_3.py
[2023-10-10 12:04:12,441] {logging_mixin.py:115} INFO - [2023-10-10 12:04:12,441] {dag.py:2420} INFO - Sync 1 DAGs
[2023-10-10 12:04:12,506] {logging_mixin.py:115} INFO - [2023-10-10 12:04:12,506] {dag.py:2972} INFO - Setting next_dagrun for example_branch_dop_operator_v3 to 2023-10-10T12:03:00+00:00, run_after=2023-10-10T12:04:00+00:00
[2023-10-10 12:04:12,540] {processor.py:161} INFO - Processing /home/airflow/.local/lib/python3.7/site-packages/airflow/example_dags/example_branch_python_dop_operator_3.py took 0.185 seconds
[2023-10-10 12:04:43,195] {processor.py:153} INFO - Started process (PID=211) to work on /home/airflow/.local/lib/python3.7/site-packages/airflow/example_dags/example_branch_python_dop_operator_3.py
[2023-10-10 12:04:43,196] {processor.py:641} INFO - Processing file /home/airflow/.local/lib/python3.7/site-packages/airflow/example_dags/example_branch_python_dop_operator_3.py for tasks to queue
[2023-10-10 12:04:43,196] {logging_mixin.py:115} INFO - [2023-10-10 12:04:43,196] {dagbag.py:508} INFO - Filling up the DagBag from /home/airflow/.local/lib/python3.7/site-packages/airflow/example_dags/example_branch_python_dop_operator_3.py
[2023-10-10 12:04:43,210] {processor.py:651} INFO - DAG(s) dict_keys(['example_branch_dop_operator_v3']) retrieved from /home/airflow/.local/lib/python3.7/site-packages/airflow/example_dags/example_branch_python_dop_operator_3.py
[2023-10-10 12:04:43,266] {logging_mixin.py:115} INFO - [2023-10-10 12:04:43,265] {dag.py:2420} INFO - Sync 1 DAGs
[2023-10-10 12:04:43,337] {logging_mixin.py:115} INFO - [2023-10-10 12:04:43,336] {dag.py:2972} INFO - Setting next_dagrun for example_branch_dop_operator_v3 to 2023-10-10T12:03:00+00:00, run_after=2023-10-10T12:04:00+00:00
[2023-10-10 12:04:43,362] {processor.py:161} INFO - Processing /home/airflow/.local/lib/python3.7/site-packages/airflow/example_dags/example_branch_python_dop_operator_3.py took 0.173 seconds
[2023-10-10 12:05:13,959] {processor.py:153} INFO - Started process (PID=263) to work on /home/airflow/.local/lib/python3.7/site-packages/airflow/example_dags/example_branch_python_dop_operator_3.py
[2023-10-10 12:05:13,960] {processor.py:641} INFO - Processing file /home/airflow/.local/lib/python3.7/site-packages/airflow/example_dags/example_branch_python_dop_operator_3.py for tasks to queue
[2023-10-10 12:05:13,961] {logging_mixin.py:115} INFO - [2023-10-10 12:05:13,961] {dagbag.py:508} INFO - Filling up the DagBag from /home/airflow/.local/lib/python3.7/site-packages/airflow/example_dags/example_branch_python_dop_operator_3.py
[2023-10-10 12:05:13,974] {processor.py:651} INFO - DAG(s) dict_keys(['example_branch_dop_operator_v3']) retrieved from /home/airflow/.local/lib/python3.7/site-packages/airflow/example_dags/example_branch_python_dop_operator_3.py
[2023-10-10 12:05:14,014] {logging_mixin.py:115} INFO - [2023-10-10 12:05:14,014] {dag.py:2420} INFO - Sync 1 DAGs
[2023-10-10 12:05:14,050] {logging_mixin.py:115} INFO - [2023-10-10 12:05:14,050] {dag.py:2972} INFO - Setting next_dagrun for example_branch_dop_operator_v3 to 2023-10-10T12:04:00+00:00, run_after=2023-10-10T12:05:00+00:00
[2023-10-10 12:05:14,066] {processor.py:161} INFO - Processing /home/airflow/.local/lib/python3.7/site-packages/airflow/example_dags/example_branch_python_dop_operator_3.py took 0.113 seconds
[2023-10-10 12:05:44,486] {processor.py:153} INFO - Started process (PID=325) to work on /home/airflow/.local/lib/python3.7/site-packages/airflow/example_dags/example_branch_python_dop_operator_3.py
[2023-10-10 12:05:44,487] {processor.py:641} INFO - Processing file /home/airflow/.local/lib/python3.7/site-packages/airflow/example_dags/example_branch_python_dop_operator_3.py for tasks to queue
[2023-10-10 12:05:44,488] {logging_mixin.py:115} INFO - [2023-10-10 12:05:44,488] {dagbag.py:508} INFO - Filling up the DagBag from /home/airflow/.local/lib/python3.7/site-packages/airflow/example_dags/example_branch_python_dop_operator_3.py
[2023-10-10 12:05:44,505] {processor.py:651} INFO - DAG(s) dict_keys(['example_branch_dop_operator_v3']) retrieved from /home/airflow/.local/lib/python3.7/site-packages/airflow/example_dags/example_branch_python_dop_operator_3.py
[2023-10-10 12:05:44,596] {logging_mixin.py:115} INFO - [2023-10-10 12:05:44,596] {dag.py:2420} INFO - Sync 1 DAGs
[2023-10-10 12:05:44,664] {logging_mixin.py:115} INFO - [2023-10-10 12:05:44,664] {dag.py:2972} INFO - Setting next_dagrun for example_branch_dop_operator_v3 to 2023-10-10T12:04:00+00:00, run_after=2023-10-10T12:05:00+00:00
[2023-10-10 12:05:44,684] {processor.py:161} INFO - Processing /home/airflow/.local/lib/python3.7/site-packages/airflow/example_dags/example_branch_python_dop_operator_3.py took 0.203 seconds
[2023-10-10 12:06:15,184] {processor.py:153} INFO - Started process (PID=377) to work on /home/airflow/.local/lib/python3.7/site-packages/airflow/example_dags/example_branch_python_dop_operator_3.py
[2023-10-10 12:06:15,185] {processor.py:641} INFO - Processing file /home/airflow/.local/lib/python3.7/site-packages/airflow/example_dags/example_branch_python_dop_operator_3.py for tasks to queue
[2023-10-10 12:06:15,186] {logging_mixin.py:115} INFO - [2023-10-10 12:06:15,186] {dagbag.py:508} INFO - Filling up the DagBag from /home/airflow/.local/lib/python3.7/site-packages/airflow/example_dags/example_branch_python_dop_operator_3.py
[2023-10-10 12:06:15,204] {processor.py:651} INFO - DAG(s) dict_keys(['example_branch_dop_operator_v3']) retrieved from /home/airflow/.local/lib/python3.7/site-packages/airflow/example_dags/example_branch_python_dop_operator_3.py
[2023-10-10 12:06:15,276] {logging_mixin.py:115} INFO - [2023-10-10 12:06:15,275] {dag.py:2420} INFO - Sync 1 DAGs
[2023-10-10 12:06:15,325] {logging_mixin.py:115} INFO - [2023-10-10 12:06:15,325] {dag.py:2972} INFO - Setting next_dagrun for example_branch_dop_operator_v3 to 2023-10-10T12:05:00+00:00, run_after=2023-10-10T12:06:00+00:00
[2023-10-10 12:06:15,343] {processor.py:161} INFO - Processing /home/airflow/.local/lib/python3.7/site-packages/airflow/example_dags/example_branch_python_dop_operator_3.py took 0.164 seconds
[2023-10-10 12:06:45,497] {processor.py:153} INFO - Started process (PID=439) to work on /home/airflow/.local/lib/python3.7/site-packages/airflow/example_dags/example_branch_python_dop_operator_3.py
[2023-10-10 12:06:45,498] {processor.py:641} INFO - Processing file /home/airflow/.local/lib/python3.7/site-packages/airflow/example_dags/example_branch_python_dop_operator_3.py for tasks to queue
[2023-10-10 12:06:45,499] {logging_mixin.py:115} INFO - [2023-10-10 12:06:45,499] {dagbag.py:508} INFO - Filling up the DagBag from /home/airflow/.local/lib/python3.7/site-packages/airflow/example_dags/example_branch_python_dop_operator_3.py
[2023-10-10 12:06:45,522] {processor.py:651} INFO - DAG(s) dict_keys(['example_branch_dop_operator_v3']) retrieved from /home/airflow/.local/lib/python3.7/site-packages/airflow/example_dags/example_branch_python_dop_operator_3.py
[2023-10-10 12:06:45,589] {logging_mixin.py:115} INFO - [2023-10-10 12:06:45,589] {dag.py:2420} INFO - Sync 1 DAGs
[2023-10-10 12:06:45,645] {logging_mixin.py:115} INFO - [2023-10-10 12:06:45,645] {dag.py:2972} INFO - Setting next_dagrun for example_branch_dop_operator_v3 to 2023-10-10T12:05:00+00:00, run_after=2023-10-10T12:06:00+00:00
[2023-10-10 12:06:45,665] {processor.py:161} INFO - Processing /home/airflow/.local/lib/python3.7/site-packages/airflow/example_dags/example_branch_python_dop_operator_3.py took 0.173 seconds
[2023-10-10 12:07:15,763] {processor.py:153} INFO - Started process (PID=500) to work on /home/airflow/.local/lib/python3.7/site-packages/airflow/example_dags/example_branch_python_dop_operator_3.py
[2023-10-10 12:07:15,764] {processor.py:641} INFO - Processing file /home/airflow/.local/lib/python3.7/site-packages/airflow/example_dags/example_branch_python_dop_operator_3.py for tasks to queue
[2023-10-10 12:07:15,764] {logging_mixin.py:115} INFO - [2023-10-10 12:07:15,764] {dagbag.py:508} INFO - Filling up the DagBag from /home/airflow/.local/lib/python3.7/site-packages/airflow/example_dags/example_branch_python_dop_operator_3.py
[2023-10-10 12:07:15,803] {processor.py:651} INFO - DAG(s) dict_keys(['example_branch_dop_operator_v3']) retrieved from /home/airflow/.local/lib/python3.7/site-packages/airflow/example_dags/example_branch_python_dop_operator_3.py
[2023-10-10 12:07:15,876] {logging_mixin.py:115} INFO - [2023-10-10 12:07:15,875] {dag.py:2420} INFO - Sync 1 DAGs
[2023-10-10 12:07:15,938] {logging_mixin.py:115} INFO - [2023-10-10 12:07:15,938] {dag.py:2972} INFO - Setting next_dagrun for example_branch_dop_operator_v3 to 2023-10-10T12:06:00+00:00, run_after=2023-10-10T12:07:00+00:00
[2023-10-10 12:07:15,960] {processor.py:161} INFO - Processing /home/airflow/.local/lib/python3.7/site-packages/airflow/example_dags/example_branch_python_dop_operator_3.py took 0.203 seconds
[2023-10-10 12:07:46,003] {processor.py:153} INFO - Started process (PID=551) to work on /home/airflow/.local/lib/python3.7/site-packages/airflow/example_dags/example_branch_python_dop_operator_3.py
[2023-10-10 12:07:46,004] {processor.py:641} INFO - Processing file /home/airflow/.local/lib/python3.7/site-packages/airflow/example_dags/example_branch_python_dop_operator_3.py for tasks to queue
[2023-10-10 12:07:46,005] {logging_mixin.py:115} INFO - [2023-10-10 12:07:46,005] {dagbag.py:508} INFO - Filling up the DagBag from /home/airflow/.local/lib/python3.7/site-packages/airflow/example_dags/example_branch_python_dop_operator_3.py
[2023-10-10 12:07:46,017] {processor.py:651} INFO - DAG(s) dict_keys(['example_branch_dop_operator_v3']) retrieved from /home/airflow/.local/lib/python3.7/site-packages/airflow/example_dags/example_branch_python_dop_operator_3.py
[2023-10-10 12:07:46,059] {logging_mixin.py:115} INFO - [2023-10-10 12:07:46,059] {dag.py:2420} INFO - Sync 1 DAGs
[2023-10-10 12:07:46,095] {logging_mixin.py:115} INFO - [2023-10-10 12:07:46,095] {dag.py:2972} INFO - Setting next_dagrun for example_branch_dop_operator_v3 to 2023-10-10T12:06:00+00:00, run_after=2023-10-10T12:07:00+00:00
[2023-10-10 12:07:46,110] {processor.py:161} INFO - Processing /home/airflow/.local/lib/python3.7/site-packages/airflow/example_dags/example_branch_python_dop_operator_3.py took 0.111 seconds
[2023-10-10 12:08:16,608] {processor.py:153} INFO - Started process (PID=613) to work on /home/airflow/.local/lib/python3.7/site-packages/airflow/example_dags/example_branch_python_dop_operator_3.py
[2023-10-10 12:08:16,609] {processor.py:641} INFO - Processing file /home/airflow/.local/lib/python3.7/site-packages/airflow/example_dags/example_branch_python_dop_operator_3.py for tasks to queue
[2023-10-10 12:08:16,609] {logging_mixin.py:115} INFO - [2023-10-10 12:08:16,609] {dagbag.py:508} INFO - Filling up the DagBag from /home/airflow/.local/lib/python3.7/site-packages/airflow/example_dags/example_branch_python_dop_operator_3.py
[2023-10-10 12:08:16,622] {processor.py:651} INFO - DAG(s) dict_keys(['example_branch_dop_operator_v3']) retrieved from /home/airflow/.local/lib/python3.7/site-packages/airflow/example_dags/example_branch_python_dop_operator_3.py
[2023-10-10 12:08:16,663] {logging_mixin.py:115} INFO - [2023-10-10 12:08:16,663] {dag.py:2420} INFO - Sync 1 DAGs
[2023-10-10 12:08:16,701] {logging_mixin.py:115} INFO - [2023-10-10 12:08:16,701] {dag.py:2972} INFO - Setting next_dagrun for example_branch_dop_operator_v3 to 2023-10-10T12:07:00+00:00, run_after=2023-10-10T12:08:00+00:00
[2023-10-10 12:08:16,715] {processor.py:161} INFO - Processing /home/airflow/.local/lib/python3.7/site-packages/airflow/example_dags/example_branch_python_dop_operator_3.py took 0.113 seconds
[2023-10-10 12:08:47,060] {processor.py:153} INFO - Started process (PID=666) to work on /home/airflow/.local/lib/python3.7/site-packages/airflow/example_dags/example_branch_python_dop_operator_3.py
[2023-10-10 12:08:47,061] {processor.py:641} INFO - Processing file /home/airflow/.local/lib/python3.7/site-packages/airflow/example_dags/example_branch_python_dop_operator_3.py for tasks to queue
[2023-10-10 12:08:47,061] {logging_mixin.py:115} INFO - [2023-10-10 12:08:47,061] {dagbag.py:508} INFO - Filling up the DagBag from /home/airflow/.local/lib/python3.7/site-packages/airflow/example_dags/example_branch_python_dop_operator_3.py
[2023-10-10 12:08:47,075] {processor.py:651} INFO - DAG(s) dict_keys(['example_branch_dop_operator_v3']) retrieved from /home/airflow/.local/lib/python3.7/site-packages/airflow/example_dags/example_branch_python_dop_operator_3.py
[2023-10-10 12:08:47,117] {logging_mixin.py:115} INFO - [2023-10-10 12:08:47,117] {dag.py:2420} INFO - Sync 1 DAGs
[2023-10-10 12:08:47,153] {logging_mixin.py:115} INFO - [2023-10-10 12:08:47,153] {dag.py:2972} INFO - Setting next_dagrun for example_branch_dop_operator_v3 to 2023-10-10T12:07:00+00:00, run_after=2023-10-10T12:08:00+00:00
[2023-10-10 12:08:47,166] {processor.py:161} INFO - Processing /home/airflow/.local/lib/python3.7/site-packages/airflow/example_dags/example_branch_python_dop_operator_3.py took 0.112 seconds
[2023-10-10 12:09:17,583] {processor.py:153} INFO - Started process (PID=728) to work on /home/airflow/.local/lib/python3.7/site-packages/airflow/example_dags/example_branch_python_dop_operator_3.py
[2023-10-10 12:09:17,584] {processor.py:641} INFO - Processing file /home/airflow/.local/lib/python3.7/site-packages/airflow/example_dags/example_branch_python_dop_operator_3.py for tasks to queue
[2023-10-10 12:09:17,584] {logging_mixin.py:115} INFO - [2023-10-10 12:09:17,584] {dagbag.py:508} INFO - Filling up the DagBag from /home/airflow/.local/lib/python3.7/site-packages/airflow/example_dags/example_branch_python_dop_operator_3.py
[2023-10-10 12:09:17,599] {processor.py:651} INFO - DAG(s) dict_keys(['example_branch_dop_operator_v3']) retrieved from /home/airflow/.local/lib/python3.7/site-packages/airflow/example_dags/example_branch_python_dop_operator_3.py
[2023-10-10 12:09:17,641] {logging_mixin.py:115} INFO - [2023-10-10 12:09:17,641] {dag.py:2420} INFO - Sync 1 DAGs
[2023-10-10 12:09:17,674] {logging_mixin.py:115} INFO - [2023-10-10 12:09:17,674] {dag.py:2972} INFO - Setting next_dagrun for example_branch_dop_operator_v3 to 2023-10-10T12:08:00+00:00, run_after=2023-10-10T12:09:00+00:00
[2023-10-10 12:09:17,687] {processor.py:161} INFO - Processing /home/airflow/.local/lib/python3.7/site-packages/airflow/example_dags/example_branch_python_dop_operator_3.py took 0.109 seconds
[2023-10-10 12:09:48,293] {processor.py:153} INFO - Started process (PID=790) to work on /home/airflow/.local/lib/python3.7/site-packages/airflow/example_dags/example_branch_python_dop_operator_3.py
[2023-10-10 12:09:48,295] {processor.py:641} INFO - Processing file /home/airflow/.local/lib/python3.7/site-packages/airflow/example_dags/example_branch_python_dop_operator_3.py for tasks to queue
[2023-10-10 12:09:48,296] {logging_mixin.py:115} INFO - [2023-10-10 12:09:48,296] {dagbag.py:508} INFO - Filling up the DagBag from /home/airflow/.local/lib/python3.7/site-packages/airflow/example_dags/example_branch_python_dop_operator_3.py
[2023-10-10 12:09:48,310] {processor.py:651} INFO - DAG(s) dict_keys(['example_branch_dop_operator_v3']) retrieved from /home/airflow/.local/lib/python3.7/site-packages/airflow/example_dags/example_branch_python_dop_operator_3.py
[2023-10-10 12:09:48,348] {logging_mixin.py:115} INFO - [2023-10-10 12:09:48,348] {dag.py:2420} INFO - Sync 1 DAGs
[2023-10-10 12:09:48,382] {logging_mixin.py:115} INFO - [2023-10-10 12:09:48,382] {dag.py:2972} INFO - Setting next_dagrun for example_branch_dop_operator_v3 to 2023-10-10T12:08:00+00:00, run_after=2023-10-10T12:09:00+00:00
[2023-10-10 12:09:48,396] {processor.py:161} INFO - Processing /home/airflow/.local/lib/python3.7/site-packages/airflow/example_dags/example_branch_python_dop_operator_3.py took 0.107 seconds
[2023-10-10 12:10:18,678] {processor.py:153} INFO - Started process (PID=842) to work on /home/airflow/.local/lib/python3.7/site-packages/airflow/example_dags/example_branch_python_dop_operator_3.py
[2023-10-10 12:10:18,679] {processor.py:641} INFO - Processing file /home/airflow/.local/lib/python3.7/site-packages/airflow/example_dags/example_branch_python_dop_operator_3.py for tasks to queue
[2023-10-10 12:10:18,680] {logging_mixin.py:115} INFO - [2023-10-10 12:10:18,680] {dagbag.py:508} INFO - Filling up the DagBag from /home/airflow/.local/lib/python3.7/site-packages/airflow/example_dags/example_branch_python_dop_operator_3.py
[2023-10-10 12:10:18,697] {processor.py:651} INFO - DAG(s) dict_keys(['example_branch_dop_operator_v3']) retrieved from /home/airflow/.local/lib/python3.7/site-packages/airflow/example_dags/example_branch_python_dop_operator_3.py
[2023-10-10 12:10:18,761] {logging_mixin.py:115} INFO - [2023-10-10 12:10:18,761] {dag.py:2420} INFO - Sync 1 DAGs
[2023-10-10 12:10:18,815] {logging_mixin.py:115} INFO - [2023-10-10 12:10:18,807] {dag.py:2972} INFO - Setting next_dagrun for example_branch_dop_operator_v3 to 2023-10-10T12:09:00+00:00, run_after=2023-10-10T12:10:00+00:00
[2023-10-10 12:10:18,840] {processor.py:161} INFO - Processing /home/airflow/.local/lib/python3.7/site-packages/airflow/example_dags/example_branch_python_dop_operator_3.py took 0.171 seconds
[2023-10-10 12:10:49,533] {processor.py:153} INFO - Started process (PID=904) to work on /home/airflow/.local/lib/python3.7/site-packages/airflow/example_dags/example_branch_python_dop_operator_3.py
[2023-10-10 12:10:49,534] {processor.py:641} INFO - Processing file /home/airflow/.local/lib/python3.7/site-packages/airflow/example_dags/example_branch_python_dop_operator_3.py for tasks to queue
[2023-10-10 12:10:49,535] {logging_mixin.py:115} INFO - [2023-10-10 12:10:49,535] {dagbag.py:508} INFO - Filling up the DagBag from /home/airflow/.local/lib/python3.7/site-packages/airflow/example_dags/example_branch_python_dop_operator_3.py
[2023-10-10 12:10:49,549] {processor.py:651} INFO - DAG(s) dict_keys(['example_branch_dop_operator_v3']) retrieved from /home/airflow/.local/lib/python3.7/site-packages/airflow/example_dags/example_branch_python_dop_operator_3.py
[2023-10-10 12:10:49,594] {logging_mixin.py:115} INFO - [2023-10-10 12:10:49,594] {dag.py:2420} INFO - Sync 1 DAGs
[2023-10-10 12:10:49,629] {logging_mixin.py:115} INFO - [2023-10-10 12:10:49,629] {dag.py:2972} INFO - Setting next_dagrun for example_branch_dop_operator_v3 to 2023-10-10T12:09:00+00:00, run_after=2023-10-10T12:10:00+00:00
[2023-10-10 12:10:49,642] {processor.py:161} INFO - Processing /home/airflow/.local/lib/python3.7/site-packages/airflow/example_dags/example_branch_python_dop_operator_3.py took 0.114 seconds
[2023-10-10 12:11:20,206] {processor.py:153} INFO - Started process (PID=965) to work on /home/airflow/.local/lib/python3.7/site-packages/airflow/example_dags/example_branch_python_dop_operator_3.py
[2023-10-10 12:11:20,216] {processor.py:641} INFO - Processing file /home/airflow/.local/lib/python3.7/site-packages/airflow/example_dags/example_branch_python_dop_operator_3.py for tasks to queue
[2023-10-10 12:11:20,216] {logging_mixin.py:115} INFO - [2023-10-10 12:11:20,216] {dagbag.py:508} INFO - Filling up the DagBag from /home/airflow/.local/lib/python3.7/site-packages/airflow/example_dags/example_branch_python_dop_operator_3.py
[2023-10-10 12:11:20,239] {processor.py:651} INFO - DAG(s) dict_keys(['example_branch_dop_operator_v3']) retrieved from /home/airflow/.local/lib/python3.7/site-packages/airflow/example_dags/example_branch_python_dop_operator_3.py
[2023-10-10 12:11:20,336] {logging_mixin.py:115} INFO - [2023-10-10 12:11:20,335] {dag.py:2420} INFO - Sync 1 DAGs
[2023-10-10 12:11:20,398] {logging_mixin.py:115} INFO - [2023-10-10 12:11:20,398] {dag.py:2972} INFO - Setting next_dagrun for example_branch_dop_operator_v3 to 2023-10-10T12:10:00+00:00, run_after=2023-10-10T12:11:00+00:00
[2023-10-10 12:11:20,438] {processor.py:161} INFO - Processing /home/airflow/.local/lib/python3.7/site-packages/airflow/example_dags/example_branch_python_dop_operator_3.py took 0.238 seconds
[2023-10-10 12:11:50,636] {processor.py:153} INFO - Started process (PID=1017) to work on /home/airflow/.local/lib/python3.7/site-packages/airflow/example_dags/example_branch_python_dop_operator_3.py
[2023-10-10 12:11:50,637] {processor.py:641} INFO - Processing file /home/airflow/.local/lib/python3.7/site-packages/airflow/example_dags/example_branch_python_dop_operator_3.py for tasks to queue
[2023-10-10 12:11:50,638] {logging_mixin.py:115} INFO - [2023-10-10 12:11:50,637] {dagbag.py:508} INFO - Filling up the DagBag from /home/airflow/.local/lib/python3.7/site-packages/airflow/example_dags/example_branch_python_dop_operator_3.py
[2023-10-10 12:11:50,651] {processor.py:651} INFO - DAG(s) dict_keys(['example_branch_dop_operator_v3']) retrieved from /home/airflow/.local/lib/python3.7/site-packages/airflow/example_dags/example_branch_python_dop_operator_3.py
[2023-10-10 12:11:50,689] {logging_mixin.py:115} INFO - [2023-10-10 12:11:50,689] {dag.py:2420} INFO - Sync 1 DAGs
[2023-10-10 12:11:50,723] {logging_mixin.py:115} INFO - [2023-10-10 12:11:50,723] {dag.py:2972} INFO - Setting next_dagrun for example_branch_dop_operator_v3 to 2023-10-10T12:10:00+00:00, run_after=2023-10-10T12:11:00+00:00
[2023-10-10 12:11:50,738] {processor.py:161} INFO - Processing /home/airflow/.local/lib/python3.7/site-packages/airflow/example_dags/example_branch_python_dop_operator_3.py took 0.107 seconds
[2023-10-10 12:12:21,049] {processor.py:153} INFO - Started process (PID=1078) to work on /home/airflow/.local/lib/python3.7/site-packages/airflow/example_dags/example_branch_python_dop_operator_3.py
[2023-10-10 12:12:21,050] {processor.py:641} INFO - Processing file /home/airflow/.local/lib/python3.7/site-packages/airflow/example_dags/example_branch_python_dop_operator_3.py for tasks to queue
[2023-10-10 12:12:21,050] {logging_mixin.py:115} INFO - [2023-10-10 12:12:21,050] {dagbag.py:508} INFO - Filling up the DagBag from /home/airflow/.local/lib/python3.7/site-packages/airflow/example_dags/example_branch_python_dop_operator_3.py
[2023-10-10 12:12:21,064] {processor.py:651} INFO - DAG(s) dict_keys(['example_branch_dop_operator_v3']) retrieved from /home/airflow/.local/lib/python3.7/site-packages/airflow/example_dags/example_branch_python_dop_operator_3.py
[2023-10-10 12:12:21,107] {logging_mixin.py:115} INFO - [2023-10-10 12:12:21,107] {dag.py:2420} INFO - Sync 1 DAGs
[2023-10-10 12:12:21,142] {logging_mixin.py:115} INFO - [2023-10-10 12:12:21,142] {dag.py:2972} INFO - Setting next_dagrun for example_branch_dop_operator_v3 to 2023-10-10T12:11:00+00:00, run_after=2023-10-10T12:12:00+00:00
[2023-10-10 12:12:21,158] {processor.py:161} INFO - Processing /home/airflow/.local/lib/python3.7/site-packages/airflow/example_dags/example_branch_python_dop_operator_3.py took 0.114 seconds
[2023-10-10 12:12:51,776] {processor.py:153} INFO - Started process (PID=1130) to work on /home/airflow/.local/lib/python3.7/site-packages/airflow/example_dags/example_branch_python_dop_operator_3.py
[2023-10-10 12:12:51,777] {processor.py:641} INFO - Processing file /home/airflow/.local/lib/python3.7/site-packages/airflow/example_dags/example_branch_python_dop_operator_3.py for tasks to queue
[2023-10-10 12:12:51,777] {logging_mixin.py:115} INFO - [2023-10-10 12:12:51,777] {dagbag.py:508} INFO - Filling up the DagBag from /home/airflow/.local/lib/python3.7/site-packages/airflow/example_dags/example_branch_python_dop_operator_3.py
[2023-10-10 12:12:51,791] {processor.py:651} INFO - DAG(s) dict_keys(['example_branch_dop_operator_v3']) retrieved from /home/airflow/.local/lib/python3.7/site-packages/airflow/example_dags/example_branch_python_dop_operator_3.py
[2023-10-10 12:12:51,833] {logging_mixin.py:115} INFO - [2023-10-10 12:12:51,833] {dag.py:2420} INFO - Sync 1 DAGs
[2023-10-10 12:12:51,866] {logging_mixin.py:115} INFO - [2023-10-10 12:12:51,865] {dag.py:2972} INFO - Setting next_dagrun for example_branch_dop_operator_v3 to 2023-10-10T12:11:00+00:00, run_after=2023-10-10T12:12:00+00:00
[2023-10-10 12:12:51,881] {processor.py:161} INFO - Processing /home/airflow/.local/lib/python3.7/site-packages/airflow/example_dags/example_branch_python_dop_operator_3.py took 0.110 seconds
[2023-10-10 12:13:22,425] {processor.py:153} INFO - Started process (PID=1191) to work on /home/airflow/.local/lib/python3.7/site-packages/airflow/example_dags/example_branch_python_dop_operator_3.py
[2023-10-10 12:13:22,427] {processor.py:641} INFO - Processing file /home/airflow/.local/lib/python3.7/site-packages/airflow/example_dags/example_branch_python_dop_operator_3.py for tasks to queue
[2023-10-10 12:13:22,427] {logging_mixin.py:115} INFO - [2023-10-10 12:13:22,427] {dagbag.py:508} INFO - Filling up the DagBag from /home/airflow/.local/lib/python3.7/site-packages/airflow/example_dags/example_branch_python_dop_operator_3.py
[2023-10-10 12:13:22,441] {processor.py:651} INFO - DAG(s) dict_keys(['example_branch_dop_operator_v3']) retrieved from /home/airflow/.local/lib/python3.7/site-packages/airflow/example_dags/example_branch_python_dop_operator_3.py
[2023-10-10 12:13:22,498] {logging_mixin.py:115} INFO - [2023-10-10 12:13:22,498] {dag.py:2420} INFO - Sync 1 DAGs
[2023-10-10 12:13:22,557] {logging_mixin.py:115} INFO - [2023-10-10 12:13:22,557] {dag.py:2972} INFO - Setting next_dagrun for example_branch_dop_operator_v3 to 2023-10-10T12:12:00+00:00, run_after=2023-10-10T12:13:00+00:00
[2023-10-10 12:13:22,576] {processor.py:161} INFO - Processing /home/airflow/.local/lib/python3.7/site-packages/airflow/example_dags/example_branch_python_dop_operator_3.py took 0.155 seconds
[2023-10-10 12:13:53,067] {processor.py:153} INFO - Started process (PID=1253) to work on /home/airflow/.local/lib/python3.7/site-packages/airflow/example_dags/example_branch_python_dop_operator_3.py
[2023-10-10 12:13:53,068] {processor.py:641} INFO - Processing file /home/airflow/.local/lib/python3.7/site-packages/airflow/example_dags/example_branch_python_dop_operator_3.py for tasks to queue
[2023-10-10 12:13:53,068] {logging_mixin.py:115} INFO - [2023-10-10 12:13:53,068] {dagbag.py:508} INFO - Filling up the DagBag from /home/airflow/.local/lib/python3.7/site-packages/airflow/example_dags/example_branch_python_dop_operator_3.py
[2023-10-10 12:13:53,082] {processor.py:651} INFO - DAG(s) dict_keys(['example_branch_dop_operator_v3']) retrieved from /home/airflow/.local/lib/python3.7/site-packages/airflow/example_dags/example_branch_python_dop_operator_3.py
[2023-10-10 12:13:53,127] {logging_mixin.py:115} INFO - [2023-10-10 12:13:53,127] {dag.py:2420} INFO - Sync 1 DAGs
[2023-10-10 12:13:53,161] {logging_mixin.py:115} INFO - [2023-10-10 12:13:53,161] {dag.py:2972} INFO - Setting next_dagrun for example_branch_dop_operator_v3 to 2023-10-10T12:12:00+00:00, run_after=2023-10-10T12:13:00+00:00
[2023-10-10 12:13:53,176] {processor.py:161} INFO - Processing /home/airflow/.local/lib/python3.7/site-packages/airflow/example_dags/example_branch_python_dop_operator_3.py took 0.115 seconds
[2023-10-10 12:14:23,355] {processor.py:153} INFO - Started process (PID=1306) to work on /home/airflow/.local/lib/python3.7/site-packages/airflow/example_dags/example_branch_python_dop_operator_3.py
[2023-10-10 12:14:23,356] {processor.py:641} INFO - Processing file /home/airflow/.local/lib/python3.7/site-packages/airflow/example_dags/example_branch_python_dop_operator_3.py for tasks to queue
[2023-10-10 12:14:23,356] {logging_mixin.py:115} INFO - [2023-10-10 12:14:23,356] {dagbag.py:508} INFO - Filling up the DagBag from /home/airflow/.local/lib/python3.7/site-packages/airflow/example_dags/example_branch_python_dop_operator_3.py
[2023-10-10 12:14:23,370] {processor.py:651} INFO - DAG(s) dict_keys(['example_branch_dop_operator_v3']) retrieved from /home/airflow/.local/lib/python3.7/site-packages/airflow/example_dags/example_branch_python_dop_operator_3.py
[2023-10-10 12:14:23,409] {logging_mixin.py:115} INFO - [2023-10-10 12:14:23,408] {dag.py:2420} INFO - Sync 1 DAGs
[2023-10-10 12:14:23,442] {logging_mixin.py:115} INFO - [2023-10-10 12:14:23,442] {dag.py:2972} INFO - Setting next_dagrun for example_branch_dop_operator_v3 to 2023-10-10T12:13:00+00:00, run_after=2023-10-10T12:14:00+00:00
[2023-10-10 12:14:23,462] {processor.py:161} INFO - Processing /home/airflow/.local/lib/python3.7/site-packages/airflow/example_dags/example_branch_python_dop_operator_3.py took 0.113 seconds
[2023-10-10 12:14:56,356] {processor.py:153} INFO - Started process (PID=1368) to work on /home/airflow/.local/lib/python3.7/site-packages/airflow/example_dags/example_branch_python_dop_operator_3.py
[2023-10-10 12:14:56,357] {processor.py:641} INFO - Processing file /home/airflow/.local/lib/python3.7/site-packages/airflow/example_dags/example_branch_python_dop_operator_3.py for tasks to queue
[2023-10-10 12:14:56,358] {logging_mixin.py:115} INFO - [2023-10-10 12:14:56,358] {dagbag.py:508} INFO - Filling up the DagBag from /home/airflow/.local/lib/python3.7/site-packages/airflow/example_dags/example_branch_python_dop_operator_3.py
[2023-10-10 12:14:56,371] {processor.py:651} INFO - DAG(s) dict_keys(['example_branch_dop_operator_v3']) retrieved from /home/airflow/.local/lib/python3.7/site-packages/airflow/example_dags/example_branch_python_dop_operator_3.py
[2023-10-10 12:14:56,410] {logging_mixin.py:115} INFO - [2023-10-10 12:14:56,410] {dag.py:2420} INFO - Sync 1 DAGs
[2023-10-10 12:14:56,443] {logging_mixin.py:115} INFO - [2023-10-10 12:14:56,443] {dag.py:2972} INFO - Setting next_dagrun for example_branch_dop_operator_v3 to 2023-10-10T12:13:00+00:00, run_after=2023-10-10T12:14:00+00:00
[2023-10-10 12:14:56,456] {processor.py:161} INFO - Processing /home/airflow/.local/lib/python3.7/site-packages/airflow/example_dags/example_branch_python_dop_operator_3.py took 0.106 seconds
[2023-10-10 12:15:27,317] {processor.py:153} INFO - Started process (PID=1433) to work on /home/airflow/.local/lib/python3.7/site-packages/airflow/example_dags/example_branch_python_dop_operator_3.py
[2023-10-10 12:15:27,321] {processor.py:641} INFO - Processing file /home/airflow/.local/lib/python3.7/site-packages/airflow/example_dags/example_branch_python_dop_operator_3.py for tasks to queue
[2023-10-10 12:15:27,321] {logging_mixin.py:115} INFO - [2023-10-10 12:15:27,321] {dagbag.py:508} INFO - Filling up the DagBag from /home/airflow/.local/lib/python3.7/site-packages/airflow/example_dags/example_branch_python_dop_operator_3.py
[2023-10-10 12:15:27,337] {processor.py:651} INFO - DAG(s) dict_keys(['example_branch_dop_operator_v3']) retrieved from /home/airflow/.local/lib/python3.7/site-packages/airflow/example_dags/example_branch_python_dop_operator_3.py
[2023-10-10 12:15:27,379] {logging_mixin.py:115} INFO - [2023-10-10 12:15:27,379] {dag.py:2420} INFO - Sync 1 DAGs
[2023-10-10 12:15:27,416] {logging_mixin.py:115} INFO - [2023-10-10 12:15:27,416] {dag.py:2972} INFO - Setting next_dagrun for example_branch_dop_operator_v3 to 2023-10-10T12:14:00+00:00, run_after=2023-10-10T12:15:00+00:00
[2023-10-10 12:15:27,429] {processor.py:161} INFO - Processing /home/airflow/.local/lib/python3.7/site-packages/airflow/example_dags/example_branch_python_dop_operator_3.py took 0.117 seconds
[2023-10-10 12:15:58,006] {processor.py:153} INFO - Started process (PID=1488) to work on /home/airflow/.local/lib/python3.7/site-packages/airflow/example_dags/example_branch_python_dop_operator_3.py
[2023-10-10 12:15:58,007] {processor.py:641} INFO - Processing file /home/airflow/.local/lib/python3.7/site-packages/airflow/example_dags/example_branch_python_dop_operator_3.py for tasks to queue
[2023-10-10 12:15:58,008] {logging_mixin.py:115} INFO - [2023-10-10 12:15:58,008] {dagbag.py:508} INFO - Filling up the DagBag from /home/airflow/.local/lib/python3.7/site-packages/airflow/example_dags/example_branch_python_dop_operator_3.py
[2023-10-10 12:15:58,037] {processor.py:651} INFO - DAG(s) dict_keys(['example_branch_dop_operator_v3']) retrieved from /home/airflow/.local/lib/python3.7/site-packages/airflow/example_dags/example_branch_python_dop_operator_3.py
[2023-10-10 12:15:58,116] {logging_mixin.py:115} INFO - [2023-10-10 12:15:58,115] {dag.py:2420} INFO - Sync 1 DAGs
[2023-10-10 12:15:58,152] {logging_mixin.py:115} INFO - [2023-10-10 12:15:58,151] {dag.py:2972} INFO - Setting next_dagrun for example_branch_dop_operator_v3 to 2023-10-10T12:14:00+00:00, run_after=2023-10-10T12:15:00+00:00
[2023-10-10 12:15:58,165] {processor.py:161} INFO - Processing /home/airflow/.local/lib/python3.7/site-packages/airflow/example_dags/example_branch_python_dop_operator_3.py took 0.164 seconds
[2023-10-10 12:16:28,579] {processor.py:153} INFO - Started process (PID=1550) to work on /home/airflow/.local/lib/python3.7/site-packages/airflow/example_dags/example_branch_python_dop_operator_3.py
[2023-10-10 12:16:28,580] {processor.py:641} INFO - Processing file /home/airflow/.local/lib/python3.7/site-packages/airflow/example_dags/example_branch_python_dop_operator_3.py for tasks to queue
[2023-10-10 12:16:28,581] {logging_mixin.py:115} INFO - [2023-10-10 12:16:28,580] {dagbag.py:508} INFO - Filling up the DagBag from /home/airflow/.local/lib/python3.7/site-packages/airflow/example_dags/example_branch_python_dop_operator_3.py
[2023-10-10 12:16:28,599] {processor.py:651} INFO - DAG(s) dict_keys(['example_branch_dop_operator_v3']) retrieved from /home/airflow/.local/lib/python3.7/site-packages/airflow/example_dags/example_branch_python_dop_operator_3.py
[2023-10-10 12:16:28,682] {logging_mixin.py:115} INFO - [2023-10-10 12:16:28,682] {dag.py:2420} INFO - Sync 1 DAGs
[2023-10-10 12:16:28,736] {logging_mixin.py:115} INFO - [2023-10-10 12:16:28,735] {dag.py:2972} INFO - Setting next_dagrun for example_branch_dop_operator_v3 to 2023-10-10T12:15:00+00:00, run_after=2023-10-10T12:16:00+00:00
[2023-10-10 12:16:28,749] {processor.py:161} INFO - Processing /home/airflow/.local/lib/python3.7/site-packages/airflow/example_dags/example_branch_python_dop_operator_3.py took 0.176 seconds
[2023-10-10 12:16:59,017] {processor.py:153} INFO - Started process (PID=1613) to work on /home/airflow/.local/lib/python3.7/site-packages/airflow/example_dags/example_branch_python_dop_operator_3.py
[2023-10-10 12:16:59,018] {processor.py:641} INFO - Processing file /home/airflow/.local/lib/python3.7/site-packages/airflow/example_dags/example_branch_python_dop_operator_3.py for tasks to queue
[2023-10-10 12:16:59,019] {logging_mixin.py:115} INFO - [2023-10-10 12:16:59,018] {dagbag.py:508} INFO - Filling up the DagBag from /home/airflow/.local/lib/python3.7/site-packages/airflow/example_dags/example_branch_python_dop_operator_3.py
[2023-10-10 12:16:59,032] {processor.py:651} INFO - DAG(s) dict_keys(['example_branch_dop_operator_v3']) retrieved from /home/airflow/.local/lib/python3.7/site-packages/airflow/example_dags/example_branch_python_dop_operator_3.py
[2023-10-10 12:16:59,080] {logging_mixin.py:115} INFO - [2023-10-10 12:16:59,080] {dag.py:2420} INFO - Sync 1 DAGs
[2023-10-10 12:16:59,124] {logging_mixin.py:115} INFO - [2023-10-10 12:16:59,123] {dag.py:2972} INFO - Setting next_dagrun for example_branch_dop_operator_v3 to 2023-10-10T12:15:00+00:00, run_after=2023-10-10T12:16:00+00:00
[2023-10-10 12:16:59,156] {processor.py:161} INFO - Processing /home/airflow/.local/lib/python3.7/site-packages/airflow/example_dags/example_branch_python_dop_operator_3.py took 0.151 seconds
[2023-10-10 12:17:30,224] {processor.py:153} INFO - Started process (PID=1666) to work on /home/airflow/.local/lib/python3.7/site-packages/airflow/example_dags/example_branch_python_dop_operator_3.py
[2023-10-10 12:17:30,225] {processor.py:641} INFO - Processing file /home/airflow/.local/lib/python3.7/site-packages/airflow/example_dags/example_branch_python_dop_operator_3.py for tasks to queue
[2023-10-10 12:17:30,226] {logging_mixin.py:115} INFO - [2023-10-10 12:17:30,225] {dagbag.py:508} INFO - Filling up the DagBag from /home/airflow/.local/lib/python3.7/site-packages/airflow/example_dags/example_branch_python_dop_operator_3.py
[2023-10-10 12:17:30,239] {processor.py:651} INFO - DAG(s) dict_keys(['example_branch_dop_operator_v3']) retrieved from /home/airflow/.local/lib/python3.7/site-packages/airflow/example_dags/example_branch_python_dop_operator_3.py
[2023-10-10 12:17:30,284] {logging_mixin.py:115} INFO - [2023-10-10 12:17:30,284] {dag.py:2420} INFO - Sync 1 DAGs
[2023-10-10 12:17:30,324] {logging_mixin.py:115} INFO - [2023-10-10 12:17:30,323] {dag.py:2972} INFO - Setting next_dagrun for example_branch_dop_operator_v3 to 2023-10-10T12:16:00+00:00, run_after=2023-10-10T12:17:00+00:00
[2023-10-10 12:17:30,338] {processor.py:161} INFO - Processing /home/airflow/.local/lib/python3.7/site-packages/airflow/example_dags/example_branch_python_dop_operator_3.py took 0.120 seconds
[2023-10-10 12:18:00,626] {processor.py:153} INFO - Started process (PID=1728) to work on /home/airflow/.local/lib/python3.7/site-packages/airflow/example_dags/example_branch_python_dop_operator_3.py
[2023-10-10 12:18:00,626] {processor.py:641} INFO - Processing file /home/airflow/.local/lib/python3.7/site-packages/airflow/example_dags/example_branch_python_dop_operator_3.py for tasks to queue
[2023-10-10 12:18:00,627] {logging_mixin.py:115} INFO - [2023-10-10 12:18:00,627] {dagbag.py:508} INFO - Filling up the DagBag from /home/airflow/.local/lib/python3.7/site-packages/airflow/example_dags/example_branch_python_dop_operator_3.py
[2023-10-10 12:18:00,641] {processor.py:651} INFO - DAG(s) dict_keys(['example_branch_dop_operator_v3']) retrieved from /home/airflow/.local/lib/python3.7/site-packages/airflow/example_dags/example_branch_python_dop_operator_3.py
[2023-10-10 12:18:00,681] {logging_mixin.py:115} INFO - [2023-10-10 12:18:00,681] {dag.py:2420} INFO - Sync 1 DAGs
[2023-10-10 12:18:00,715] {logging_mixin.py:115} INFO - [2023-10-10 12:18:00,715] {dag.py:2972} INFO - Setting next_dagrun for example_branch_dop_operator_v3 to 2023-10-10T12:17:00+00:00, run_after=2023-10-10T12:18:00+00:00
[2023-10-10 12:18:00,728] {processor.py:161} INFO - Processing /home/airflow/.local/lib/python3.7/site-packages/airflow/example_dags/example_branch_python_dop_operator_3.py took 0.107 seconds
[2023-10-10 12:18:31,823] {processor.py:153} INFO - Started process (PID=1790) to work on /home/airflow/.local/lib/python3.7/site-packages/airflow/example_dags/example_branch_python_dop_operator_3.py
[2023-10-10 12:18:31,824] {processor.py:641} INFO - Processing file /home/airflow/.local/lib/python3.7/site-packages/airflow/example_dags/example_branch_python_dop_operator_3.py for tasks to queue
[2023-10-10 12:18:31,824] {logging_mixin.py:115} INFO - [2023-10-10 12:18:31,824] {dagbag.py:508} INFO - Filling up the DagBag from /home/airflow/.local/lib/python3.7/site-packages/airflow/example_dags/example_branch_python_dop_operator_3.py
[2023-10-10 12:18:31,856] {processor.py:651} INFO - DAG(s) dict_keys(['example_branch_dop_operator_v3']) retrieved from /home/airflow/.local/lib/python3.7/site-packages/airflow/example_dags/example_branch_python_dop_operator_3.py
[2023-10-10 12:18:31,944] {logging_mixin.py:115} INFO - [2023-10-10 12:18:31,943] {dag.py:2420} INFO - Sync 1 DAGs
[2023-10-10 12:18:32,003] {logging_mixin.py:115} INFO - [2023-10-10 12:18:32,003] {dag.py:2972} INFO - Setting next_dagrun for example_branch_dop_operator_v3 to 2023-10-10T12:17:00+00:00, run_after=2023-10-10T12:18:00+00:00
[2023-10-10 12:18:32,036] {processor.py:161} INFO - Processing /home/airflow/.local/lib/python3.7/site-packages/airflow/example_dags/example_branch_python_dop_operator_3.py took 0.218 seconds
[2023-10-10 12:19:02,234] {processor.py:153} INFO - Started process (PID=1843) to work on /home/airflow/.local/lib/python3.7/site-packages/airflow/example_dags/example_branch_python_dop_operator_3.py
[2023-10-10 12:19:02,235] {processor.py:641} INFO - Processing file /home/airflow/.local/lib/python3.7/site-packages/airflow/example_dags/example_branch_python_dop_operator_3.py for tasks to queue
[2023-10-10 12:19:02,236] {logging_mixin.py:115} INFO - [2023-10-10 12:19:02,236] {dagbag.py:508} INFO - Filling up the DagBag from /home/airflow/.local/lib/python3.7/site-packages/airflow/example_dags/example_branch_python_dop_operator_3.py
[2023-10-10 12:19:02,249] {processor.py:651} INFO - DAG(s) dict_keys(['example_branch_dop_operator_v3']) retrieved from /home/airflow/.local/lib/python3.7/site-packages/airflow/example_dags/example_branch_python_dop_operator_3.py
[2023-10-10 12:19:02,287] {logging_mixin.py:115} INFO - [2023-10-10 12:19:02,286] {dag.py:2420} INFO - Sync 1 DAGs
[2023-10-10 12:19:02,320] {logging_mixin.py:115} INFO - [2023-10-10 12:19:02,320] {dag.py:2972} INFO - Setting next_dagrun for example_branch_dop_operator_v3 to 2023-10-10T12:18:00+00:00, run_after=2023-10-10T12:19:00+00:00
[2023-10-10 12:19:02,333] {processor.py:161} INFO - Processing /home/airflow/.local/lib/python3.7/site-packages/airflow/example_dags/example_branch_python_dop_operator_3.py took 0.104 seconds
[2023-10-10 12:19:32,818] {processor.py:153} INFO - Started process (PID=1904) to work on /home/airflow/.local/lib/python3.7/site-packages/airflow/example_dags/example_branch_python_dop_operator_3.py
[2023-10-10 12:19:32,819] {processor.py:641} INFO - Processing file /home/airflow/.local/lib/python3.7/site-packages/airflow/example_dags/example_branch_python_dop_operator_3.py for tasks to queue
[2023-10-10 12:19:32,819] {logging_mixin.py:115} INFO - [2023-10-10 12:19:32,819] {dagbag.py:508} INFO - Filling up the DagBag from /home/airflow/.local/lib/python3.7/site-packages/airflow/example_dags/example_branch_python_dop_operator_3.py
[2023-10-10 12:19:32,837] {processor.py:651} INFO - DAG(s) dict_keys(['example_branch_dop_operator_v3']) retrieved from /home/airflow/.local/lib/python3.7/site-packages/airflow/example_dags/example_branch_python_dop_operator_3.py
[2023-10-10 12:19:32,899] {logging_mixin.py:115} INFO - [2023-10-10 12:19:32,899] {dag.py:2420} INFO - Sync 1 DAGs
[2023-10-10 12:19:32,964] {logging_mixin.py:115} INFO - [2023-10-10 12:19:32,964] {dag.py:2972} INFO - Setting next_dagrun for example_branch_dop_operator_v3 to 2023-10-10T12:18:00+00:00, run_after=2023-10-10T12:19:00+00:00
[2023-10-10 12:19:32,997] {processor.py:161} INFO - Processing /home/airflow/.local/lib/python3.7/site-packages/airflow/example_dags/example_branch_python_dop_operator_3.py took 0.192 seconds
[2023-10-10 12:20:03,515] {processor.py:153} INFO - Started process (PID=1956) to work on /home/airflow/.local/lib/python3.7/site-packages/airflow/example_dags/example_branch_python_dop_operator_3.py
[2023-10-10 12:20:03,516] {processor.py:641} INFO - Processing file /home/airflow/.local/lib/python3.7/site-packages/airflow/example_dags/example_branch_python_dop_operator_3.py for tasks to queue
[2023-10-10 12:20:03,517] {logging_mixin.py:115} INFO - [2023-10-10 12:20:03,517] {dagbag.py:508} INFO - Filling up the DagBag from /home/airflow/.local/lib/python3.7/site-packages/airflow/example_dags/example_branch_python_dop_operator_3.py
[2023-10-10 12:20:03,530] {processor.py:651} INFO - DAG(s) dict_keys(['example_branch_dop_operator_v3']) retrieved from /home/airflow/.local/lib/python3.7/site-packages/airflow/example_dags/example_branch_python_dop_operator_3.py
[2023-10-10 12:20:03,569] {logging_mixin.py:115} INFO - [2023-10-10 12:20:03,568] {dag.py:2420} INFO - Sync 1 DAGs
[2023-10-10 12:20:03,603] {logging_mixin.py:115} INFO - [2023-10-10 12:20:03,602] {dag.py:2972} INFO - Setting next_dagrun for example_branch_dop_operator_v3 to 2023-10-10T12:19:00+00:00, run_after=2023-10-10T12:20:00+00:00
[2023-10-10 12:20:03,614] {processor.py:161} INFO - Processing /home/airflow/.local/lib/python3.7/site-packages/airflow/example_dags/example_branch_python_dop_operator_3.py took 0.104 seconds
[2023-10-10 12:20:33,985] {processor.py:153} INFO - Started process (PID=2017) to work on /home/airflow/.local/lib/python3.7/site-packages/airflow/example_dags/example_branch_python_dop_operator_3.py
[2023-10-10 12:20:33,986] {processor.py:641} INFO - Processing file /home/airflow/.local/lib/python3.7/site-packages/airflow/example_dags/example_branch_python_dop_operator_3.py for tasks to queue
[2023-10-10 12:20:33,987] {logging_mixin.py:115} INFO - [2023-10-10 12:20:33,987] {dagbag.py:508} INFO - Filling up the DagBag from /home/airflow/.local/lib/python3.7/site-packages/airflow/example_dags/example_branch_python_dop_operator_3.py
[2023-10-10 12:20:34,005] {processor.py:651} INFO - DAG(s) dict_keys(['example_branch_dop_operator_v3']) retrieved from /home/airflow/.local/lib/python3.7/site-packages/airflow/example_dags/example_branch_python_dop_operator_3.py
[2023-10-10 12:20:34,046] {logging_mixin.py:115} INFO - [2023-10-10 12:20:34,046] {dag.py:2420} INFO - Sync 1 DAGs
[2023-10-10 12:20:34,081] {logging_mixin.py:115} INFO - [2023-10-10 12:20:34,081] {dag.py:2972} INFO - Setting next_dagrun for example_branch_dop_operator_v3 to 2023-10-10T12:19:00+00:00, run_after=2023-10-10T12:20:00+00:00
[2023-10-10 12:20:34,096] {processor.py:161} INFO - Processing /home/airflow/.local/lib/python3.7/site-packages/airflow/example_dags/example_branch_python_dop_operator_3.py took 0.115 seconds
[2023-10-10 12:21:04,336] {processor.py:153} INFO - Started process (PID=2081) to work on /home/airflow/.local/lib/python3.7/site-packages/airflow/example_dags/example_branch_python_dop_operator_3.py
[2023-10-10 12:21:04,337] {processor.py:641} INFO - Processing file /home/airflow/.local/lib/python3.7/site-packages/airflow/example_dags/example_branch_python_dop_operator_3.py for tasks to queue
[2023-10-10 12:21:04,338] {logging_mixin.py:115} INFO - [2023-10-10 12:21:04,338] {dagbag.py:508} INFO - Filling up the DagBag from /home/airflow/.local/lib/python3.7/site-packages/airflow/example_dags/example_branch_python_dop_operator_3.py
[2023-10-10 12:21:04,360] {processor.py:651} INFO - DAG(s) dict_keys(['example_branch_dop_operator_v3']) retrieved from /home/airflow/.local/lib/python3.7/site-packages/airflow/example_dags/example_branch_python_dop_operator_3.py
[2023-10-10 12:21:04,420] {logging_mixin.py:115} INFO - [2023-10-10 12:21:04,420] {dag.py:2420} INFO - Sync 1 DAGs
[2023-10-10 12:21:04,466] {logging_mixin.py:115} INFO - [2023-10-10 12:21:04,466] {dag.py:2972} INFO - Setting next_dagrun for example_branch_dop_operator_v3 to 2023-10-10T12:20:00+00:00, run_after=2023-10-10T12:21:00+00:00
[2023-10-10 12:21:04,486] {processor.py:161} INFO - Processing /home/airflow/.local/lib/python3.7/site-packages/airflow/example_dags/example_branch_python_dop_operator_3.py took 0.159 seconds
[2023-10-10 12:21:35,129] {processor.py:153} INFO - Started process (PID=2134) to work on /home/airflow/.local/lib/python3.7/site-packages/airflow/example_dags/example_branch_python_dop_operator_3.py
[2023-10-10 12:21:35,130] {processor.py:641} INFO - Processing file /home/airflow/.local/lib/python3.7/site-packages/airflow/example_dags/example_branch_python_dop_operator_3.py for tasks to queue
[2023-10-10 12:21:35,131] {logging_mixin.py:115} INFO - [2023-10-10 12:21:35,131] {dagbag.py:508} INFO - Filling up the DagBag from /home/airflow/.local/lib/python3.7/site-packages/airflow/example_dags/example_branch_python_dop_operator_3.py
[2023-10-10 12:21:35,145] {processor.py:651} INFO - DAG(s) dict_keys(['example_branch_dop_operator_v3']) retrieved from /home/airflow/.local/lib/python3.7/site-packages/airflow/example_dags/example_branch_python_dop_operator_3.py
[2023-10-10 12:21:35,185] {logging_mixin.py:115} INFO - [2023-10-10 12:21:35,185] {dag.py:2420} INFO - Sync 1 DAGs
[2023-10-10 12:21:35,222] {logging_mixin.py:115} INFO - [2023-10-10 12:21:35,222] {dag.py:2972} INFO - Setting next_dagrun for example_branch_dop_operator_v3 to 2023-10-10T12:20:00+00:00, run_after=2023-10-10T12:21:00+00:00
[2023-10-10 12:21:35,235] {processor.py:161} INFO - Processing /home/airflow/.local/lib/python3.7/site-packages/airflow/example_dags/example_branch_python_dop_operator_3.py took 0.111 seconds
[2023-10-10 12:22:05,574] {processor.py:153} INFO - Started process (PID=2196) to work on /home/airflow/.local/lib/python3.7/site-packages/airflow/example_dags/example_branch_python_dop_operator_3.py
[2023-10-10 12:22:05,575] {processor.py:641} INFO - Processing file /home/airflow/.local/lib/python3.7/site-packages/airflow/example_dags/example_branch_python_dop_operator_3.py for tasks to queue
[2023-10-10 12:22:05,576] {logging_mixin.py:115} INFO - [2023-10-10 12:22:05,576] {dagbag.py:508} INFO - Filling up the DagBag from /home/airflow/.local/lib/python3.7/site-packages/airflow/example_dags/example_branch_python_dop_operator_3.py
[2023-10-10 12:22:05,589] {processor.py:651} INFO - DAG(s) dict_keys(['example_branch_dop_operator_v3']) retrieved from /home/airflow/.local/lib/python3.7/site-packages/airflow/example_dags/example_branch_python_dop_operator_3.py
[2023-10-10 12:22:05,636] {logging_mixin.py:115} INFO - [2023-10-10 12:22:05,635] {dag.py:2420} INFO - Sync 1 DAGs
[2023-10-10 12:22:05,676] {logging_mixin.py:115} INFO - [2023-10-10 12:22:05,676] {dag.py:2972} INFO - Setting next_dagrun for example_branch_dop_operator_v3 to 2023-10-10T12:21:00+00:00, run_after=2023-10-10T12:22:00+00:00
[2023-10-10 12:22:05,690] {processor.py:161} INFO - Processing /home/airflow/.local/lib/python3.7/site-packages/airflow/example_dags/example_branch_python_dop_operator_3.py took 0.121 seconds
[2023-10-10 12:22:36,500] {processor.py:153} INFO - Started process (PID=2249) to work on /home/airflow/.local/lib/python3.7/site-packages/airflow/example_dags/example_branch_python_dop_operator_3.py
[2023-10-10 12:22:36,501] {processor.py:641} INFO - Processing file /home/airflow/.local/lib/python3.7/site-packages/airflow/example_dags/example_branch_python_dop_operator_3.py for tasks to queue
[2023-10-10 12:22:36,502] {logging_mixin.py:115} INFO - [2023-10-10 12:22:36,502] {dagbag.py:508} INFO - Filling up the DagBag from /home/airflow/.local/lib/python3.7/site-packages/airflow/example_dags/example_branch_python_dop_operator_3.py
[2023-10-10 12:22:36,515] {processor.py:651} INFO - DAG(s) dict_keys(['example_branch_dop_operator_v3']) retrieved from /home/airflow/.local/lib/python3.7/site-packages/airflow/example_dags/example_branch_python_dop_operator_3.py
[2023-10-10 12:22:36,555] {logging_mixin.py:115} INFO - [2023-10-10 12:22:36,555] {dag.py:2420} INFO - Sync 1 DAGs
[2023-10-10 12:22:36,588] {logging_mixin.py:115} INFO - [2023-10-10 12:22:36,588] {dag.py:2972} INFO - Setting next_dagrun for example_branch_dop_operator_v3 to 2023-10-10T12:21:00+00:00, run_after=2023-10-10T12:22:00+00:00
[2023-10-10 12:22:36,601] {processor.py:161} INFO - Processing /home/airflow/.local/lib/python3.7/site-packages/airflow/example_dags/example_branch_python_dop_operator_3.py took 0.106 seconds
[2023-10-10 12:23:06,767] {processor.py:153} INFO - Started process (PID=2311) to work on /home/airflow/.local/lib/python3.7/site-packages/airflow/example_dags/example_branch_python_dop_operator_3.py
[2023-10-10 12:23:06,768] {processor.py:641} INFO - Processing file /home/airflow/.local/lib/python3.7/site-packages/airflow/example_dags/example_branch_python_dop_operator_3.py for tasks to queue
[2023-10-10 12:23:06,769] {logging_mixin.py:115} INFO - [2023-10-10 12:23:06,769] {dagbag.py:508} INFO - Filling up the DagBag from /home/airflow/.local/lib/python3.7/site-packages/airflow/example_dags/example_branch_python_dop_operator_3.py
[2023-10-10 12:23:06,790] {processor.py:651} INFO - DAG(s) dict_keys(['example_branch_dop_operator_v3']) retrieved from /home/airflow/.local/lib/python3.7/site-packages/airflow/example_dags/example_branch_python_dop_operator_3.py
[2023-10-10 12:23:06,834] {logging_mixin.py:115} INFO - [2023-10-10 12:23:06,833] {dag.py:2420} INFO - Sync 1 DAGs
[2023-10-10 12:23:06,866] {logging_mixin.py:115} INFO - [2023-10-10 12:23:06,866] {dag.py:2972} INFO - Setting next_dagrun for example_branch_dop_operator_v3 to 2023-10-10T12:22:00+00:00, run_after=2023-10-10T12:23:00+00:00
[2023-10-10 12:23:06,879] {processor.py:161} INFO - Processing /home/airflow/.local/lib/python3.7/site-packages/airflow/example_dags/example_branch_python_dop_operator_3.py took 0.117 seconds
[2023-10-10 12:23:37,597] {processor.py:153} INFO - Started process (PID=2373) to work on /home/airflow/.local/lib/python3.7/site-packages/airflow/example_dags/example_branch_python_dop_operator_3.py
[2023-10-10 12:23:37,598] {processor.py:641} INFO - Processing file /home/airflow/.local/lib/python3.7/site-packages/airflow/example_dags/example_branch_python_dop_operator_3.py for tasks to queue
[2023-10-10 12:23:37,599] {logging_mixin.py:115} INFO - [2023-10-10 12:23:37,598] {dagbag.py:508} INFO - Filling up the DagBag from /home/airflow/.local/lib/python3.7/site-packages/airflow/example_dags/example_branch_python_dop_operator_3.py
[2023-10-10 12:23:37,612] {processor.py:651} INFO - DAG(s) dict_keys(['example_branch_dop_operator_v3']) retrieved from /home/airflow/.local/lib/python3.7/site-packages/airflow/example_dags/example_branch_python_dop_operator_3.py
[2023-10-10 12:23:37,653] {logging_mixin.py:115} INFO - [2023-10-10 12:23:37,652] {dag.py:2420} INFO - Sync 1 DAGs
[2023-10-10 12:23:37,687] {logging_mixin.py:115} INFO - [2023-10-10 12:23:37,687] {dag.py:2972} INFO - Setting next_dagrun for example_branch_dop_operator_v3 to 2023-10-10T12:22:00+00:00, run_after=2023-10-10T12:23:00+00:00
[2023-10-10 12:23:37,700] {processor.py:161} INFO - Processing /home/airflow/.local/lib/python3.7/site-packages/airflow/example_dags/example_branch_python_dop_operator_3.py took 0.108 seconds
[2023-10-10 12:24:08,475] {processor.py:153} INFO - Started process (PID=2426) to work on /home/airflow/.local/lib/python3.7/site-packages/airflow/example_dags/example_branch_python_dop_operator_3.py
[2023-10-10 12:24:08,476] {processor.py:641} INFO - Processing file /home/airflow/.local/lib/python3.7/site-packages/airflow/example_dags/example_branch_python_dop_operator_3.py for tasks to queue
[2023-10-10 12:24:08,476] {logging_mixin.py:115} INFO - [2023-10-10 12:24:08,476] {dagbag.py:508} INFO - Filling up the DagBag from /home/airflow/.local/lib/python3.7/site-packages/airflow/example_dags/example_branch_python_dop_operator_3.py
[2023-10-10 12:24:08,491] {processor.py:651} INFO - DAG(s) dict_keys(['example_branch_dop_operator_v3']) retrieved from /home/airflow/.local/lib/python3.7/site-packages/airflow/example_dags/example_branch_python_dop_operator_3.py
[2023-10-10 12:24:08,532] {logging_mixin.py:115} INFO - [2023-10-10 12:24:08,532] {dag.py:2420} INFO - Sync 1 DAGs
[2023-10-10 12:24:08,567] {logging_mixin.py:115} INFO - [2023-10-10 12:24:08,567] {dag.py:2972} INFO - Setting next_dagrun for example_branch_dop_operator_v3 to 2023-10-10T12:23:00+00:00, run_after=2023-10-10T12:24:00+00:00
[2023-10-10 12:24:08,581] {processor.py:161} INFO - Processing /home/airflow/.local/lib/python3.7/site-packages/airflow/example_dags/example_branch_python_dop_operator_3.py took 0.111 seconds
[2023-10-10 12:24:39,176] {processor.py:153} INFO - Started process (PID=2489) to work on /home/airflow/.local/lib/python3.7/site-packages/airflow/example_dags/example_branch_python_dop_operator_3.py
[2023-10-10 12:24:39,177] {processor.py:641} INFO - Processing file /home/airflow/.local/lib/python3.7/site-packages/airflow/example_dags/example_branch_python_dop_operator_3.py for tasks to queue
[2023-10-10 12:24:39,178] {logging_mixin.py:115} INFO - [2023-10-10 12:24:39,178] {dagbag.py:508} INFO - Filling up the DagBag from /home/airflow/.local/lib/python3.7/site-packages/airflow/example_dags/example_branch_python_dop_operator_3.py
[2023-10-10 12:24:39,193] {processor.py:651} INFO - DAG(s) dict_keys(['example_branch_dop_operator_v3']) retrieved from /home/airflow/.local/lib/python3.7/site-packages/airflow/example_dags/example_branch_python_dop_operator_3.py
[2023-10-10 12:24:39,242] {logging_mixin.py:115} INFO - [2023-10-10 12:24:39,242] {dag.py:2420} INFO - Sync 1 DAGs
[2023-10-10 12:24:39,277] {logging_mixin.py:115} INFO - [2023-10-10 12:24:39,276] {dag.py:2972} INFO - Setting next_dagrun for example_branch_dop_operator_v3 to 2023-10-10T12:23:00+00:00, run_after=2023-10-10T12:24:00+00:00
[2023-10-10 12:24:39,292] {processor.py:161} INFO - Processing /home/airflow/.local/lib/python3.7/site-packages/airflow/example_dags/example_branch_python_dop_operator_3.py took 0.120 seconds
[2023-10-10 12:25:09,834] {processor.py:153} INFO - Started process (PID=2551) to work on /home/airflow/.local/lib/python3.7/site-packages/airflow/example_dags/example_branch_python_dop_operator_3.py
[2023-10-10 12:25:09,835] {processor.py:641} INFO - Processing file /home/airflow/.local/lib/python3.7/site-packages/airflow/example_dags/example_branch_python_dop_operator_3.py for tasks to queue
[2023-10-10 12:25:09,836] {logging_mixin.py:115} INFO - [2023-10-10 12:25:09,836] {dagbag.py:508} INFO - Filling up the DagBag from /home/airflow/.local/lib/python3.7/site-packages/airflow/example_dags/example_branch_python_dop_operator_3.py
[2023-10-10 12:25:09,850] {processor.py:651} INFO - DAG(s) dict_keys(['example_branch_dop_operator_v3']) retrieved from /home/airflow/.local/lib/python3.7/site-packages/airflow/example_dags/example_branch_python_dop_operator_3.py
[2023-10-10 12:25:09,893] {logging_mixin.py:115} INFO - [2023-10-10 12:25:09,892] {dag.py:2420} INFO - Sync 1 DAGs
[2023-10-10 12:25:09,926] {logging_mixin.py:115} INFO - [2023-10-10 12:25:09,926] {dag.py:2972} INFO - Setting next_dagrun for example_branch_dop_operator_v3 to 2023-10-10T12:24:00+00:00, run_after=2023-10-10T12:25:00+00:00
[2023-10-10 12:25:09,940] {processor.py:161} INFO - Processing /home/airflow/.local/lib/python3.7/site-packages/airflow/example_dags/example_branch_python_dop_operator_3.py took 0.111 seconds
[2023-10-10 12:25:40,423] {processor.py:153} INFO - Started process (PID=2604) to work on /home/airflow/.local/lib/python3.7/site-packages/airflow/example_dags/example_branch_python_dop_operator_3.py
[2023-10-10 12:25:40,424] {processor.py:641} INFO - Processing file /home/airflow/.local/lib/python3.7/site-packages/airflow/example_dags/example_branch_python_dop_operator_3.py for tasks to queue
[2023-10-10 12:25:40,425] {logging_mixin.py:115} INFO - [2023-10-10 12:25:40,425] {dagbag.py:508} INFO - Filling up the DagBag from /home/airflow/.local/lib/python3.7/site-packages/airflow/example_dags/example_branch_python_dop_operator_3.py
[2023-10-10 12:25:40,458] {processor.py:651} INFO - DAG(s) dict_keys(['example_branch_dop_operator_v3']) retrieved from /home/airflow/.local/lib/python3.7/site-packages/airflow/example_dags/example_branch_python_dop_operator_3.py
[2023-10-10 12:25:40,540] {logging_mixin.py:115} INFO - [2023-10-10 12:25:40,540] {dag.py:2420} INFO - Sync 1 DAGs
[2023-10-10 12:25:40,586] {logging_mixin.py:115} INFO - [2023-10-10 12:25:40,585] {dag.py:2972} INFO - Setting next_dagrun for example_branch_dop_operator_v3 to 2023-10-10T12:24:00+00:00, run_after=2023-10-10T12:25:00+00:00
[2023-10-10 12:25:40,603] {processor.py:161} INFO - Processing /home/airflow/.local/lib/python3.7/site-packages/airflow/example_dags/example_branch_python_dop_operator_3.py took 0.184 seconds
[2023-10-10 12:26:11,084] {processor.py:153} INFO - Started process (PID=2666) to work on /home/airflow/.local/lib/python3.7/site-packages/airflow/example_dags/example_branch_python_dop_operator_3.py
[2023-10-10 12:26:11,085] {processor.py:641} INFO - Processing file /home/airflow/.local/lib/python3.7/site-packages/airflow/example_dags/example_branch_python_dop_operator_3.py for tasks to queue
[2023-10-10 12:26:11,085] {logging_mixin.py:115} INFO - [2023-10-10 12:26:11,085] {dagbag.py:508} INFO - Filling up the DagBag from /home/airflow/.local/lib/python3.7/site-packages/airflow/example_dags/example_branch_python_dop_operator_3.py
[2023-10-10 12:26:11,099] {processor.py:651} INFO - DAG(s) dict_keys(['example_branch_dop_operator_v3']) retrieved from /home/airflow/.local/lib/python3.7/site-packages/airflow/example_dags/example_branch_python_dop_operator_3.py
[2023-10-10 12:26:11,146] {logging_mixin.py:115} INFO - [2023-10-10 12:26:11,146] {dag.py:2420} INFO - Sync 1 DAGs
[2023-10-10 12:26:11,181] {logging_mixin.py:115} INFO - [2023-10-10 12:26:11,180] {dag.py:2972} INFO - Setting next_dagrun for example_branch_dop_operator_v3 to 2023-10-10T12:25:00+00:00, run_after=2023-10-10T12:26:00+00:00
[2023-10-10 12:26:11,194] {processor.py:161} INFO - Processing /home/airflow/.local/lib/python3.7/site-packages/airflow/example_dags/example_branch_python_dop_operator_3.py took 0.115 seconds
[2023-10-10 12:26:41,882] {processor.py:153} INFO - Started process (PID=2728) to work on /home/airflow/.local/lib/python3.7/site-packages/airflow/example_dags/example_branch_python_dop_operator_3.py
[2023-10-10 12:26:41,883] {processor.py:641} INFO - Processing file /home/airflow/.local/lib/python3.7/site-packages/airflow/example_dags/example_branch_python_dop_operator_3.py for tasks to queue
[2023-10-10 12:26:41,884] {logging_mixin.py:115} INFO - [2023-10-10 12:26:41,884] {dagbag.py:508} INFO - Filling up the DagBag from /home/airflow/.local/lib/python3.7/site-packages/airflow/example_dags/example_branch_python_dop_operator_3.py
[2023-10-10 12:26:41,905] {processor.py:651} INFO - DAG(s) dict_keys(['example_branch_dop_operator_v3']) retrieved from /home/airflow/.local/lib/python3.7/site-packages/airflow/example_dags/example_branch_python_dop_operator_3.py
[2023-10-10 12:26:41,964] {logging_mixin.py:115} INFO - [2023-10-10 12:26:41,964] {dag.py:2420} INFO - Sync 1 DAGs
[2023-10-10 12:26:42,027] {logging_mixin.py:115} INFO - [2023-10-10 12:26:42,027] {dag.py:2972} INFO - Setting next_dagrun for example_branch_dop_operator_v3 to 2023-10-10T12:25:00+00:00, run_after=2023-10-10T12:26:00+00:00
[2023-10-10 12:26:42,046] {processor.py:161} INFO - Processing /home/airflow/.local/lib/python3.7/site-packages/airflow/example_dags/example_branch_python_dop_operator_3.py took 0.169 seconds
