[2023-10-10 12:03:40,340] {processor.py:153} INFO - Started process (PID=97) to work on /home/airflow/.local/lib/python3.7/site-packages/airflow/example_dags/example_branch_datetime_operator.py
[2023-10-10 12:03:40,341] {processor.py:641} INFO - Processing file /home/airflow/.local/lib/python3.7/site-packages/airflow/example_dags/example_branch_datetime_operator.py for tasks to queue
[2023-10-10 12:03:40,342] {logging_mixin.py:115} INFO - [2023-10-10 12:03:40,341] {dagbag.py:508} INFO - Filling up the DagBag from /home/airflow/.local/lib/python3.7/site-packages/airflow/example_dags/example_branch_datetime_operator.py
[2023-10-10 12:03:40,376] {processor.py:651} INFO - DAG(s) dict_keys(['example_branch_datetime_operator', 'example_branch_datetime_operator_2']) retrieved from /home/airflow/.local/lib/python3.7/site-packages/airflow/example_dags/example_branch_datetime_operator.py
[2023-10-10 12:03:40,877] {logging_mixin.py:115} INFO - [2023-10-10 12:03:40,877] {manager.py:508} INFO - Created Permission View: can read on DAG:example_branch_datetime_operator
[2023-10-10 12:03:40,976] {logging_mixin.py:115} INFO - [2023-10-10 12:03:40,976] {manager.py:508} INFO - Created Permission View: can edit on DAG:example_branch_datetime_operator
[2023-10-10 12:03:41,000] {logging_mixin.py:115} INFO - [2023-10-10 12:03:41,000] {manager.py:508} INFO - Created Permission View: can delete on DAG:example_branch_datetime_operator
[2023-10-10 12:03:41,137] {logging_mixin.py:115} INFO - [2023-10-10 12:03:41,137] {manager.py:508} INFO - Created Permission View: can read on DAG:example_branch_datetime_operator_2
[2023-10-10 12:03:41,199] {logging_mixin.py:115} INFO - [2023-10-10 12:03:41,198] {manager.py:508} INFO - Created Permission View: can edit on DAG:example_branch_datetime_operator_2
[2023-10-10 12:03:41,317] {logging_mixin.py:115} INFO - [2023-10-10 12:03:41,317] {manager.py:508} INFO - Created Permission View: can delete on DAG:example_branch_datetime_operator_2
[2023-10-10 12:03:41,317] {logging_mixin.py:115} INFO - [2023-10-10 12:03:41,317] {dag.py:2420} INFO - Sync 2 DAGs
[2023-10-10 12:03:41,381] {logging_mixin.py:115} INFO - [2023-10-10 12:03:41,380] {dag.py:2439} INFO - Creating ORM DAG for example_branch_datetime_operator_2
[2023-10-10 12:03:41,381] {logging_mixin.py:115} INFO - [2023-10-10 12:03:41,381] {dag.py:2439} INFO - Creating ORM DAG for example_branch_datetime_operator
[2023-10-10 12:03:41,459] {logging_mixin.py:115} INFO - [2023-10-10 12:03:41,458] {dag.py:2972} INFO - Setting next_dagrun for example_branch_datetime_operator to 2023-10-09T00:00:00+00:00, run_after=2023-10-10T00:00:00+00:00
[2023-10-10 12:03:41,461] {logging_mixin.py:115} INFO - [2023-10-10 12:03:41,461] {dag.py:2972} INFO - Setting next_dagrun for example_branch_datetime_operator_2 to 2023-10-09T00:00:00+00:00, run_after=2023-10-10T00:00:00+00:00
[2023-10-10 12:03:41,599] {processor.py:161} INFO - Processing /home/airflow/.local/lib/python3.7/site-packages/airflow/example_dags/example_branch_datetime_operator.py took 1.263 seconds
[2023-10-10 12:04:12,348] {processor.py:153} INFO - Started process (PID=149) to work on /home/airflow/.local/lib/python3.7/site-packages/airflow/example_dags/example_branch_datetime_operator.py
[2023-10-10 12:04:12,349] {processor.py:641} INFO - Processing file /home/airflow/.local/lib/python3.7/site-packages/airflow/example_dags/example_branch_datetime_operator.py for tasks to queue
[2023-10-10 12:04:12,349] {logging_mixin.py:115} INFO - [2023-10-10 12:04:12,349] {dagbag.py:508} INFO - Filling up the DagBag from /home/airflow/.local/lib/python3.7/site-packages/airflow/example_dags/example_branch_datetime_operator.py
[2023-10-10 12:04:12,362] {processor.py:651} INFO - DAG(s) dict_keys(['example_branch_datetime_operator', 'example_branch_datetime_operator_2']) retrieved from /home/airflow/.local/lib/python3.7/site-packages/airflow/example_dags/example_branch_datetime_operator.py
[2023-10-10 12:04:12,439] {logging_mixin.py:115} INFO - [2023-10-10 12:04:12,439] {dag.py:2420} INFO - Sync 2 DAGs
[2023-10-10 12:04:12,481] {logging_mixin.py:115} INFO - [2023-10-10 12:04:12,481] {dag.py:2972} INFO - Setting next_dagrun for example_branch_datetime_operator to 2023-10-09T00:00:00+00:00, run_after=2023-10-10T00:00:00+00:00
[2023-10-10 12:04:12,482] {logging_mixin.py:115} INFO - [2023-10-10 12:04:12,482] {dag.py:2972} INFO - Setting next_dagrun for example_branch_datetime_operator_2 to 2023-10-09T00:00:00+00:00, run_after=2023-10-10T00:00:00+00:00
[2023-10-10 12:04:12,519] {processor.py:161} INFO - Processing /home/airflow/.local/lib/python3.7/site-packages/airflow/example_dags/example_branch_datetime_operator.py took 0.176 seconds
[2023-10-10 12:04:43,186] {processor.py:153} INFO - Started process (PID=210) to work on /home/airflow/.local/lib/python3.7/site-packages/airflow/example_dags/example_branch_datetime_operator.py
[2023-10-10 12:04:43,187] {processor.py:641} INFO - Processing file /home/airflow/.local/lib/python3.7/site-packages/airflow/example_dags/example_branch_datetime_operator.py for tasks to queue
[2023-10-10 12:04:43,188] {logging_mixin.py:115} INFO - [2023-10-10 12:04:43,187] {dagbag.py:508} INFO - Filling up the DagBag from /home/airflow/.local/lib/python3.7/site-packages/airflow/example_dags/example_branch_datetime_operator.py
[2023-10-10 12:04:43,204] {processor.py:651} INFO - DAG(s) dict_keys(['example_branch_datetime_operator', 'example_branch_datetime_operator_2']) retrieved from /home/airflow/.local/lib/python3.7/site-packages/airflow/example_dags/example_branch_datetime_operator.py
[2023-10-10 12:04:43,280] {logging_mixin.py:115} INFO - [2023-10-10 12:04:43,280] {dag.py:2420} INFO - Sync 2 DAGs
[2023-10-10 12:04:43,321] {logging_mixin.py:115} INFO - [2023-10-10 12:04:43,321] {dag.py:2972} INFO - Setting next_dagrun for example_branch_datetime_operator to 2023-10-09T00:00:00+00:00, run_after=2023-10-10T00:00:00+00:00
[2023-10-10 12:04:43,335] {logging_mixin.py:115} INFO - [2023-10-10 12:04:43,323] {dag.py:2972} INFO - Setting next_dagrun for example_branch_datetime_operator_2 to 2023-10-09T00:00:00+00:00, run_after=2023-10-10T00:00:00+00:00
[2023-10-10 12:04:43,360] {processor.py:161} INFO - Processing /home/airflow/.local/lib/python3.7/site-packages/airflow/example_dags/example_branch_datetime_operator.py took 0.179 seconds
[2023-10-10 12:05:13,950] {processor.py:153} INFO - Started process (PID=262) to work on /home/airflow/.local/lib/python3.7/site-packages/airflow/example_dags/example_branch_datetime_operator.py
[2023-10-10 12:05:13,951] {processor.py:641} INFO - Processing file /home/airflow/.local/lib/python3.7/site-packages/airflow/example_dags/example_branch_datetime_operator.py for tasks to queue
[2023-10-10 12:05:13,952] {logging_mixin.py:115} INFO - [2023-10-10 12:05:13,952] {dagbag.py:508} INFO - Filling up the DagBag from /home/airflow/.local/lib/python3.7/site-packages/airflow/example_dags/example_branch_datetime_operator.py
[2023-10-10 12:05:13,965] {processor.py:651} INFO - DAG(s) dict_keys(['example_branch_datetime_operator', 'example_branch_datetime_operator_2']) retrieved from /home/airflow/.local/lib/python3.7/site-packages/airflow/example_dags/example_branch_datetime_operator.py
[2023-10-10 12:05:14,015] {logging_mixin.py:115} INFO - [2023-10-10 12:05:14,015] {dag.py:2420} INFO - Sync 2 DAGs
[2023-10-10 12:05:14,054] {logging_mixin.py:115} INFO - [2023-10-10 12:05:14,054] {dag.py:2972} INFO - Setting next_dagrun for example_branch_datetime_operator to 2023-10-09T00:00:00+00:00, run_after=2023-10-10T00:00:00+00:00
[2023-10-10 12:05:14,056] {logging_mixin.py:115} INFO - [2023-10-10 12:05:14,056] {dag.py:2972} INFO - Setting next_dagrun for example_branch_datetime_operator_2 to 2023-10-09T00:00:00+00:00, run_after=2023-10-10T00:00:00+00:00
[2023-10-10 12:05:14,071] {processor.py:161} INFO - Processing /home/airflow/.local/lib/python3.7/site-packages/airflow/example_dags/example_branch_datetime_operator.py took 0.126 seconds
[2023-10-10 12:05:44,482] {processor.py:153} INFO - Started process (PID=324) to work on /home/airflow/.local/lib/python3.7/site-packages/airflow/example_dags/example_branch_datetime_operator.py
[2023-10-10 12:05:44,483] {processor.py:641} INFO - Processing file /home/airflow/.local/lib/python3.7/site-packages/airflow/example_dags/example_branch_datetime_operator.py for tasks to queue
[2023-10-10 12:05:44,483] {logging_mixin.py:115} INFO - [2023-10-10 12:05:44,483] {dagbag.py:508} INFO - Filling up the DagBag from /home/airflow/.local/lib/python3.7/site-packages/airflow/example_dags/example_branch_datetime_operator.py
[2023-10-10 12:05:44,504] {processor.py:651} INFO - DAG(s) dict_keys(['example_branch_datetime_operator', 'example_branch_datetime_operator_2']) retrieved from /home/airflow/.local/lib/python3.7/site-packages/airflow/example_dags/example_branch_datetime_operator.py
[2023-10-10 12:05:44,579] {logging_mixin.py:115} INFO - [2023-10-10 12:05:44,579] {dag.py:2420} INFO - Sync 2 DAGs
[2023-10-10 12:05:44,660] {logging_mixin.py:115} INFO - [2023-10-10 12:05:44,660] {dag.py:2972} INFO - Setting next_dagrun for example_branch_datetime_operator to 2023-10-09T00:00:00+00:00, run_after=2023-10-10T00:00:00+00:00
[2023-10-10 12:05:44,662] {logging_mixin.py:115} INFO - [2023-10-10 12:05:44,661] {dag.py:2972} INFO - Setting next_dagrun for example_branch_datetime_operator_2 to 2023-10-09T00:00:00+00:00, run_after=2023-10-10T00:00:00+00:00
[2023-10-10 12:05:44,685] {processor.py:161} INFO - Processing /home/airflow/.local/lib/python3.7/site-packages/airflow/example_dags/example_branch_datetime_operator.py took 0.208 seconds
[2023-10-10 12:06:15,173] {processor.py:153} INFO - Started process (PID=376) to work on /home/airflow/.local/lib/python3.7/site-packages/airflow/example_dags/example_branch_datetime_operator.py
[2023-10-10 12:06:15,176] {processor.py:641} INFO - Processing file /home/airflow/.local/lib/python3.7/site-packages/airflow/example_dags/example_branch_datetime_operator.py for tasks to queue
[2023-10-10 12:06:15,176] {logging_mixin.py:115} INFO - [2023-10-10 12:06:15,176] {dagbag.py:508} INFO - Filling up the DagBag from /home/airflow/.local/lib/python3.7/site-packages/airflow/example_dags/example_branch_datetime_operator.py
[2023-10-10 12:06:15,198] {processor.py:651} INFO - DAG(s) dict_keys(['example_branch_datetime_operator', 'example_branch_datetime_operator_2']) retrieved from /home/airflow/.local/lib/python3.7/site-packages/airflow/example_dags/example_branch_datetime_operator.py
[2023-10-10 12:06:15,262] {logging_mixin.py:115} INFO - [2023-10-10 12:06:15,262] {dag.py:2420} INFO - Sync 2 DAGs
[2023-10-10 12:06:15,315] {logging_mixin.py:115} INFO - [2023-10-10 12:06:15,315] {dag.py:2972} INFO - Setting next_dagrun for example_branch_datetime_operator to 2023-10-09T00:00:00+00:00, run_after=2023-10-10T00:00:00+00:00
[2023-10-10 12:06:15,317] {logging_mixin.py:115} INFO - [2023-10-10 12:06:15,317] {dag.py:2972} INFO - Setting next_dagrun for example_branch_datetime_operator_2 to 2023-10-09T00:00:00+00:00, run_after=2023-10-10T00:00:00+00:00
[2023-10-10 12:06:15,340] {processor.py:161} INFO - Processing /home/airflow/.local/lib/python3.7/site-packages/airflow/example_dags/example_branch_datetime_operator.py took 0.173 seconds
[2023-10-10 12:06:45,488] {processor.py:153} INFO - Started process (PID=438) to work on /home/airflow/.local/lib/python3.7/site-packages/airflow/example_dags/example_branch_datetime_operator.py
[2023-10-10 12:06:45,489] {processor.py:641} INFO - Processing file /home/airflow/.local/lib/python3.7/site-packages/airflow/example_dags/example_branch_datetime_operator.py for tasks to queue
[2023-10-10 12:06:45,489] {logging_mixin.py:115} INFO - [2023-10-10 12:06:45,489] {dagbag.py:508} INFO - Filling up the DagBag from /home/airflow/.local/lib/python3.7/site-packages/airflow/example_dags/example_branch_datetime_operator.py
[2023-10-10 12:06:45,503] {processor.py:651} INFO - DAG(s) dict_keys(['example_branch_datetime_operator', 'example_branch_datetime_operator_2']) retrieved from /home/airflow/.local/lib/python3.7/site-packages/airflow/example_dags/example_branch_datetime_operator.py
[2023-10-10 12:06:45,578] {logging_mixin.py:115} INFO - [2023-10-10 12:06:45,578] {dag.py:2420} INFO - Sync 2 DAGs
[2023-10-10 12:06:45,622] {logging_mixin.py:115} INFO - [2023-10-10 12:06:45,622] {dag.py:2972} INFO - Setting next_dagrun for example_branch_datetime_operator to 2023-10-09T00:00:00+00:00, run_after=2023-10-10T00:00:00+00:00
[2023-10-10 12:06:45,624] {logging_mixin.py:115} INFO - [2023-10-10 12:06:45,624] {dag.py:2972} INFO - Setting next_dagrun for example_branch_datetime_operator_2 to 2023-10-09T00:00:00+00:00, run_after=2023-10-10T00:00:00+00:00
[2023-10-10 12:06:45,643] {processor.py:161} INFO - Processing /home/airflow/.local/lib/python3.7/site-packages/airflow/example_dags/example_branch_datetime_operator.py took 0.160 seconds
[2023-10-10 12:07:15,745] {processor.py:153} INFO - Started process (PID=499) to work on /home/airflow/.local/lib/python3.7/site-packages/airflow/example_dags/example_branch_datetime_operator.py
[2023-10-10 12:07:15,755] {processor.py:641} INFO - Processing file /home/airflow/.local/lib/python3.7/site-packages/airflow/example_dags/example_branch_datetime_operator.py for tasks to queue
[2023-10-10 12:07:15,756] {logging_mixin.py:115} INFO - [2023-10-10 12:07:15,756] {dagbag.py:508} INFO - Filling up the DagBag from /home/airflow/.local/lib/python3.7/site-packages/airflow/example_dags/example_branch_datetime_operator.py
[2023-10-10 12:07:15,776] {processor.py:651} INFO - DAG(s) dict_keys(['example_branch_datetime_operator', 'example_branch_datetime_operator_2']) retrieved from /home/airflow/.local/lib/python3.7/site-packages/airflow/example_dags/example_branch_datetime_operator.py
[2023-10-10 12:07:15,875] {logging_mixin.py:115} INFO - [2023-10-10 12:07:15,875] {dag.py:2420} INFO - Sync 2 DAGs
[2023-10-10 12:07:15,938] {logging_mixin.py:115} INFO - [2023-10-10 12:07:15,937] {dag.py:2972} INFO - Setting next_dagrun for example_branch_datetime_operator to 2023-10-09T00:00:00+00:00, run_after=2023-10-10T00:00:00+00:00
[2023-10-10 12:07:15,939] {logging_mixin.py:115} INFO - [2023-10-10 12:07:15,939] {dag.py:2972} INFO - Setting next_dagrun for example_branch_datetime_operator_2 to 2023-10-09T00:00:00+00:00, run_after=2023-10-10T00:00:00+00:00
[2023-10-10 12:07:15,980] {processor.py:161} INFO - Processing /home/airflow/.local/lib/python3.7/site-packages/airflow/example_dags/example_branch_datetime_operator.py took 0.240 seconds
[2023-10-10 12:07:46,141] {processor.py:153} INFO - Started process (PID=552) to work on /home/airflow/.local/lib/python3.7/site-packages/airflow/example_dags/example_branch_datetime_operator.py
[2023-10-10 12:07:46,142] {processor.py:641} INFO - Processing file /home/airflow/.local/lib/python3.7/site-packages/airflow/example_dags/example_branch_datetime_operator.py for tasks to queue
[2023-10-10 12:07:46,143] {logging_mixin.py:115} INFO - [2023-10-10 12:07:46,143] {dagbag.py:508} INFO - Filling up the DagBag from /home/airflow/.local/lib/python3.7/site-packages/airflow/example_dags/example_branch_datetime_operator.py
[2023-10-10 12:07:46,156] {processor.py:651} INFO - DAG(s) dict_keys(['example_branch_datetime_operator', 'example_branch_datetime_operator_2']) retrieved from /home/airflow/.local/lib/python3.7/site-packages/airflow/example_dags/example_branch_datetime_operator.py
[2023-10-10 12:07:46,200] {logging_mixin.py:115} INFO - [2023-10-10 12:07:46,200] {dag.py:2420} INFO - Sync 2 DAGs
[2023-10-10 12:07:46,231] {logging_mixin.py:115} INFO - [2023-10-10 12:07:46,231] {dag.py:2972} INFO - Setting next_dagrun for example_branch_datetime_operator to 2023-10-09T00:00:00+00:00, run_after=2023-10-10T00:00:00+00:00
[2023-10-10 12:07:46,233] {logging_mixin.py:115} INFO - [2023-10-10 12:07:46,233] {dag.py:2972} INFO - Setting next_dagrun for example_branch_datetime_operator_2 to 2023-10-09T00:00:00+00:00, run_after=2023-10-10T00:00:00+00:00
[2023-10-10 12:07:46,246] {processor.py:161} INFO - Processing /home/airflow/.local/lib/python3.7/site-packages/airflow/example_dags/example_branch_datetime_operator.py took 0.110 seconds
[2023-10-10 12:08:16,599] {processor.py:153} INFO - Started process (PID=612) to work on /home/airflow/.local/lib/python3.7/site-packages/airflow/example_dags/example_branch_datetime_operator.py
[2023-10-10 12:08:16,599] {processor.py:641} INFO - Processing file /home/airflow/.local/lib/python3.7/site-packages/airflow/example_dags/example_branch_datetime_operator.py for tasks to queue
[2023-10-10 12:08:16,600] {logging_mixin.py:115} INFO - [2023-10-10 12:08:16,600] {dagbag.py:508} INFO - Filling up the DagBag from /home/airflow/.local/lib/python3.7/site-packages/airflow/example_dags/example_branch_datetime_operator.py
[2023-10-10 12:08:16,617] {processor.py:651} INFO - DAG(s) dict_keys(['example_branch_datetime_operator', 'example_branch_datetime_operator_2']) retrieved from /home/airflow/.local/lib/python3.7/site-packages/airflow/example_dags/example_branch_datetime_operator.py
[2023-10-10 12:08:16,664] {logging_mixin.py:115} INFO - [2023-10-10 12:08:16,664] {dag.py:2420} INFO - Sync 2 DAGs
[2023-10-10 12:08:16,696] {logging_mixin.py:115} INFO - [2023-10-10 12:08:16,696] {dag.py:2972} INFO - Setting next_dagrun for example_branch_datetime_operator to 2023-10-09T00:00:00+00:00, run_after=2023-10-10T00:00:00+00:00
[2023-10-10 12:08:16,698] {logging_mixin.py:115} INFO - [2023-10-10 12:08:16,698] {dag.py:2972} INFO - Setting next_dagrun for example_branch_datetime_operator_2 to 2023-10-09T00:00:00+00:00, run_after=2023-10-10T00:00:00+00:00
[2023-10-10 12:08:16,713] {processor.py:161} INFO - Processing /home/airflow/.local/lib/python3.7/site-packages/airflow/example_dags/example_branch_datetime_operator.py took 0.119 seconds
[2023-10-10 12:08:47,051] {processor.py:153} INFO - Started process (PID=665) to work on /home/airflow/.local/lib/python3.7/site-packages/airflow/example_dags/example_branch_datetime_operator.py
[2023-10-10 12:08:47,052] {processor.py:641} INFO - Processing file /home/airflow/.local/lib/python3.7/site-packages/airflow/example_dags/example_branch_datetime_operator.py for tasks to queue
[2023-10-10 12:08:47,053] {logging_mixin.py:115} INFO - [2023-10-10 12:08:47,053] {dagbag.py:508} INFO - Filling up the DagBag from /home/airflow/.local/lib/python3.7/site-packages/airflow/example_dags/example_branch_datetime_operator.py
[2023-10-10 12:08:47,065] {processor.py:651} INFO - DAG(s) dict_keys(['example_branch_datetime_operator', 'example_branch_datetime_operator_2']) retrieved from /home/airflow/.local/lib/python3.7/site-packages/airflow/example_dags/example_branch_datetime_operator.py
[2023-10-10 12:08:47,111] {logging_mixin.py:115} INFO - [2023-10-10 12:08:47,111] {dag.py:2420} INFO - Sync 2 DAGs
[2023-10-10 12:08:47,141] {logging_mixin.py:115} INFO - [2023-10-10 12:08:47,141] {dag.py:2972} INFO - Setting next_dagrun for example_branch_datetime_operator to 2023-10-09T00:00:00+00:00, run_after=2023-10-10T00:00:00+00:00
[2023-10-10 12:08:47,143] {logging_mixin.py:115} INFO - [2023-10-10 12:08:47,143] {dag.py:2972} INFO - Setting next_dagrun for example_branch_datetime_operator_2 to 2023-10-09T00:00:00+00:00, run_after=2023-10-10T00:00:00+00:00
[2023-10-10 12:08:47,156] {processor.py:161} INFO - Processing /home/airflow/.local/lib/python3.7/site-packages/airflow/example_dags/example_branch_datetime_operator.py took 0.110 seconds
[2023-10-10 12:09:17,576] {processor.py:153} INFO - Started process (PID=727) to work on /home/airflow/.local/lib/python3.7/site-packages/airflow/example_dags/example_branch_datetime_operator.py
[2023-10-10 12:09:17,577] {processor.py:641} INFO - Processing file /home/airflow/.local/lib/python3.7/site-packages/airflow/example_dags/example_branch_datetime_operator.py for tasks to queue
[2023-10-10 12:09:17,578] {logging_mixin.py:115} INFO - [2023-10-10 12:09:17,578] {dagbag.py:508} INFO - Filling up the DagBag from /home/airflow/.local/lib/python3.7/site-packages/airflow/example_dags/example_branch_datetime_operator.py
[2023-10-10 12:09:17,590] {processor.py:651} INFO - DAG(s) dict_keys(['example_branch_datetime_operator', 'example_branch_datetime_operator_2']) retrieved from /home/airflow/.local/lib/python3.7/site-packages/airflow/example_dags/example_branch_datetime_operator.py
[2023-10-10 12:09:17,636] {logging_mixin.py:115} INFO - [2023-10-10 12:09:17,636] {dag.py:2420} INFO - Sync 2 DAGs
[2023-10-10 12:09:17,665] {logging_mixin.py:115} INFO - [2023-10-10 12:09:17,665] {dag.py:2972} INFO - Setting next_dagrun for example_branch_datetime_operator to 2023-10-09T00:00:00+00:00, run_after=2023-10-10T00:00:00+00:00
[2023-10-10 12:09:17,667] {logging_mixin.py:115} INFO - [2023-10-10 12:09:17,667] {dag.py:2972} INFO - Setting next_dagrun for example_branch_datetime_operator_2 to 2023-10-09T00:00:00+00:00, run_after=2023-10-10T00:00:00+00:00
[2023-10-10 12:09:17,682] {processor.py:161} INFO - Processing /home/airflow/.local/lib/python3.7/site-packages/airflow/example_dags/example_branch_datetime_operator.py took 0.111 seconds
[2023-10-10 12:09:48,284] {processor.py:153} INFO - Started process (PID=789) to work on /home/airflow/.local/lib/python3.7/site-packages/airflow/example_dags/example_branch_datetime_operator.py
[2023-10-10 12:09:48,285] {processor.py:641} INFO - Processing file /home/airflow/.local/lib/python3.7/site-packages/airflow/example_dags/example_branch_datetime_operator.py for tasks to queue
[2023-10-10 12:09:48,286] {logging_mixin.py:115} INFO - [2023-10-10 12:09:48,286] {dagbag.py:508} INFO - Filling up the DagBag from /home/airflow/.local/lib/python3.7/site-packages/airflow/example_dags/example_branch_datetime_operator.py
[2023-10-10 12:09:48,298] {processor.py:651} INFO - DAG(s) dict_keys(['example_branch_datetime_operator', 'example_branch_datetime_operator_2']) retrieved from /home/airflow/.local/lib/python3.7/site-packages/airflow/example_dags/example_branch_datetime_operator.py
[2023-10-10 12:09:48,347] {logging_mixin.py:115} INFO - [2023-10-10 12:09:48,347] {dag.py:2420} INFO - Sync 2 DAGs
[2023-10-10 12:09:48,383] {logging_mixin.py:115} INFO - [2023-10-10 12:09:48,383] {dag.py:2972} INFO - Setting next_dagrun for example_branch_datetime_operator to 2023-10-09T00:00:00+00:00, run_after=2023-10-10T00:00:00+00:00
[2023-10-10 12:09:48,385] {logging_mixin.py:115} INFO - [2023-10-10 12:09:48,385] {dag.py:2972} INFO - Setting next_dagrun for example_branch_datetime_operator_2 to 2023-10-09T00:00:00+00:00, run_after=2023-10-10T00:00:00+00:00
[2023-10-10 12:09:48,401] {processor.py:161} INFO - Processing /home/airflow/.local/lib/python3.7/site-packages/airflow/example_dags/example_branch_datetime_operator.py took 0.121 seconds
[2023-10-10 12:10:18,666] {processor.py:153} INFO - Started process (PID=841) to work on /home/airflow/.local/lib/python3.7/site-packages/airflow/example_dags/example_branch_datetime_operator.py
[2023-10-10 12:10:18,667] {processor.py:641} INFO - Processing file /home/airflow/.local/lib/python3.7/site-packages/airflow/example_dags/example_branch_datetime_operator.py for tasks to queue
[2023-10-10 12:10:18,667] {logging_mixin.py:115} INFO - [2023-10-10 12:10:18,667] {dagbag.py:508} INFO - Filling up the DagBag from /home/airflow/.local/lib/python3.7/site-packages/airflow/example_dags/example_branch_datetime_operator.py
[2023-10-10 12:10:18,683] {processor.py:651} INFO - DAG(s) dict_keys(['example_branch_datetime_operator', 'example_branch_datetime_operator_2']) retrieved from /home/airflow/.local/lib/python3.7/site-packages/airflow/example_dags/example_branch_datetime_operator.py
[2023-10-10 12:10:18,759] {logging_mixin.py:115} INFO - [2023-10-10 12:10:18,759] {dag.py:2420} INFO - Sync 2 DAGs
[2023-10-10 12:10:18,860] {logging_mixin.py:115} INFO - [2023-10-10 12:10:18,859] {dag.py:2972} INFO - Setting next_dagrun for example_branch_datetime_operator to 2023-10-09T00:00:00+00:00, run_after=2023-10-10T00:00:00+00:00
[2023-10-10 12:10:18,862] {logging_mixin.py:115} INFO - [2023-10-10 12:10:18,862] {dag.py:2972} INFO - Setting next_dagrun for example_branch_datetime_operator_2 to 2023-10-09T00:00:00+00:00, run_after=2023-10-10T00:00:00+00:00
[2023-10-10 12:10:18,903] {processor.py:161} INFO - Processing /home/airflow/.local/lib/python3.7/site-packages/airflow/example_dags/example_branch_datetime_operator.py took 0.242 seconds
[2023-10-10 12:10:49,524] {processor.py:153} INFO - Started process (PID=903) to work on /home/airflow/.local/lib/python3.7/site-packages/airflow/example_dags/example_branch_datetime_operator.py
[2023-10-10 12:10:49,525] {processor.py:641} INFO - Processing file /home/airflow/.local/lib/python3.7/site-packages/airflow/example_dags/example_branch_datetime_operator.py for tasks to queue
[2023-10-10 12:10:49,526] {logging_mixin.py:115} INFO - [2023-10-10 12:10:49,526] {dagbag.py:508} INFO - Filling up the DagBag from /home/airflow/.local/lib/python3.7/site-packages/airflow/example_dags/example_branch_datetime_operator.py
[2023-10-10 12:10:49,538] {processor.py:651} INFO - DAG(s) dict_keys(['example_branch_datetime_operator', 'example_branch_datetime_operator_2']) retrieved from /home/airflow/.local/lib/python3.7/site-packages/airflow/example_dags/example_branch_datetime_operator.py
[2023-10-10 12:10:49,582] {logging_mixin.py:115} INFO - [2023-10-10 12:10:49,582] {dag.py:2420} INFO - Sync 2 DAGs
[2023-10-10 12:10:49,613] {logging_mixin.py:115} INFO - [2023-10-10 12:10:49,613] {dag.py:2972} INFO - Setting next_dagrun for example_branch_datetime_operator to 2023-10-09T00:00:00+00:00, run_after=2023-10-10T00:00:00+00:00
[2023-10-10 12:10:49,615] {logging_mixin.py:115} INFO - [2023-10-10 12:10:49,615] {dag.py:2972} INFO - Setting next_dagrun for example_branch_datetime_operator_2 to 2023-10-09T00:00:00+00:00, run_after=2023-10-10T00:00:00+00:00
[2023-10-10 12:10:49,629] {processor.py:161} INFO - Processing /home/airflow/.local/lib/python3.7/site-packages/airflow/example_dags/example_branch_datetime_operator.py took 0.110 seconds
[2023-10-10 12:11:20,199] {processor.py:153} INFO - Started process (PID=964) to work on /home/airflow/.local/lib/python3.7/site-packages/airflow/example_dags/example_branch_datetime_operator.py
[2023-10-10 12:11:20,200] {processor.py:641} INFO - Processing file /home/airflow/.local/lib/python3.7/site-packages/airflow/example_dags/example_branch_datetime_operator.py for tasks to queue
[2023-10-10 12:11:20,201] {logging_mixin.py:115} INFO - [2023-10-10 12:11:20,201] {dagbag.py:508} INFO - Filling up the DagBag from /home/airflow/.local/lib/python3.7/site-packages/airflow/example_dags/example_branch_datetime_operator.py
[2023-10-10 12:11:20,226] {processor.py:651} INFO - DAG(s) dict_keys(['example_branch_datetime_operator', 'example_branch_datetime_operator_2']) retrieved from /home/airflow/.local/lib/python3.7/site-packages/airflow/example_dags/example_branch_datetime_operator.py
[2023-10-10 12:11:20,339] {logging_mixin.py:115} INFO - [2023-10-10 12:11:20,339] {dag.py:2420} INFO - Sync 2 DAGs
[2023-10-10 12:11:20,409] {logging_mixin.py:115} INFO - [2023-10-10 12:11:20,409] {dag.py:2972} INFO - Setting next_dagrun for example_branch_datetime_operator to 2023-10-09T00:00:00+00:00, run_after=2023-10-10T00:00:00+00:00
[2023-10-10 12:11:20,411] {logging_mixin.py:115} INFO - [2023-10-10 12:11:20,411] {dag.py:2972} INFO - Setting next_dagrun for example_branch_datetime_operator_2 to 2023-10-09T00:00:00+00:00, run_after=2023-10-10T00:00:00+00:00
[2023-10-10 12:11:20,440] {processor.py:161} INFO - Processing /home/airflow/.local/lib/python3.7/site-packages/airflow/example_dags/example_branch_datetime_operator.py took 0.250 seconds
[2023-10-10 12:11:50,628] {processor.py:153} INFO - Started process (PID=1016) to work on /home/airflow/.local/lib/python3.7/site-packages/airflow/example_dags/example_branch_datetime_operator.py
[2023-10-10 12:11:50,629] {processor.py:641} INFO - Processing file /home/airflow/.local/lib/python3.7/site-packages/airflow/example_dags/example_branch_datetime_operator.py for tasks to queue
[2023-10-10 12:11:50,629] {logging_mixin.py:115} INFO - [2023-10-10 12:11:50,629] {dagbag.py:508} INFO - Filling up the DagBag from /home/airflow/.local/lib/python3.7/site-packages/airflow/example_dags/example_branch_datetime_operator.py
[2023-10-10 12:11:50,642] {processor.py:651} INFO - DAG(s) dict_keys(['example_branch_datetime_operator', 'example_branch_datetime_operator_2']) retrieved from /home/airflow/.local/lib/python3.7/site-packages/airflow/example_dags/example_branch_datetime_operator.py
[2023-10-10 12:11:50,684] {logging_mixin.py:115} INFO - [2023-10-10 12:11:50,684] {dag.py:2420} INFO - Sync 2 DAGs
[2023-10-10 12:11:50,713] {logging_mixin.py:115} INFO - [2023-10-10 12:11:50,713] {dag.py:2972} INFO - Setting next_dagrun for example_branch_datetime_operator to 2023-10-09T00:00:00+00:00, run_after=2023-10-10T00:00:00+00:00
[2023-10-10 12:11:50,715] {logging_mixin.py:115} INFO - [2023-10-10 12:11:50,715] {dag.py:2972} INFO - Setting next_dagrun for example_branch_datetime_operator_2 to 2023-10-09T00:00:00+00:00, run_after=2023-10-10T00:00:00+00:00
[2023-10-10 12:11:50,727] {processor.py:161} INFO - Processing /home/airflow/.local/lib/python3.7/site-packages/airflow/example_dags/example_branch_datetime_operator.py took 0.105 seconds
[2023-10-10 12:12:21,040] {processor.py:153} INFO - Started process (PID=1077) to work on /home/airflow/.local/lib/python3.7/site-packages/airflow/example_dags/example_branch_datetime_operator.py
[2023-10-10 12:12:21,041] {processor.py:641} INFO - Processing file /home/airflow/.local/lib/python3.7/site-packages/airflow/example_dags/example_branch_datetime_operator.py for tasks to queue
[2023-10-10 12:12:21,041] {logging_mixin.py:115} INFO - [2023-10-10 12:12:21,041] {dagbag.py:508} INFO - Filling up the DagBag from /home/airflow/.local/lib/python3.7/site-packages/airflow/example_dags/example_branch_datetime_operator.py
[2023-10-10 12:12:21,062] {processor.py:651} INFO - DAG(s) dict_keys(['example_branch_datetime_operator', 'example_branch_datetime_operator_2']) retrieved from /home/airflow/.local/lib/python3.7/site-packages/airflow/example_dags/example_branch_datetime_operator.py
[2023-10-10 12:12:21,111] {logging_mixin.py:115} INFO - [2023-10-10 12:12:21,111] {dag.py:2420} INFO - Sync 2 DAGs
[2023-10-10 12:12:21,146] {logging_mixin.py:115} INFO - [2023-10-10 12:12:21,145] {dag.py:2972} INFO - Setting next_dagrun for example_branch_datetime_operator to 2023-10-09T00:00:00+00:00, run_after=2023-10-10T00:00:00+00:00
[2023-10-10 12:12:21,147] {logging_mixin.py:115} INFO - [2023-10-10 12:12:21,147] {dag.py:2972} INFO - Setting next_dagrun for example_branch_datetime_operator_2 to 2023-10-09T00:00:00+00:00, run_after=2023-10-10T00:00:00+00:00
[2023-10-10 12:12:21,163] {processor.py:161} INFO - Processing /home/airflow/.local/lib/python3.7/site-packages/airflow/example_dags/example_branch_datetime_operator.py took 0.129 seconds
[2023-10-10 12:12:51,767] {processor.py:153} INFO - Started process (PID=1129) to work on /home/airflow/.local/lib/python3.7/site-packages/airflow/example_dags/example_branch_datetime_operator.py
[2023-10-10 12:12:51,768] {processor.py:641} INFO - Processing file /home/airflow/.local/lib/python3.7/site-packages/airflow/example_dags/example_branch_datetime_operator.py for tasks to queue
[2023-10-10 12:12:51,769] {logging_mixin.py:115} INFO - [2023-10-10 12:12:51,769] {dagbag.py:508} INFO - Filling up the DagBag from /home/airflow/.local/lib/python3.7/site-packages/airflow/example_dags/example_branch_datetime_operator.py
[2023-10-10 12:12:51,781] {processor.py:651} INFO - DAG(s) dict_keys(['example_branch_datetime_operator', 'example_branch_datetime_operator_2']) retrieved from /home/airflow/.local/lib/python3.7/site-packages/airflow/example_dags/example_branch_datetime_operator.py
[2023-10-10 12:12:51,825] {logging_mixin.py:115} INFO - [2023-10-10 12:12:51,825] {dag.py:2420} INFO - Sync 2 DAGs
[2023-10-10 12:12:51,856] {logging_mixin.py:115} INFO - [2023-10-10 12:12:51,855] {dag.py:2972} INFO - Setting next_dagrun for example_branch_datetime_operator to 2023-10-09T00:00:00+00:00, run_after=2023-10-10T00:00:00+00:00
[2023-10-10 12:12:51,857] {logging_mixin.py:115} INFO - [2023-10-10 12:12:51,857] {dag.py:2972} INFO - Setting next_dagrun for example_branch_datetime_operator_2 to 2023-10-09T00:00:00+00:00, run_after=2023-10-10T00:00:00+00:00
[2023-10-10 12:12:51,870] {processor.py:161} INFO - Processing /home/airflow/.local/lib/python3.7/site-packages/airflow/example_dags/example_branch_datetime_operator.py took 0.108 seconds
[2023-10-10 12:13:22,417] {processor.py:153} INFO - Started process (PID=1190) to work on /home/airflow/.local/lib/python3.7/site-packages/airflow/example_dags/example_branch_datetime_operator.py
[2023-10-10 12:13:22,418] {processor.py:641} INFO - Processing file /home/airflow/.local/lib/python3.7/site-packages/airflow/example_dags/example_branch_datetime_operator.py for tasks to queue
[2023-10-10 12:13:22,419] {logging_mixin.py:115} INFO - [2023-10-10 12:13:22,419] {dagbag.py:508} INFO - Filling up the DagBag from /home/airflow/.local/lib/python3.7/site-packages/airflow/example_dags/example_branch_datetime_operator.py
[2023-10-10 12:13:22,431] {processor.py:651} INFO - DAG(s) dict_keys(['example_branch_datetime_operator', 'example_branch_datetime_operator_2']) retrieved from /home/airflow/.local/lib/python3.7/site-packages/airflow/example_dags/example_branch_datetime_operator.py
[2023-10-10 12:13:22,483] {logging_mixin.py:115} INFO - [2023-10-10 12:13:22,482] {dag.py:2420} INFO - Sync 2 DAGs
[2023-10-10 12:13:22,523] {logging_mixin.py:115} INFO - [2023-10-10 12:13:22,523] {dag.py:2972} INFO - Setting next_dagrun for example_branch_datetime_operator to 2023-10-09T00:00:00+00:00, run_after=2023-10-10T00:00:00+00:00
[2023-10-10 12:13:22,525] {logging_mixin.py:115} INFO - [2023-10-10 12:13:22,524] {dag.py:2972} INFO - Setting next_dagrun for example_branch_datetime_operator_2 to 2023-10-09T00:00:00+00:00, run_after=2023-10-10T00:00:00+00:00
[2023-10-10 12:13:22,542] {processor.py:161} INFO - Processing /home/airflow/.local/lib/python3.7/site-packages/airflow/example_dags/example_branch_datetime_operator.py took 0.130 seconds
[2023-10-10 12:13:53,058] {processor.py:153} INFO - Started process (PID=1252) to work on /home/airflow/.local/lib/python3.7/site-packages/airflow/example_dags/example_branch_datetime_operator.py
[2023-10-10 12:13:53,059] {processor.py:641} INFO - Processing file /home/airflow/.local/lib/python3.7/site-packages/airflow/example_dags/example_branch_datetime_operator.py for tasks to queue
[2023-10-10 12:13:53,060] {logging_mixin.py:115} INFO - [2023-10-10 12:13:53,060] {dagbag.py:508} INFO - Filling up the DagBag from /home/airflow/.local/lib/python3.7/site-packages/airflow/example_dags/example_branch_datetime_operator.py
[2023-10-10 12:13:53,076] {processor.py:651} INFO - DAG(s) dict_keys(['example_branch_datetime_operator', 'example_branch_datetime_operator_2']) retrieved from /home/airflow/.local/lib/python3.7/site-packages/airflow/example_dags/example_branch_datetime_operator.py
[2023-10-10 12:13:53,123] {logging_mixin.py:115} INFO - [2023-10-10 12:13:53,122] {dag.py:2420} INFO - Sync 2 DAGs
[2023-10-10 12:13:53,156] {logging_mixin.py:115} INFO - [2023-10-10 12:13:53,156] {dag.py:2972} INFO - Setting next_dagrun for example_branch_datetime_operator to 2023-10-09T00:00:00+00:00, run_after=2023-10-10T00:00:00+00:00
[2023-10-10 12:13:53,158] {logging_mixin.py:115} INFO - [2023-10-10 12:13:53,158] {dag.py:2972} INFO - Setting next_dagrun for example_branch_datetime_operator_2 to 2023-10-09T00:00:00+00:00, run_after=2023-10-10T00:00:00+00:00
[2023-10-10 12:13:53,170] {processor.py:161} INFO - Processing /home/airflow/.local/lib/python3.7/site-packages/airflow/example_dags/example_branch_datetime_operator.py took 0.118 seconds
[2023-10-10 12:14:23,346] {processor.py:153} INFO - Started process (PID=1305) to work on /home/airflow/.local/lib/python3.7/site-packages/airflow/example_dags/example_branch_datetime_operator.py
[2023-10-10 12:14:23,347] {processor.py:641} INFO - Processing file /home/airflow/.local/lib/python3.7/site-packages/airflow/example_dags/example_branch_datetime_operator.py for tasks to queue
[2023-10-10 12:14:23,348] {logging_mixin.py:115} INFO - [2023-10-10 12:14:23,348] {dagbag.py:508} INFO - Filling up the DagBag from /home/airflow/.local/lib/python3.7/site-packages/airflow/example_dags/example_branch_datetime_operator.py
[2023-10-10 12:14:23,359] {processor.py:651} INFO - DAG(s) dict_keys(['example_branch_datetime_operator', 'example_branch_datetime_operator_2']) retrieved from /home/airflow/.local/lib/python3.7/site-packages/airflow/example_dags/example_branch_datetime_operator.py
[2023-10-10 12:14:23,405] {logging_mixin.py:115} INFO - [2023-10-10 12:14:23,405] {dag.py:2420} INFO - Sync 2 DAGs
[2023-10-10 12:14:23,440] {logging_mixin.py:115} INFO - [2023-10-10 12:14:23,440] {dag.py:2972} INFO - Setting next_dagrun for example_branch_datetime_operator to 2023-10-09T00:00:00+00:00, run_after=2023-10-10T00:00:00+00:00
[2023-10-10 12:14:23,442] {logging_mixin.py:115} INFO - [2023-10-10 12:14:23,442] {dag.py:2972} INFO - Setting next_dagrun for example_branch_datetime_operator_2 to 2023-10-09T00:00:00+00:00, run_after=2023-10-10T00:00:00+00:00
[2023-10-10 12:14:23,460] {processor.py:161} INFO - Processing /home/airflow/.local/lib/python3.7/site-packages/airflow/example_dags/example_branch_datetime_operator.py took 0.119 seconds
[2023-10-10 12:14:55,626] {processor.py:153} INFO - Started process (PID=1367) to work on /home/airflow/.local/lib/python3.7/site-packages/airflow/example_dags/example_branch_datetime_operator.py
[2023-10-10 12:14:55,630] {processor.py:641} INFO - Processing file /home/airflow/.local/lib/python3.7/site-packages/airflow/example_dags/example_branch_datetime_operator.py for tasks to queue
[2023-10-10 12:14:55,630] {logging_mixin.py:115} INFO - [2023-10-10 12:14:55,630] {dagbag.py:508} INFO - Filling up the DagBag from /home/airflow/.local/lib/python3.7/site-packages/airflow/example_dags/example_branch_datetime_operator.py
[2023-10-10 12:14:55,642] {processor.py:651} INFO - DAG(s) dict_keys(['example_branch_datetime_operator', 'example_branch_datetime_operator_2']) retrieved from /home/airflow/.local/lib/python3.7/site-packages/airflow/example_dags/example_branch_datetime_operator.py
[2023-10-10 12:14:55,692] {logging_mixin.py:115} INFO - [2023-10-10 12:14:55,692] {dag.py:2420} INFO - Sync 2 DAGs
[2023-10-10 12:14:55,723] {logging_mixin.py:115} INFO - [2023-10-10 12:14:55,723] {dag.py:2972} INFO - Setting next_dagrun for example_branch_datetime_operator to 2023-10-09T00:00:00+00:00, run_after=2023-10-10T00:00:00+00:00
[2023-10-10 12:14:55,725] {logging_mixin.py:115} INFO - [2023-10-10 12:14:55,725] {dag.py:2972} INFO - Setting next_dagrun for example_branch_datetime_operator_2 to 2023-10-09T00:00:00+00:00, run_after=2023-10-10T00:00:00+00:00
[2023-10-10 12:14:56,316] {processor.py:161} INFO - Processing /home/airflow/.local/lib/python3.7/site-packages/airflow/example_dags/example_branch_datetime_operator.py took 0.695 seconds
[2023-10-10 12:15:27,180] {processor.py:153} INFO - Started process (PID=1432) to work on /home/airflow/.local/lib/python3.7/site-packages/airflow/example_dags/example_branch_datetime_operator.py
[2023-10-10 12:15:27,181] {processor.py:641} INFO - Processing file /home/airflow/.local/lib/python3.7/site-packages/airflow/example_dags/example_branch_datetime_operator.py for tasks to queue
[2023-10-10 12:15:27,181] {logging_mixin.py:115} INFO - [2023-10-10 12:15:27,181] {dagbag.py:508} INFO - Filling up the DagBag from /home/airflow/.local/lib/python3.7/site-packages/airflow/example_dags/example_branch_datetime_operator.py
[2023-10-10 12:15:27,193] {processor.py:651} INFO - DAG(s) dict_keys(['example_branch_datetime_operator', 'example_branch_datetime_operator_2']) retrieved from /home/airflow/.local/lib/python3.7/site-packages/airflow/example_dags/example_branch_datetime_operator.py
[2023-10-10 12:15:27,237] {logging_mixin.py:115} INFO - [2023-10-10 12:15:27,237] {dag.py:2420} INFO - Sync 2 DAGs
[2023-10-10 12:15:27,268] {logging_mixin.py:115} INFO - [2023-10-10 12:15:27,268] {dag.py:2972} INFO - Setting next_dagrun for example_branch_datetime_operator to 2023-10-09T00:00:00+00:00, run_after=2023-10-10T00:00:00+00:00
[2023-10-10 12:15:27,270] {logging_mixin.py:115} INFO - [2023-10-10 12:15:27,270] {dag.py:2972} INFO - Setting next_dagrun for example_branch_datetime_operator_2 to 2023-10-09T00:00:00+00:00, run_after=2023-10-10T00:00:00+00:00
[2023-10-10 12:15:27,283] {processor.py:161} INFO - Processing /home/airflow/.local/lib/python3.7/site-packages/airflow/example_dags/example_branch_datetime_operator.py took 0.108 seconds
[2023-10-10 12:15:57,831] {processor.py:153} INFO - Started process (PID=1487) to work on /home/airflow/.local/lib/python3.7/site-packages/airflow/example_dags/example_branch_datetime_operator.py
[2023-10-10 12:15:57,832] {processor.py:641} INFO - Processing file /home/airflow/.local/lib/python3.7/site-packages/airflow/example_dags/example_branch_datetime_operator.py for tasks to queue
[2023-10-10 12:15:57,833] {logging_mixin.py:115} INFO - [2023-10-10 12:15:57,833] {dagbag.py:508} INFO - Filling up the DagBag from /home/airflow/.local/lib/python3.7/site-packages/airflow/example_dags/example_branch_datetime_operator.py
[2023-10-10 12:15:57,845] {processor.py:651} INFO - DAG(s) dict_keys(['example_branch_datetime_operator', 'example_branch_datetime_operator_2']) retrieved from /home/airflow/.local/lib/python3.7/site-packages/airflow/example_dags/example_branch_datetime_operator.py
[2023-10-10 12:15:57,895] {logging_mixin.py:115} INFO - [2023-10-10 12:15:57,895] {dag.py:2420} INFO - Sync 2 DAGs
[2023-10-10 12:15:57,947] {logging_mixin.py:115} INFO - [2023-10-10 12:15:57,947] {dag.py:2972} INFO - Setting next_dagrun for example_branch_datetime_operator to 2023-10-09T00:00:00+00:00, run_after=2023-10-10T00:00:00+00:00
[2023-10-10 12:15:57,949] {logging_mixin.py:115} INFO - [2023-10-10 12:15:57,949] {dag.py:2972} INFO - Setting next_dagrun for example_branch_datetime_operator_2 to 2023-10-09T00:00:00+00:00, run_after=2023-10-10T00:00:00+00:00
[2023-10-10 12:15:57,966] {processor.py:161} INFO - Processing /home/airflow/.local/lib/python3.7/site-packages/airflow/example_dags/example_branch_datetime_operator.py took 0.140 seconds
[2023-10-10 12:16:28,433] {processor.py:153} INFO - Started process (PID=1549) to work on /home/airflow/.local/lib/python3.7/site-packages/airflow/example_dags/example_branch_datetime_operator.py
[2023-10-10 12:16:28,434] {processor.py:641} INFO - Processing file /home/airflow/.local/lib/python3.7/site-packages/airflow/example_dags/example_branch_datetime_operator.py for tasks to queue
[2023-10-10 12:16:28,434] {logging_mixin.py:115} INFO - [2023-10-10 12:16:28,434] {dagbag.py:508} INFO - Filling up the DagBag from /home/airflow/.local/lib/python3.7/site-packages/airflow/example_dags/example_branch_datetime_operator.py
[2023-10-10 12:16:28,450] {processor.py:651} INFO - DAG(s) dict_keys(['example_branch_datetime_operator', 'example_branch_datetime_operator_2']) retrieved from /home/airflow/.local/lib/python3.7/site-packages/airflow/example_dags/example_branch_datetime_operator.py
[2023-10-10 12:16:28,501] {logging_mixin.py:115} INFO - [2023-10-10 12:16:28,501] {dag.py:2420} INFO - Sync 2 DAGs
[2023-10-10 12:16:28,539] {logging_mixin.py:115} INFO - [2023-10-10 12:16:28,539] {dag.py:2972} INFO - Setting next_dagrun for example_branch_datetime_operator to 2023-10-09T00:00:00+00:00, run_after=2023-10-10T00:00:00+00:00
[2023-10-10 12:16:28,541] {logging_mixin.py:115} INFO - [2023-10-10 12:16:28,541] {dag.py:2972} INFO - Setting next_dagrun for example_branch_datetime_operator_2 to 2023-10-09T00:00:00+00:00, run_after=2023-10-10T00:00:00+00:00
[2023-10-10 12:16:28,561] {processor.py:161} INFO - Processing /home/airflow/.local/lib/python3.7/site-packages/airflow/example_dags/example_branch_datetime_operator.py took 0.133 seconds
[2023-10-10 12:16:58,717] {processor.py:153} INFO - Started process (PID=1612) to work on /home/airflow/.local/lib/python3.7/site-packages/airflow/example_dags/example_branch_datetime_operator.py
[2023-10-10 12:16:58,718] {processor.py:641} INFO - Processing file /home/airflow/.local/lib/python3.7/site-packages/airflow/example_dags/example_branch_datetime_operator.py for tasks to queue
[2023-10-10 12:16:58,719] {logging_mixin.py:115} INFO - [2023-10-10 12:16:58,719] {dagbag.py:508} INFO - Filling up the DagBag from /home/airflow/.local/lib/python3.7/site-packages/airflow/example_dags/example_branch_datetime_operator.py
[2023-10-10 12:16:58,744] {processor.py:651} INFO - DAG(s) dict_keys(['example_branch_datetime_operator', 'example_branch_datetime_operator_2']) retrieved from /home/airflow/.local/lib/python3.7/site-packages/airflow/example_dags/example_branch_datetime_operator.py
[2023-10-10 12:16:58,862] {logging_mixin.py:115} INFO - [2023-10-10 12:16:58,862] {dag.py:2420} INFO - Sync 2 DAGs
[2023-10-10 12:16:58,942] {logging_mixin.py:115} INFO - [2023-10-10 12:16:58,941] {dag.py:2972} INFO - Setting next_dagrun for example_branch_datetime_operator to 2023-10-09T00:00:00+00:00, run_after=2023-10-10T00:00:00+00:00
[2023-10-10 12:16:58,956] {logging_mixin.py:115} INFO - [2023-10-10 12:16:58,956] {dag.py:2972} INFO - Setting next_dagrun for example_branch_datetime_operator_2 to 2023-10-09T00:00:00+00:00, run_after=2023-10-10T00:00:00+00:00
[2023-10-10 12:16:59,002] {processor.py:161} INFO - Processing /home/airflow/.local/lib/python3.7/site-packages/airflow/example_dags/example_branch_datetime_operator.py took 0.298 seconds
[2023-10-10 12:17:29,916] {processor.py:153} INFO - Started process (PID=1665) to work on /home/airflow/.local/lib/python3.7/site-packages/airflow/example_dags/example_branch_datetime_operator.py
[2023-10-10 12:17:29,918] {processor.py:641} INFO - Processing file /home/airflow/.local/lib/python3.7/site-packages/airflow/example_dags/example_branch_datetime_operator.py for tasks to queue
[2023-10-10 12:17:29,919] {logging_mixin.py:115} INFO - [2023-10-10 12:17:29,919] {dagbag.py:508} INFO - Filling up the DagBag from /home/airflow/.local/lib/python3.7/site-packages/airflow/example_dags/example_branch_datetime_operator.py
[2023-10-10 12:17:29,942] {processor.py:651} INFO - DAG(s) dict_keys(['example_branch_datetime_operator', 'example_branch_datetime_operator_2']) retrieved from /home/airflow/.local/lib/python3.7/site-packages/airflow/example_dags/example_branch_datetime_operator.py
[2023-10-10 12:17:30,044] {logging_mixin.py:115} INFO - [2023-10-10 12:17:30,044] {dag.py:2420} INFO - Sync 2 DAGs
[2023-10-10 12:17:30,140] {logging_mixin.py:115} INFO - [2023-10-10 12:17:30,140] {dag.py:2972} INFO - Setting next_dagrun for example_branch_datetime_operator to 2023-10-09T00:00:00+00:00, run_after=2023-10-10T00:00:00+00:00
[2023-10-10 12:17:30,142] {logging_mixin.py:115} INFO - [2023-10-10 12:17:30,142] {dag.py:2972} INFO - Setting next_dagrun for example_branch_datetime_operator_2 to 2023-10-09T00:00:00+00:00, run_after=2023-10-10T00:00:00+00:00
[2023-10-10 12:17:30,177] {processor.py:161} INFO - Processing /home/airflow/.local/lib/python3.7/site-packages/airflow/example_dags/example_branch_datetime_operator.py took 0.274 seconds
[2023-10-10 12:18:00,493] {processor.py:153} INFO - Started process (PID=1727) to work on /home/airflow/.local/lib/python3.7/site-packages/airflow/example_dags/example_branch_datetime_operator.py
[2023-10-10 12:18:00,494] {processor.py:641} INFO - Processing file /home/airflow/.local/lib/python3.7/site-packages/airflow/example_dags/example_branch_datetime_operator.py for tasks to queue
[2023-10-10 12:18:00,495] {logging_mixin.py:115} INFO - [2023-10-10 12:18:00,494] {dagbag.py:508} INFO - Filling up the DagBag from /home/airflow/.local/lib/python3.7/site-packages/airflow/example_dags/example_branch_datetime_operator.py
[2023-10-10 12:18:00,507] {processor.py:651} INFO - DAG(s) dict_keys(['example_branch_datetime_operator', 'example_branch_datetime_operator_2']) retrieved from /home/airflow/.local/lib/python3.7/site-packages/airflow/example_dags/example_branch_datetime_operator.py
[2023-10-10 12:18:00,550] {logging_mixin.py:115} INFO - [2023-10-10 12:18:00,550] {dag.py:2420} INFO - Sync 2 DAGs
[2023-10-10 12:18:00,579] {logging_mixin.py:115} INFO - [2023-10-10 12:18:00,579] {dag.py:2972} INFO - Setting next_dagrun for example_branch_datetime_operator to 2023-10-09T00:00:00+00:00, run_after=2023-10-10T00:00:00+00:00
[2023-10-10 12:18:00,581] {logging_mixin.py:115} INFO - [2023-10-10 12:18:00,581] {dag.py:2972} INFO - Setting next_dagrun for example_branch_datetime_operator_2 to 2023-10-09T00:00:00+00:00, run_after=2023-10-10T00:00:00+00:00
[2023-10-10 12:18:00,593] {processor.py:161} INFO - Processing /home/airflow/.local/lib/python3.7/site-packages/airflow/example_dags/example_branch_datetime_operator.py took 0.105 seconds
[2023-10-10 12:18:31,516] {processor.py:153} INFO - Started process (PID=1789) to work on /home/airflow/.local/lib/python3.7/site-packages/airflow/example_dags/example_branch_datetime_operator.py
[2023-10-10 12:18:31,517] {processor.py:641} INFO - Processing file /home/airflow/.local/lib/python3.7/site-packages/airflow/example_dags/example_branch_datetime_operator.py for tasks to queue
[2023-10-10 12:18:31,518] {logging_mixin.py:115} INFO - [2023-10-10 12:18:31,518] {dagbag.py:508} INFO - Filling up the DagBag from /home/airflow/.local/lib/python3.7/site-packages/airflow/example_dags/example_branch_datetime_operator.py
[2023-10-10 12:18:31,539] {processor.py:651} INFO - DAG(s) dict_keys(['example_branch_datetime_operator', 'example_branch_datetime_operator_2']) retrieved from /home/airflow/.local/lib/python3.7/site-packages/airflow/example_dags/example_branch_datetime_operator.py
[2023-10-10 12:18:31,658] {logging_mixin.py:115} INFO - [2023-10-10 12:18:31,658] {dag.py:2420} INFO - Sync 2 DAGs
[2023-10-10 12:18:31,738] {logging_mixin.py:115} INFO - [2023-10-10 12:18:31,738] {dag.py:2972} INFO - Setting next_dagrun for example_branch_datetime_operator to 2023-10-09T00:00:00+00:00, run_after=2023-10-10T00:00:00+00:00
[2023-10-10 12:18:31,740] {logging_mixin.py:115} INFO - [2023-10-10 12:18:31,740] {dag.py:2972} INFO - Setting next_dagrun for example_branch_datetime_operator_2 to 2023-10-09T00:00:00+00:00, run_after=2023-10-10T00:00:00+00:00
[2023-10-10 12:18:31,762] {processor.py:161} INFO - Processing /home/airflow/.local/lib/python3.7/site-packages/airflow/example_dags/example_branch_datetime_operator.py took 0.260 seconds
[2023-10-10 12:19:02,074] {processor.py:153} INFO - Started process (PID=1842) to work on /home/airflow/.local/lib/python3.7/site-packages/airflow/example_dags/example_branch_datetime_operator.py
[2023-10-10 12:19:02,075] {processor.py:641} INFO - Processing file /home/airflow/.local/lib/python3.7/site-packages/airflow/example_dags/example_branch_datetime_operator.py for tasks to queue
[2023-10-10 12:19:02,076] {logging_mixin.py:115} INFO - [2023-10-10 12:19:02,076] {dagbag.py:508} INFO - Filling up the DagBag from /home/airflow/.local/lib/python3.7/site-packages/airflow/example_dags/example_branch_datetime_operator.py
[2023-10-10 12:19:02,089] {processor.py:651} INFO - DAG(s) dict_keys(['example_branch_datetime_operator', 'example_branch_datetime_operator_2']) retrieved from /home/airflow/.local/lib/python3.7/site-packages/airflow/example_dags/example_branch_datetime_operator.py
[2023-10-10 12:19:02,139] {logging_mixin.py:115} INFO - [2023-10-10 12:19:02,139] {dag.py:2420} INFO - Sync 2 DAGs
[2023-10-10 12:19:02,182] {logging_mixin.py:115} INFO - [2023-10-10 12:19:02,182] {dag.py:2972} INFO - Setting next_dagrun for example_branch_datetime_operator to 2023-10-09T00:00:00+00:00, run_after=2023-10-10T00:00:00+00:00
[2023-10-10 12:19:02,184] {logging_mixin.py:115} INFO - [2023-10-10 12:19:02,184] {dag.py:2972} INFO - Setting next_dagrun for example_branch_datetime_operator_2 to 2023-10-09T00:00:00+00:00, run_after=2023-10-10T00:00:00+00:00
[2023-10-10 12:19:02,203] {processor.py:161} INFO - Processing /home/airflow/.local/lib/python3.7/site-packages/airflow/example_dags/example_branch_datetime_operator.py took 0.134 seconds
[2023-10-10 12:19:32,627] {processor.py:153} INFO - Started process (PID=1903) to work on /home/airflow/.local/lib/python3.7/site-packages/airflow/example_dags/example_branch_datetime_operator.py
[2023-10-10 12:19:32,628] {processor.py:641} INFO - Processing file /home/airflow/.local/lib/python3.7/site-packages/airflow/example_dags/example_branch_datetime_operator.py for tasks to queue
[2023-10-10 12:19:32,629] {logging_mixin.py:115} INFO - [2023-10-10 12:19:32,629] {dagbag.py:508} INFO - Filling up the DagBag from /home/airflow/.local/lib/python3.7/site-packages/airflow/example_dags/example_branch_datetime_operator.py
[2023-10-10 12:19:32,646] {processor.py:651} INFO - DAG(s) dict_keys(['example_branch_datetime_operator', 'example_branch_datetime_operator_2']) retrieved from /home/airflow/.local/lib/python3.7/site-packages/airflow/example_dags/example_branch_datetime_operator.py
[2023-10-10 12:19:32,718] {logging_mixin.py:115} INFO - [2023-10-10 12:19:32,717] {dag.py:2420} INFO - Sync 2 DAGs
[2023-10-10 12:19:32,759] {logging_mixin.py:115} INFO - [2023-10-10 12:19:32,759] {dag.py:2972} INFO - Setting next_dagrun for example_branch_datetime_operator to 2023-10-09T00:00:00+00:00, run_after=2023-10-10T00:00:00+00:00
[2023-10-10 12:19:32,761] {logging_mixin.py:115} INFO - [2023-10-10 12:19:32,761] {dag.py:2972} INFO - Setting next_dagrun for example_branch_datetime_operator_2 to 2023-10-09T00:00:00+00:00, run_after=2023-10-10T00:00:00+00:00
[2023-10-10 12:19:32,781] {processor.py:161} INFO - Processing /home/airflow/.local/lib/python3.7/site-packages/airflow/example_dags/example_branch_datetime_operator.py took 0.159 seconds
[2023-10-10 12:20:03,384] {processor.py:153} INFO - Started process (PID=1955) to work on /home/airflow/.local/lib/python3.7/site-packages/airflow/example_dags/example_branch_datetime_operator.py
[2023-10-10 12:20:03,385] {processor.py:641} INFO - Processing file /home/airflow/.local/lib/python3.7/site-packages/airflow/example_dags/example_branch_datetime_operator.py for tasks to queue
[2023-10-10 12:20:03,385] {logging_mixin.py:115} INFO - [2023-10-10 12:20:03,385] {dagbag.py:508} INFO - Filling up the DagBag from /home/airflow/.local/lib/python3.7/site-packages/airflow/example_dags/example_branch_datetime_operator.py
[2023-10-10 12:20:03,397] {processor.py:651} INFO - DAG(s) dict_keys(['example_branch_datetime_operator', 'example_branch_datetime_operator_2']) retrieved from /home/airflow/.local/lib/python3.7/site-packages/airflow/example_dags/example_branch_datetime_operator.py
[2023-10-10 12:20:03,442] {logging_mixin.py:115} INFO - [2023-10-10 12:20:03,442] {dag.py:2420} INFO - Sync 2 DAGs
[2023-10-10 12:20:03,473] {logging_mixin.py:115} INFO - [2023-10-10 12:20:03,473] {dag.py:2972} INFO - Setting next_dagrun for example_branch_datetime_operator to 2023-10-09T00:00:00+00:00, run_after=2023-10-10T00:00:00+00:00
[2023-10-10 12:20:03,475] {logging_mixin.py:115} INFO - [2023-10-10 12:20:03,475] {dag.py:2972} INFO - Setting next_dagrun for example_branch_datetime_operator_2 to 2023-10-09T00:00:00+00:00, run_after=2023-10-10T00:00:00+00:00
[2023-10-10 12:20:03,488] {processor.py:161} INFO - Processing /home/airflow/.local/lib/python3.7/site-packages/airflow/example_dags/example_branch_datetime_operator.py took 0.110 seconds
[2023-10-10 12:20:33,847] {processor.py:153} INFO - Started process (PID=2016) to work on /home/airflow/.local/lib/python3.7/site-packages/airflow/example_dags/example_branch_datetime_operator.py
[2023-10-10 12:20:33,848] {processor.py:641} INFO - Processing file /home/airflow/.local/lib/python3.7/site-packages/airflow/example_dags/example_branch_datetime_operator.py for tasks to queue
[2023-10-10 12:20:33,848] {logging_mixin.py:115} INFO - [2023-10-10 12:20:33,848] {dagbag.py:508} INFO - Filling up the DagBag from /home/airflow/.local/lib/python3.7/site-packages/airflow/example_dags/example_branch_datetime_operator.py
[2023-10-10 12:20:33,866] {processor.py:651} INFO - DAG(s) dict_keys(['example_branch_datetime_operator', 'example_branch_datetime_operator_2']) retrieved from /home/airflow/.local/lib/python3.7/site-packages/airflow/example_dags/example_branch_datetime_operator.py
[2023-10-10 12:20:33,914] {logging_mixin.py:115} INFO - [2023-10-10 12:20:33,914] {dag.py:2420} INFO - Sync 2 DAGs
[2023-10-10 12:20:33,950] {logging_mixin.py:115} INFO - [2023-10-10 12:20:33,950] {dag.py:2972} INFO - Setting next_dagrun for example_branch_datetime_operator to 2023-10-09T00:00:00+00:00, run_after=2023-10-10T00:00:00+00:00
[2023-10-10 12:20:33,952] {logging_mixin.py:115} INFO - [2023-10-10 12:20:33,952] {dag.py:2972} INFO - Setting next_dagrun for example_branch_datetime_operator_2 to 2023-10-09T00:00:00+00:00, run_after=2023-10-10T00:00:00+00:00
[2023-10-10 12:20:33,966] {processor.py:161} INFO - Processing /home/airflow/.local/lib/python3.7/site-packages/airflow/example_dags/example_branch_datetime_operator.py took 0.125 seconds
[2023-10-10 12:21:04,151] {processor.py:153} INFO - Started process (PID=2080) to work on /home/airflow/.local/lib/python3.7/site-packages/airflow/example_dags/example_branch_datetime_operator.py
[2023-10-10 12:21:04,155] {processor.py:641} INFO - Processing file /home/airflow/.local/lib/python3.7/site-packages/airflow/example_dags/example_branch_datetime_operator.py for tasks to queue
[2023-10-10 12:21:04,156] {logging_mixin.py:115} INFO - [2023-10-10 12:21:04,156] {dagbag.py:508} INFO - Filling up the DagBag from /home/airflow/.local/lib/python3.7/site-packages/airflow/example_dags/example_branch_datetime_operator.py
[2023-10-10 12:21:04,176] {processor.py:651} INFO - DAG(s) dict_keys(['example_branch_datetime_operator', 'example_branch_datetime_operator_2']) retrieved from /home/airflow/.local/lib/python3.7/site-packages/airflow/example_dags/example_branch_datetime_operator.py
[2023-10-10 12:21:04,244] {logging_mixin.py:115} INFO - [2023-10-10 12:21:04,244] {dag.py:2420} INFO - Sync 2 DAGs
[2023-10-10 12:21:04,295] {logging_mixin.py:115} INFO - [2023-10-10 12:21:04,295] {dag.py:2972} INFO - Setting next_dagrun for example_branch_datetime_operator to 2023-10-09T00:00:00+00:00, run_after=2023-10-10T00:00:00+00:00
[2023-10-10 12:21:04,297] {logging_mixin.py:115} INFO - [2023-10-10 12:21:04,297] {dag.py:2972} INFO - Setting next_dagrun for example_branch_datetime_operator_2 to 2023-10-09T00:00:00+00:00, run_after=2023-10-10T00:00:00+00:00
[2023-10-10 12:21:04,320] {processor.py:161} INFO - Processing /home/airflow/.local/lib/python3.7/site-packages/airflow/example_dags/example_branch_datetime_operator.py took 0.175 seconds
[2023-10-10 12:21:34,991] {processor.py:153} INFO - Started process (PID=2133) to work on /home/airflow/.local/lib/python3.7/site-packages/airflow/example_dags/example_branch_datetime_operator.py
[2023-10-10 12:21:34,992] {processor.py:641} INFO - Processing file /home/airflow/.local/lib/python3.7/site-packages/airflow/example_dags/example_branch_datetime_operator.py for tasks to queue
[2023-10-10 12:21:34,993] {logging_mixin.py:115} INFO - [2023-10-10 12:21:34,992] {dagbag.py:508} INFO - Filling up the DagBag from /home/airflow/.local/lib/python3.7/site-packages/airflow/example_dags/example_branch_datetime_operator.py
[2023-10-10 12:21:35,005] {processor.py:651} INFO - DAG(s) dict_keys(['example_branch_datetime_operator', 'example_branch_datetime_operator_2']) retrieved from /home/airflow/.local/lib/python3.7/site-packages/airflow/example_dags/example_branch_datetime_operator.py
[2023-10-10 12:21:35,050] {logging_mixin.py:115} INFO - [2023-10-10 12:21:35,049] {dag.py:2420} INFO - Sync 2 DAGs
[2023-10-10 12:21:35,079] {logging_mixin.py:115} INFO - [2023-10-10 12:21:35,079] {dag.py:2972} INFO - Setting next_dagrun for example_branch_datetime_operator to 2023-10-09T00:00:00+00:00, run_after=2023-10-10T00:00:00+00:00
[2023-10-10 12:21:35,081] {logging_mixin.py:115} INFO - [2023-10-10 12:21:35,081] {dag.py:2972} INFO - Setting next_dagrun for example_branch_datetime_operator_2 to 2023-10-09T00:00:00+00:00, run_after=2023-10-10T00:00:00+00:00
[2023-10-10 12:21:35,094] {processor.py:161} INFO - Processing /home/airflow/.local/lib/python3.7/site-packages/airflow/example_dags/example_branch_datetime_operator.py took 0.109 seconds
[2023-10-10 12:22:05,437] {processor.py:153} INFO - Started process (PID=2195) to work on /home/airflow/.local/lib/python3.7/site-packages/airflow/example_dags/example_branch_datetime_operator.py
[2023-10-10 12:22:05,438] {processor.py:641} INFO - Processing file /home/airflow/.local/lib/python3.7/site-packages/airflow/example_dags/example_branch_datetime_operator.py for tasks to queue
[2023-10-10 12:22:05,439] {logging_mixin.py:115} INFO - [2023-10-10 12:22:05,439] {dagbag.py:508} INFO - Filling up the DagBag from /home/airflow/.local/lib/python3.7/site-packages/airflow/example_dags/example_branch_datetime_operator.py
[2023-10-10 12:22:05,453] {processor.py:651} INFO - DAG(s) dict_keys(['example_branch_datetime_operator', 'example_branch_datetime_operator_2']) retrieved from /home/airflow/.local/lib/python3.7/site-packages/airflow/example_dags/example_branch_datetime_operator.py
[2023-10-10 12:22:05,505] {logging_mixin.py:115} INFO - [2023-10-10 12:22:05,505] {dag.py:2420} INFO - Sync 2 DAGs
[2023-10-10 12:22:05,538] {logging_mixin.py:115} INFO - [2023-10-10 12:22:05,538] {dag.py:2972} INFO - Setting next_dagrun for example_branch_datetime_operator to 2023-10-09T00:00:00+00:00, run_after=2023-10-10T00:00:00+00:00
[2023-10-10 12:22:05,540] {logging_mixin.py:115} INFO - [2023-10-10 12:22:05,540] {dag.py:2972} INFO - Setting next_dagrun for example_branch_datetime_operator_2 to 2023-10-09T00:00:00+00:00, run_after=2023-10-10T00:00:00+00:00
[2023-10-10 12:22:05,556] {processor.py:161} INFO - Processing /home/airflow/.local/lib/python3.7/site-packages/airflow/example_dags/example_branch_datetime_operator.py took 0.128 seconds
[2023-10-10 12:22:36,362] {processor.py:153} INFO - Started process (PID=2248) to work on /home/airflow/.local/lib/python3.7/site-packages/airflow/example_dags/example_branch_datetime_operator.py
[2023-10-10 12:22:36,363] {processor.py:641} INFO - Processing file /home/airflow/.local/lib/python3.7/site-packages/airflow/example_dags/example_branch_datetime_operator.py for tasks to queue
[2023-10-10 12:22:36,364] {logging_mixin.py:115} INFO - [2023-10-10 12:22:36,363] {dagbag.py:508} INFO - Filling up the DagBag from /home/airflow/.local/lib/python3.7/site-packages/airflow/example_dags/example_branch_datetime_operator.py
[2023-10-10 12:22:36,377] {processor.py:651} INFO - DAG(s) dict_keys(['example_branch_datetime_operator', 'example_branch_datetime_operator_2']) retrieved from /home/airflow/.local/lib/python3.7/site-packages/airflow/example_dags/example_branch_datetime_operator.py
[2023-10-10 12:22:36,426] {logging_mixin.py:115} INFO - [2023-10-10 12:22:36,426] {dag.py:2420} INFO - Sync 2 DAGs
[2023-10-10 12:22:36,457] {logging_mixin.py:115} INFO - [2023-10-10 12:22:36,457] {dag.py:2972} INFO - Setting next_dagrun for example_branch_datetime_operator to 2023-10-09T00:00:00+00:00, run_after=2023-10-10T00:00:00+00:00
[2023-10-10 12:22:36,459] {logging_mixin.py:115} INFO - [2023-10-10 12:22:36,459] {dag.py:2972} INFO - Setting next_dagrun for example_branch_datetime_operator_2 to 2023-10-09T00:00:00+00:00, run_after=2023-10-10T00:00:00+00:00
[2023-10-10 12:22:36,476] {processor.py:161} INFO - Processing /home/airflow/.local/lib/python3.7/site-packages/airflow/example_dags/example_branch_datetime_operator.py took 0.120 seconds
[2023-10-10 12:23:06,575] {processor.py:153} INFO - Started process (PID=2310) to work on /home/airflow/.local/lib/python3.7/site-packages/airflow/example_dags/example_branch_datetime_operator.py
[2023-10-10 12:23:06,576] {processor.py:641} INFO - Processing file /home/airflow/.local/lib/python3.7/site-packages/airflow/example_dags/example_branch_datetime_operator.py for tasks to queue
[2023-10-10 12:23:06,577] {logging_mixin.py:115} INFO - [2023-10-10 12:23:06,577] {dagbag.py:508} INFO - Filling up the DagBag from /home/airflow/.local/lib/python3.7/site-packages/airflow/example_dags/example_branch_datetime_operator.py
[2023-10-10 12:23:06,598] {processor.py:651} INFO - DAG(s) dict_keys(['example_branch_datetime_operator', 'example_branch_datetime_operator_2']) retrieved from /home/airflow/.local/lib/python3.7/site-packages/airflow/example_dags/example_branch_datetime_operator.py
[2023-10-10 12:23:06,657] {logging_mixin.py:115} INFO - [2023-10-10 12:23:06,657] {dag.py:2420} INFO - Sync 2 DAGs
[2023-10-10 12:23:06,699] {logging_mixin.py:115} INFO - [2023-10-10 12:23:06,698] {dag.py:2972} INFO - Setting next_dagrun for example_branch_datetime_operator to 2023-10-09T00:00:00+00:00, run_after=2023-10-10T00:00:00+00:00
[2023-10-10 12:23:06,700] {logging_mixin.py:115} INFO - [2023-10-10 12:23:06,700] {dag.py:2972} INFO - Setting next_dagrun for example_branch_datetime_operator_2 to 2023-10-09T00:00:00+00:00, run_after=2023-10-10T00:00:00+00:00
[2023-10-10 12:23:06,721] {processor.py:161} INFO - Processing /home/airflow/.local/lib/python3.7/site-packages/airflow/example_dags/example_branch_datetime_operator.py took 0.151 seconds
[2023-10-10 12:23:37,456] {processor.py:153} INFO - Started process (PID=2372) to work on /home/airflow/.local/lib/python3.7/site-packages/airflow/example_dags/example_branch_datetime_operator.py
[2023-10-10 12:23:37,457] {processor.py:641} INFO - Processing file /home/airflow/.local/lib/python3.7/site-packages/airflow/example_dags/example_branch_datetime_operator.py for tasks to queue
[2023-10-10 12:23:37,457] {logging_mixin.py:115} INFO - [2023-10-10 12:23:37,457] {dagbag.py:508} INFO - Filling up the DagBag from /home/airflow/.local/lib/python3.7/site-packages/airflow/example_dags/example_branch_datetime_operator.py
[2023-10-10 12:23:37,471] {processor.py:651} INFO - DAG(s) dict_keys(['example_branch_datetime_operator', 'example_branch_datetime_operator_2']) retrieved from /home/airflow/.local/lib/python3.7/site-packages/airflow/example_dags/example_branch_datetime_operator.py
[2023-10-10 12:23:37,519] {logging_mixin.py:115} INFO - [2023-10-10 12:23:37,519] {dag.py:2420} INFO - Sync 2 DAGs
[2023-10-10 12:23:37,550] {logging_mixin.py:115} INFO - [2023-10-10 12:23:37,550] {dag.py:2972} INFO - Setting next_dagrun for example_branch_datetime_operator to 2023-10-09T00:00:00+00:00, run_after=2023-10-10T00:00:00+00:00
[2023-10-10 12:23:37,552] {logging_mixin.py:115} INFO - [2023-10-10 12:23:37,552] {dag.py:2972} INFO - Setting next_dagrun for example_branch_datetime_operator_2 to 2023-10-09T00:00:00+00:00, run_after=2023-10-10T00:00:00+00:00
[2023-10-10 12:23:37,566] {processor.py:161} INFO - Processing /home/airflow/.local/lib/python3.7/site-packages/airflow/example_dags/example_branch_datetime_operator.py took 0.115 seconds
[2023-10-10 12:24:08,334] {processor.py:153} INFO - Started process (PID=2425) to work on /home/airflow/.local/lib/python3.7/site-packages/airflow/example_dags/example_branch_datetime_operator.py
[2023-10-10 12:24:08,335] {processor.py:641} INFO - Processing file /home/airflow/.local/lib/python3.7/site-packages/airflow/example_dags/example_branch_datetime_operator.py for tasks to queue
[2023-10-10 12:24:08,336] {logging_mixin.py:115} INFO - [2023-10-10 12:24:08,336] {dagbag.py:508} INFO - Filling up the DagBag from /home/airflow/.local/lib/python3.7/site-packages/airflow/example_dags/example_branch_datetime_operator.py
[2023-10-10 12:24:08,350] {processor.py:651} INFO - DAG(s) dict_keys(['example_branch_datetime_operator', 'example_branch_datetime_operator_2']) retrieved from /home/airflow/.local/lib/python3.7/site-packages/airflow/example_dags/example_branch_datetime_operator.py
[2023-10-10 12:24:08,392] {logging_mixin.py:115} INFO - [2023-10-10 12:24:08,392] {dag.py:2420} INFO - Sync 2 DAGs
[2023-10-10 12:24:08,427] {logging_mixin.py:115} INFO - [2023-10-10 12:24:08,427] {dag.py:2972} INFO - Setting next_dagrun for example_branch_datetime_operator to 2023-10-09T00:00:00+00:00, run_after=2023-10-10T00:00:00+00:00
[2023-10-10 12:24:08,429] {logging_mixin.py:115} INFO - [2023-10-10 12:24:08,429] {dag.py:2972} INFO - Setting next_dagrun for example_branch_datetime_operator_2 to 2023-10-09T00:00:00+00:00, run_after=2023-10-10T00:00:00+00:00
[2023-10-10 12:24:08,446] {processor.py:161} INFO - Processing /home/airflow/.local/lib/python3.7/site-packages/airflow/example_dags/example_branch_datetime_operator.py took 0.117 seconds
[2023-10-10 12:24:39,017] {processor.py:153} INFO - Started process (PID=2488) to work on /home/airflow/.local/lib/python3.7/site-packages/airflow/example_dags/example_branch_datetime_operator.py
[2023-10-10 12:24:39,019] {processor.py:641} INFO - Processing file /home/airflow/.local/lib/python3.7/site-packages/airflow/example_dags/example_branch_datetime_operator.py for tasks to queue
[2023-10-10 12:24:39,020] {logging_mixin.py:115} INFO - [2023-10-10 12:24:39,020] {dagbag.py:508} INFO - Filling up the DagBag from /home/airflow/.local/lib/python3.7/site-packages/airflow/example_dags/example_branch_datetime_operator.py
[2023-10-10 12:24:39,043] {processor.py:651} INFO - DAG(s) dict_keys(['example_branch_datetime_operator', 'example_branch_datetime_operator_2']) retrieved from /home/airflow/.local/lib/python3.7/site-packages/airflow/example_dags/example_branch_datetime_operator.py
[2023-10-10 12:24:39,106] {logging_mixin.py:115} INFO - [2023-10-10 12:24:39,106] {dag.py:2420} INFO - Sync 2 DAGs
[2023-10-10 12:24:39,137] {logging_mixin.py:115} INFO - [2023-10-10 12:24:39,136] {dag.py:2972} INFO - Setting next_dagrun for example_branch_datetime_operator to 2023-10-09T00:00:00+00:00, run_after=2023-10-10T00:00:00+00:00
[2023-10-10 12:24:39,138] {logging_mixin.py:115} INFO - [2023-10-10 12:24:39,138] {dag.py:2972} INFO - Setting next_dagrun for example_branch_datetime_operator_2 to 2023-10-09T00:00:00+00:00, run_after=2023-10-10T00:00:00+00:00
[2023-10-10 12:24:39,151] {processor.py:161} INFO - Processing /home/airflow/.local/lib/python3.7/site-packages/airflow/example_dags/example_branch_datetime_operator.py took 0.140 seconds
[2023-10-10 12:25:09,644] {processor.py:153} INFO - Started process (PID=2550) to work on /home/airflow/.local/lib/python3.7/site-packages/airflow/example_dags/example_branch_datetime_operator.py
[2023-10-10 12:25:09,645] {processor.py:641} INFO - Processing file /home/airflow/.local/lib/python3.7/site-packages/airflow/example_dags/example_branch_datetime_operator.py for tasks to queue
[2023-10-10 12:25:09,646] {logging_mixin.py:115} INFO - [2023-10-10 12:25:09,646] {dagbag.py:508} INFO - Filling up the DagBag from /home/airflow/.local/lib/python3.7/site-packages/airflow/example_dags/example_branch_datetime_operator.py
[2023-10-10 12:25:09,659] {processor.py:651} INFO - DAG(s) dict_keys(['example_branch_datetime_operator', 'example_branch_datetime_operator_2']) retrieved from /home/airflow/.local/lib/python3.7/site-packages/airflow/example_dags/example_branch_datetime_operator.py
[2023-10-10 12:25:09,742] {logging_mixin.py:115} INFO - [2023-10-10 12:25:09,742] {dag.py:2420} INFO - Sync 2 DAGs
[2023-10-10 12:25:09,783] {logging_mixin.py:115} INFO - [2023-10-10 12:25:09,783] {dag.py:2972} INFO - Setting next_dagrun for example_branch_datetime_operator to 2023-10-09T00:00:00+00:00, run_after=2023-10-10T00:00:00+00:00
[2023-10-10 12:25:09,785] {logging_mixin.py:115} INFO - [2023-10-10 12:25:09,785] {dag.py:2972} INFO - Setting next_dagrun for example_branch_datetime_operator_2 to 2023-10-09T00:00:00+00:00, run_after=2023-10-10T00:00:00+00:00
[2023-10-10 12:25:09,803] {processor.py:161} INFO - Processing /home/airflow/.local/lib/python3.7/site-packages/airflow/example_dags/example_branch_datetime_operator.py took 0.164 seconds
[2023-10-10 12:25:40,200] {processor.py:153} INFO - Started process (PID=2603) to work on /home/airflow/.local/lib/python3.7/site-packages/airflow/example_dags/example_branch_datetime_operator.py
[2023-10-10 12:25:40,201] {processor.py:641} INFO - Processing file /home/airflow/.local/lib/python3.7/site-packages/airflow/example_dags/example_branch_datetime_operator.py for tasks to queue
[2023-10-10 12:25:40,202] {logging_mixin.py:115} INFO - [2023-10-10 12:25:40,202] {dagbag.py:508} INFO - Filling up the DagBag from /home/airflow/.local/lib/python3.7/site-packages/airflow/example_dags/example_branch_datetime_operator.py
[2023-10-10 12:25:40,222] {processor.py:651} INFO - DAG(s) dict_keys(['example_branch_datetime_operator', 'example_branch_datetime_operator_2']) retrieved from /home/airflow/.local/lib/python3.7/site-packages/airflow/example_dags/example_branch_datetime_operator.py
[2023-10-10 12:25:40,306] {logging_mixin.py:115} INFO - [2023-10-10 12:25:40,305] {dag.py:2420} INFO - Sync 2 DAGs
[2023-10-10 12:25:40,377] {logging_mixin.py:115} INFO - [2023-10-10 12:25:40,377] {dag.py:2972} INFO - Setting next_dagrun for example_branch_datetime_operator to 2023-10-09T00:00:00+00:00, run_after=2023-10-10T00:00:00+00:00
[2023-10-10 12:25:40,380] {logging_mixin.py:115} INFO - [2023-10-10 12:25:40,379] {dag.py:2972} INFO - Setting next_dagrun for example_branch_datetime_operator_2 to 2023-10-09T00:00:00+00:00, run_after=2023-10-10T00:00:00+00:00
[2023-10-10 12:25:40,402] {processor.py:161} INFO - Processing /home/airflow/.local/lib/python3.7/site-packages/airflow/example_dags/example_branch_datetime_operator.py took 0.206 seconds
[2023-10-10 12:26:10,951] {processor.py:153} INFO - Started process (PID=2665) to work on /home/airflow/.local/lib/python3.7/site-packages/airflow/example_dags/example_branch_datetime_operator.py
[2023-10-10 12:26:10,952] {processor.py:641} INFO - Processing file /home/airflow/.local/lib/python3.7/site-packages/airflow/example_dags/example_branch_datetime_operator.py for tasks to queue
[2023-10-10 12:26:10,952] {logging_mixin.py:115} INFO - [2023-10-10 12:26:10,952] {dagbag.py:508} INFO - Filling up the DagBag from /home/airflow/.local/lib/python3.7/site-packages/airflow/example_dags/example_branch_datetime_operator.py
[2023-10-10 12:26:10,965] {processor.py:651} INFO - DAG(s) dict_keys(['example_branch_datetime_operator', 'example_branch_datetime_operator_2']) retrieved from /home/airflow/.local/lib/python3.7/site-packages/airflow/example_dags/example_branch_datetime_operator.py
[2023-10-10 12:26:11,010] {logging_mixin.py:115} INFO - [2023-10-10 12:26:11,010] {dag.py:2420} INFO - Sync 2 DAGs
[2023-10-10 12:26:11,042] {logging_mixin.py:115} INFO - [2023-10-10 12:26:11,041] {dag.py:2972} INFO - Setting next_dagrun for example_branch_datetime_operator to 2023-10-09T00:00:00+00:00, run_after=2023-10-10T00:00:00+00:00
[2023-10-10 12:26:11,043] {logging_mixin.py:115} INFO - [2023-10-10 12:26:11,043] {dag.py:2972} INFO - Setting next_dagrun for example_branch_datetime_operator_2 to 2023-10-09T00:00:00+00:00, run_after=2023-10-10T00:00:00+00:00
[2023-10-10 12:26:11,059] {processor.py:161} INFO - Processing /home/airflow/.local/lib/python3.7/site-packages/airflow/example_dags/example_branch_datetime_operator.py took 0.114 seconds
[2023-10-10 12:26:41,698] {processor.py:153} INFO - Started process (PID=2727) to work on /home/airflow/.local/lib/python3.7/site-packages/airflow/example_dags/example_branch_datetime_operator.py
[2023-10-10 12:26:41,699] {processor.py:641} INFO - Processing file /home/airflow/.local/lib/python3.7/site-packages/airflow/example_dags/example_branch_datetime_operator.py for tasks to queue
[2023-10-10 12:26:41,700] {logging_mixin.py:115} INFO - [2023-10-10 12:26:41,699] {dagbag.py:508} INFO - Filling up the DagBag from /home/airflow/.local/lib/python3.7/site-packages/airflow/example_dags/example_branch_datetime_operator.py
[2023-10-10 12:26:41,717] {processor.py:651} INFO - DAG(s) dict_keys(['example_branch_datetime_operator', 'example_branch_datetime_operator_2']) retrieved from /home/airflow/.local/lib/python3.7/site-packages/airflow/example_dags/example_branch_datetime_operator.py
[2023-10-10 12:26:41,776] {logging_mixin.py:115} INFO - [2023-10-10 12:26:41,776] {dag.py:2420} INFO - Sync 2 DAGs
[2023-10-10 12:26:41,818] {logging_mixin.py:115} INFO - [2023-10-10 12:26:41,818] {dag.py:2972} INFO - Setting next_dagrun for example_branch_datetime_operator to 2023-10-09T00:00:00+00:00, run_after=2023-10-10T00:00:00+00:00
[2023-10-10 12:26:41,820] {logging_mixin.py:115} INFO - [2023-10-10 12:26:41,820] {dag.py:2972} INFO - Setting next_dagrun for example_branch_datetime_operator_2 to 2023-10-09T00:00:00+00:00, run_after=2023-10-10T00:00:00+00:00
[2023-10-10 12:26:41,840] {processor.py:161} INFO - Processing /home/airflow/.local/lib/python3.7/site-packages/airflow/example_dags/example_branch_datetime_operator.py took 0.156 seconds
