[2023-10-10 12:03:32,216] {processor.py:153} INFO - Started process (PID=84) to work on /home/airflow/.local/lib/python3.7/site-packages/airflow/example_dags/example_xcomargs.py
[2023-10-10 12:03:32,217] {processor.py:641} INFO - Processing file /home/airflow/.local/lib/python3.7/site-packages/airflow/example_dags/example_xcomargs.py for tasks to queue
[2023-10-10 12:03:32,218] {logging_mixin.py:115} INFO - [2023-10-10 12:03:32,218] {dagbag.py:508} INFO - Filling up the DagBag from /home/airflow/.local/lib/python3.7/site-packages/airflow/example_dags/example_xcomargs.py
[2023-10-10 12:03:32,359] {processor.py:651} INFO - DAG(s) dict_keys(['example_xcom_args', 'example_xcom_args_with_operators']) retrieved from /home/airflow/.local/lib/python3.7/site-packages/airflow/example_dags/example_xcomargs.py
[2023-10-10 12:03:33,119] {logging_mixin.py:115} INFO - [2023-10-10 12:03:33,119] {manager.py:508} INFO - Created Permission View: can read on DAG:example_xcom_args
[2023-10-10 12:03:33,201] {logging_mixin.py:115} INFO - [2023-10-10 12:03:33,201] {manager.py:508} INFO - Created Permission View: can edit on DAG:example_xcom_args
[2023-10-10 12:03:33,296] {logging_mixin.py:115} INFO - [2023-10-10 12:03:33,296] {manager.py:508} INFO - Created Permission View: can delete on DAG:example_xcom_args
[2023-10-10 12:03:33,376] {logging_mixin.py:115} INFO - [2023-10-10 12:03:33,376] {manager.py:508} INFO - Created Permission View: can read on DAG:example_xcom_args_with_operators
[2023-10-10 12:03:33,476] {logging_mixin.py:115} INFO - [2023-10-10 12:03:33,476] {manager.py:508} INFO - Created Permission View: can edit on DAG:example_xcom_args_with_operators
[2023-10-10 12:03:33,598] {logging_mixin.py:115} INFO - [2023-10-10 12:03:33,598] {manager.py:508} INFO - Created Permission View: can delete on DAG:example_xcom_args_with_operators
[2023-10-10 12:03:33,598] {logging_mixin.py:115} INFO - [2023-10-10 12:03:33,598] {dag.py:2420} INFO - Sync 2 DAGs
[2023-10-10 12:03:33,719] {logging_mixin.py:115} INFO - [2023-10-10 12:03:33,719] {dag.py:2439} INFO - Creating ORM DAG for example_xcom_args
[2023-10-10 12:03:33,720] {logging_mixin.py:115} INFO - [2023-10-10 12:03:33,720] {dag.py:2439} INFO - Creating ORM DAG for example_xcom_args_with_operators
[2023-10-10 12:03:33,838] {logging_mixin.py:115} INFO - [2023-10-10 12:03:33,838] {dag.py:2972} INFO - Setting next_dagrun for example_xcom_args to None, run_after=None
[2023-10-10 12:03:33,856] {logging_mixin.py:115} INFO - [2023-10-10 12:03:33,856] {dag.py:2972} INFO - Setting next_dagrun for example_xcom_args_with_operators to None, run_after=None
[2023-10-10 12:03:34,016] {processor.py:161} INFO - Processing /home/airflow/.local/lib/python3.7/site-packages/airflow/example_dags/example_xcomargs.py took 1.821 seconds
[2023-10-10 12:04:04,503] {processor.py:153} INFO - Started process (PID=127) to work on /home/airflow/.local/lib/python3.7/site-packages/airflow/example_dags/example_xcomargs.py
[2023-10-10 12:04:04,504] {processor.py:641} INFO - Processing file /home/airflow/.local/lib/python3.7/site-packages/airflow/example_dags/example_xcomargs.py for tasks to queue
[2023-10-10 12:04:04,504] {logging_mixin.py:115} INFO - [2023-10-10 12:04:04,504] {dagbag.py:508} INFO - Filling up the DagBag from /home/airflow/.local/lib/python3.7/site-packages/airflow/example_dags/example_xcomargs.py
[2023-10-10 12:04:04,527] {processor.py:651} INFO - DAG(s) dict_keys(['example_xcom_args', 'example_xcom_args_with_operators']) retrieved from /home/airflow/.local/lib/python3.7/site-packages/airflow/example_dags/example_xcomargs.py
[2023-10-10 12:04:04,623] {logging_mixin.py:115} INFO - [2023-10-10 12:04:04,623] {dag.py:2420} INFO - Sync 2 DAGs
[2023-10-10 12:04:04,668] {logging_mixin.py:115} INFO - [2023-10-10 12:04:04,668] {dag.py:2972} INFO - Setting next_dagrun for example_xcom_args to None, run_after=None
[2023-10-10 12:04:04,668] {logging_mixin.py:115} INFO - [2023-10-10 12:04:04,668] {dag.py:2972} INFO - Setting next_dagrun for example_xcom_args_with_operators to None, run_after=None
[2023-10-10 12:04:04,697] {processor.py:161} INFO - Processing /home/airflow/.local/lib/python3.7/site-packages/airflow/example_dags/example_xcomargs.py took 0.198 seconds
[2023-10-10 12:04:35,156] {processor.py:153} INFO - Started process (PID=188) to work on /home/airflow/.local/lib/python3.7/site-packages/airflow/example_dags/example_xcomargs.py
[2023-10-10 12:04:35,157] {processor.py:641} INFO - Processing file /home/airflow/.local/lib/python3.7/site-packages/airflow/example_dags/example_xcomargs.py for tasks to queue
[2023-10-10 12:04:35,158] {logging_mixin.py:115} INFO - [2023-10-10 12:04:35,158] {dagbag.py:508} INFO - Filling up the DagBag from /home/airflow/.local/lib/python3.7/site-packages/airflow/example_dags/example_xcomargs.py
[2023-10-10 12:04:35,186] {processor.py:651} INFO - DAG(s) dict_keys(['example_xcom_args', 'example_xcom_args_with_operators']) retrieved from /home/airflow/.local/lib/python3.7/site-packages/airflow/example_dags/example_xcomargs.py
[2023-10-10 12:04:35,282] {logging_mixin.py:115} INFO - [2023-10-10 12:04:35,282] {dag.py:2420} INFO - Sync 2 DAGs
[2023-10-10 12:04:35,311] {logging_mixin.py:115} INFO - [2023-10-10 12:04:35,310] {dag.py:2972} INFO - Setting next_dagrun for example_xcom_args to None, run_after=None
[2023-10-10 12:04:35,311] {logging_mixin.py:115} INFO - [2023-10-10 12:04:35,311] {dag.py:2972} INFO - Setting next_dagrun for example_xcom_args_with_operators to None, run_after=None
[2023-10-10 12:04:35,326] {processor.py:161} INFO - Processing /home/airflow/.local/lib/python3.7/site-packages/airflow/example_dags/example_xcomargs.py took 0.175 seconds
[2023-10-10 12:05:05,758] {processor.py:153} INFO - Started process (PID=247) to work on /home/airflow/.local/lib/python3.7/site-packages/airflow/example_dags/example_xcomargs.py
[2023-10-10 12:05:05,759] {processor.py:641} INFO - Processing file /home/airflow/.local/lib/python3.7/site-packages/airflow/example_dags/example_xcomargs.py for tasks to queue
[2023-10-10 12:05:05,760] {logging_mixin.py:115} INFO - [2023-10-10 12:05:05,760] {dagbag.py:508} INFO - Filling up the DagBag from /home/airflow/.local/lib/python3.7/site-packages/airflow/example_dags/example_xcomargs.py
[2023-10-10 12:05:05,790] {processor.py:651} INFO - DAG(s) dict_keys(['example_xcom_args', 'example_xcom_args_with_operators']) retrieved from /home/airflow/.local/lib/python3.7/site-packages/airflow/example_dags/example_xcomargs.py
[2023-10-10 12:05:05,959] {logging_mixin.py:115} INFO - [2023-10-10 12:05:05,959] {dag.py:2420} INFO - Sync 2 DAGs
[2023-10-10 12:05:06,000] {logging_mixin.py:115} INFO - [2023-10-10 12:05:05,999] {dag.py:2972} INFO - Setting next_dagrun for example_xcom_args to None, run_after=None
[2023-10-10 12:05:06,000] {logging_mixin.py:115} INFO - [2023-10-10 12:05:06,000] {dag.py:2972} INFO - Setting next_dagrun for example_xcom_args_with_operators to None, run_after=None
[2023-10-10 12:05:06,020] {processor.py:161} INFO - Processing /home/airflow/.local/lib/python3.7/site-packages/airflow/example_dags/example_xcomargs.py took 0.267 seconds
[2023-10-10 12:05:36,516] {processor.py:153} INFO - Started process (PID=301) to work on /home/airflow/.local/lib/python3.7/site-packages/airflow/example_dags/example_xcomargs.py
[2023-10-10 12:05:36,517] {processor.py:641} INFO - Processing file /home/airflow/.local/lib/python3.7/site-packages/airflow/example_dags/example_xcomargs.py for tasks to queue
[2023-10-10 12:05:36,517] {logging_mixin.py:115} INFO - [2023-10-10 12:05:36,517] {dagbag.py:508} INFO - Filling up the DagBag from /home/airflow/.local/lib/python3.7/site-packages/airflow/example_dags/example_xcomargs.py
[2023-10-10 12:05:36,542] {processor.py:651} INFO - DAG(s) dict_keys(['example_xcom_args', 'example_xcom_args_with_operators']) retrieved from /home/airflow/.local/lib/python3.7/site-packages/airflow/example_dags/example_xcomargs.py
[2023-10-10 12:05:36,630] {logging_mixin.py:115} INFO - [2023-10-10 12:05:36,630] {dag.py:2420} INFO - Sync 2 DAGs
[2023-10-10 12:05:36,660] {logging_mixin.py:115} INFO - [2023-10-10 12:05:36,660] {dag.py:2972} INFO - Setting next_dagrun for example_xcom_args to None, run_after=None
[2023-10-10 12:05:36,661] {logging_mixin.py:115} INFO - [2023-10-10 12:05:36,661] {dag.py:2972} INFO - Setting next_dagrun for example_xcom_args_with_operators to None, run_after=None
[2023-10-10 12:05:36,676] {processor.py:161} INFO - Processing /home/airflow/.local/lib/python3.7/site-packages/airflow/example_dags/example_xcomargs.py took 0.165 seconds
[2023-10-10 12:06:07,150] {processor.py:153} INFO - Started process (PID=363) to work on /home/airflow/.local/lib/python3.7/site-packages/airflow/example_dags/example_xcomargs.py
[2023-10-10 12:06:07,151] {processor.py:641} INFO - Processing file /home/airflow/.local/lib/python3.7/site-packages/airflow/example_dags/example_xcomargs.py for tasks to queue
[2023-10-10 12:06:07,152] {logging_mixin.py:115} INFO - [2023-10-10 12:06:07,152] {dagbag.py:508} INFO - Filling up the DagBag from /home/airflow/.local/lib/python3.7/site-packages/airflow/example_dags/example_xcomargs.py
[2023-10-10 12:06:07,174] {processor.py:651} INFO - DAG(s) dict_keys(['example_xcom_args', 'example_xcom_args_with_operators']) retrieved from /home/airflow/.local/lib/python3.7/site-packages/airflow/example_dags/example_xcomargs.py
[2023-10-10 12:06:07,268] {logging_mixin.py:115} INFO - [2023-10-10 12:06:07,268] {dag.py:2420} INFO - Sync 2 DAGs
[2023-10-10 12:06:07,296] {logging_mixin.py:115} INFO - [2023-10-10 12:06:07,296] {dag.py:2972} INFO - Setting next_dagrun for example_xcom_args to None, run_after=None
[2023-10-10 12:06:07,296] {logging_mixin.py:115} INFO - [2023-10-10 12:06:07,296] {dag.py:2972} INFO - Setting next_dagrun for example_xcom_args_with_operators to None, run_after=None
[2023-10-10 12:06:07,312] {processor.py:161} INFO - Processing /home/airflow/.local/lib/python3.7/site-packages/airflow/example_dags/example_xcomargs.py took 0.167 seconds
[2023-10-10 12:06:37,975] {processor.py:153} INFO - Started process (PID=415) to work on /home/airflow/.local/lib/python3.7/site-packages/airflow/example_dags/example_xcomargs.py
[2023-10-10 12:06:37,976] {processor.py:641} INFO - Processing file /home/airflow/.local/lib/python3.7/site-packages/airflow/example_dags/example_xcomargs.py for tasks to queue
[2023-10-10 12:06:37,977] {logging_mixin.py:115} INFO - [2023-10-10 12:06:37,977] {dagbag.py:508} INFO - Filling up the DagBag from /home/airflow/.local/lib/python3.7/site-packages/airflow/example_dags/example_xcomargs.py
[2023-10-10 12:06:38,001] {processor.py:651} INFO - DAG(s) dict_keys(['example_xcom_args', 'example_xcom_args_with_operators']) retrieved from /home/airflow/.local/lib/python3.7/site-packages/airflow/example_dags/example_xcomargs.py
[2023-10-10 12:06:38,123] {logging_mixin.py:115} INFO - [2023-10-10 12:06:38,123] {dag.py:2420} INFO - Sync 2 DAGs
[2023-10-10 12:06:38,154] {logging_mixin.py:115} INFO - [2023-10-10 12:06:38,154] {dag.py:2972} INFO - Setting next_dagrun for example_xcom_args to None, run_after=None
[2023-10-10 12:06:38,155] {logging_mixin.py:115} INFO - [2023-10-10 12:06:38,155] {dag.py:2972} INFO - Setting next_dagrun for example_xcom_args_with_operators to None, run_after=None
[2023-10-10 12:06:38,176] {processor.py:161} INFO - Processing /home/airflow/.local/lib/python3.7/site-packages/airflow/example_dags/example_xcomargs.py took 0.206 seconds
[2023-10-10 12:07:08,235] {processor.py:153} INFO - Started process (PID=477) to work on /home/airflow/.local/lib/python3.7/site-packages/airflow/example_dags/example_xcomargs.py
[2023-10-10 12:07:08,236] {processor.py:641} INFO - Processing file /home/airflow/.local/lib/python3.7/site-packages/airflow/example_dags/example_xcomargs.py for tasks to queue
[2023-10-10 12:07:08,236] {logging_mixin.py:115} INFO - [2023-10-10 12:07:08,236] {dagbag.py:508} INFO - Filling up the DagBag from /home/airflow/.local/lib/python3.7/site-packages/airflow/example_dags/example_xcomargs.py
[2023-10-10 12:07:08,267] {processor.py:651} INFO - DAG(s) dict_keys(['example_xcom_args', 'example_xcom_args_with_operators']) retrieved from /home/airflow/.local/lib/python3.7/site-packages/airflow/example_dags/example_xcomargs.py
[2023-10-10 12:07:08,401] {logging_mixin.py:115} INFO - [2023-10-10 12:07:08,400] {dag.py:2420} INFO - Sync 2 DAGs
[2023-10-10 12:07:08,441] {logging_mixin.py:115} INFO - [2023-10-10 12:07:08,441] {dag.py:2972} INFO - Setting next_dagrun for example_xcom_args to None, run_after=None
[2023-10-10 12:07:08,442] {logging_mixin.py:115} INFO - [2023-10-10 12:07:08,442] {dag.py:2972} INFO - Setting next_dagrun for example_xcom_args_with_operators to None, run_after=None
[2023-10-10 12:07:08,459] {processor.py:161} INFO - Processing /home/airflow/.local/lib/python3.7/site-packages/airflow/example_dags/example_xcomargs.py took 0.229 seconds
[2023-10-10 12:07:38,746] {processor.py:153} INFO - Started process (PID=538) to work on /home/airflow/.local/lib/python3.7/site-packages/airflow/example_dags/example_xcomargs.py
[2023-10-10 12:07:38,747] {processor.py:641} INFO - Processing file /home/airflow/.local/lib/python3.7/site-packages/airflow/example_dags/example_xcomargs.py for tasks to queue
[2023-10-10 12:07:38,748] {logging_mixin.py:115} INFO - [2023-10-10 12:07:38,747] {dagbag.py:508} INFO - Filling up the DagBag from /home/airflow/.local/lib/python3.7/site-packages/airflow/example_dags/example_xcomargs.py
[2023-10-10 12:07:38,783] {processor.py:651} INFO - DAG(s) dict_keys(['example_xcom_args', 'example_xcom_args_with_operators']) retrieved from /home/airflow/.local/lib/python3.7/site-packages/airflow/example_dags/example_xcomargs.py
[2023-10-10 12:07:38,858] {logging_mixin.py:115} INFO - [2023-10-10 12:07:38,858] {dag.py:2420} INFO - Sync 2 DAGs
[2023-10-10 12:07:38,896] {logging_mixin.py:115} INFO - [2023-10-10 12:07:38,896] {dag.py:2972} INFO - Setting next_dagrun for example_xcom_args to None, run_after=None
[2023-10-10 12:07:38,897] {logging_mixin.py:115} INFO - [2023-10-10 12:07:38,896] {dag.py:2972} INFO - Setting next_dagrun for example_xcom_args_with_operators to None, run_after=None
[2023-10-10 12:07:38,918] {processor.py:161} INFO - Processing /home/airflow/.local/lib/python3.7/site-packages/airflow/example_dags/example_xcomargs.py took 0.176 seconds
[2023-10-10 12:08:09,562] {processor.py:153} INFO - Started process (PID=590) to work on /home/airflow/.local/lib/python3.7/site-packages/airflow/example_dags/example_xcomargs.py
[2023-10-10 12:08:09,564] {processor.py:641} INFO - Processing file /home/airflow/.local/lib/python3.7/site-packages/airflow/example_dags/example_xcomargs.py for tasks to queue
[2023-10-10 12:08:09,564] {logging_mixin.py:115} INFO - [2023-10-10 12:08:09,564] {dagbag.py:508} INFO - Filling up the DagBag from /home/airflow/.local/lib/python3.7/site-packages/airflow/example_dags/example_xcomargs.py
[2023-10-10 12:08:09,588] {processor.py:651} INFO - DAG(s) dict_keys(['example_xcom_args', 'example_xcom_args_with_operators']) retrieved from /home/airflow/.local/lib/python3.7/site-packages/airflow/example_dags/example_xcomargs.py
[2023-10-10 12:08:09,695] {logging_mixin.py:115} INFO - [2023-10-10 12:08:09,695] {dag.py:2420} INFO - Sync 2 DAGs
[2023-10-10 12:08:09,723] {logging_mixin.py:115} INFO - [2023-10-10 12:08:09,722] {dag.py:2972} INFO - Setting next_dagrun for example_xcom_args to None, run_after=None
[2023-10-10 12:08:09,723] {logging_mixin.py:115} INFO - [2023-10-10 12:08:09,723] {dag.py:2972} INFO - Setting next_dagrun for example_xcom_args_with_operators to None, run_after=None
[2023-10-10 12:08:09,737] {processor.py:161} INFO - Processing /home/airflow/.local/lib/python3.7/site-packages/airflow/example_dags/example_xcomargs.py took 0.180 seconds
[2023-10-10 12:08:40,085] {processor.py:153} INFO - Started process (PID=652) to work on /home/airflow/.local/lib/python3.7/site-packages/airflow/example_dags/example_xcomargs.py
[2023-10-10 12:08:40,086] {processor.py:641} INFO - Processing file /home/airflow/.local/lib/python3.7/site-packages/airflow/example_dags/example_xcomargs.py for tasks to queue
[2023-10-10 12:08:40,087] {logging_mixin.py:115} INFO - [2023-10-10 12:08:40,087] {dagbag.py:508} INFO - Filling up the DagBag from /home/airflow/.local/lib/python3.7/site-packages/airflow/example_dags/example_xcomargs.py
[2023-10-10 12:08:40,110] {processor.py:651} INFO - DAG(s) dict_keys(['example_xcom_args', 'example_xcom_args_with_operators']) retrieved from /home/airflow/.local/lib/python3.7/site-packages/airflow/example_dags/example_xcomargs.py
[2023-10-10 12:08:40,204] {logging_mixin.py:115} INFO - [2023-10-10 12:08:40,204] {dag.py:2420} INFO - Sync 2 DAGs
[2023-10-10 12:08:40,231] {logging_mixin.py:115} INFO - [2023-10-10 12:08:40,231] {dag.py:2972} INFO - Setting next_dagrun for example_xcom_args to None, run_after=None
[2023-10-10 12:08:40,232] {logging_mixin.py:115} INFO - [2023-10-10 12:08:40,232] {dag.py:2972} INFO - Setting next_dagrun for example_xcom_args_with_operators to None, run_after=None
[2023-10-10 12:08:40,247] {processor.py:161} INFO - Processing /home/airflow/.local/lib/python3.7/site-packages/airflow/example_dags/example_xcomargs.py took 0.166 seconds
[2023-10-10 12:09:10,580] {processor.py:153} INFO - Started process (PID=705) to work on /home/airflow/.local/lib/python3.7/site-packages/airflow/example_dags/example_xcomargs.py
[2023-10-10 12:09:10,581] {processor.py:641} INFO - Processing file /home/airflow/.local/lib/python3.7/site-packages/airflow/example_dags/example_xcomargs.py for tasks to queue
[2023-10-10 12:09:10,582] {logging_mixin.py:115} INFO - [2023-10-10 12:09:10,582] {dagbag.py:508} INFO - Filling up the DagBag from /home/airflow/.local/lib/python3.7/site-packages/airflow/example_dags/example_xcomargs.py
[2023-10-10 12:09:10,606] {processor.py:651} INFO - DAG(s) dict_keys(['example_xcom_args', 'example_xcom_args_with_operators']) retrieved from /home/airflow/.local/lib/python3.7/site-packages/airflow/example_dags/example_xcomargs.py
[2023-10-10 12:09:10,653] {logging_mixin.py:115} INFO - [2023-10-10 12:09:10,653] {dag.py:2420} INFO - Sync 2 DAGs
[2023-10-10 12:09:10,682] {logging_mixin.py:115} INFO - [2023-10-10 12:09:10,681] {dag.py:2972} INFO - Setting next_dagrun for example_xcom_args to None, run_after=None
[2023-10-10 12:09:10,682] {logging_mixin.py:115} INFO - [2023-10-10 12:09:10,682] {dag.py:2972} INFO - Setting next_dagrun for example_xcom_args_with_operators to None, run_after=None
[2023-10-10 12:09:10,696] {processor.py:161} INFO - Processing /home/airflow/.local/lib/python3.7/site-packages/airflow/example_dags/example_xcomargs.py took 0.120 seconds
[2023-10-10 12:09:41,251] {processor.py:153} INFO - Started process (PID=767) to work on /home/airflow/.local/lib/python3.7/site-packages/airflow/example_dags/example_xcomargs.py
[2023-10-10 12:09:41,252] {processor.py:641} INFO - Processing file /home/airflow/.local/lib/python3.7/site-packages/airflow/example_dags/example_xcomargs.py for tasks to queue
[2023-10-10 12:09:41,252] {logging_mixin.py:115} INFO - [2023-10-10 12:09:41,252] {dagbag.py:508} INFO - Filling up the DagBag from /home/airflow/.local/lib/python3.7/site-packages/airflow/example_dags/example_xcomargs.py
[2023-10-10 12:09:41,277] {processor.py:651} INFO - DAG(s) dict_keys(['example_xcom_args', 'example_xcom_args_with_operators']) retrieved from /home/airflow/.local/lib/python3.7/site-packages/airflow/example_dags/example_xcomargs.py
[2023-10-10 12:09:41,364] {logging_mixin.py:115} INFO - [2023-10-10 12:09:41,364] {dag.py:2420} INFO - Sync 2 DAGs
[2023-10-10 12:09:41,391] {logging_mixin.py:115} INFO - [2023-10-10 12:09:41,391] {dag.py:2972} INFO - Setting next_dagrun for example_xcom_args to None, run_after=None
[2023-10-10 12:09:41,391] {logging_mixin.py:115} INFO - [2023-10-10 12:09:41,391] {dag.py:2972} INFO - Setting next_dagrun for example_xcom_args_with_operators to None, run_after=None
[2023-10-10 12:09:41,406] {processor.py:161} INFO - Processing /home/airflow/.local/lib/python3.7/site-packages/airflow/example_dags/example_xcomargs.py took 0.160 seconds
[2023-10-10 12:10:11,729] {processor.py:153} INFO - Started process (PID=828) to work on /home/airflow/.local/lib/python3.7/site-packages/airflow/example_dags/example_xcomargs.py
[2023-10-10 12:10:11,730] {processor.py:641} INFO - Processing file /home/airflow/.local/lib/python3.7/site-packages/airflow/example_dags/example_xcomargs.py for tasks to queue
[2023-10-10 12:10:11,730] {logging_mixin.py:115} INFO - [2023-10-10 12:10:11,730] {dagbag.py:508} INFO - Filling up the DagBag from /home/airflow/.local/lib/python3.7/site-packages/airflow/example_dags/example_xcomargs.py
[2023-10-10 12:10:11,753] {processor.py:651} INFO - DAG(s) dict_keys(['example_xcom_args', 'example_xcom_args_with_operators']) retrieved from /home/airflow/.local/lib/python3.7/site-packages/airflow/example_dags/example_xcomargs.py
[2023-10-10 12:10:11,882] {logging_mixin.py:115} INFO - [2023-10-10 12:10:11,882] {dag.py:2420} INFO - Sync 2 DAGs
[2023-10-10 12:10:11,929] {logging_mixin.py:115} INFO - [2023-10-10 12:10:11,928] {dag.py:2972} INFO - Setting next_dagrun for example_xcom_args to None, run_after=None
[2023-10-10 12:10:11,929] {logging_mixin.py:115} INFO - [2023-10-10 12:10:11,929] {dag.py:2972} INFO - Setting next_dagrun for example_xcom_args_with_operators to None, run_after=None
[2023-10-10 12:10:11,943] {processor.py:161} INFO - Processing /home/airflow/.local/lib/python3.7/site-packages/airflow/example_dags/example_xcomargs.py took 0.220 seconds
[2023-10-10 12:10:42,273] {processor.py:153} INFO - Started process (PID=881) to work on /home/airflow/.local/lib/python3.7/site-packages/airflow/example_dags/example_xcomargs.py
[2023-10-10 12:10:42,274] {processor.py:641} INFO - Processing file /home/airflow/.local/lib/python3.7/site-packages/airflow/example_dags/example_xcomargs.py for tasks to queue
[2023-10-10 12:10:42,275] {logging_mixin.py:115} INFO - [2023-10-10 12:10:42,274] {dagbag.py:508} INFO - Filling up the DagBag from /home/airflow/.local/lib/python3.7/site-packages/airflow/example_dags/example_xcomargs.py
[2023-10-10 12:10:42,303] {processor.py:651} INFO - DAG(s) dict_keys(['example_xcom_args', 'example_xcom_args_with_operators']) retrieved from /home/airflow/.local/lib/python3.7/site-packages/airflow/example_dags/example_xcomargs.py
[2023-10-10 12:10:42,395] {logging_mixin.py:115} INFO - [2023-10-10 12:10:42,395] {dag.py:2420} INFO - Sync 2 DAGs
[2023-10-10 12:10:42,440] {logging_mixin.py:115} INFO - [2023-10-10 12:10:42,439] {dag.py:2972} INFO - Setting next_dagrun for example_xcom_args to None, run_after=None
[2023-10-10 12:10:42,440] {logging_mixin.py:115} INFO - [2023-10-10 12:10:42,440] {dag.py:2972} INFO - Setting next_dagrun for example_xcom_args_with_operators to None, run_after=None
[2023-10-10 12:10:42,460] {processor.py:161} INFO - Processing /home/airflow/.local/lib/python3.7/site-packages/airflow/example_dags/example_xcomargs.py took 0.192 seconds
[2023-10-10 12:11:12,941] {processor.py:153} INFO - Started process (PID=942) to work on /home/airflow/.local/lib/python3.7/site-packages/airflow/example_dags/example_xcomargs.py
[2023-10-10 12:11:12,942] {processor.py:641} INFO - Processing file /home/airflow/.local/lib/python3.7/site-packages/airflow/example_dags/example_xcomargs.py for tasks to queue
[2023-10-10 12:11:12,942] {logging_mixin.py:115} INFO - [2023-10-10 12:11:12,942] {dagbag.py:508} INFO - Filling up the DagBag from /home/airflow/.local/lib/python3.7/site-packages/airflow/example_dags/example_xcomargs.py
[2023-10-10 12:11:12,966] {processor.py:651} INFO - DAG(s) dict_keys(['example_xcom_args', 'example_xcom_args_with_operators']) retrieved from /home/airflow/.local/lib/python3.7/site-packages/airflow/example_dags/example_xcomargs.py
[2023-10-10 12:11:13,062] {logging_mixin.py:115} INFO - [2023-10-10 12:11:13,061] {dag.py:2420} INFO - Sync 2 DAGs
[2023-10-10 12:11:13,088] {logging_mixin.py:115} INFO - [2023-10-10 12:11:13,088] {dag.py:2972} INFO - Setting next_dagrun for example_xcom_args to None, run_after=None
[2023-10-10 12:11:13,089] {logging_mixin.py:115} INFO - [2023-10-10 12:11:13,089] {dag.py:2972} INFO - Setting next_dagrun for example_xcom_args_with_operators to None, run_after=None
[2023-10-10 12:11:13,104] {processor.py:161} INFO - Processing /home/airflow/.local/lib/python3.7/site-packages/airflow/example_dags/example_xcomargs.py took 0.169 seconds
[2023-10-10 12:11:43,504] {processor.py:153} INFO - Started process (PID=1003) to work on /home/airflow/.local/lib/python3.7/site-packages/airflow/example_dags/example_xcomargs.py
[2023-10-10 12:11:43,516] {processor.py:641} INFO - Processing file /home/airflow/.local/lib/python3.7/site-packages/airflow/example_dags/example_xcomargs.py for tasks to queue
[2023-10-10 12:11:43,516] {logging_mixin.py:115} INFO - [2023-10-10 12:11:43,516] {dagbag.py:508} INFO - Filling up the DagBag from /home/airflow/.local/lib/python3.7/site-packages/airflow/example_dags/example_xcomargs.py
[2023-10-10 12:11:43,565] {processor.py:651} INFO - DAG(s) dict_keys(['example_xcom_args', 'example_xcom_args_with_operators']) retrieved from /home/airflow/.local/lib/python3.7/site-packages/airflow/example_dags/example_xcomargs.py
[2023-10-10 12:11:43,682] {logging_mixin.py:115} INFO - [2023-10-10 12:11:43,681] {dag.py:2420} INFO - Sync 2 DAGs
[2023-10-10 12:11:43,760] {logging_mixin.py:115} INFO - [2023-10-10 12:11:43,760] {dag.py:2972} INFO - Setting next_dagrun for example_xcom_args to None, run_after=None
[2023-10-10 12:11:43,760] {logging_mixin.py:115} INFO - [2023-10-10 12:11:43,760] {dag.py:2972} INFO - Setting next_dagrun for example_xcom_args_with_operators to None, run_after=None
[2023-10-10 12:11:43,798] {processor.py:161} INFO - Processing /home/airflow/.local/lib/python3.7/site-packages/airflow/example_dags/example_xcomargs.py took 0.299 seconds
[2023-10-10 12:12:13,906] {processor.py:153} INFO - Started process (PID=1055) to work on /home/airflow/.local/lib/python3.7/site-packages/airflow/example_dags/example_xcomargs.py
[2023-10-10 12:12:13,908] {processor.py:641} INFO - Processing file /home/airflow/.local/lib/python3.7/site-packages/airflow/example_dags/example_xcomargs.py for tasks to queue
[2023-10-10 12:12:13,908] {logging_mixin.py:115} INFO - [2023-10-10 12:12:13,908] {dagbag.py:508} INFO - Filling up the DagBag from /home/airflow/.local/lib/python3.7/site-packages/airflow/example_dags/example_xcomargs.py
[2023-10-10 12:12:13,932] {processor.py:651} INFO - DAG(s) dict_keys(['example_xcom_args', 'example_xcom_args_with_operators']) retrieved from /home/airflow/.local/lib/python3.7/site-packages/airflow/example_dags/example_xcomargs.py
[2023-10-10 12:12:13,981] {logging_mixin.py:115} INFO - [2023-10-10 12:12:13,980] {dag.py:2420} INFO - Sync 2 DAGs
[2023-10-10 12:12:14,017] {logging_mixin.py:115} INFO - [2023-10-10 12:12:14,017] {dag.py:2972} INFO - Setting next_dagrun for example_xcom_args to None, run_after=None
[2023-10-10 12:12:14,017] {logging_mixin.py:115} INFO - [2023-10-10 12:12:14,017] {dag.py:2972} INFO - Setting next_dagrun for example_xcom_args_with_operators to None, run_after=None
[2023-10-10 12:12:14,036] {processor.py:161} INFO - Processing /home/airflow/.local/lib/python3.7/site-packages/airflow/example_dags/example_xcomargs.py took 0.134 seconds
[2023-10-10 12:12:44,504] {processor.py:153} INFO - Started process (PID=1116) to work on /home/airflow/.local/lib/python3.7/site-packages/airflow/example_dags/example_xcomargs.py
[2023-10-10 12:12:44,515] {processor.py:641} INFO - Processing file /home/airflow/.local/lib/python3.7/site-packages/airflow/example_dags/example_xcomargs.py for tasks to queue
[2023-10-10 12:12:44,516] {logging_mixin.py:115} INFO - [2023-10-10 12:12:44,516] {dagbag.py:508} INFO - Filling up the DagBag from /home/airflow/.local/lib/python3.7/site-packages/airflow/example_dags/example_xcomargs.py
[2023-10-10 12:12:44,546] {processor.py:651} INFO - DAG(s) dict_keys(['example_xcom_args', 'example_xcom_args_with_operators']) retrieved from /home/airflow/.local/lib/python3.7/site-packages/airflow/example_dags/example_xcomargs.py
[2023-10-10 12:12:44,719] {logging_mixin.py:115} INFO - [2023-10-10 12:12:44,719] {dag.py:2420} INFO - Sync 2 DAGs
[2023-10-10 12:12:44,767] {logging_mixin.py:115} INFO - [2023-10-10 12:12:44,767] {dag.py:2972} INFO - Setting next_dagrun for example_xcom_args to None, run_after=None
[2023-10-10 12:12:44,768] {logging_mixin.py:115} INFO - [2023-10-10 12:12:44,767] {dag.py:2972} INFO - Setting next_dagrun for example_xcom_args_with_operators to None, run_after=None
[2023-10-10 12:12:44,784] {processor.py:161} INFO - Processing /home/airflow/.local/lib/python3.7/site-packages/airflow/example_dags/example_xcomargs.py took 0.285 seconds
[2023-10-10 12:13:15,304] {processor.py:153} INFO - Started process (PID=1168) to work on /home/airflow/.local/lib/python3.7/site-packages/airflow/example_dags/example_xcomargs.py
[2023-10-10 12:13:15,305] {processor.py:641} INFO - Processing file /home/airflow/.local/lib/python3.7/site-packages/airflow/example_dags/example_xcomargs.py for tasks to queue
[2023-10-10 12:13:15,305] {logging_mixin.py:115} INFO - [2023-10-10 12:13:15,305] {dagbag.py:508} INFO - Filling up the DagBag from /home/airflow/.local/lib/python3.7/site-packages/airflow/example_dags/example_xcomargs.py
[2023-10-10 12:13:15,328] {processor.py:651} INFO - DAG(s) dict_keys(['example_xcom_args', 'example_xcom_args_with_operators']) retrieved from /home/airflow/.local/lib/python3.7/site-packages/airflow/example_dags/example_xcomargs.py
[2023-10-10 12:13:15,372] {logging_mixin.py:115} INFO - [2023-10-10 12:13:15,372] {dag.py:2420} INFO - Sync 2 DAGs
[2023-10-10 12:13:15,400] {logging_mixin.py:115} INFO - [2023-10-10 12:13:15,400] {dag.py:2972} INFO - Setting next_dagrun for example_xcom_args to None, run_after=None
[2023-10-10 12:13:15,401] {logging_mixin.py:115} INFO - [2023-10-10 12:13:15,401] {dag.py:2972} INFO - Setting next_dagrun for example_xcom_args_with_operators to None, run_after=None
[2023-10-10 12:13:15,417] {processor.py:161} INFO - Processing /home/airflow/.local/lib/python3.7/site-packages/airflow/example_dags/example_xcomargs.py took 0.119 seconds
[2023-10-10 12:13:45,993] {processor.py:153} INFO - Started process (PID=1230) to work on /home/airflow/.local/lib/python3.7/site-packages/airflow/example_dags/example_xcomargs.py
[2023-10-10 12:13:45,994] {processor.py:641} INFO - Processing file /home/airflow/.local/lib/python3.7/site-packages/airflow/example_dags/example_xcomargs.py for tasks to queue
[2023-10-10 12:13:45,994] {logging_mixin.py:115} INFO - [2023-10-10 12:13:45,994] {dagbag.py:508} INFO - Filling up the DagBag from /home/airflow/.local/lib/python3.7/site-packages/airflow/example_dags/example_xcomargs.py
[2023-10-10 12:13:46,017] {processor.py:651} INFO - DAG(s) dict_keys(['example_xcom_args', 'example_xcom_args_with_operators']) retrieved from /home/airflow/.local/lib/python3.7/site-packages/airflow/example_dags/example_xcomargs.py
[2023-10-10 12:13:46,138] {logging_mixin.py:115} INFO - [2023-10-10 12:13:46,138] {dag.py:2420} INFO - Sync 2 DAGs
[2023-10-10 12:13:46,163] {logging_mixin.py:115} INFO - [2023-10-10 12:13:46,163] {dag.py:2972} INFO - Setting next_dagrun for example_xcom_args to None, run_after=None
[2023-10-10 12:13:46,164] {logging_mixin.py:115} INFO - [2023-10-10 12:13:46,164] {dag.py:2972} INFO - Setting next_dagrun for example_xcom_args_with_operators to None, run_after=None
[2023-10-10 12:13:46,178] {processor.py:161} INFO - Processing /home/airflow/.local/lib/python3.7/site-packages/airflow/example_dags/example_xcomargs.py took 0.190 seconds
[2023-10-10 12:14:16,915] {processor.py:153} INFO - Started process (PID=1292) to work on /home/airflow/.local/lib/python3.7/site-packages/airflow/example_dags/example_xcomargs.py
[2023-10-10 12:14:16,916] {processor.py:641} INFO - Processing file /home/airflow/.local/lib/python3.7/site-packages/airflow/example_dags/example_xcomargs.py for tasks to queue
[2023-10-10 12:14:16,916] {logging_mixin.py:115} INFO - [2023-10-10 12:14:16,916] {dagbag.py:508} INFO - Filling up the DagBag from /home/airflow/.local/lib/python3.7/site-packages/airflow/example_dags/example_xcomargs.py
[2023-10-10 12:14:16,958] {processor.py:651} INFO - DAG(s) dict_keys(['example_xcom_args', 'example_xcom_args_with_operators']) retrieved from /home/airflow/.local/lib/python3.7/site-packages/airflow/example_dags/example_xcomargs.py
[2023-10-10 12:14:17,120] {logging_mixin.py:115} INFO - [2023-10-10 12:14:17,120] {dag.py:2420} INFO - Sync 2 DAGs
[2023-10-10 12:14:17,145] {logging_mixin.py:115} INFO - [2023-10-10 12:14:17,145] {dag.py:2972} INFO - Setting next_dagrun for example_xcom_args to None, run_after=None
[2023-10-10 12:14:17,145] {logging_mixin.py:115} INFO - [2023-10-10 12:14:17,145] {dag.py:2972} INFO - Setting next_dagrun for example_xcom_args_with_operators to None, run_after=None
[2023-10-10 12:14:17,159] {processor.py:161} INFO - Processing /home/airflow/.local/lib/python3.7/site-packages/airflow/example_dags/example_xcomargs.py took 0.258 seconds
[2023-10-10 12:14:47,282] {processor.py:153} INFO - Started process (PID=1346) to work on /home/airflow/.local/lib/python3.7/site-packages/airflow/example_dags/example_xcomargs.py
[2023-10-10 12:14:47,295] {processor.py:641} INFO - Processing file /home/airflow/.local/lib/python3.7/site-packages/airflow/example_dags/example_xcomargs.py for tasks to queue
[2023-10-10 12:14:47,296] {logging_mixin.py:115} INFO - [2023-10-10 12:14:47,296] {dagbag.py:508} INFO - Filling up the DagBag from /home/airflow/.local/lib/python3.7/site-packages/airflow/example_dags/example_xcomargs.py
[2023-10-10 12:14:47,339] {processor.py:651} INFO - DAG(s) dict_keys(['example_xcom_args', 'example_xcom_args_with_operators']) retrieved from /home/airflow/.local/lib/python3.7/site-packages/airflow/example_dags/example_xcomargs.py
[2023-10-10 12:14:47,456] {logging_mixin.py:115} INFO - [2023-10-10 12:14:47,456] {dag.py:2420} INFO - Sync 2 DAGs
[2023-10-10 12:14:47,482] {logging_mixin.py:115} INFO - [2023-10-10 12:14:47,482] {dag.py:2972} INFO - Setting next_dagrun for example_xcom_args to None, run_after=None
[2023-10-10 12:14:47,483] {logging_mixin.py:115} INFO - [2023-10-10 12:14:47,483] {dag.py:2972} INFO - Setting next_dagrun for example_xcom_args_with_operators to None, run_after=None
[2023-10-10 12:14:47,498] {processor.py:161} INFO - Processing /home/airflow/.local/lib/python3.7/site-packages/airflow/example_dags/example_xcomargs.py took 0.221 seconds
[2023-10-10 12:15:18,002] {processor.py:153} INFO - Started process (PID=1409) to work on /home/airflow/.local/lib/python3.7/site-packages/airflow/example_dags/example_xcomargs.py
[2023-10-10 12:15:18,003] {processor.py:641} INFO - Processing file /home/airflow/.local/lib/python3.7/site-packages/airflow/example_dags/example_xcomargs.py for tasks to queue
[2023-10-10 12:15:18,004] {logging_mixin.py:115} INFO - [2023-10-10 12:15:18,004] {dagbag.py:508} INFO - Filling up the DagBag from /home/airflow/.local/lib/python3.7/site-packages/airflow/example_dags/example_xcomargs.py
[2023-10-10 12:15:18,029] {processor.py:651} INFO - DAG(s) dict_keys(['example_xcom_args', 'example_xcom_args_with_operators']) retrieved from /home/airflow/.local/lib/python3.7/site-packages/airflow/example_dags/example_xcomargs.py
[2023-10-10 12:15:18,175] {logging_mixin.py:115} INFO - [2023-10-10 12:15:18,175] {dag.py:2420} INFO - Sync 2 DAGs
[2023-10-10 12:15:18,209] {logging_mixin.py:115} INFO - [2023-10-10 12:15:18,209] {dag.py:2972} INFO - Setting next_dagrun for example_xcom_args to None, run_after=None
[2023-10-10 12:15:18,209] {logging_mixin.py:115} INFO - [2023-10-10 12:15:18,209] {dag.py:2972} INFO - Setting next_dagrun for example_xcom_args_with_operators to None, run_after=None
[2023-10-10 12:15:18,224] {processor.py:161} INFO - Processing /home/airflow/.local/lib/python3.7/site-packages/airflow/example_dags/example_xcomargs.py took 0.227 seconds
[2023-10-10 12:15:48,815] {processor.py:153} INFO - Started process (PID=1473) to work on /home/airflow/.local/lib/python3.7/site-packages/airflow/example_dags/example_xcomargs.py
[2023-10-10 12:15:48,816] {processor.py:641} INFO - Processing file /home/airflow/.local/lib/python3.7/site-packages/airflow/example_dags/example_xcomargs.py for tasks to queue
[2023-10-10 12:15:48,816] {logging_mixin.py:115} INFO - [2023-10-10 12:15:48,816] {dagbag.py:508} INFO - Filling up the DagBag from /home/airflow/.local/lib/python3.7/site-packages/airflow/example_dags/example_xcomargs.py
[2023-10-10 12:15:48,847] {processor.py:651} INFO - DAG(s) dict_keys(['example_xcom_args', 'example_xcom_args_with_operators']) retrieved from /home/airflow/.local/lib/python3.7/site-packages/airflow/example_dags/example_xcomargs.py
[2023-10-10 12:15:49,036] {logging_mixin.py:115} INFO - [2023-10-10 12:15:49,036] {dag.py:2420} INFO - Sync 2 DAGs
[2023-10-10 12:15:49,076] {logging_mixin.py:115} INFO - [2023-10-10 12:15:49,076] {dag.py:2972} INFO - Setting next_dagrun for example_xcom_args to None, run_after=None
[2023-10-10 12:15:49,076] {logging_mixin.py:115} INFO - [2023-10-10 12:15:49,076] {dag.py:2972} INFO - Setting next_dagrun for example_xcom_args_with_operators to None, run_after=None
[2023-10-10 12:15:49,094] {processor.py:161} INFO - Processing /home/airflow/.local/lib/python3.7/site-packages/airflow/example_dags/example_xcomargs.py took 0.284 seconds
[2023-10-10 12:16:19,379] {processor.py:153} INFO - Started process (PID=1526) to work on /home/airflow/.local/lib/python3.7/site-packages/airflow/example_dags/example_xcomargs.py
[2023-10-10 12:16:19,380] {processor.py:641} INFO - Processing file /home/airflow/.local/lib/python3.7/site-packages/airflow/example_dags/example_xcomargs.py for tasks to queue
[2023-10-10 12:16:19,381] {logging_mixin.py:115} INFO - [2023-10-10 12:16:19,381] {dagbag.py:508} INFO - Filling up the DagBag from /home/airflow/.local/lib/python3.7/site-packages/airflow/example_dags/example_xcomargs.py
[2023-10-10 12:16:19,409] {processor.py:651} INFO - DAG(s) dict_keys(['example_xcom_args', 'example_xcom_args_with_operators']) retrieved from /home/airflow/.local/lib/python3.7/site-packages/airflow/example_dags/example_xcomargs.py
[2023-10-10 12:16:19,452] {logging_mixin.py:115} INFO - [2023-10-10 12:16:19,452] {dag.py:2420} INFO - Sync 2 DAGs
[2023-10-10 12:16:19,481] {logging_mixin.py:115} INFO - [2023-10-10 12:16:19,480] {dag.py:2972} INFO - Setting next_dagrun for example_xcom_args to None, run_after=None
[2023-10-10 12:16:19,481] {logging_mixin.py:115} INFO - [2023-10-10 12:16:19,481] {dag.py:2972} INFO - Setting next_dagrun for example_xcom_args_with_operators to None, run_after=None
[2023-10-10 12:16:19,498] {processor.py:161} INFO - Processing /home/airflow/.local/lib/python3.7/site-packages/airflow/example_dags/example_xcomargs.py took 0.124 seconds
[2023-10-10 12:16:49,606] {processor.py:153} INFO - Started process (PID=1590) to work on /home/airflow/.local/lib/python3.7/site-packages/airflow/example_dags/example_xcomargs.py
[2023-10-10 12:16:49,607] {processor.py:641} INFO - Processing file /home/airflow/.local/lib/python3.7/site-packages/airflow/example_dags/example_xcomargs.py for tasks to queue
[2023-10-10 12:16:49,608] {logging_mixin.py:115} INFO - [2023-10-10 12:16:49,608] {dagbag.py:508} INFO - Filling up the DagBag from /home/airflow/.local/lib/python3.7/site-packages/airflow/example_dags/example_xcomargs.py
[2023-10-10 12:16:49,632] {processor.py:651} INFO - DAG(s) dict_keys(['example_xcom_args', 'example_xcom_args_with_operators']) retrieved from /home/airflow/.local/lib/python3.7/site-packages/airflow/example_dags/example_xcomargs.py
[2023-10-10 12:16:49,725] {logging_mixin.py:115} INFO - [2023-10-10 12:16:49,725] {dag.py:2420} INFO - Sync 2 DAGs
[2023-10-10 12:16:49,750] {logging_mixin.py:115} INFO - [2023-10-10 12:16:49,750] {dag.py:2972} INFO - Setting next_dagrun for example_xcom_args to None, run_after=None
[2023-10-10 12:16:49,751] {logging_mixin.py:115} INFO - [2023-10-10 12:16:49,751] {dag.py:2972} INFO - Setting next_dagrun for example_xcom_args_with_operators to None, run_after=None
[2023-10-10 12:16:49,765] {processor.py:161} INFO - Processing /home/airflow/.local/lib/python3.7/site-packages/airflow/example_dags/example_xcomargs.py took 0.164 seconds
[2023-10-10 12:17:20,569] {processor.py:153} INFO - Started process (PID=1643) to work on /home/airflow/.local/lib/python3.7/site-packages/airflow/example_dags/example_xcomargs.py
[2023-10-10 12:17:20,570] {processor.py:641} INFO - Processing file /home/airflow/.local/lib/python3.7/site-packages/airflow/example_dags/example_xcomargs.py for tasks to queue
[2023-10-10 12:17:20,571] {logging_mixin.py:115} INFO - [2023-10-10 12:17:20,571] {dagbag.py:508} INFO - Filling up the DagBag from /home/airflow/.local/lib/python3.7/site-packages/airflow/example_dags/example_xcomargs.py
[2023-10-10 12:17:20,607] {processor.py:651} INFO - DAG(s) dict_keys(['example_xcom_args', 'example_xcom_args_with_operators']) retrieved from /home/airflow/.local/lib/python3.7/site-packages/airflow/example_dags/example_xcomargs.py
[2023-10-10 12:17:20,782] {logging_mixin.py:115} INFO - [2023-10-10 12:17:20,782] {dag.py:2420} INFO - Sync 2 DAGs
[2023-10-10 12:17:20,841] {logging_mixin.py:115} INFO - [2023-10-10 12:17:20,841] {dag.py:2972} INFO - Setting next_dagrun for example_xcom_args to None, run_after=None
[2023-10-10 12:17:20,842] {logging_mixin.py:115} INFO - [2023-10-10 12:17:20,842] {dag.py:2972} INFO - Setting next_dagrun for example_xcom_args_with_operators to None, run_after=None
[2023-10-10 12:17:20,879] {processor.py:161} INFO - Processing /home/airflow/.local/lib/python3.7/site-packages/airflow/example_dags/example_xcomargs.py took 0.315 seconds
[2023-10-10 12:17:51,301] {processor.py:153} INFO - Started process (PID=1705) to work on /home/airflow/.local/lib/python3.7/site-packages/airflow/example_dags/example_xcomargs.py
[2023-10-10 12:17:51,301] {processor.py:641} INFO - Processing file /home/airflow/.local/lib/python3.7/site-packages/airflow/example_dags/example_xcomargs.py for tasks to queue
[2023-10-10 12:17:51,302] {logging_mixin.py:115} INFO - [2023-10-10 12:17:51,302] {dagbag.py:508} INFO - Filling up the DagBag from /home/airflow/.local/lib/python3.7/site-packages/airflow/example_dags/example_xcomargs.py
[2023-10-10 12:17:51,325] {processor.py:651} INFO - DAG(s) dict_keys(['example_xcom_args', 'example_xcom_args_with_operators']) retrieved from /home/airflow/.local/lib/python3.7/site-packages/airflow/example_dags/example_xcomargs.py
[2023-10-10 12:17:51,369] {logging_mixin.py:115} INFO - [2023-10-10 12:17:51,369] {dag.py:2420} INFO - Sync 2 DAGs
[2023-10-10 12:17:51,397] {logging_mixin.py:115} INFO - [2023-10-10 12:17:51,397] {dag.py:2972} INFO - Setting next_dagrun for example_xcom_args to None, run_after=None
[2023-10-10 12:17:51,398] {logging_mixin.py:115} INFO - [2023-10-10 12:17:51,398] {dag.py:2972} INFO - Setting next_dagrun for example_xcom_args_with_operators to None, run_after=None
[2023-10-10 12:17:51,410] {processor.py:161} INFO - Processing /home/airflow/.local/lib/python3.7/site-packages/airflow/example_dags/example_xcomargs.py took 0.115 seconds
[2023-10-10 12:18:21,494] {processor.py:153} INFO - Started process (PID=1767) to work on /home/airflow/.local/lib/python3.7/site-packages/airflow/example_dags/example_xcomargs.py
[2023-10-10 12:18:21,496] {processor.py:641} INFO - Processing file /home/airflow/.local/lib/python3.7/site-packages/airflow/example_dags/example_xcomargs.py for tasks to queue
[2023-10-10 12:18:21,496] {logging_mixin.py:115} INFO - [2023-10-10 12:18:21,496] {dagbag.py:508} INFO - Filling up the DagBag from /home/airflow/.local/lib/python3.7/site-packages/airflow/example_dags/example_xcomargs.py
[2023-10-10 12:18:21,519] {processor.py:651} INFO - DAG(s) dict_keys(['example_xcom_args', 'example_xcom_args_with_operators']) retrieved from /home/airflow/.local/lib/python3.7/site-packages/airflow/example_dags/example_xcomargs.py
[2023-10-10 12:18:21,617] {logging_mixin.py:115} INFO - [2023-10-10 12:18:21,617] {dag.py:2420} INFO - Sync 2 DAGs
[2023-10-10 12:18:21,646] {logging_mixin.py:115} INFO - [2023-10-10 12:18:21,646] {dag.py:2972} INFO - Setting next_dagrun for example_xcom_args to None, run_after=None
[2023-10-10 12:18:21,646] {logging_mixin.py:115} INFO - [2023-10-10 12:18:21,646] {dag.py:2972} INFO - Setting next_dagrun for example_xcom_args_with_operators to None, run_after=None
[2023-10-10 12:18:21,661] {processor.py:161} INFO - Processing /home/airflow/.local/lib/python3.7/site-packages/airflow/example_dags/example_xcomargs.py took 0.172 seconds
[2023-10-10 12:18:52,033] {processor.py:153} INFO - Started process (PID=1820) to work on /home/airflow/.local/lib/python3.7/site-packages/airflow/example_dags/example_xcomargs.py
[2023-10-10 12:18:52,034] {processor.py:641} INFO - Processing file /home/airflow/.local/lib/python3.7/site-packages/airflow/example_dags/example_xcomargs.py for tasks to queue
[2023-10-10 12:18:52,035] {logging_mixin.py:115} INFO - [2023-10-10 12:18:52,034] {dagbag.py:508} INFO - Filling up the DagBag from /home/airflow/.local/lib/python3.7/site-packages/airflow/example_dags/example_xcomargs.py
[2023-10-10 12:18:52,058] {processor.py:651} INFO - DAG(s) dict_keys(['example_xcom_args', 'example_xcom_args_with_operators']) retrieved from /home/airflow/.local/lib/python3.7/site-packages/airflow/example_dags/example_xcomargs.py
[2023-10-10 12:18:52,184] {logging_mixin.py:115} INFO - [2023-10-10 12:18:52,184] {dag.py:2420} INFO - Sync 2 DAGs
[2023-10-10 12:18:52,208] {logging_mixin.py:115} INFO - [2023-10-10 12:18:52,208] {dag.py:2972} INFO - Setting next_dagrun for example_xcom_args to None, run_after=None
[2023-10-10 12:18:52,209] {logging_mixin.py:115} INFO - [2023-10-10 12:18:52,209] {dag.py:2972} INFO - Setting next_dagrun for example_xcom_args_with_operators to None, run_after=None
[2023-10-10 12:18:52,224] {processor.py:161} INFO - Processing /home/airflow/.local/lib/python3.7/site-packages/airflow/example_dags/example_xcomargs.py took 0.196 seconds
[2023-10-10 12:19:22,742] {processor.py:153} INFO - Started process (PID=1881) to work on /home/airflow/.local/lib/python3.7/site-packages/airflow/example_dags/example_xcomargs.py
[2023-10-10 12:19:22,744] {processor.py:641} INFO - Processing file /home/airflow/.local/lib/python3.7/site-packages/airflow/example_dags/example_xcomargs.py for tasks to queue
[2023-10-10 12:19:22,744] {logging_mixin.py:115} INFO - [2023-10-10 12:19:22,744] {dagbag.py:508} INFO - Filling up the DagBag from /home/airflow/.local/lib/python3.7/site-packages/airflow/example_dags/example_xcomargs.py
[2023-10-10 12:19:22,767] {processor.py:651} INFO - DAG(s) dict_keys(['example_xcom_args', 'example_xcom_args_with_operators']) retrieved from /home/airflow/.local/lib/python3.7/site-packages/airflow/example_dags/example_xcomargs.py
[2023-10-10 12:19:22,895] {logging_mixin.py:115} INFO - [2023-10-10 12:19:22,895] {dag.py:2420} INFO - Sync 2 DAGs
[2023-10-10 12:19:22,922] {logging_mixin.py:115} INFO - [2023-10-10 12:19:22,922] {dag.py:2972} INFO - Setting next_dagrun for example_xcom_args to None, run_after=None
[2023-10-10 12:19:22,922] {logging_mixin.py:115} INFO - [2023-10-10 12:19:22,922] {dag.py:2972} INFO - Setting next_dagrun for example_xcom_args_with_operators to None, run_after=None
[2023-10-10 12:19:22,938] {processor.py:161} INFO - Processing /home/airflow/.local/lib/python3.7/site-packages/airflow/example_dags/example_xcomargs.py took 0.200 seconds
[2023-10-10 12:19:53,360] {processor.py:153} INFO - Started process (PID=1933) to work on /home/airflow/.local/lib/python3.7/site-packages/airflow/example_dags/example_xcomargs.py
[2023-10-10 12:19:53,361] {processor.py:641} INFO - Processing file /home/airflow/.local/lib/python3.7/site-packages/airflow/example_dags/example_xcomargs.py for tasks to queue
[2023-10-10 12:19:53,362] {logging_mixin.py:115} INFO - [2023-10-10 12:19:53,361] {dagbag.py:508} INFO - Filling up the DagBag from /home/airflow/.local/lib/python3.7/site-packages/airflow/example_dags/example_xcomargs.py
[2023-10-10 12:19:53,384] {processor.py:651} INFO - DAG(s) dict_keys(['example_xcom_args', 'example_xcom_args_with_operators']) retrieved from /home/airflow/.local/lib/python3.7/site-packages/airflow/example_dags/example_xcomargs.py
[2023-10-10 12:19:53,478] {logging_mixin.py:115} INFO - [2023-10-10 12:19:53,478] {dag.py:2420} INFO - Sync 2 DAGs
[2023-10-10 12:19:53,522] {logging_mixin.py:115} INFO - [2023-10-10 12:19:53,522] {dag.py:2972} INFO - Setting next_dagrun for example_xcom_args to None, run_after=None
[2023-10-10 12:19:53,523] {logging_mixin.py:115} INFO - [2023-10-10 12:19:53,522] {dag.py:2972} INFO - Setting next_dagrun for example_xcom_args_with_operators to None, run_after=None
[2023-10-10 12:19:53,542] {processor.py:161} INFO - Processing /home/airflow/.local/lib/python3.7/site-packages/airflow/example_dags/example_xcomargs.py took 0.187 seconds
[2023-10-10 12:20:23,985] {processor.py:153} INFO - Started process (PID=1994) to work on /home/airflow/.local/lib/python3.7/site-packages/airflow/example_dags/example_xcomargs.py
[2023-10-10 12:20:23,986] {processor.py:641} INFO - Processing file /home/airflow/.local/lib/python3.7/site-packages/airflow/example_dags/example_xcomargs.py for tasks to queue
[2023-10-10 12:20:23,987] {logging_mixin.py:115} INFO - [2023-10-10 12:20:23,987] {dagbag.py:508} INFO - Filling up the DagBag from /home/airflow/.local/lib/python3.7/site-packages/airflow/example_dags/example_xcomargs.py
[2023-10-10 12:20:24,010] {processor.py:651} INFO - DAG(s) dict_keys(['example_xcom_args', 'example_xcom_args_with_operators']) retrieved from /home/airflow/.local/lib/python3.7/site-packages/airflow/example_dags/example_xcomargs.py
[2023-10-10 12:20:24,060] {logging_mixin.py:115} INFO - [2023-10-10 12:20:24,060] {dag.py:2420} INFO - Sync 2 DAGs
[2023-10-10 12:20:24,090] {logging_mixin.py:115} INFO - [2023-10-10 12:20:24,090] {dag.py:2972} INFO - Setting next_dagrun for example_xcom_args to None, run_after=None
[2023-10-10 12:20:24,090] {logging_mixin.py:115} INFO - [2023-10-10 12:20:24,090] {dag.py:2972} INFO - Setting next_dagrun for example_xcom_args_with_operators to None, run_after=None
[2023-10-10 12:20:24,107] {processor.py:161} INFO - Processing /home/airflow/.local/lib/python3.7/site-packages/airflow/example_dags/example_xcomargs.py took 0.127 seconds
[2023-10-10 12:20:54,251] {processor.py:153} INFO - Started process (PID=2056) to work on /home/airflow/.local/lib/python3.7/site-packages/airflow/example_dags/example_xcomargs.py
[2023-10-10 12:20:54,252] {processor.py:641} INFO - Processing file /home/airflow/.local/lib/python3.7/site-packages/airflow/example_dags/example_xcomargs.py for tasks to queue
[2023-10-10 12:20:54,253] {logging_mixin.py:115} INFO - [2023-10-10 12:20:54,253] {dagbag.py:508} INFO - Filling up the DagBag from /home/airflow/.local/lib/python3.7/site-packages/airflow/example_dags/example_xcomargs.py
[2023-10-10 12:20:54,276] {processor.py:651} INFO - DAG(s) dict_keys(['example_xcom_args', 'example_xcom_args_with_operators']) retrieved from /home/airflow/.local/lib/python3.7/site-packages/airflow/example_dags/example_xcomargs.py
[2023-10-10 12:20:54,370] {logging_mixin.py:115} INFO - [2023-10-10 12:20:54,369] {dag.py:2420} INFO - Sync 2 DAGs
[2023-10-10 12:20:54,401] {logging_mixin.py:115} INFO - [2023-10-10 12:20:54,401] {dag.py:2972} INFO - Setting next_dagrun for example_xcom_args to None, run_after=None
[2023-10-10 12:20:54,401] {logging_mixin.py:115} INFO - [2023-10-10 12:20:54,401] {dag.py:2972} INFO - Setting next_dagrun for example_xcom_args_with_operators to None, run_after=None
[2023-10-10 12:20:54,420] {processor.py:161} INFO - Processing /home/airflow/.local/lib/python3.7/site-packages/airflow/example_dags/example_xcomargs.py took 0.174 seconds
[2023-10-10 12:21:24,806] {processor.py:153} INFO - Started process (PID=2110) to work on /home/airflow/.local/lib/python3.7/site-packages/airflow/example_dags/example_xcomargs.py
[2023-10-10 12:21:24,807] {processor.py:641} INFO - Processing file /home/airflow/.local/lib/python3.7/site-packages/airflow/example_dags/example_xcomargs.py for tasks to queue
[2023-10-10 12:21:24,807] {logging_mixin.py:115} INFO - [2023-10-10 12:21:24,807] {dagbag.py:508} INFO - Filling up the DagBag from /home/airflow/.local/lib/python3.7/site-packages/airflow/example_dags/example_xcomargs.py
[2023-10-10 12:21:24,830] {processor.py:651} INFO - DAG(s) dict_keys(['example_xcom_args', 'example_xcom_args_with_operators']) retrieved from /home/airflow/.local/lib/python3.7/site-packages/airflow/example_dags/example_xcomargs.py
[2023-10-10 12:21:24,921] {logging_mixin.py:115} INFO - [2023-10-10 12:21:24,920] {dag.py:2420} INFO - Sync 2 DAGs
[2023-10-10 12:21:24,946] {logging_mixin.py:115} INFO - [2023-10-10 12:21:24,945] {dag.py:2972} INFO - Setting next_dagrun for example_xcom_args to None, run_after=None
[2023-10-10 12:21:24,946] {logging_mixin.py:115} INFO - [2023-10-10 12:21:24,946] {dag.py:2972} INFO - Setting next_dagrun for example_xcom_args_with_operators to None, run_after=None
[2023-10-10 12:21:24,961] {processor.py:161} INFO - Processing /home/airflow/.local/lib/python3.7/site-packages/airflow/example_dags/example_xcomargs.py took 0.160 seconds
[2023-10-10 12:21:55,124] {processor.py:153} INFO - Started process (PID=2173) to work on /home/airflow/.local/lib/python3.7/site-packages/airflow/example_dags/example_xcomargs.py
[2023-10-10 12:21:55,125] {processor.py:641} INFO - Processing file /home/airflow/.local/lib/python3.7/site-packages/airflow/example_dags/example_xcomargs.py for tasks to queue
[2023-10-10 12:21:55,125] {logging_mixin.py:115} INFO - [2023-10-10 12:21:55,125] {dagbag.py:508} INFO - Filling up the DagBag from /home/airflow/.local/lib/python3.7/site-packages/airflow/example_dags/example_xcomargs.py
[2023-10-10 12:21:55,161] {processor.py:651} INFO - DAG(s) dict_keys(['example_xcom_args', 'example_xcom_args_with_operators']) retrieved from /home/airflow/.local/lib/python3.7/site-packages/airflow/example_dags/example_xcomargs.py
[2023-10-10 12:21:55,336] {logging_mixin.py:115} INFO - [2023-10-10 12:21:55,336] {dag.py:2420} INFO - Sync 2 DAGs
[2023-10-10 12:21:55,365] {logging_mixin.py:115} INFO - [2023-10-10 12:21:55,365] {dag.py:2972} INFO - Setting next_dagrun for example_xcom_args to None, run_after=None
[2023-10-10 12:21:55,366] {logging_mixin.py:115} INFO - [2023-10-10 12:21:55,366] {dag.py:2972} INFO - Setting next_dagrun for example_xcom_args_with_operators to None, run_after=None
[2023-10-10 12:21:55,396] {processor.py:161} INFO - Processing /home/airflow/.local/lib/python3.7/site-packages/airflow/example_dags/example_xcomargs.py took 0.278 seconds
[2023-10-10 12:22:25,461] {processor.py:153} INFO - Started process (PID=2235) to work on /home/airflow/.local/lib/python3.7/site-packages/airflow/example_dags/example_xcomargs.py
[2023-10-10 12:22:25,462] {processor.py:641} INFO - Processing file /home/airflow/.local/lib/python3.7/site-packages/airflow/example_dags/example_xcomargs.py for tasks to queue
[2023-10-10 12:22:25,463] {logging_mixin.py:115} INFO - [2023-10-10 12:22:25,463] {dagbag.py:508} INFO - Filling up the DagBag from /home/airflow/.local/lib/python3.7/site-packages/airflow/example_dags/example_xcomargs.py
[2023-10-10 12:22:25,498] {processor.py:651} INFO - DAG(s) dict_keys(['example_xcom_args', 'example_xcom_args_with_operators']) retrieved from /home/airflow/.local/lib/python3.7/site-packages/airflow/example_dags/example_xcomargs.py
[2023-10-10 12:22:25,624] {logging_mixin.py:115} INFO - [2023-10-10 12:22:25,624] {dag.py:2420} INFO - Sync 2 DAGs
[2023-10-10 12:22:25,665] {logging_mixin.py:115} INFO - [2023-10-10 12:22:25,664] {dag.py:2972} INFO - Setting next_dagrun for example_xcom_args to None, run_after=None
[2023-10-10 12:22:25,665] {logging_mixin.py:115} INFO - [2023-10-10 12:22:25,665] {dag.py:2972} INFO - Setting next_dagrun for example_xcom_args_with_operators to None, run_after=None
[2023-10-10 12:22:25,684] {processor.py:161} INFO - Processing /home/airflow/.local/lib/python3.7/site-packages/airflow/example_dags/example_xcomargs.py took 0.228 seconds
[2023-10-10 12:22:56,597] {processor.py:153} INFO - Started process (PID=2288) to work on /home/airflow/.local/lib/python3.7/site-packages/airflow/example_dags/example_xcomargs.py
[2023-10-10 12:22:56,598] {processor.py:641} INFO - Processing file /home/airflow/.local/lib/python3.7/site-packages/airflow/example_dags/example_xcomargs.py for tasks to queue
[2023-10-10 12:22:56,599] {logging_mixin.py:115} INFO - [2023-10-10 12:22:56,599] {dagbag.py:508} INFO - Filling up the DagBag from /home/airflow/.local/lib/python3.7/site-packages/airflow/example_dags/example_xcomargs.py
[2023-10-10 12:22:56,622] {processor.py:651} INFO - DAG(s) dict_keys(['example_xcom_args', 'example_xcom_args_with_operators']) retrieved from /home/airflow/.local/lib/python3.7/site-packages/airflow/example_dags/example_xcomargs.py
[2023-10-10 12:22:56,714] {logging_mixin.py:115} INFO - [2023-10-10 12:22:56,714] {dag.py:2420} INFO - Sync 2 DAGs
[2023-10-10 12:22:56,756] {logging_mixin.py:115} INFO - [2023-10-10 12:22:56,756] {dag.py:2972} INFO - Setting next_dagrun for example_xcom_args to None, run_after=None
[2023-10-10 12:22:56,757] {logging_mixin.py:115} INFO - [2023-10-10 12:22:56,757] {dag.py:2972} INFO - Setting next_dagrun for example_xcom_args_with_operators to None, run_after=None
[2023-10-10 12:22:56,786] {processor.py:161} INFO - Processing /home/airflow/.local/lib/python3.7/site-packages/airflow/example_dags/example_xcomargs.py took 0.193 seconds
[2023-10-10 12:23:27,558] {processor.py:153} INFO - Started process (PID=2350) to work on /home/airflow/.local/lib/python3.7/site-packages/airflow/example_dags/example_xcomargs.py
[2023-10-10 12:23:27,559] {processor.py:641} INFO - Processing file /home/airflow/.local/lib/python3.7/site-packages/airflow/example_dags/example_xcomargs.py for tasks to queue
[2023-10-10 12:23:27,559] {logging_mixin.py:115} INFO - [2023-10-10 12:23:27,559] {dagbag.py:508} INFO - Filling up the DagBag from /home/airflow/.local/lib/python3.7/site-packages/airflow/example_dags/example_xcomargs.py
[2023-10-10 12:23:27,599] {processor.py:651} INFO - DAG(s) dict_keys(['example_xcom_args', 'example_xcom_args_with_operators']) retrieved from /home/airflow/.local/lib/python3.7/site-packages/airflow/example_dags/example_xcomargs.py
[2023-10-10 12:23:27,728] {logging_mixin.py:115} INFO - [2023-10-10 12:23:27,728] {dag.py:2420} INFO - Sync 2 DAGs
[2023-10-10 12:23:27,761] {logging_mixin.py:115} INFO - [2023-10-10 12:23:27,760] {dag.py:2972} INFO - Setting next_dagrun for example_xcom_args to None, run_after=None
[2023-10-10 12:23:27,761] {logging_mixin.py:115} INFO - [2023-10-10 12:23:27,761] {dag.py:2972} INFO - Setting next_dagrun for example_xcom_args_with_operators to None, run_after=None
[2023-10-10 12:23:27,782] {processor.py:161} INFO - Processing /home/airflow/.local/lib/python3.7/site-packages/airflow/example_dags/example_xcomargs.py took 0.229 seconds
[2023-10-10 12:23:58,241] {processor.py:153} INFO - Started process (PID=2412) to work on /home/airflow/.local/lib/python3.7/site-packages/airflow/example_dags/example_xcomargs.py
[2023-10-10 12:23:58,242] {processor.py:641} INFO - Processing file /home/airflow/.local/lib/python3.7/site-packages/airflow/example_dags/example_xcomargs.py for tasks to queue
[2023-10-10 12:23:58,242] {logging_mixin.py:115} INFO - [2023-10-10 12:23:58,242] {dagbag.py:508} INFO - Filling up the DagBag from /home/airflow/.local/lib/python3.7/site-packages/airflow/example_dags/example_xcomargs.py
[2023-10-10 12:23:58,301] {processor.py:651} INFO - DAG(s) dict_keys(['example_xcom_args', 'example_xcom_args_with_operators']) retrieved from /home/airflow/.local/lib/python3.7/site-packages/airflow/example_dags/example_xcomargs.py
[2023-10-10 12:23:58,517] {logging_mixin.py:115} INFO - [2023-10-10 12:23:58,517] {dag.py:2420} INFO - Sync 2 DAGs
[2023-10-10 12:23:58,600] {logging_mixin.py:115} INFO - [2023-10-10 12:23:58,600] {dag.py:2972} INFO - Setting next_dagrun for example_xcom_args to None, run_after=None
[2023-10-10 12:23:58,600] {logging_mixin.py:115} INFO - [2023-10-10 12:23:58,600] {dag.py:2972} INFO - Setting next_dagrun for example_xcom_args_with_operators to None, run_after=None
[2023-10-10 12:23:58,655] {processor.py:161} INFO - Processing /home/airflow/.local/lib/python3.7/site-packages/airflow/example_dags/example_xcomargs.py took 0.422 seconds
[2023-10-10 12:24:28,942] {processor.py:153} INFO - Started process (PID=2466) to work on /home/airflow/.local/lib/python3.7/site-packages/airflow/example_dags/example_xcomargs.py
[2023-10-10 12:24:28,944] {processor.py:641} INFO - Processing file /home/airflow/.local/lib/python3.7/site-packages/airflow/example_dags/example_xcomargs.py for tasks to queue
[2023-10-10 12:24:28,944] {logging_mixin.py:115} INFO - [2023-10-10 12:24:28,944] {dagbag.py:508} INFO - Filling up the DagBag from /home/airflow/.local/lib/python3.7/site-packages/airflow/example_dags/example_xcomargs.py
[2023-10-10 12:24:28,981] {processor.py:651} INFO - DAG(s) dict_keys(['example_xcom_args', 'example_xcom_args_with_operators']) retrieved from /home/airflow/.local/lib/python3.7/site-packages/airflow/example_dags/example_xcomargs.py
[2023-10-10 12:24:29,298] {logging_mixin.py:115} INFO - [2023-10-10 12:24:29,298] {dag.py:2420} INFO - Sync 2 DAGs
[2023-10-10 12:24:29,338] {logging_mixin.py:115} INFO - [2023-10-10 12:24:29,338] {dag.py:2972} INFO - Setting next_dagrun for example_xcom_args to None, run_after=None
[2023-10-10 12:24:29,338] {logging_mixin.py:115} INFO - [2023-10-10 12:24:29,338] {dag.py:2972} INFO - Setting next_dagrun for example_xcom_args_with_operators to None, run_after=None
[2023-10-10 12:24:29,360] {processor.py:161} INFO - Processing /home/airflow/.local/lib/python3.7/site-packages/airflow/example_dags/example_xcomargs.py took 0.424 seconds
[2023-10-10 12:24:59,847] {processor.py:153} INFO - Started process (PID=2528) to work on /home/airflow/.local/lib/python3.7/site-packages/airflow/example_dags/example_xcomargs.py
[2023-10-10 12:24:59,848] {processor.py:641} INFO - Processing file /home/airflow/.local/lib/python3.7/site-packages/airflow/example_dags/example_xcomargs.py for tasks to queue
[2023-10-10 12:24:59,849] {logging_mixin.py:115} INFO - [2023-10-10 12:24:59,848] {dagbag.py:508} INFO - Filling up the DagBag from /home/airflow/.local/lib/python3.7/site-packages/airflow/example_dags/example_xcomargs.py
[2023-10-10 12:24:59,885] {processor.py:651} INFO - DAG(s) dict_keys(['example_xcom_args', 'example_xcom_args_with_operators']) retrieved from /home/airflow/.local/lib/python3.7/site-packages/airflow/example_dags/example_xcomargs.py
[2023-10-10 12:24:59,964] {logging_mixin.py:115} INFO - [2023-10-10 12:24:59,964] {dag.py:2420} INFO - Sync 2 DAGs
[2023-10-10 12:25:00,001] {logging_mixin.py:115} INFO - [2023-10-10 12:25:00,001] {dag.py:2972} INFO - Setting next_dagrun for example_xcom_args to None, run_after=None
[2023-10-10 12:25:00,001] {logging_mixin.py:115} INFO - [2023-10-10 12:25:00,001] {dag.py:2972} INFO - Setting next_dagrun for example_xcom_args_with_operators to None, run_after=None
[2023-10-10 12:25:00,022] {processor.py:161} INFO - Processing /home/airflow/.local/lib/python3.7/site-packages/airflow/example_dags/example_xcomargs.py took 0.180 seconds
[2023-10-10 12:25:30,305] {processor.py:153} INFO - Started process (PID=2581) to work on /home/airflow/.local/lib/python3.7/site-packages/airflow/example_dags/example_xcomargs.py
[2023-10-10 12:25:30,306] {processor.py:641} INFO - Processing file /home/airflow/.local/lib/python3.7/site-packages/airflow/example_dags/example_xcomargs.py for tasks to queue
[2023-10-10 12:25:30,306] {logging_mixin.py:115} INFO - [2023-10-10 12:25:30,306] {dagbag.py:508} INFO - Filling up the DagBag from /home/airflow/.local/lib/python3.7/site-packages/airflow/example_dags/example_xcomargs.py
[2023-10-10 12:25:30,330] {processor.py:651} INFO - DAG(s) dict_keys(['example_xcom_args', 'example_xcom_args_with_operators']) retrieved from /home/airflow/.local/lib/python3.7/site-packages/airflow/example_dags/example_xcomargs.py
[2023-10-10 12:25:30,423] {logging_mixin.py:115} INFO - [2023-10-10 12:25:30,423] {dag.py:2420} INFO - Sync 2 DAGs
[2023-10-10 12:25:30,449] {logging_mixin.py:115} INFO - [2023-10-10 12:25:30,449] {dag.py:2972} INFO - Setting next_dagrun for example_xcom_args to None, run_after=None
[2023-10-10 12:25:30,449] {logging_mixin.py:115} INFO - [2023-10-10 12:25:30,449] {dag.py:2972} INFO - Setting next_dagrun for example_xcom_args_with_operators to None, run_after=None
[2023-10-10 12:25:30,463] {processor.py:161} INFO - Processing /home/airflow/.local/lib/python3.7/site-packages/airflow/example_dags/example_xcomargs.py took 0.164 seconds
[2023-10-10 12:26:01,074] {processor.py:153} INFO - Started process (PID=2643) to work on /home/airflow/.local/lib/python3.7/site-packages/airflow/example_dags/example_xcomargs.py
[2023-10-10 12:26:01,075] {processor.py:641} INFO - Processing file /home/airflow/.local/lib/python3.7/site-packages/airflow/example_dags/example_xcomargs.py for tasks to queue
[2023-10-10 12:26:01,075] {logging_mixin.py:115} INFO - [2023-10-10 12:26:01,075] {dagbag.py:508} INFO - Filling up the DagBag from /home/airflow/.local/lib/python3.7/site-packages/airflow/example_dags/example_xcomargs.py
[2023-10-10 12:26:01,098] {processor.py:651} INFO - DAG(s) dict_keys(['example_xcom_args', 'example_xcom_args_with_operators']) retrieved from /home/airflow/.local/lib/python3.7/site-packages/airflow/example_dags/example_xcomargs.py
[2023-10-10 12:26:01,142] {logging_mixin.py:115} INFO - [2023-10-10 12:26:01,142] {dag.py:2420} INFO - Sync 2 DAGs
[2023-10-10 12:26:01,180] {logging_mixin.py:115} INFO - [2023-10-10 12:26:01,179] {dag.py:2972} INFO - Setting next_dagrun for example_xcom_args to None, run_after=None
[2023-10-10 12:26:01,180] {logging_mixin.py:115} INFO - [2023-10-10 12:26:01,180] {dag.py:2972} INFO - Setting next_dagrun for example_xcom_args_with_operators to None, run_after=None
[2023-10-10 12:26:01,202] {processor.py:161} INFO - Processing /home/airflow/.local/lib/python3.7/site-packages/airflow/example_dags/example_xcomargs.py took 0.133 seconds
[2023-10-10 12:26:31,915] {processor.py:153} INFO - Started process (PID=2705) to work on /home/airflow/.local/lib/python3.7/site-packages/airflow/example_dags/example_xcomargs.py
[2023-10-10 12:26:31,916] {processor.py:641} INFO - Processing file /home/airflow/.local/lib/python3.7/site-packages/airflow/example_dags/example_xcomargs.py for tasks to queue
[2023-10-10 12:26:31,917] {logging_mixin.py:115} INFO - [2023-10-10 12:26:31,917] {dagbag.py:508} INFO - Filling up the DagBag from /home/airflow/.local/lib/python3.7/site-packages/airflow/example_dags/example_xcomargs.py
[2023-10-10 12:26:31,941] {processor.py:651} INFO - DAG(s) dict_keys(['example_xcom_args', 'example_xcom_args_with_operators']) retrieved from /home/airflow/.local/lib/python3.7/site-packages/airflow/example_dags/example_xcomargs.py
[2023-10-10 12:26:32,057] {logging_mixin.py:115} INFO - [2023-10-10 12:26:32,057] {dag.py:2420} INFO - Sync 2 DAGs
[2023-10-10 12:26:32,118] {logging_mixin.py:115} INFO - [2023-10-10 12:26:32,117] {dag.py:2972} INFO - Setting next_dagrun for example_xcom_args to None, run_after=None
[2023-10-10 12:26:32,118] {logging_mixin.py:115} INFO - [2023-10-10 12:26:32,118] {dag.py:2972} INFO - Setting next_dagrun for example_xcom_args_with_operators to None, run_after=None
[2023-10-10 12:26:32,132] {processor.py:161} INFO - Processing /home/airflow/.local/lib/python3.7/site-packages/airflow/example_dags/example_xcomargs.py took 0.222 seconds
