[2023-10-10 12:03:31,177] {processor.py:153} INFO - Started process (PID=83) to work on /home/airflow/.local/lib/python3.7/site-packages/airflow/example_dags/example_branch_labels.py
[2023-10-10 12:03:31,178] {processor.py:641} INFO - Processing file /home/airflow/.local/lib/python3.7/site-packages/airflow/example_dags/example_branch_labels.py for tasks to queue
[2023-10-10 12:03:31,195] {logging_mixin.py:115} INFO - [2023-10-10 12:03:31,195] {dagbag.py:508} INFO - Filling up the DagBag from /home/airflow/.local/lib/python3.7/site-packages/airflow/example_dags/example_branch_labels.py
[2023-10-10 12:03:31,237] {processor.py:651} INFO - DAG(s) dict_keys(['example_branch_labels']) retrieved from /home/airflow/.local/lib/python3.7/site-packages/airflow/example_dags/example_branch_labels.py
[2023-10-10 12:03:32,178] {logging_mixin.py:115} INFO - [2023-10-10 12:03:32,178] {manager.py:508} INFO - Created Permission View: can read on DAG:example_branch_labels
[2023-10-10 12:03:32,316] {logging_mixin.py:115} INFO - [2023-10-10 12:03:32,315] {manager.py:508} INFO - Created Permission View: can edit on DAG:example_branch_labels
[2023-10-10 12:03:32,476] {logging_mixin.py:115} INFO - [2023-10-10 12:03:32,476] {manager.py:508} INFO - Created Permission View: can delete on DAG:example_branch_labels
[2023-10-10 12:03:32,476] {logging_mixin.py:115} INFO - [2023-10-10 12:03:32,476] {dag.py:2420} INFO - Sync 1 DAGs
[2023-10-10 12:03:32,599] {logging_mixin.py:115} INFO - [2023-10-10 12:03:32,599] {dag.py:2439} INFO - Creating ORM DAG for example_branch_labels
[2023-10-10 12:03:32,738] {logging_mixin.py:115} INFO - [2023-10-10 12:03:32,738] {dag.py:2972} INFO - Setting next_dagrun for example_branch_labels to 2023-10-09T00:00:00+00:00, run_after=2023-10-10T00:00:00+00:00
[2023-10-10 12:03:32,896] {processor.py:161} INFO - Processing /home/airflow/.local/lib/python3.7/site-packages/airflow/example_dags/example_branch_labels.py took 1.736 seconds
[2023-10-10 12:04:03,473] {processor.py:153} INFO - Started process (PID=126) to work on /home/airflow/.local/lib/python3.7/site-packages/airflow/example_dags/example_branch_labels.py
[2023-10-10 12:04:03,474] {processor.py:641} INFO - Processing file /home/airflow/.local/lib/python3.7/site-packages/airflow/example_dags/example_branch_labels.py for tasks to queue
[2023-10-10 12:04:03,475] {logging_mixin.py:115} INFO - [2023-10-10 12:04:03,474] {dagbag.py:508} INFO - Filling up the DagBag from /home/airflow/.local/lib/python3.7/site-packages/airflow/example_dags/example_branch_labels.py
[2023-10-10 12:04:03,485] {processor.py:651} INFO - DAG(s) dict_keys(['example_branch_labels']) retrieved from /home/airflow/.local/lib/python3.7/site-packages/airflow/example_dags/example_branch_labels.py
[2023-10-10 12:04:03,543] {logging_mixin.py:115} INFO - [2023-10-10 12:04:03,543] {dag.py:2420} INFO - Sync 1 DAGs
[2023-10-10 12:04:03,575] {logging_mixin.py:115} INFO - [2023-10-10 12:04:03,575] {dag.py:2972} INFO - Setting next_dagrun for example_branch_labels to 2023-10-09T00:00:00+00:00, run_after=2023-10-10T00:00:00+00:00
[2023-10-10 12:04:03,589] {processor.py:161} INFO - Processing /home/airflow/.local/lib/python3.7/site-packages/airflow/example_dags/example_branch_labels.py took 0.121 seconds
[2023-10-10 12:04:34,143] {processor.py:153} INFO - Started process (PID=187) to work on /home/airflow/.local/lib/python3.7/site-packages/airflow/example_dags/example_branch_labels.py
[2023-10-10 12:04:34,143] {processor.py:641} INFO - Processing file /home/airflow/.local/lib/python3.7/site-packages/airflow/example_dags/example_branch_labels.py for tasks to queue
[2023-10-10 12:04:34,144] {logging_mixin.py:115} INFO - [2023-10-10 12:04:34,144] {dagbag.py:508} INFO - Filling up the DagBag from /home/airflow/.local/lib/python3.7/site-packages/airflow/example_dags/example_branch_labels.py
[2023-10-10 12:04:34,163] {processor.py:651} INFO - DAG(s) dict_keys(['example_branch_labels']) retrieved from /home/airflow/.local/lib/python3.7/site-packages/airflow/example_dags/example_branch_labels.py
[2023-10-10 12:04:34,240] {logging_mixin.py:115} INFO - [2023-10-10 12:04:34,240] {dag.py:2420} INFO - Sync 1 DAGs
[2023-10-10 12:04:34,283] {logging_mixin.py:115} INFO - [2023-10-10 12:04:34,283] {dag.py:2972} INFO - Setting next_dagrun for example_branch_labels to 2023-10-09T00:00:00+00:00, run_after=2023-10-10T00:00:00+00:00
[2023-10-10 12:04:34,316] {processor.py:161} INFO - Processing /home/airflow/.local/lib/python3.7/site-packages/airflow/example_dags/example_branch_labels.py took 0.179 seconds
[2023-10-10 12:05:04,636] {processor.py:153} INFO - Started process (PID=239) to work on /home/airflow/.local/lib/python3.7/site-packages/airflow/example_dags/example_branch_labels.py
[2023-10-10 12:05:04,637] {processor.py:641} INFO - Processing file /home/airflow/.local/lib/python3.7/site-packages/airflow/example_dags/example_branch_labels.py for tasks to queue
[2023-10-10 12:05:04,637] {logging_mixin.py:115} INFO - [2023-10-10 12:05:04,637] {dagbag.py:508} INFO - Filling up the DagBag from /home/airflow/.local/lib/python3.7/site-packages/airflow/example_dags/example_branch_labels.py
[2023-10-10 12:05:04,647] {processor.py:651} INFO - DAG(s) dict_keys(['example_branch_labels']) retrieved from /home/airflow/.local/lib/python3.7/site-packages/airflow/example_dags/example_branch_labels.py
[2023-10-10 12:05:04,688] {logging_mixin.py:115} INFO - [2023-10-10 12:05:04,688] {dag.py:2420} INFO - Sync 1 DAGs
[2023-10-10 12:05:04,719] {logging_mixin.py:115} INFO - [2023-10-10 12:05:04,719] {dag.py:2972} INFO - Setting next_dagrun for example_branch_labels to 2023-10-09T00:00:00+00:00, run_after=2023-10-10T00:00:00+00:00
[2023-10-10 12:05:04,732] {processor.py:161} INFO - Processing /home/airflow/.local/lib/python3.7/site-packages/airflow/example_dags/example_branch_labels.py took 0.102 seconds
[2023-10-10 12:05:35,421] {processor.py:153} INFO - Started process (PID=300) to work on /home/airflow/.local/lib/python3.7/site-packages/airflow/example_dags/example_branch_labels.py
[2023-10-10 12:05:35,422] {processor.py:641} INFO - Processing file /home/airflow/.local/lib/python3.7/site-packages/airflow/example_dags/example_branch_labels.py for tasks to queue
[2023-10-10 12:05:35,422] {logging_mixin.py:115} INFO - [2023-10-10 12:05:35,422] {dagbag.py:508} INFO - Filling up the DagBag from /home/airflow/.local/lib/python3.7/site-packages/airflow/example_dags/example_branch_labels.py
[2023-10-10 12:05:35,434] {processor.py:651} INFO - DAG(s) dict_keys(['example_branch_labels']) retrieved from /home/airflow/.local/lib/python3.7/site-packages/airflow/example_dags/example_branch_labels.py
[2023-10-10 12:05:35,473] {logging_mixin.py:115} INFO - [2023-10-10 12:05:35,473] {dag.py:2420} INFO - Sync 1 DAGs
[2023-10-10 12:05:35,504] {logging_mixin.py:115} INFO - [2023-10-10 12:05:35,504] {dag.py:2972} INFO - Setting next_dagrun for example_branch_labels to 2023-10-09T00:00:00+00:00, run_after=2023-10-10T00:00:00+00:00
[2023-10-10 12:05:35,517] {processor.py:161} INFO - Processing /home/airflow/.local/lib/python3.7/site-packages/airflow/example_dags/example_branch_labels.py took 0.102 seconds
[2023-10-10 12:06:06,041] {processor.py:153} INFO - Started process (PID=362) to work on /home/airflow/.local/lib/python3.7/site-packages/airflow/example_dags/example_branch_labels.py
[2023-10-10 12:06:06,042] {processor.py:641} INFO - Processing file /home/airflow/.local/lib/python3.7/site-packages/airflow/example_dags/example_branch_labels.py for tasks to queue
[2023-10-10 12:06:06,043] {logging_mixin.py:115} INFO - [2023-10-10 12:06:06,043] {dagbag.py:508} INFO - Filling up the DagBag from /home/airflow/.local/lib/python3.7/site-packages/airflow/example_dags/example_branch_labels.py
[2023-10-10 12:06:06,054] {processor.py:651} INFO - DAG(s) dict_keys(['example_branch_labels']) retrieved from /home/airflow/.local/lib/python3.7/site-packages/airflow/example_dags/example_branch_labels.py
[2023-10-10 12:06:06,097] {logging_mixin.py:115} INFO - [2023-10-10 12:06:06,097] {dag.py:2420} INFO - Sync 1 DAGs
[2023-10-10 12:06:06,130] {logging_mixin.py:115} INFO - [2023-10-10 12:06:06,130] {dag.py:2972} INFO - Setting next_dagrun for example_branch_labels to 2023-10-09T00:00:00+00:00, run_after=2023-10-10T00:00:00+00:00
[2023-10-10 12:06:06,143] {processor.py:161} INFO - Processing /home/airflow/.local/lib/python3.7/site-packages/airflow/example_dags/example_branch_labels.py took 0.107 seconds
[2023-10-10 12:06:36,847] {processor.py:153} INFO - Started process (PID=414) to work on /home/airflow/.local/lib/python3.7/site-packages/airflow/example_dags/example_branch_labels.py
[2023-10-10 12:06:36,848] {processor.py:641} INFO - Processing file /home/airflow/.local/lib/python3.7/site-packages/airflow/example_dags/example_branch_labels.py for tasks to queue
[2023-10-10 12:06:36,849] {logging_mixin.py:115} INFO - [2023-10-10 12:06:36,849] {dagbag.py:508} INFO - Filling up the DagBag from /home/airflow/.local/lib/python3.7/site-packages/airflow/example_dags/example_branch_labels.py
[2023-10-10 12:06:36,859] {processor.py:651} INFO - DAG(s) dict_keys(['example_branch_labels']) retrieved from /home/airflow/.local/lib/python3.7/site-packages/airflow/example_dags/example_branch_labels.py
[2023-10-10 12:06:36,903] {logging_mixin.py:115} INFO - [2023-10-10 12:06:36,903] {dag.py:2420} INFO - Sync 1 DAGs
[2023-10-10 12:06:36,935] {logging_mixin.py:115} INFO - [2023-10-10 12:06:36,935] {dag.py:2972} INFO - Setting next_dagrun for example_branch_labels to 2023-10-09T00:00:00+00:00, run_after=2023-10-10T00:00:00+00:00
[2023-10-10 12:06:36,949] {processor.py:161} INFO - Processing /home/airflow/.local/lib/python3.7/site-packages/airflow/example_dags/example_branch_labels.py took 0.107 seconds
[2023-10-10 12:07:07,107] {processor.py:153} INFO - Started process (PID=476) to work on /home/airflow/.local/lib/python3.7/site-packages/airflow/example_dags/example_branch_labels.py
[2023-10-10 12:07:07,108] {processor.py:641} INFO - Processing file /home/airflow/.local/lib/python3.7/site-packages/airflow/example_dags/example_branch_labels.py for tasks to queue
[2023-10-10 12:07:07,109] {logging_mixin.py:115} INFO - [2023-10-10 12:07:07,108] {dagbag.py:508} INFO - Filling up the DagBag from /home/airflow/.local/lib/python3.7/site-packages/airflow/example_dags/example_branch_labels.py
[2023-10-10 12:07:07,119] {processor.py:651} INFO - DAG(s) dict_keys(['example_branch_labels']) retrieved from /home/airflow/.local/lib/python3.7/site-packages/airflow/example_dags/example_branch_labels.py
[2023-10-10 12:07:07,160] {logging_mixin.py:115} INFO - [2023-10-10 12:07:07,159] {dag.py:2420} INFO - Sync 1 DAGs
[2023-10-10 12:07:07,190] {logging_mixin.py:115} INFO - [2023-10-10 12:07:07,190] {dag.py:2972} INFO - Setting next_dagrun for example_branch_labels to 2023-10-09T00:00:00+00:00, run_after=2023-10-10T00:00:00+00:00
[2023-10-10 12:07:07,203] {processor.py:161} INFO - Processing /home/airflow/.local/lib/python3.7/site-packages/airflow/example_dags/example_branch_labels.py took 0.101 seconds
[2023-10-10 12:07:37,734] {processor.py:153} INFO - Started process (PID=528) to work on /home/airflow/.local/lib/python3.7/site-packages/airflow/example_dags/example_branch_labels.py
[2023-10-10 12:07:37,735] {processor.py:641} INFO - Processing file /home/airflow/.local/lib/python3.7/site-packages/airflow/example_dags/example_branch_labels.py for tasks to queue
[2023-10-10 12:07:37,736] {logging_mixin.py:115} INFO - [2023-10-10 12:07:37,736] {dagbag.py:508} INFO - Filling up the DagBag from /home/airflow/.local/lib/python3.7/site-packages/airflow/example_dags/example_branch_labels.py
[2023-10-10 12:07:37,746] {processor.py:651} INFO - DAG(s) dict_keys(['example_branch_labels']) retrieved from /home/airflow/.local/lib/python3.7/site-packages/airflow/example_dags/example_branch_labels.py
[2023-10-10 12:07:37,787] {logging_mixin.py:115} INFO - [2023-10-10 12:07:37,787] {dag.py:2420} INFO - Sync 1 DAGs
[2023-10-10 12:07:37,818] {logging_mixin.py:115} INFO - [2023-10-10 12:07:37,818] {dag.py:2972} INFO - Setting next_dagrun for example_branch_labels to 2023-10-09T00:00:00+00:00, run_after=2023-10-10T00:00:00+00:00
[2023-10-10 12:07:37,831] {processor.py:161} INFO - Processing /home/airflow/.local/lib/python3.7/site-packages/airflow/example_dags/example_branch_labels.py took 0.101 seconds
[2023-10-10 12:08:08,550] {processor.py:153} INFO - Started process (PID=589) to work on /home/airflow/.local/lib/python3.7/site-packages/airflow/example_dags/example_branch_labels.py
[2023-10-10 12:08:08,551] {processor.py:641} INFO - Processing file /home/airflow/.local/lib/python3.7/site-packages/airflow/example_dags/example_branch_labels.py for tasks to queue
[2023-10-10 12:08:08,551] {logging_mixin.py:115} INFO - [2023-10-10 12:08:08,551] {dagbag.py:508} INFO - Filling up the DagBag from /home/airflow/.local/lib/python3.7/site-packages/airflow/example_dags/example_branch_labels.py
[2023-10-10 12:08:08,561] {processor.py:651} INFO - DAG(s) dict_keys(['example_branch_labels']) retrieved from /home/airflow/.local/lib/python3.7/site-packages/airflow/example_dags/example_branch_labels.py
[2023-10-10 12:08:08,620] {logging_mixin.py:115} INFO - [2023-10-10 12:08:08,620] {dag.py:2420} INFO - Sync 1 DAGs
[2023-10-10 12:08:08,652] {logging_mixin.py:115} INFO - [2023-10-10 12:08:08,652] {dag.py:2972} INFO - Setting next_dagrun for example_branch_labels to 2023-10-09T00:00:00+00:00, run_after=2023-10-10T00:00:00+00:00
[2023-10-10 12:08:08,665] {processor.py:161} INFO - Processing /home/airflow/.local/lib/python3.7/site-packages/airflow/example_dags/example_branch_labels.py took 0.121 seconds
[2023-10-10 12:08:39,075] {processor.py:153} INFO - Started process (PID=651) to work on /home/airflow/.local/lib/python3.7/site-packages/airflow/example_dags/example_branch_labels.py
[2023-10-10 12:08:39,075] {processor.py:641} INFO - Processing file /home/airflow/.local/lib/python3.7/site-packages/airflow/example_dags/example_branch_labels.py for tasks to queue
[2023-10-10 12:08:39,076] {logging_mixin.py:115} INFO - [2023-10-10 12:08:39,076] {dagbag.py:508} INFO - Filling up the DagBag from /home/airflow/.local/lib/python3.7/site-packages/airflow/example_dags/example_branch_labels.py
[2023-10-10 12:08:39,086] {processor.py:651} INFO - DAG(s) dict_keys(['example_branch_labels']) retrieved from /home/airflow/.local/lib/python3.7/site-packages/airflow/example_dags/example_branch_labels.py
[2023-10-10 12:08:39,129] {logging_mixin.py:115} INFO - [2023-10-10 12:08:39,129] {dag.py:2420} INFO - Sync 1 DAGs
[2023-10-10 12:08:39,159] {logging_mixin.py:115} INFO - [2023-10-10 12:08:39,158] {dag.py:2972} INFO - Setting next_dagrun for example_branch_labels to 2023-10-09T00:00:00+00:00, run_after=2023-10-10T00:00:00+00:00
[2023-10-10 12:08:39,171] {processor.py:161} INFO - Processing /home/airflow/.local/lib/python3.7/site-packages/airflow/example_dags/example_branch_labels.py took 0.102 seconds
[2023-10-10 12:09:09,569] {processor.py:153} INFO - Started process (PID=704) to work on /home/airflow/.local/lib/python3.7/site-packages/airflow/example_dags/example_branch_labels.py
[2023-10-10 12:09:09,570] {processor.py:641} INFO - Processing file /home/airflow/.local/lib/python3.7/site-packages/airflow/example_dags/example_branch_labels.py for tasks to queue
[2023-10-10 12:09:09,571] {logging_mixin.py:115} INFO - [2023-10-10 12:09:09,571] {dagbag.py:508} INFO - Filling up the DagBag from /home/airflow/.local/lib/python3.7/site-packages/airflow/example_dags/example_branch_labels.py
[2023-10-10 12:09:09,581] {processor.py:651} INFO - DAG(s) dict_keys(['example_branch_labels']) retrieved from /home/airflow/.local/lib/python3.7/site-packages/airflow/example_dags/example_branch_labels.py
[2023-10-10 12:09:09,622] {logging_mixin.py:115} INFO - [2023-10-10 12:09:09,622] {dag.py:2420} INFO - Sync 1 DAGs
[2023-10-10 12:09:09,652] {logging_mixin.py:115} INFO - [2023-10-10 12:09:09,652] {dag.py:2972} INFO - Setting next_dagrun for example_branch_labels to 2023-10-09T00:00:00+00:00, run_after=2023-10-10T00:00:00+00:00
[2023-10-10 12:09:09,665] {processor.py:161} INFO - Processing /home/airflow/.local/lib/python3.7/site-packages/airflow/example_dags/example_branch_labels.py took 0.101 seconds
[2023-10-10 12:09:40,124] {processor.py:153} INFO - Started process (PID=766) to work on /home/airflow/.local/lib/python3.7/site-packages/airflow/example_dags/example_branch_labels.py
[2023-10-10 12:09:40,125] {processor.py:641} INFO - Processing file /home/airflow/.local/lib/python3.7/site-packages/airflow/example_dags/example_branch_labels.py for tasks to queue
[2023-10-10 12:09:40,126] {logging_mixin.py:115} INFO - [2023-10-10 12:09:40,126] {dagbag.py:508} INFO - Filling up the DagBag from /home/airflow/.local/lib/python3.7/site-packages/airflow/example_dags/example_branch_labels.py
[2023-10-10 12:09:40,135] {processor.py:651} INFO - DAG(s) dict_keys(['example_branch_labels']) retrieved from /home/airflow/.local/lib/python3.7/site-packages/airflow/example_dags/example_branch_labels.py
[2023-10-10 12:09:40,186] {logging_mixin.py:115} INFO - [2023-10-10 12:09:40,186] {dag.py:2420} INFO - Sync 1 DAGs
[2023-10-10 12:09:40,218] {logging_mixin.py:115} INFO - [2023-10-10 12:09:40,218] {dag.py:2972} INFO - Setting next_dagrun for example_branch_labels to 2023-10-09T00:00:00+00:00, run_after=2023-10-10T00:00:00+00:00
[2023-10-10 12:09:40,230] {processor.py:161} INFO - Processing /home/airflow/.local/lib/python3.7/site-packages/airflow/example_dags/example_branch_labels.py took 0.111 seconds
[2023-10-10 12:10:10,610] {processor.py:153} INFO - Started process (PID=827) to work on /home/airflow/.local/lib/python3.7/site-packages/airflow/example_dags/example_branch_labels.py
[2023-10-10 12:10:10,611] {processor.py:641} INFO - Processing file /home/airflow/.local/lib/python3.7/site-packages/airflow/example_dags/example_branch_labels.py for tasks to queue
[2023-10-10 12:10:10,611] {logging_mixin.py:115} INFO - [2023-10-10 12:10:10,611] {dagbag.py:508} INFO - Filling up the DagBag from /home/airflow/.local/lib/python3.7/site-packages/airflow/example_dags/example_branch_labels.py
[2023-10-10 12:10:10,621] {processor.py:651} INFO - DAG(s) dict_keys(['example_branch_labels']) retrieved from /home/airflow/.local/lib/python3.7/site-packages/airflow/example_dags/example_branch_labels.py
[2023-10-10 12:10:10,661] {logging_mixin.py:115} INFO - [2023-10-10 12:10:10,661] {dag.py:2420} INFO - Sync 1 DAGs
[2023-10-10 12:10:10,691] {logging_mixin.py:115} INFO - [2023-10-10 12:10:10,691] {dag.py:2972} INFO - Setting next_dagrun for example_branch_labels to 2023-10-09T00:00:00+00:00, run_after=2023-10-10T00:00:00+00:00
[2023-10-10 12:10:10,704] {processor.py:161} INFO - Processing /home/airflow/.local/lib/python3.7/site-packages/airflow/example_dags/example_branch_labels.py took 0.099 seconds
[2023-10-10 12:10:41,260] {processor.py:153} INFO - Started process (PID=880) to work on /home/airflow/.local/lib/python3.7/site-packages/airflow/example_dags/example_branch_labels.py
[2023-10-10 12:10:41,261] {processor.py:641} INFO - Processing file /home/airflow/.local/lib/python3.7/site-packages/airflow/example_dags/example_branch_labels.py for tasks to queue
[2023-10-10 12:10:41,262] {logging_mixin.py:115} INFO - [2023-10-10 12:10:41,262] {dagbag.py:508} INFO - Filling up the DagBag from /home/airflow/.local/lib/python3.7/site-packages/airflow/example_dags/example_branch_labels.py
[2023-10-10 12:10:41,271] {processor.py:651} INFO - DAG(s) dict_keys(['example_branch_labels']) retrieved from /home/airflow/.local/lib/python3.7/site-packages/airflow/example_dags/example_branch_labels.py
[2023-10-10 12:10:41,312] {logging_mixin.py:115} INFO - [2023-10-10 12:10:41,311] {dag.py:2420} INFO - Sync 1 DAGs
[2023-10-10 12:10:41,342] {logging_mixin.py:115} INFO - [2023-10-10 12:10:41,342] {dag.py:2972} INFO - Setting next_dagrun for example_branch_labels to 2023-10-09T00:00:00+00:00, run_after=2023-10-10T00:00:00+00:00
[2023-10-10 12:10:41,354] {processor.py:161} INFO - Processing /home/airflow/.local/lib/python3.7/site-packages/airflow/example_dags/example_branch_labels.py took 0.100 seconds
[2023-10-10 12:11:11,927] {processor.py:153} INFO - Started process (PID=941) to work on /home/airflow/.local/lib/python3.7/site-packages/airflow/example_dags/example_branch_labels.py
[2023-10-10 12:11:11,928] {processor.py:641} INFO - Processing file /home/airflow/.local/lib/python3.7/site-packages/airflow/example_dags/example_branch_labels.py for tasks to queue
[2023-10-10 12:11:11,929] {logging_mixin.py:115} INFO - [2023-10-10 12:11:11,929] {dagbag.py:508} INFO - Filling up the DagBag from /home/airflow/.local/lib/python3.7/site-packages/airflow/example_dags/example_branch_labels.py
[2023-10-10 12:11:11,939] {processor.py:651} INFO - DAG(s) dict_keys(['example_branch_labels']) retrieved from /home/airflow/.local/lib/python3.7/site-packages/airflow/example_dags/example_branch_labels.py
[2023-10-10 12:11:11,980] {logging_mixin.py:115} INFO - [2023-10-10 12:11:11,980] {dag.py:2420} INFO - Sync 1 DAGs
[2023-10-10 12:11:12,011] {logging_mixin.py:115} INFO - [2023-10-10 12:11:12,011] {dag.py:2972} INFO - Setting next_dagrun for example_branch_labels to 2023-10-09T00:00:00+00:00, run_after=2023-10-10T00:00:00+00:00
[2023-10-10 12:11:12,025] {processor.py:161} INFO - Processing /home/airflow/.local/lib/python3.7/site-packages/airflow/example_dags/example_branch_labels.py took 0.103 seconds
[2023-10-10 12:11:42,384] {processor.py:153} INFO - Started process (PID=993) to work on /home/airflow/.local/lib/python3.7/site-packages/airflow/example_dags/example_branch_labels.py
[2023-10-10 12:11:42,385] {processor.py:641} INFO - Processing file /home/airflow/.local/lib/python3.7/site-packages/airflow/example_dags/example_branch_labels.py for tasks to queue
[2023-10-10 12:11:42,386] {logging_mixin.py:115} INFO - [2023-10-10 12:11:42,386] {dagbag.py:508} INFO - Filling up the DagBag from /home/airflow/.local/lib/python3.7/site-packages/airflow/example_dags/example_branch_labels.py
[2023-10-10 12:11:42,398] {processor.py:651} INFO - DAG(s) dict_keys(['example_branch_labels']) retrieved from /home/airflow/.local/lib/python3.7/site-packages/airflow/example_dags/example_branch_labels.py
[2023-10-10 12:11:42,440] {logging_mixin.py:115} INFO - [2023-10-10 12:11:42,440] {dag.py:2420} INFO - Sync 1 DAGs
[2023-10-10 12:11:42,470] {logging_mixin.py:115} INFO - [2023-10-10 12:11:42,470] {dag.py:2972} INFO - Setting next_dagrun for example_branch_labels to 2023-10-09T00:00:00+00:00, run_after=2023-10-10T00:00:00+00:00
[2023-10-10 12:11:42,484] {processor.py:161} INFO - Processing /home/airflow/.local/lib/python3.7/site-packages/airflow/example_dags/example_branch_labels.py took 0.106 seconds
[2023-10-10 12:12:12,779] {processor.py:153} INFO - Started process (PID=1054) to work on /home/airflow/.local/lib/python3.7/site-packages/airflow/example_dags/example_branch_labels.py
[2023-10-10 12:12:12,780] {processor.py:641} INFO - Processing file /home/airflow/.local/lib/python3.7/site-packages/airflow/example_dags/example_branch_labels.py for tasks to queue
[2023-10-10 12:12:12,780] {logging_mixin.py:115} INFO - [2023-10-10 12:12:12,780] {dagbag.py:508} INFO - Filling up the DagBag from /home/airflow/.local/lib/python3.7/site-packages/airflow/example_dags/example_branch_labels.py
[2023-10-10 12:12:12,790] {processor.py:651} INFO - DAG(s) dict_keys(['example_branch_labels']) retrieved from /home/airflow/.local/lib/python3.7/site-packages/airflow/example_dags/example_branch_labels.py
[2023-10-10 12:12:12,831] {logging_mixin.py:115} INFO - [2023-10-10 12:12:12,831] {dag.py:2420} INFO - Sync 1 DAGs
[2023-10-10 12:12:12,861] {logging_mixin.py:115} INFO - [2023-10-10 12:12:12,861] {dag.py:2972} INFO - Setting next_dagrun for example_branch_labels to 2023-10-09T00:00:00+00:00, run_after=2023-10-10T00:00:00+00:00
[2023-10-10 12:12:12,874] {processor.py:161} INFO - Processing /home/airflow/.local/lib/python3.7/site-packages/airflow/example_dags/example_branch_labels.py took 0.101 seconds
[2023-10-10 12:12:43,402] {processor.py:153} INFO - Started process (PID=1115) to work on /home/airflow/.local/lib/python3.7/site-packages/airflow/example_dags/example_branch_labels.py
[2023-10-10 12:12:43,403] {processor.py:641} INFO - Processing file /home/airflow/.local/lib/python3.7/site-packages/airflow/example_dags/example_branch_labels.py for tasks to queue
[2023-10-10 12:12:43,403] {logging_mixin.py:115} INFO - [2023-10-10 12:12:43,403] {dagbag.py:508} INFO - Filling up the DagBag from /home/airflow/.local/lib/python3.7/site-packages/airflow/example_dags/example_branch_labels.py
[2023-10-10 12:12:43,416] {processor.py:651} INFO - DAG(s) dict_keys(['example_branch_labels']) retrieved from /home/airflow/.local/lib/python3.7/site-packages/airflow/example_dags/example_branch_labels.py
[2023-10-10 12:12:43,477] {logging_mixin.py:115} INFO - [2023-10-10 12:12:43,477] {dag.py:2420} INFO - Sync 1 DAGs
[2023-10-10 12:12:43,520] {logging_mixin.py:115} INFO - [2023-10-10 12:12:43,520] {dag.py:2972} INFO - Setting next_dagrun for example_branch_labels to 2023-10-09T00:00:00+00:00, run_after=2023-10-10T00:00:00+00:00
[2023-10-10 12:12:43,542] {processor.py:161} INFO - Processing /home/airflow/.local/lib/python3.7/site-packages/airflow/example_dags/example_branch_labels.py took 0.145 seconds
[2023-10-10 12:13:14,184] {processor.py:153} INFO - Started process (PID=1167) to work on /home/airflow/.local/lib/python3.7/site-packages/airflow/example_dags/example_branch_labels.py
[2023-10-10 12:13:14,185] {processor.py:641} INFO - Processing file /home/airflow/.local/lib/python3.7/site-packages/airflow/example_dags/example_branch_labels.py for tasks to queue
[2023-10-10 12:13:14,186] {logging_mixin.py:115} INFO - [2023-10-10 12:13:14,186] {dagbag.py:508} INFO - Filling up the DagBag from /home/airflow/.local/lib/python3.7/site-packages/airflow/example_dags/example_branch_labels.py
[2023-10-10 12:13:14,195] {processor.py:651} INFO - DAG(s) dict_keys(['example_branch_labels']) retrieved from /home/airflow/.local/lib/python3.7/site-packages/airflow/example_dags/example_branch_labels.py
[2023-10-10 12:13:14,237] {logging_mixin.py:115} INFO - [2023-10-10 12:13:14,237] {dag.py:2420} INFO - Sync 1 DAGs
[2023-10-10 12:13:14,270] {logging_mixin.py:115} INFO - [2023-10-10 12:13:14,270] {dag.py:2972} INFO - Setting next_dagrun for example_branch_labels to 2023-10-09T00:00:00+00:00, run_after=2023-10-10T00:00:00+00:00
[2023-10-10 12:13:14,285] {processor.py:161} INFO - Processing /home/airflow/.local/lib/python3.7/site-packages/airflow/example_dags/example_branch_labels.py took 0.105 seconds
[2023-10-10 12:13:44,981] {processor.py:153} INFO - Started process (PID=1229) to work on /home/airflow/.local/lib/python3.7/site-packages/airflow/example_dags/example_branch_labels.py
[2023-10-10 12:13:44,982] {processor.py:641} INFO - Processing file /home/airflow/.local/lib/python3.7/site-packages/airflow/example_dags/example_branch_labels.py for tasks to queue
[2023-10-10 12:13:44,982] {logging_mixin.py:115} INFO - [2023-10-10 12:13:44,982] {dagbag.py:508} INFO - Filling up the DagBag from /home/airflow/.local/lib/python3.7/site-packages/airflow/example_dags/example_branch_labels.py
[2023-10-10 12:13:44,991] {processor.py:651} INFO - DAG(s) dict_keys(['example_branch_labels']) retrieved from /home/airflow/.local/lib/python3.7/site-packages/airflow/example_dags/example_branch_labels.py
[2023-10-10 12:13:45,064] {logging_mixin.py:115} INFO - [2023-10-10 12:13:45,064] {dag.py:2420} INFO - Sync 1 DAGs
[2023-10-10 12:13:45,106] {logging_mixin.py:115} INFO - [2023-10-10 12:13:45,106] {dag.py:2972} INFO - Setting next_dagrun for example_branch_labels to 2023-10-09T00:00:00+00:00, run_after=2023-10-10T00:00:00+00:00
[2023-10-10 12:13:45,123] {processor.py:161} INFO - Processing /home/airflow/.local/lib/python3.7/site-packages/airflow/example_dags/example_branch_labels.py took 0.147 seconds
[2023-10-10 12:14:15,780] {processor.py:153} INFO - Started process (PID=1291) to work on /home/airflow/.local/lib/python3.7/site-packages/airflow/example_dags/example_branch_labels.py
[2023-10-10 12:14:15,781] {processor.py:641} INFO - Processing file /home/airflow/.local/lib/python3.7/site-packages/airflow/example_dags/example_branch_labels.py for tasks to queue
[2023-10-10 12:14:15,782] {logging_mixin.py:115} INFO - [2023-10-10 12:14:15,782] {dagbag.py:508} INFO - Filling up the DagBag from /home/airflow/.local/lib/python3.7/site-packages/airflow/example_dags/example_branch_labels.py
[2023-10-10 12:14:15,791] {processor.py:651} INFO - DAG(s) dict_keys(['example_branch_labels']) retrieved from /home/airflow/.local/lib/python3.7/site-packages/airflow/example_dags/example_branch_labels.py
[2023-10-10 12:14:15,832] {logging_mixin.py:115} INFO - [2023-10-10 12:14:15,832] {dag.py:2420} INFO - Sync 1 DAGs
[2023-10-10 12:14:15,865] {logging_mixin.py:115} INFO - [2023-10-10 12:14:15,865] {dag.py:2972} INFO - Setting next_dagrun for example_branch_labels to 2023-10-09T00:00:00+00:00, run_after=2023-10-10T00:00:00+00:00
[2023-10-10 12:14:15,878] {processor.py:161} INFO - Processing /home/airflow/.local/lib/python3.7/site-packages/airflow/example_dags/example_branch_labels.py took 0.104 seconds
[2023-10-10 12:14:46,143] {processor.py:153} INFO - Started process (PID=1344) to work on /home/airflow/.local/lib/python3.7/site-packages/airflow/example_dags/example_branch_labels.py
[2023-10-10 12:14:46,144] {processor.py:641} INFO - Processing file /home/airflow/.local/lib/python3.7/site-packages/airflow/example_dags/example_branch_labels.py for tasks to queue
[2023-10-10 12:14:46,145] {logging_mixin.py:115} INFO - [2023-10-10 12:14:46,145] {dagbag.py:508} INFO - Filling up the DagBag from /home/airflow/.local/lib/python3.7/site-packages/airflow/example_dags/example_branch_labels.py
[2023-10-10 12:14:46,154] {processor.py:651} INFO - DAG(s) dict_keys(['example_branch_labels']) retrieved from /home/airflow/.local/lib/python3.7/site-packages/airflow/example_dags/example_branch_labels.py
[2023-10-10 12:14:46,197] {logging_mixin.py:115} INFO - [2023-10-10 12:14:46,197] {dag.py:2420} INFO - Sync 1 DAGs
[2023-10-10 12:14:46,227] {logging_mixin.py:115} INFO - [2023-10-10 12:14:46,227] {dag.py:2972} INFO - Setting next_dagrun for example_branch_labels to 2023-10-09T00:00:00+00:00, run_after=2023-10-10T00:00:00+00:00
[2023-10-10 12:14:46,239] {processor.py:161} INFO - Processing /home/airflow/.local/lib/python3.7/site-packages/airflow/example_dags/example_branch_labels.py took 0.101 seconds
[2023-10-10 12:15:16,874] {processor.py:153} INFO - Started process (PID=1408) to work on /home/airflow/.local/lib/python3.7/site-packages/airflow/example_dags/example_branch_labels.py
[2023-10-10 12:15:16,876] {processor.py:641} INFO - Processing file /home/airflow/.local/lib/python3.7/site-packages/airflow/example_dags/example_branch_labels.py for tasks to queue
[2023-10-10 12:15:16,876] {logging_mixin.py:115} INFO - [2023-10-10 12:15:16,876] {dagbag.py:508} INFO - Filling up the DagBag from /home/airflow/.local/lib/python3.7/site-packages/airflow/example_dags/example_branch_labels.py
[2023-10-10 12:15:16,885] {processor.py:651} INFO - DAG(s) dict_keys(['example_branch_labels']) retrieved from /home/airflow/.local/lib/python3.7/site-packages/airflow/example_dags/example_branch_labels.py
[2023-10-10 12:15:16,927] {logging_mixin.py:115} INFO - [2023-10-10 12:15:16,927] {dag.py:2420} INFO - Sync 1 DAGs
[2023-10-10 12:15:16,958] {logging_mixin.py:115} INFO - [2023-10-10 12:15:16,958] {dag.py:2972} INFO - Setting next_dagrun for example_branch_labels to 2023-10-09T00:00:00+00:00, run_after=2023-10-10T00:00:00+00:00
[2023-10-10 12:15:16,970] {processor.py:161} INFO - Processing /home/airflow/.local/lib/python3.7/site-packages/airflow/example_dags/example_branch_labels.py took 0.100 seconds
[2023-10-10 12:15:47,696] {processor.py:153} INFO - Started process (PID=1472) to work on /home/airflow/.local/lib/python3.7/site-packages/airflow/example_dags/example_branch_labels.py
[2023-10-10 12:15:47,697] {processor.py:641} INFO - Processing file /home/airflow/.local/lib/python3.7/site-packages/airflow/example_dags/example_branch_labels.py for tasks to queue
[2023-10-10 12:15:47,697] {logging_mixin.py:115} INFO - [2023-10-10 12:15:47,697] {dagbag.py:508} INFO - Filling up the DagBag from /home/airflow/.local/lib/python3.7/site-packages/airflow/example_dags/example_branch_labels.py
[2023-10-10 12:15:47,707] {processor.py:651} INFO - DAG(s) dict_keys(['example_branch_labels']) retrieved from /home/airflow/.local/lib/python3.7/site-packages/airflow/example_dags/example_branch_labels.py
[2023-10-10 12:15:47,747] {logging_mixin.py:115} INFO - [2023-10-10 12:15:47,747] {dag.py:2420} INFO - Sync 1 DAGs
[2023-10-10 12:15:47,777] {logging_mixin.py:115} INFO - [2023-10-10 12:15:47,777] {dag.py:2972} INFO - Setting next_dagrun for example_branch_labels to 2023-10-09T00:00:00+00:00, run_after=2023-10-10T00:00:00+00:00
[2023-10-10 12:15:47,789] {processor.py:161} INFO - Processing /home/airflow/.local/lib/python3.7/site-packages/airflow/example_dags/example_branch_labels.py took 0.099 seconds
[2023-10-10 12:16:18,367] {processor.py:153} INFO - Started process (PID=1525) to work on /home/airflow/.local/lib/python3.7/site-packages/airflow/example_dags/example_branch_labels.py
[2023-10-10 12:16:18,368] {processor.py:641} INFO - Processing file /home/airflow/.local/lib/python3.7/site-packages/airflow/example_dags/example_branch_labels.py for tasks to queue
[2023-10-10 12:16:18,368] {logging_mixin.py:115} INFO - [2023-10-10 12:16:18,368] {dagbag.py:508} INFO - Filling up the DagBag from /home/airflow/.local/lib/python3.7/site-packages/airflow/example_dags/example_branch_labels.py
[2023-10-10 12:16:18,377] {processor.py:651} INFO - DAG(s) dict_keys(['example_branch_labels']) retrieved from /home/airflow/.local/lib/python3.7/site-packages/airflow/example_dags/example_branch_labels.py
[2023-10-10 12:16:18,420] {logging_mixin.py:115} INFO - [2023-10-10 12:16:18,419] {dag.py:2420} INFO - Sync 1 DAGs
[2023-10-10 12:16:18,454] {logging_mixin.py:115} INFO - [2023-10-10 12:16:18,454] {dag.py:2972} INFO - Setting next_dagrun for example_branch_labels to 2023-10-09T00:00:00+00:00, run_after=2023-10-10T00:00:00+00:00
[2023-10-10 12:16:18,466] {processor.py:161} INFO - Processing /home/airflow/.local/lib/python3.7/site-packages/airflow/example_dags/example_branch_labels.py took 0.104 seconds
[2023-10-10 12:16:48,595] {processor.py:153} INFO - Started process (PID=1589) to work on /home/airflow/.local/lib/python3.7/site-packages/airflow/example_dags/example_branch_labels.py
[2023-10-10 12:16:48,596] {processor.py:641} INFO - Processing file /home/airflow/.local/lib/python3.7/site-packages/airflow/example_dags/example_branch_labels.py for tasks to queue
[2023-10-10 12:16:48,596] {logging_mixin.py:115} INFO - [2023-10-10 12:16:48,596] {dagbag.py:508} INFO - Filling up the DagBag from /home/airflow/.local/lib/python3.7/site-packages/airflow/example_dags/example_branch_labels.py
[2023-10-10 12:16:48,605] {processor.py:651} INFO - DAG(s) dict_keys(['example_branch_labels']) retrieved from /home/airflow/.local/lib/python3.7/site-packages/airflow/example_dags/example_branch_labels.py
[2023-10-10 12:16:48,646] {logging_mixin.py:115} INFO - [2023-10-10 12:16:48,646] {dag.py:2420} INFO - Sync 1 DAGs
[2023-10-10 12:16:48,676] {logging_mixin.py:115} INFO - [2023-10-10 12:16:48,676] {dag.py:2972} INFO - Setting next_dagrun for example_branch_labels to 2023-10-09T00:00:00+00:00, run_after=2023-10-10T00:00:00+00:00
[2023-10-10 12:16:48,688] {processor.py:161} INFO - Processing /home/airflow/.local/lib/python3.7/site-packages/airflow/example_dags/example_branch_labels.py took 0.098 seconds
[2023-10-10 12:17:19,558] {processor.py:153} INFO - Started process (PID=1642) to work on /home/airflow/.local/lib/python3.7/site-packages/airflow/example_dags/example_branch_labels.py
[2023-10-10 12:17:19,559] {processor.py:641} INFO - Processing file /home/airflow/.local/lib/python3.7/site-packages/airflow/example_dags/example_branch_labels.py for tasks to queue
[2023-10-10 12:17:19,560] {logging_mixin.py:115} INFO - [2023-10-10 12:17:19,560] {dagbag.py:508} INFO - Filling up the DagBag from /home/airflow/.local/lib/python3.7/site-packages/airflow/example_dags/example_branch_labels.py
[2023-10-10 12:17:19,570] {processor.py:651} INFO - DAG(s) dict_keys(['example_branch_labels']) retrieved from /home/airflow/.local/lib/python3.7/site-packages/airflow/example_dags/example_branch_labels.py
[2023-10-10 12:17:19,612] {logging_mixin.py:115} INFO - [2023-10-10 12:17:19,612] {dag.py:2420} INFO - Sync 1 DAGs
[2023-10-10 12:17:19,642] {logging_mixin.py:115} INFO - [2023-10-10 12:17:19,642] {dag.py:2972} INFO - Setting next_dagrun for example_branch_labels to 2023-10-09T00:00:00+00:00, run_after=2023-10-10T00:00:00+00:00
[2023-10-10 12:17:19,654] {processor.py:161} INFO - Processing /home/airflow/.local/lib/python3.7/site-packages/airflow/example_dags/example_branch_labels.py took 0.102 seconds
[2023-10-10 12:17:50,195] {processor.py:153} INFO - Started process (PID=1704) to work on /home/airflow/.local/lib/python3.7/site-packages/airflow/example_dags/example_branch_labels.py
[2023-10-10 12:17:50,196] {processor.py:641} INFO - Processing file /home/airflow/.local/lib/python3.7/site-packages/airflow/example_dags/example_branch_labels.py for tasks to queue
[2023-10-10 12:17:50,197] {logging_mixin.py:115} INFO - [2023-10-10 12:17:50,196] {dagbag.py:508} INFO - Filling up the DagBag from /home/airflow/.local/lib/python3.7/site-packages/airflow/example_dags/example_branch_labels.py
[2023-10-10 12:17:50,206] {processor.py:651} INFO - DAG(s) dict_keys(['example_branch_labels']) retrieved from /home/airflow/.local/lib/python3.7/site-packages/airflow/example_dags/example_branch_labels.py
[2023-10-10 12:17:50,253] {logging_mixin.py:115} INFO - [2023-10-10 12:17:50,253] {dag.py:2420} INFO - Sync 1 DAGs
[2023-10-10 12:17:50,290] {logging_mixin.py:115} INFO - [2023-10-10 12:17:50,290] {dag.py:2972} INFO - Setting next_dagrun for example_branch_labels to 2023-10-09T00:00:00+00:00, run_after=2023-10-10T00:00:00+00:00
[2023-10-10 12:17:50,304] {processor.py:161} INFO - Processing /home/airflow/.local/lib/python3.7/site-packages/airflow/example_dags/example_branch_labels.py took 0.115 seconds
[2023-10-10 12:18:20,482] {processor.py:153} INFO - Started process (PID=1766) to work on /home/airflow/.local/lib/python3.7/site-packages/airflow/example_dags/example_branch_labels.py
[2023-10-10 12:18:20,483] {processor.py:641} INFO - Processing file /home/airflow/.local/lib/python3.7/site-packages/airflow/example_dags/example_branch_labels.py for tasks to queue
[2023-10-10 12:18:20,484] {logging_mixin.py:115} INFO - [2023-10-10 12:18:20,484] {dagbag.py:508} INFO - Filling up the DagBag from /home/airflow/.local/lib/python3.7/site-packages/airflow/example_dags/example_branch_labels.py
[2023-10-10 12:18:20,493] {processor.py:651} INFO - DAG(s) dict_keys(['example_branch_labels']) retrieved from /home/airflow/.local/lib/python3.7/site-packages/airflow/example_dags/example_branch_labels.py
[2023-10-10 12:18:20,535] {logging_mixin.py:115} INFO - [2023-10-10 12:18:20,535] {dag.py:2420} INFO - Sync 1 DAGs
[2023-10-10 12:18:20,565] {logging_mixin.py:115} INFO - [2023-10-10 12:18:20,565] {dag.py:2972} INFO - Setting next_dagrun for example_branch_labels to 2023-10-09T00:00:00+00:00, run_after=2023-10-10T00:00:00+00:00
[2023-10-10 12:18:20,576] {processor.py:161} INFO - Processing /home/airflow/.local/lib/python3.7/site-packages/airflow/example_dags/example_branch_labels.py took 0.099 seconds
[2023-10-10 12:18:50,918] {processor.py:153} INFO - Started process (PID=1819) to work on /home/airflow/.local/lib/python3.7/site-packages/airflow/example_dags/example_branch_labels.py
[2023-10-10 12:18:50,919] {processor.py:641} INFO - Processing file /home/airflow/.local/lib/python3.7/site-packages/airflow/example_dags/example_branch_labels.py for tasks to queue
[2023-10-10 12:18:50,920] {logging_mixin.py:115} INFO - [2023-10-10 12:18:50,920] {dagbag.py:508} INFO - Filling up the DagBag from /home/airflow/.local/lib/python3.7/site-packages/airflow/example_dags/example_branch_labels.py
[2023-10-10 12:18:50,929] {processor.py:651} INFO - DAG(s) dict_keys(['example_branch_labels']) retrieved from /home/airflow/.local/lib/python3.7/site-packages/airflow/example_dags/example_branch_labels.py
[2023-10-10 12:18:50,969] {logging_mixin.py:115} INFO - [2023-10-10 12:18:50,969] {dag.py:2420} INFO - Sync 1 DAGs
[2023-10-10 12:18:51,002] {logging_mixin.py:115} INFO - [2023-10-10 12:18:51,002] {dag.py:2972} INFO - Setting next_dagrun for example_branch_labels to 2023-10-09T00:00:00+00:00, run_after=2023-10-10T00:00:00+00:00
[2023-10-10 12:18:51,016] {processor.py:161} INFO - Processing /home/airflow/.local/lib/python3.7/site-packages/airflow/example_dags/example_branch_labels.py took 0.104 seconds
[2023-10-10 12:19:21,730] {processor.py:153} INFO - Started process (PID=1880) to work on /home/airflow/.local/lib/python3.7/site-packages/airflow/example_dags/example_branch_labels.py
[2023-10-10 12:19:21,731] {processor.py:641} INFO - Processing file /home/airflow/.local/lib/python3.7/site-packages/airflow/example_dags/example_branch_labels.py for tasks to queue
[2023-10-10 12:19:21,732] {logging_mixin.py:115} INFO - [2023-10-10 12:19:21,732] {dagbag.py:508} INFO - Filling up the DagBag from /home/airflow/.local/lib/python3.7/site-packages/airflow/example_dags/example_branch_labels.py
[2023-10-10 12:19:21,741] {processor.py:651} INFO - DAG(s) dict_keys(['example_branch_labels']) retrieved from /home/airflow/.local/lib/python3.7/site-packages/airflow/example_dags/example_branch_labels.py
[2023-10-10 12:19:21,783] {logging_mixin.py:115} INFO - [2023-10-10 12:19:21,783] {dag.py:2420} INFO - Sync 1 DAGs
[2023-10-10 12:19:21,813] {logging_mixin.py:115} INFO - [2023-10-10 12:19:21,813] {dag.py:2972} INFO - Setting next_dagrun for example_branch_labels to 2023-10-09T00:00:00+00:00, run_after=2023-10-10T00:00:00+00:00
[2023-10-10 12:19:21,825] {processor.py:161} INFO - Processing /home/airflow/.local/lib/python3.7/site-packages/airflow/example_dags/example_branch_labels.py took 0.099 seconds
[2023-10-10 12:19:52,240] {processor.py:153} INFO - Started process (PID=1932) to work on /home/airflow/.local/lib/python3.7/site-packages/airflow/example_dags/example_branch_labels.py
[2023-10-10 12:19:52,241] {processor.py:641} INFO - Processing file /home/airflow/.local/lib/python3.7/site-packages/airflow/example_dags/example_branch_labels.py for tasks to queue
[2023-10-10 12:19:52,242] {logging_mixin.py:115} INFO - [2023-10-10 12:19:52,242] {dagbag.py:508} INFO - Filling up the DagBag from /home/airflow/.local/lib/python3.7/site-packages/airflow/example_dags/example_branch_labels.py
[2023-10-10 12:19:52,250] {processor.py:651} INFO - DAG(s) dict_keys(['example_branch_labels']) retrieved from /home/airflow/.local/lib/python3.7/site-packages/airflow/example_dags/example_branch_labels.py
[2023-10-10 12:19:52,292] {logging_mixin.py:115} INFO - [2023-10-10 12:19:52,292] {dag.py:2420} INFO - Sync 1 DAGs
[2023-10-10 12:19:52,322] {logging_mixin.py:115} INFO - [2023-10-10 12:19:52,322] {dag.py:2972} INFO - Setting next_dagrun for example_branch_labels to 2023-10-09T00:00:00+00:00, run_after=2023-10-10T00:00:00+00:00
[2023-10-10 12:19:52,334] {processor.py:161} INFO - Processing /home/airflow/.local/lib/python3.7/site-packages/airflow/example_dags/example_branch_labels.py took 0.099 seconds
[2023-10-10 12:20:22,973] {processor.py:153} INFO - Started process (PID=1993) to work on /home/airflow/.local/lib/python3.7/site-packages/airflow/example_dags/example_branch_labels.py
[2023-10-10 12:20:22,974] {processor.py:641} INFO - Processing file /home/airflow/.local/lib/python3.7/site-packages/airflow/example_dags/example_branch_labels.py for tasks to queue
[2023-10-10 12:20:22,975] {logging_mixin.py:115} INFO - [2023-10-10 12:20:22,975] {dagbag.py:508} INFO - Filling up the DagBag from /home/airflow/.local/lib/python3.7/site-packages/airflow/example_dags/example_branch_labels.py
[2023-10-10 12:20:22,984] {processor.py:651} INFO - DAG(s) dict_keys(['example_branch_labels']) retrieved from /home/airflow/.local/lib/python3.7/site-packages/airflow/example_dags/example_branch_labels.py
[2023-10-10 12:20:23,025] {logging_mixin.py:115} INFO - [2023-10-10 12:20:23,025] {dag.py:2420} INFO - Sync 1 DAGs
[2023-10-10 12:20:23,056] {logging_mixin.py:115} INFO - [2023-10-10 12:20:23,056] {dag.py:2972} INFO - Setting next_dagrun for example_branch_labels to 2023-10-09T00:00:00+00:00, run_after=2023-10-10T00:00:00+00:00
[2023-10-10 12:20:23,068] {processor.py:161} INFO - Processing /home/airflow/.local/lib/python3.7/site-packages/airflow/example_dags/example_branch_labels.py took 0.101 seconds
[2023-10-10 12:20:53,241] {processor.py:153} INFO - Started process (PID=2055) to work on /home/airflow/.local/lib/python3.7/site-packages/airflow/example_dags/example_branch_labels.py
[2023-10-10 12:20:53,242] {processor.py:641} INFO - Processing file /home/airflow/.local/lib/python3.7/site-packages/airflow/example_dags/example_branch_labels.py for tasks to queue
[2023-10-10 12:20:53,242] {logging_mixin.py:115} INFO - [2023-10-10 12:20:53,242] {dagbag.py:508} INFO - Filling up the DagBag from /home/airflow/.local/lib/python3.7/site-packages/airflow/example_dags/example_branch_labels.py
[2023-10-10 12:20:53,251] {processor.py:651} INFO - DAG(s) dict_keys(['example_branch_labels']) retrieved from /home/airflow/.local/lib/python3.7/site-packages/airflow/example_dags/example_branch_labels.py
[2023-10-10 12:20:53,294] {logging_mixin.py:115} INFO - [2023-10-10 12:20:53,294] {dag.py:2420} INFO - Sync 1 DAGs
[2023-10-10 12:20:53,325] {logging_mixin.py:115} INFO - [2023-10-10 12:20:53,325] {dag.py:2972} INFO - Setting next_dagrun for example_branch_labels to 2023-10-09T00:00:00+00:00, run_after=2023-10-10T00:00:00+00:00
[2023-10-10 12:20:53,338] {processor.py:161} INFO - Processing /home/airflow/.local/lib/python3.7/site-packages/airflow/example_dags/example_branch_labels.py took 0.103 seconds
[2023-10-10 12:21:23,688] {processor.py:153} INFO - Started process (PID=2109) to work on /home/airflow/.local/lib/python3.7/site-packages/airflow/example_dags/example_branch_labels.py
[2023-10-10 12:21:23,689] {processor.py:641} INFO - Processing file /home/airflow/.local/lib/python3.7/site-packages/airflow/example_dags/example_branch_labels.py for tasks to queue
[2023-10-10 12:21:23,690] {logging_mixin.py:115} INFO - [2023-10-10 12:21:23,690] {dagbag.py:508} INFO - Filling up the DagBag from /home/airflow/.local/lib/python3.7/site-packages/airflow/example_dags/example_branch_labels.py
[2023-10-10 12:21:23,699] {processor.py:651} INFO - DAG(s) dict_keys(['example_branch_labels']) retrieved from /home/airflow/.local/lib/python3.7/site-packages/airflow/example_dags/example_branch_labels.py
[2023-10-10 12:21:23,742] {logging_mixin.py:115} INFO - [2023-10-10 12:21:23,742] {dag.py:2420} INFO - Sync 1 DAGs
[2023-10-10 12:21:23,775] {logging_mixin.py:115} INFO - [2023-10-10 12:21:23,775] {dag.py:2972} INFO - Setting next_dagrun for example_branch_labels to 2023-10-09T00:00:00+00:00, run_after=2023-10-10T00:00:00+00:00
[2023-10-10 12:21:23,789] {processor.py:161} INFO - Processing /home/airflow/.local/lib/python3.7/site-packages/airflow/example_dags/example_branch_labels.py took 0.106 seconds
[2023-10-10 12:21:53,948] {processor.py:153} INFO - Started process (PID=2171) to work on /home/airflow/.local/lib/python3.7/site-packages/airflow/example_dags/example_branch_labels.py
[2023-10-10 12:21:53,948] {processor.py:641} INFO - Processing file /home/airflow/.local/lib/python3.7/site-packages/airflow/example_dags/example_branch_labels.py for tasks to queue
[2023-10-10 12:21:53,949] {logging_mixin.py:115} INFO - [2023-10-10 12:21:53,949] {dagbag.py:508} INFO - Filling up the DagBag from /home/airflow/.local/lib/python3.7/site-packages/airflow/example_dags/example_branch_labels.py
[2023-10-10 12:21:53,958] {processor.py:651} INFO - DAG(s) dict_keys(['example_branch_labels']) retrieved from /home/airflow/.local/lib/python3.7/site-packages/airflow/example_dags/example_branch_labels.py
[2023-10-10 12:21:53,999] {logging_mixin.py:115} INFO - [2023-10-10 12:21:53,998] {dag.py:2420} INFO - Sync 1 DAGs
[2023-10-10 12:21:54,034] {logging_mixin.py:115} INFO - [2023-10-10 12:21:54,034] {dag.py:2972} INFO - Setting next_dagrun for example_branch_labels to 2023-10-09T00:00:00+00:00, run_after=2023-10-10T00:00:00+00:00
[2023-10-10 12:21:54,049] {processor.py:161} INFO - Processing /home/airflow/.local/lib/python3.7/site-packages/airflow/example_dags/example_branch_labels.py took 0.106 seconds
[2023-10-10 12:22:24,203] {processor.py:153} INFO - Started process (PID=2224) to work on /home/airflow/.local/lib/python3.7/site-packages/airflow/example_dags/example_branch_labels.py
[2023-10-10 12:22:24,204] {processor.py:641} INFO - Processing file /home/airflow/.local/lib/python3.7/site-packages/airflow/example_dags/example_branch_labels.py for tasks to queue
[2023-10-10 12:22:24,205] {logging_mixin.py:115} INFO - [2023-10-10 12:22:24,205] {dagbag.py:508} INFO - Filling up the DagBag from /home/airflow/.local/lib/python3.7/site-packages/airflow/example_dags/example_branch_labels.py
[2023-10-10 12:22:24,214] {processor.py:651} INFO - DAG(s) dict_keys(['example_branch_labels']) retrieved from /home/airflow/.local/lib/python3.7/site-packages/airflow/example_dags/example_branch_labels.py
[2023-10-10 12:22:24,256] {logging_mixin.py:115} INFO - [2023-10-10 12:22:24,255] {dag.py:2420} INFO - Sync 1 DAGs
[2023-10-10 12:22:24,285] {logging_mixin.py:115} INFO - [2023-10-10 12:22:24,285] {dag.py:2972} INFO - Setting next_dagrun for example_branch_labels to 2023-10-09T00:00:00+00:00, run_after=2023-10-10T00:00:00+00:00
[2023-10-10 12:22:24,298] {processor.py:161} INFO - Processing /home/airflow/.local/lib/python3.7/site-packages/airflow/example_dags/example_branch_labels.py took 0.099 seconds
[2023-10-10 12:22:54,464] {processor.py:153} INFO - Started process (PID=2286) to work on /home/airflow/.local/lib/python3.7/site-packages/airflow/example_dags/example_branch_labels.py
[2023-10-10 12:22:54,465] {processor.py:641} INFO - Processing file /home/airflow/.local/lib/python3.7/site-packages/airflow/example_dags/example_branch_labels.py for tasks to queue
[2023-10-10 12:22:54,466] {logging_mixin.py:115} INFO - [2023-10-10 12:22:54,466] {dagbag.py:508} INFO - Filling up the DagBag from /home/airflow/.local/lib/python3.7/site-packages/airflow/example_dags/example_branch_labels.py
[2023-10-10 12:22:54,474] {processor.py:651} INFO - DAG(s) dict_keys(['example_branch_labels']) retrieved from /home/airflow/.local/lib/python3.7/site-packages/airflow/example_dags/example_branch_labels.py
[2023-10-10 12:22:54,515] {logging_mixin.py:115} INFO - [2023-10-10 12:22:54,515] {dag.py:2420} INFO - Sync 1 DAGs
[2023-10-10 12:22:54,553] {logging_mixin.py:115} INFO - [2023-10-10 12:22:54,553] {dag.py:2972} INFO - Setting next_dagrun for example_branch_labels to 2023-10-09T00:00:00+00:00, run_after=2023-10-10T00:00:00+00:00
[2023-10-10 12:22:54,565] {processor.py:161} INFO - Processing /home/airflow/.local/lib/python3.7/site-packages/airflow/example_dags/example_branch_labels.py took 0.106 seconds
[2023-10-10 12:23:25,414] {processor.py:153} INFO - Started process (PID=2348) to work on /home/airflow/.local/lib/python3.7/site-packages/airflow/example_dags/example_branch_labels.py
[2023-10-10 12:23:25,415] {processor.py:641} INFO - Processing file /home/airflow/.local/lib/python3.7/site-packages/airflow/example_dags/example_branch_labels.py for tasks to queue
[2023-10-10 12:23:25,416] {logging_mixin.py:115} INFO - [2023-10-10 12:23:25,416] {dagbag.py:508} INFO - Filling up the DagBag from /home/airflow/.local/lib/python3.7/site-packages/airflow/example_dags/example_branch_labels.py
[2023-10-10 12:23:25,426] {processor.py:651} INFO - DAG(s) dict_keys(['example_branch_labels']) retrieved from /home/airflow/.local/lib/python3.7/site-packages/airflow/example_dags/example_branch_labels.py
[2023-10-10 12:23:25,471] {logging_mixin.py:115} INFO - [2023-10-10 12:23:25,471] {dag.py:2420} INFO - Sync 1 DAGs
[2023-10-10 12:23:25,502] {logging_mixin.py:115} INFO - [2023-10-10 12:23:25,502] {dag.py:2972} INFO - Setting next_dagrun for example_branch_labels to 2023-10-09T00:00:00+00:00, run_after=2023-10-10T00:00:00+00:00
[2023-10-10 12:23:25,520] {processor.py:161} INFO - Processing /home/airflow/.local/lib/python3.7/site-packages/airflow/example_dags/example_branch_labels.py took 0.111 seconds
[2023-10-10 12:23:56,089] {processor.py:153} INFO - Started process (PID=2401) to work on /home/airflow/.local/lib/python3.7/site-packages/airflow/example_dags/example_branch_labels.py
[2023-10-10 12:23:56,095] {processor.py:641} INFO - Processing file /home/airflow/.local/lib/python3.7/site-packages/airflow/example_dags/example_branch_labels.py for tasks to queue
[2023-10-10 12:23:56,096] {logging_mixin.py:115} INFO - [2023-10-10 12:23:56,096] {dagbag.py:508} INFO - Filling up the DagBag from /home/airflow/.local/lib/python3.7/site-packages/airflow/example_dags/example_branch_labels.py
[2023-10-10 12:23:56,107] {processor.py:651} INFO - DAG(s) dict_keys(['example_branch_labels']) retrieved from /home/airflow/.local/lib/python3.7/site-packages/airflow/example_dags/example_branch_labels.py
[2023-10-10 12:23:56,153] {logging_mixin.py:115} INFO - [2023-10-10 12:23:56,153] {dag.py:2420} INFO - Sync 1 DAGs
[2023-10-10 12:23:56,186] {logging_mixin.py:115} INFO - [2023-10-10 12:23:56,186] {dag.py:2972} INFO - Setting next_dagrun for example_branch_labels to 2023-10-09T00:00:00+00:00, run_after=2023-10-10T00:00:00+00:00
[2023-10-10 12:23:56,201] {processor.py:161} INFO - Processing /home/airflow/.local/lib/python3.7/site-packages/airflow/example_dags/example_branch_labels.py took 0.117 seconds
[2023-10-10 12:24:26,795] {processor.py:153} INFO - Started process (PID=2464) to work on /home/airflow/.local/lib/python3.7/site-packages/airflow/example_dags/example_branch_labels.py
[2023-10-10 12:24:26,796] {processor.py:641} INFO - Processing file /home/airflow/.local/lib/python3.7/site-packages/airflow/example_dags/example_branch_labels.py for tasks to queue
[2023-10-10 12:24:26,797] {logging_mixin.py:115} INFO - [2023-10-10 12:24:26,797] {dagbag.py:508} INFO - Filling up the DagBag from /home/airflow/.local/lib/python3.7/site-packages/airflow/example_dags/example_branch_labels.py
[2023-10-10 12:24:26,807] {processor.py:651} INFO - DAG(s) dict_keys(['example_branch_labels']) retrieved from /home/airflow/.local/lib/python3.7/site-packages/airflow/example_dags/example_branch_labels.py
[2023-10-10 12:24:26,850] {logging_mixin.py:115} INFO - [2023-10-10 12:24:26,850] {dag.py:2420} INFO - Sync 1 DAGs
[2023-10-10 12:24:26,880] {logging_mixin.py:115} INFO - [2023-10-10 12:24:26,880] {dag.py:2972} INFO - Setting next_dagrun for example_branch_labels to 2023-10-09T00:00:00+00:00, run_after=2023-10-10T00:00:00+00:00
[2023-10-10 12:24:26,891] {processor.py:161} INFO - Processing /home/airflow/.local/lib/python3.7/site-packages/airflow/example_dags/example_branch_labels.py took 0.101 seconds
[2023-10-10 12:24:57,662] {processor.py:153} INFO - Started process (PID=2526) to work on /home/airflow/.local/lib/python3.7/site-packages/airflow/example_dags/example_branch_labels.py
[2023-10-10 12:24:57,663] {processor.py:641} INFO - Processing file /home/airflow/.local/lib/python3.7/site-packages/airflow/example_dags/example_branch_labels.py for tasks to queue
[2023-10-10 12:24:57,664] {logging_mixin.py:115} INFO - [2023-10-10 12:24:57,664] {dagbag.py:508} INFO - Filling up the DagBag from /home/airflow/.local/lib/python3.7/site-packages/airflow/example_dags/example_branch_labels.py
[2023-10-10 12:24:57,683] {processor.py:651} INFO - DAG(s) dict_keys(['example_branch_labels']) retrieved from /home/airflow/.local/lib/python3.7/site-packages/airflow/example_dags/example_branch_labels.py
[2023-10-10 12:24:57,738] {logging_mixin.py:115} INFO - [2023-10-10 12:24:57,738] {dag.py:2420} INFO - Sync 1 DAGs
[2023-10-10 12:24:57,785] {logging_mixin.py:115} INFO - [2023-10-10 12:24:57,785] {dag.py:2972} INFO - Setting next_dagrun for example_branch_labels to 2023-10-09T00:00:00+00:00, run_after=2023-10-10T00:00:00+00:00
[2023-10-10 12:24:57,805] {processor.py:161} INFO - Processing /home/airflow/.local/lib/python3.7/site-packages/airflow/example_dags/example_branch_labels.py took 0.148 seconds
[2023-10-10 12:25:28,147] {processor.py:153} INFO - Started process (PID=2579) to work on /home/airflow/.local/lib/python3.7/site-packages/airflow/example_dags/example_branch_labels.py
[2023-10-10 12:25:28,148] {processor.py:641} INFO - Processing file /home/airflow/.local/lib/python3.7/site-packages/airflow/example_dags/example_branch_labels.py for tasks to queue
[2023-10-10 12:25:28,149] {logging_mixin.py:115} INFO - [2023-10-10 12:25:28,149] {dagbag.py:508} INFO - Filling up the DagBag from /home/airflow/.local/lib/python3.7/site-packages/airflow/example_dags/example_branch_labels.py
[2023-10-10 12:25:28,161] {processor.py:651} INFO - DAG(s) dict_keys(['example_branch_labels']) retrieved from /home/airflow/.local/lib/python3.7/site-packages/airflow/example_dags/example_branch_labels.py
[2023-10-10 12:25:28,203] {logging_mixin.py:115} INFO - [2023-10-10 12:25:28,203] {dag.py:2420} INFO - Sync 1 DAGs
[2023-10-10 12:25:28,256] {logging_mixin.py:115} INFO - [2023-10-10 12:25:28,256] {dag.py:2972} INFO - Setting next_dagrun for example_branch_labels to 2023-10-09T00:00:00+00:00, run_after=2023-10-10T00:00:00+00:00
[2023-10-10 12:25:28,268] {processor.py:161} INFO - Processing /home/airflow/.local/lib/python3.7/site-packages/airflow/example_dags/example_branch_labels.py took 0.127 seconds
[2023-10-10 12:25:58,936] {processor.py:153} INFO - Started process (PID=2641) to work on /home/airflow/.local/lib/python3.7/site-packages/airflow/example_dags/example_branch_labels.py
[2023-10-10 12:25:58,936] {processor.py:641} INFO - Processing file /home/airflow/.local/lib/python3.7/site-packages/airflow/example_dags/example_branch_labels.py for tasks to queue
[2023-10-10 12:25:58,937] {logging_mixin.py:115} INFO - [2023-10-10 12:25:58,937] {dagbag.py:508} INFO - Filling up the DagBag from /home/airflow/.local/lib/python3.7/site-packages/airflow/example_dags/example_branch_labels.py
[2023-10-10 12:25:58,947] {processor.py:651} INFO - DAG(s) dict_keys(['example_branch_labels']) retrieved from /home/airflow/.local/lib/python3.7/site-packages/airflow/example_dags/example_branch_labels.py
[2023-10-10 12:25:58,986] {logging_mixin.py:115} INFO - [2023-10-10 12:25:58,986] {dag.py:2420} INFO - Sync 1 DAGs
[2023-10-10 12:25:59,016] {logging_mixin.py:115} INFO - [2023-10-10 12:25:59,015] {dag.py:2972} INFO - Setting next_dagrun for example_branch_labels to 2023-10-09T00:00:00+00:00, run_after=2023-10-10T00:00:00+00:00
[2023-10-10 12:25:59,028] {processor.py:161} INFO - Processing /home/airflow/.local/lib/python3.7/site-packages/airflow/example_dags/example_branch_labels.py took 0.097 seconds
[2023-10-10 12:26:29,740] {processor.py:153} INFO - Started process (PID=2701) to work on /home/airflow/.local/lib/python3.7/site-packages/airflow/example_dags/example_branch_labels.py
[2023-10-10 12:26:29,741] {processor.py:641} INFO - Processing file /home/airflow/.local/lib/python3.7/site-packages/airflow/example_dags/example_branch_labels.py for tasks to queue
[2023-10-10 12:26:29,742] {logging_mixin.py:115} INFO - [2023-10-10 12:26:29,742] {dagbag.py:508} INFO - Filling up the DagBag from /home/airflow/.local/lib/python3.7/site-packages/airflow/example_dags/example_branch_labels.py
[2023-10-10 12:26:29,756] {processor.py:651} INFO - DAG(s) dict_keys(['example_branch_labels']) retrieved from /home/airflow/.local/lib/python3.7/site-packages/airflow/example_dags/example_branch_labels.py
[2023-10-10 12:26:29,825] {logging_mixin.py:115} INFO - [2023-10-10 12:26:29,824] {dag.py:2420} INFO - Sync 1 DAGs
[2023-10-10 12:26:29,868] {logging_mixin.py:115} INFO - [2023-10-10 12:26:29,867] {dag.py:2972} INFO - Setting next_dagrun for example_branch_labels to 2023-10-09T00:00:00+00:00, run_after=2023-10-10T00:00:00+00:00
[2023-10-10 12:26:29,881] {processor.py:161} INFO - Processing /home/airflow/.local/lib/python3.7/site-packages/airflow/example_dags/example_branch_labels.py took 0.146 seconds
