[2023-10-10 12:03:26,216] {processor.py:153} INFO - Started process (PID=66) to work on /home/airflow/.local/lib/python3.7/site-packages/airflow/example_dags/example_time_delta_sensor_async.py
[2023-10-10 12:03:26,217] {processor.py:641} INFO - Processing file /home/airflow/.local/lib/python3.7/site-packages/airflow/example_dags/example_time_delta_sensor_async.py for tasks to queue
[2023-10-10 12:03:26,218] {logging_mixin.py:115} INFO - [2023-10-10 12:03:26,218] {dagbag.py:508} INFO - Filling up the DagBag from /home/airflow/.local/lib/python3.7/site-packages/airflow/example_dags/example_time_delta_sensor_async.py
[2023-10-10 12:03:26,276] {processor.py:651} INFO - DAG(s) dict_keys(['example_time_delta_sensor_async']) retrieved from /home/airflow/.local/lib/python3.7/site-packages/airflow/example_dags/example_time_delta_sensor_async.py
[2023-10-10 12:03:26,858] {logging_mixin.py:115} INFO - [2023-10-10 12:03:26,857] {manager.py:508} INFO - Created Permission View: can read on DAG:example_time_delta_sensor_async
[2023-10-10 12:03:26,918] {logging_mixin.py:115} INFO - [2023-10-10 12:03:26,918] {manager.py:508} INFO - Created Permission View: can edit on DAG:example_time_delta_sensor_async
[2023-10-10 12:03:26,980] {logging_mixin.py:115} INFO - [2023-10-10 12:03:26,980] {manager.py:508} INFO - Created Permission View: can delete on DAG:example_time_delta_sensor_async
[2023-10-10 12:03:26,980] {logging_mixin.py:115} INFO - [2023-10-10 12:03:26,980] {dag.py:2420} INFO - Sync 1 DAGs
[2023-10-10 12:03:27,035] {logging_mixin.py:115} INFO - [2023-10-10 12:03:27,023] {dag.py:2439} INFO - Creating ORM DAG for example_time_delta_sensor_async
[2023-10-10 12:03:27,118] {logging_mixin.py:115} INFO - [2023-10-10 12:03:27,118] {dag.py:2972} INFO - Setting next_dagrun for example_time_delta_sensor_async to None, run_after=None
[2023-10-10 12:03:27,198] {processor.py:161} INFO - Processing /home/airflow/.local/lib/python3.7/site-packages/airflow/example_dags/example_time_delta_sensor_async.py took 1.018 seconds
[2023-10-10 12:03:57,318] {processor.py:153} INFO - Started process (PID=118) to work on /home/airflow/.local/lib/python3.7/site-packages/airflow/example_dags/example_time_delta_sensor_async.py
[2023-10-10 12:03:57,319] {processor.py:641} INFO - Processing file /home/airflow/.local/lib/python3.7/site-packages/airflow/example_dags/example_time_delta_sensor_async.py for tasks to queue
[2023-10-10 12:03:57,339] {logging_mixin.py:115} INFO - [2023-10-10 12:03:57,339] {dagbag.py:508} INFO - Filling up the DagBag from /home/airflow/.local/lib/python3.7/site-packages/airflow/example_dags/example_time_delta_sensor_async.py
[2023-10-10 12:03:57,375] {processor.py:651} INFO - DAG(s) dict_keys(['example_time_delta_sensor_async']) retrieved from /home/airflow/.local/lib/python3.7/site-packages/airflow/example_dags/example_time_delta_sensor_async.py
[2023-10-10 12:03:57,516] {logging_mixin.py:115} INFO - [2023-10-10 12:03:57,516] {dag.py:2420} INFO - Sync 1 DAGs
[2023-10-10 12:03:57,583] {logging_mixin.py:115} INFO - [2023-10-10 12:03:57,582] {dag.py:2972} INFO - Setting next_dagrun for example_time_delta_sensor_async to None, run_after=None
[2023-10-10 12:03:57,618] {processor.py:161} INFO - Processing /home/airflow/.local/lib/python3.7/site-packages/airflow/example_dags/example_time_delta_sensor_async.py took 0.321 seconds
[2023-10-10 12:04:28,443] {processor.py:153} INFO - Started process (PID=170) to work on /home/airflow/.local/lib/python3.7/site-packages/airflow/example_dags/example_time_delta_sensor_async.py
[2023-10-10 12:04:28,444] {processor.py:641} INFO - Processing file /home/airflow/.local/lib/python3.7/site-packages/airflow/example_dags/example_time_delta_sensor_async.py for tasks to queue
[2023-10-10 12:04:28,445] {logging_mixin.py:115} INFO - [2023-10-10 12:04:28,445] {dagbag.py:508} INFO - Filling up the DagBag from /home/airflow/.local/lib/python3.7/site-packages/airflow/example_dags/example_time_delta_sensor_async.py
[2023-10-10 12:04:28,452] {processor.py:651} INFO - DAG(s) dict_keys(['example_time_delta_sensor_async']) retrieved from /home/airflow/.local/lib/python3.7/site-packages/airflow/example_dags/example_time_delta_sensor_async.py
[2023-10-10 12:04:28,508] {logging_mixin.py:115} INFO - [2023-10-10 12:04:28,508] {dag.py:2420} INFO - Sync 1 DAGs
[2023-10-10 12:04:28,539] {logging_mixin.py:115} INFO - [2023-10-10 12:04:28,538] {dag.py:2972} INFO - Setting next_dagrun for example_time_delta_sensor_async to None, run_after=None
[2023-10-10 12:04:28,552] {processor.py:161} INFO - Processing /home/airflow/.local/lib/python3.7/site-packages/airflow/example_dags/example_time_delta_sensor_async.py took 0.114 seconds
[2023-10-10 12:04:59,125] {processor.py:153} INFO - Started process (PID=231) to work on /home/airflow/.local/lib/python3.7/site-packages/airflow/example_dags/example_time_delta_sensor_async.py
[2023-10-10 12:04:59,125] {processor.py:641} INFO - Processing file /home/airflow/.local/lib/python3.7/site-packages/airflow/example_dags/example_time_delta_sensor_async.py for tasks to queue
[2023-10-10 12:04:59,126] {logging_mixin.py:115} INFO - [2023-10-10 12:04:59,126] {dagbag.py:508} INFO - Filling up the DagBag from /home/airflow/.local/lib/python3.7/site-packages/airflow/example_dags/example_time_delta_sensor_async.py
[2023-10-10 12:04:59,134] {processor.py:651} INFO - DAG(s) dict_keys(['example_time_delta_sensor_async']) retrieved from /home/airflow/.local/lib/python3.7/site-packages/airflow/example_dags/example_time_delta_sensor_async.py
[2023-10-10 12:04:59,190] {logging_mixin.py:115} INFO - [2023-10-10 12:04:59,190] {dag.py:2420} INFO - Sync 1 DAGs
[2023-10-10 12:04:59,223] {logging_mixin.py:115} INFO - [2023-10-10 12:04:59,223] {dag.py:2972} INFO - Setting next_dagrun for example_time_delta_sensor_async to None, run_after=None
[2023-10-10 12:04:59,236] {processor.py:161} INFO - Processing /home/airflow/.local/lib/python3.7/site-packages/airflow/example_dags/example_time_delta_sensor_async.py took 0.116 seconds
[2023-10-10 12:05:29,839] {processor.py:153} INFO - Started process (PID=292) to work on /home/airflow/.local/lib/python3.7/site-packages/airflow/example_dags/example_time_delta_sensor_async.py
[2023-10-10 12:05:29,840] {processor.py:641} INFO - Processing file /home/airflow/.local/lib/python3.7/site-packages/airflow/example_dags/example_time_delta_sensor_async.py for tasks to queue
[2023-10-10 12:05:29,841] {logging_mixin.py:115} INFO - [2023-10-10 12:05:29,841] {dagbag.py:508} INFO - Filling up the DagBag from /home/airflow/.local/lib/python3.7/site-packages/airflow/example_dags/example_time_delta_sensor_async.py
[2023-10-10 12:05:29,851] {processor.py:651} INFO - DAG(s) dict_keys(['example_time_delta_sensor_async']) retrieved from /home/airflow/.local/lib/python3.7/site-packages/airflow/example_dags/example_time_delta_sensor_async.py
[2023-10-10 12:05:29,909] {logging_mixin.py:115} INFO - [2023-10-10 12:05:29,909] {dag.py:2420} INFO - Sync 1 DAGs
[2023-10-10 12:05:29,942] {logging_mixin.py:115} INFO - [2023-10-10 12:05:29,941] {dag.py:2972} INFO - Setting next_dagrun for example_time_delta_sensor_async to None, run_after=None
[2023-10-10 12:05:29,956] {processor.py:161} INFO - Processing /home/airflow/.local/lib/python3.7/site-packages/airflow/example_dags/example_time_delta_sensor_async.py took 0.127 seconds
[2023-10-10 12:06:00,476] {processor.py:153} INFO - Started process (PID=345) to work on /home/airflow/.local/lib/python3.7/site-packages/airflow/example_dags/example_time_delta_sensor_async.py
[2023-10-10 12:06:00,478] {processor.py:641} INFO - Processing file /home/airflow/.local/lib/python3.7/site-packages/airflow/example_dags/example_time_delta_sensor_async.py for tasks to queue
[2023-10-10 12:06:00,478] {logging_mixin.py:115} INFO - [2023-10-10 12:06:00,478] {dagbag.py:508} INFO - Filling up the DagBag from /home/airflow/.local/lib/python3.7/site-packages/airflow/example_dags/example_time_delta_sensor_async.py
[2023-10-10 12:06:00,486] {processor.py:651} INFO - DAG(s) dict_keys(['example_time_delta_sensor_async']) retrieved from /home/airflow/.local/lib/python3.7/site-packages/airflow/example_dags/example_time_delta_sensor_async.py
[2023-10-10 12:06:00,546] {logging_mixin.py:115} INFO - [2023-10-10 12:06:00,546] {dag.py:2420} INFO - Sync 1 DAGs
[2023-10-10 12:06:00,580] {logging_mixin.py:115} INFO - [2023-10-10 12:06:00,580] {dag.py:2972} INFO - Setting next_dagrun for example_time_delta_sensor_async to None, run_after=None
[2023-10-10 12:06:00,593] {processor.py:161} INFO - Processing /home/airflow/.local/lib/python3.7/site-packages/airflow/example_dags/example_time_delta_sensor_async.py took 0.121 seconds
[2023-10-10 12:06:31,151] {processor.py:153} INFO - Started process (PID=406) to work on /home/airflow/.local/lib/python3.7/site-packages/airflow/example_dags/example_time_delta_sensor_async.py
[2023-10-10 12:06:31,152] {processor.py:641} INFO - Processing file /home/airflow/.local/lib/python3.7/site-packages/airflow/example_dags/example_time_delta_sensor_async.py for tasks to queue
[2023-10-10 12:06:31,153] {logging_mixin.py:115} INFO - [2023-10-10 12:06:31,152] {dagbag.py:508} INFO - Filling up the DagBag from /home/airflow/.local/lib/python3.7/site-packages/airflow/example_dags/example_time_delta_sensor_async.py
[2023-10-10 12:06:31,161] {processor.py:651} INFO - DAG(s) dict_keys(['example_time_delta_sensor_async']) retrieved from /home/airflow/.local/lib/python3.7/site-packages/airflow/example_dags/example_time_delta_sensor_async.py
[2023-10-10 12:06:31,220] {logging_mixin.py:115} INFO - [2023-10-10 12:06:31,220] {dag.py:2420} INFO - Sync 1 DAGs
[2023-10-10 12:06:31,260] {logging_mixin.py:115} INFO - [2023-10-10 12:06:31,260] {dag.py:2972} INFO - Setting next_dagrun for example_time_delta_sensor_async to None, run_after=None
[2023-10-10 12:06:31,282] {processor.py:161} INFO - Processing /home/airflow/.local/lib/python3.7/site-packages/airflow/example_dags/example_time_delta_sensor_async.py took 0.136 seconds
[2023-10-10 12:07:01,426] {processor.py:153} INFO - Started process (PID=459) to work on /home/airflow/.local/lib/python3.7/site-packages/airflow/example_dags/example_time_delta_sensor_async.py
[2023-10-10 12:07:01,427] {processor.py:641} INFO - Processing file /home/airflow/.local/lib/python3.7/site-packages/airflow/example_dags/example_time_delta_sensor_async.py for tasks to queue
[2023-10-10 12:07:01,428] {logging_mixin.py:115} INFO - [2023-10-10 12:07:01,428] {dagbag.py:508} INFO - Filling up the DagBag from /home/airflow/.local/lib/python3.7/site-packages/airflow/example_dags/example_time_delta_sensor_async.py
[2023-10-10 12:07:01,436] {processor.py:651} INFO - DAG(s) dict_keys(['example_time_delta_sensor_async']) retrieved from /home/airflow/.local/lib/python3.7/site-packages/airflow/example_dags/example_time_delta_sensor_async.py
[2023-10-10 12:07:01,494] {logging_mixin.py:115} INFO - [2023-10-10 12:07:01,494] {dag.py:2420} INFO - Sync 1 DAGs
[2023-10-10 12:07:01,526] {logging_mixin.py:115} INFO - [2023-10-10 12:07:01,526] {dag.py:2972} INFO - Setting next_dagrun for example_time_delta_sensor_async to None, run_after=None
[2023-10-10 12:07:01,539] {processor.py:161} INFO - Processing /home/airflow/.local/lib/python3.7/site-packages/airflow/example_dags/example_time_delta_sensor_async.py took 0.118 seconds
[2023-10-10 12:07:31,726] {processor.py:153} INFO - Started process (PID=520) to work on /home/airflow/.local/lib/python3.7/site-packages/airflow/example_dags/example_time_delta_sensor_async.py
[2023-10-10 12:07:31,727] {processor.py:641} INFO - Processing file /home/airflow/.local/lib/python3.7/site-packages/airflow/example_dags/example_time_delta_sensor_async.py for tasks to queue
[2023-10-10 12:07:31,728] {logging_mixin.py:115} INFO - [2023-10-10 12:07:31,728] {dagbag.py:508} INFO - Filling up the DagBag from /home/airflow/.local/lib/python3.7/site-packages/airflow/example_dags/example_time_delta_sensor_async.py
[2023-10-10 12:07:31,739] {processor.py:651} INFO - DAG(s) dict_keys(['example_time_delta_sensor_async']) retrieved from /home/airflow/.local/lib/python3.7/site-packages/airflow/example_dags/example_time_delta_sensor_async.py
[2023-10-10 12:07:31,819] {logging_mixin.py:115} INFO - [2023-10-10 12:07:31,819] {dag.py:2420} INFO - Sync 1 DAGs
[2023-10-10 12:07:31,856] {logging_mixin.py:115} INFO - [2023-10-10 12:07:31,856] {dag.py:2972} INFO - Setting next_dagrun for example_time_delta_sensor_async to None, run_after=None
[2023-10-10 12:07:31,880] {processor.py:161} INFO - Processing /home/airflow/.local/lib/python3.7/site-packages/airflow/example_dags/example_time_delta_sensor_async.py took 0.159 seconds
[2023-10-10 12:08:01,968] {processor.py:153} INFO - Started process (PID=581) to work on /home/airflow/.local/lib/python3.7/site-packages/airflow/example_dags/example_time_delta_sensor_async.py
[2023-10-10 12:08:01,969] {processor.py:641} INFO - Processing file /home/airflow/.local/lib/python3.7/site-packages/airflow/example_dags/example_time_delta_sensor_async.py for tasks to queue
[2023-10-10 12:08:01,969] {logging_mixin.py:115} INFO - [2023-10-10 12:08:01,969] {dagbag.py:508} INFO - Filling up the DagBag from /home/airflow/.local/lib/python3.7/site-packages/airflow/example_dags/example_time_delta_sensor_async.py
[2023-10-10 12:08:01,977] {processor.py:651} INFO - DAG(s) dict_keys(['example_time_delta_sensor_async']) retrieved from /home/airflow/.local/lib/python3.7/site-packages/airflow/example_dags/example_time_delta_sensor_async.py
[2023-10-10 12:08:02,056] {logging_mixin.py:115} INFO - [2023-10-10 12:08:02,056] {dag.py:2420} INFO - Sync 1 DAGs
[2023-10-10 12:08:02,104] {logging_mixin.py:115} INFO - [2023-10-10 12:08:02,104] {dag.py:2972} INFO - Setting next_dagrun for example_time_delta_sensor_async to None, run_after=None
[2023-10-10 12:08:02,140] {processor.py:161} INFO - Processing /home/airflow/.local/lib/python3.7/site-packages/airflow/example_dags/example_time_delta_sensor_async.py took 0.178 seconds
[2023-10-10 12:08:32,495] {processor.py:153} INFO - Started process (PID=634) to work on /home/airflow/.local/lib/python3.7/site-packages/airflow/example_dags/example_time_delta_sensor_async.py
[2023-10-10 12:08:32,496] {processor.py:641} INFO - Processing file /home/airflow/.local/lib/python3.7/site-packages/airflow/example_dags/example_time_delta_sensor_async.py for tasks to queue
[2023-10-10 12:08:32,497] {logging_mixin.py:115} INFO - [2023-10-10 12:08:32,497] {dagbag.py:508} INFO - Filling up the DagBag from /home/airflow/.local/lib/python3.7/site-packages/airflow/example_dags/example_time_delta_sensor_async.py
[2023-10-10 12:08:32,505] {processor.py:651} INFO - DAG(s) dict_keys(['example_time_delta_sensor_async']) retrieved from /home/airflow/.local/lib/python3.7/site-packages/airflow/example_dags/example_time_delta_sensor_async.py
[2023-10-10 12:08:32,583] {logging_mixin.py:115} INFO - [2023-10-10 12:08:32,582] {dag.py:2420} INFO - Sync 1 DAGs
[2023-10-10 12:08:32,611] {logging_mixin.py:115} INFO - [2023-10-10 12:08:32,611] {dag.py:2972} INFO - Setting next_dagrun for example_time_delta_sensor_async to None, run_after=None
[2023-10-10 12:08:32,625] {processor.py:161} INFO - Processing /home/airflow/.local/lib/python3.7/site-packages/airflow/example_dags/example_time_delta_sensor_async.py took 0.143 seconds
[2023-10-10 12:09:02,972] {processor.py:153} INFO - Started process (PID=696) to work on /home/airflow/.local/lib/python3.7/site-packages/airflow/example_dags/example_time_delta_sensor_async.py
[2023-10-10 12:09:02,974] {processor.py:641} INFO - Processing file /home/airflow/.local/lib/python3.7/site-packages/airflow/example_dags/example_time_delta_sensor_async.py for tasks to queue
[2023-10-10 12:09:02,974] {logging_mixin.py:115} INFO - [2023-10-10 12:09:02,974] {dagbag.py:508} INFO - Filling up the DagBag from /home/airflow/.local/lib/python3.7/site-packages/airflow/example_dags/example_time_delta_sensor_async.py
[2023-10-10 12:09:02,982] {processor.py:651} INFO - DAG(s) dict_keys(['example_time_delta_sensor_async']) retrieved from /home/airflow/.local/lib/python3.7/site-packages/airflow/example_dags/example_time_delta_sensor_async.py
[2023-10-10 12:09:03,042] {logging_mixin.py:115} INFO - [2023-10-10 12:09:03,042] {dag.py:2420} INFO - Sync 1 DAGs
[2023-10-10 12:09:03,076] {logging_mixin.py:115} INFO - [2023-10-10 12:09:03,076] {dag.py:2972} INFO - Setting next_dagrun for example_time_delta_sensor_async to None, run_after=None
[2023-10-10 12:09:03,091] {processor.py:161} INFO - Processing /home/airflow/.local/lib/python3.7/site-packages/airflow/example_dags/example_time_delta_sensor_async.py took 0.124 seconds
[2023-10-10 12:09:33,564] {processor.py:153} INFO - Started process (PID=749) to work on /home/airflow/.local/lib/python3.7/site-packages/airflow/example_dags/example_time_delta_sensor_async.py
[2023-10-10 12:09:33,565] {processor.py:641} INFO - Processing file /home/airflow/.local/lib/python3.7/site-packages/airflow/example_dags/example_time_delta_sensor_async.py for tasks to queue
[2023-10-10 12:09:33,566] {logging_mixin.py:115} INFO - [2023-10-10 12:09:33,565] {dagbag.py:508} INFO - Filling up the DagBag from /home/airflow/.local/lib/python3.7/site-packages/airflow/example_dags/example_time_delta_sensor_async.py
[2023-10-10 12:09:33,573] {processor.py:651} INFO - DAG(s) dict_keys(['example_time_delta_sensor_async']) retrieved from /home/airflow/.local/lib/python3.7/site-packages/airflow/example_dags/example_time_delta_sensor_async.py
[2023-10-10 12:09:33,628] {logging_mixin.py:115} INFO - [2023-10-10 12:09:33,628] {dag.py:2420} INFO - Sync 1 DAGs
[2023-10-10 12:09:33,656] {logging_mixin.py:115} INFO - [2023-10-10 12:09:33,656] {dag.py:2972} INFO - Setting next_dagrun for example_time_delta_sensor_async to None, run_after=None
[2023-10-10 12:09:33,669] {processor.py:161} INFO - Processing /home/airflow/.local/lib/python3.7/site-packages/airflow/example_dags/example_time_delta_sensor_async.py took 0.111 seconds
[2023-10-10 12:10:04,083] {processor.py:153} INFO - Started process (PID=810) to work on /home/airflow/.local/lib/python3.7/site-packages/airflow/example_dags/example_time_delta_sensor_async.py
[2023-10-10 12:10:04,084] {processor.py:641} INFO - Processing file /home/airflow/.local/lib/python3.7/site-packages/airflow/example_dags/example_time_delta_sensor_async.py for tasks to queue
[2023-10-10 12:10:04,085] {logging_mixin.py:115} INFO - [2023-10-10 12:10:04,085] {dagbag.py:508} INFO - Filling up the DagBag from /home/airflow/.local/lib/python3.7/site-packages/airflow/example_dags/example_time_delta_sensor_async.py
[2023-10-10 12:10:04,092] {processor.py:651} INFO - DAG(s) dict_keys(['example_time_delta_sensor_async']) retrieved from /home/airflow/.local/lib/python3.7/site-packages/airflow/example_dags/example_time_delta_sensor_async.py
[2023-10-10 12:10:04,146] {logging_mixin.py:115} INFO - [2023-10-10 12:10:04,146] {dag.py:2420} INFO - Sync 1 DAGs
[2023-10-10 12:10:04,174] {logging_mixin.py:115} INFO - [2023-10-10 12:10:04,174] {dag.py:2972} INFO - Setting next_dagrun for example_time_delta_sensor_async to None, run_after=None
[2023-10-10 12:10:04,187] {processor.py:161} INFO - Processing /home/airflow/.local/lib/python3.7/site-packages/airflow/example_dags/example_time_delta_sensor_async.py took 0.108 seconds
[2023-10-10 12:10:34,800] {processor.py:153} INFO - Started process (PID=872) to work on /home/airflow/.local/lib/python3.7/site-packages/airflow/example_dags/example_time_delta_sensor_async.py
[2023-10-10 12:10:34,801] {processor.py:641} INFO - Processing file /home/airflow/.local/lib/python3.7/site-packages/airflow/example_dags/example_time_delta_sensor_async.py for tasks to queue
[2023-10-10 12:10:34,802] {logging_mixin.py:115} INFO - [2023-10-10 12:10:34,802] {dagbag.py:508} INFO - Filling up the DagBag from /home/airflow/.local/lib/python3.7/site-packages/airflow/example_dags/example_time_delta_sensor_async.py
[2023-10-10 12:10:34,809] {processor.py:651} INFO - DAG(s) dict_keys(['example_time_delta_sensor_async']) retrieved from /home/airflow/.local/lib/python3.7/site-packages/airflow/example_dags/example_time_delta_sensor_async.py
[2023-10-10 12:10:34,887] {logging_mixin.py:115} INFO - [2023-10-10 12:10:34,887] {dag.py:2420} INFO - Sync 1 DAGs
[2023-10-10 12:10:34,916] {logging_mixin.py:115} INFO - [2023-10-10 12:10:34,916] {dag.py:2972} INFO - Setting next_dagrun for example_time_delta_sensor_async to None, run_after=None
[2023-10-10 12:10:34,928] {processor.py:161} INFO - Processing /home/airflow/.local/lib/python3.7/site-packages/airflow/example_dags/example_time_delta_sensor_async.py took 0.138 seconds
[2023-10-10 12:11:05,221] {processor.py:153} INFO - Started process (PID=924) to work on /home/airflow/.local/lib/python3.7/site-packages/airflow/example_dags/example_time_delta_sensor_async.py
[2023-10-10 12:11:05,235] {processor.py:641} INFO - Processing file /home/airflow/.local/lib/python3.7/site-packages/airflow/example_dags/example_time_delta_sensor_async.py for tasks to queue
[2023-10-10 12:11:05,237] {logging_mixin.py:115} INFO - [2023-10-10 12:11:05,237] {dagbag.py:508} INFO - Filling up the DagBag from /home/airflow/.local/lib/python3.7/site-packages/airflow/example_dags/example_time_delta_sensor_async.py
[2023-10-10 12:11:05,244] {processor.py:651} INFO - DAG(s) dict_keys(['example_time_delta_sensor_async']) retrieved from /home/airflow/.local/lib/python3.7/site-packages/airflow/example_dags/example_time_delta_sensor_async.py
[2023-10-10 12:11:05,298] {logging_mixin.py:115} INFO - [2023-10-10 12:11:05,298] {dag.py:2420} INFO - Sync 1 DAGs
[2023-10-10 12:11:05,326] {logging_mixin.py:115} INFO - [2023-10-10 12:11:05,326] {dag.py:2972} INFO - Setting next_dagrun for example_time_delta_sensor_async to None, run_after=None
[2023-10-10 12:11:05,338] {processor.py:161} INFO - Processing /home/airflow/.local/lib/python3.7/site-packages/airflow/example_dags/example_time_delta_sensor_async.py took 0.122 seconds
[2023-10-10 12:11:35,888] {processor.py:153} INFO - Started process (PID=985) to work on /home/airflow/.local/lib/python3.7/site-packages/airflow/example_dags/example_time_delta_sensor_async.py
[2023-10-10 12:11:35,889] {processor.py:641} INFO - Processing file /home/airflow/.local/lib/python3.7/site-packages/airflow/example_dags/example_time_delta_sensor_async.py for tasks to queue
[2023-10-10 12:11:35,890] {logging_mixin.py:115} INFO - [2023-10-10 12:11:35,890] {dagbag.py:508} INFO - Filling up the DagBag from /home/airflow/.local/lib/python3.7/site-packages/airflow/example_dags/example_time_delta_sensor_async.py
[2023-10-10 12:11:35,898] {processor.py:651} INFO - DAG(s) dict_keys(['example_time_delta_sensor_async']) retrieved from /home/airflow/.local/lib/python3.7/site-packages/airflow/example_dags/example_time_delta_sensor_async.py
[2023-10-10 12:11:35,952] {logging_mixin.py:115} INFO - [2023-10-10 12:11:35,952] {dag.py:2420} INFO - Sync 1 DAGs
[2023-10-10 12:11:35,980] {logging_mixin.py:115} INFO - [2023-10-10 12:11:35,980] {dag.py:2972} INFO - Setting next_dagrun for example_time_delta_sensor_async to None, run_after=None
[2023-10-10 12:11:35,993] {processor.py:161} INFO - Processing /home/airflow/.local/lib/python3.7/site-packages/airflow/example_dags/example_time_delta_sensor_async.py took 0.110 seconds
[2023-10-10 12:12:06,380] {processor.py:153} INFO - Started process (PID=1044) to work on /home/airflow/.local/lib/python3.7/site-packages/airflow/example_dags/example_time_delta_sensor_async.py
[2023-10-10 12:12:06,381] {processor.py:641} INFO - Processing file /home/airflow/.local/lib/python3.7/site-packages/airflow/example_dags/example_time_delta_sensor_async.py for tasks to queue
[2023-10-10 12:12:06,381] {logging_mixin.py:115} INFO - [2023-10-10 12:12:06,381] {dagbag.py:508} INFO - Filling up the DagBag from /home/airflow/.local/lib/python3.7/site-packages/airflow/example_dags/example_time_delta_sensor_async.py
[2023-10-10 12:12:06,388] {processor.py:651} INFO - DAG(s) dict_keys(['example_time_delta_sensor_async']) retrieved from /home/airflow/.local/lib/python3.7/site-packages/airflow/example_dags/example_time_delta_sensor_async.py
[2023-10-10 12:12:06,464] {logging_mixin.py:115} INFO - [2023-10-10 12:12:06,464] {dag.py:2420} INFO - Sync 1 DAGs
[2023-10-10 12:12:06,493] {logging_mixin.py:115} INFO - [2023-10-10 12:12:06,493] {dag.py:2972} INFO - Setting next_dagrun for example_time_delta_sensor_async to None, run_after=None
[2023-10-10 12:12:06,506] {processor.py:161} INFO - Processing /home/airflow/.local/lib/python3.7/site-packages/airflow/example_dags/example_time_delta_sensor_async.py took 0.139 seconds
[2023-10-10 12:12:36,826] {processor.py:153} INFO - Started process (PID=1098) to work on /home/airflow/.local/lib/python3.7/site-packages/airflow/example_dags/example_time_delta_sensor_async.py
[2023-10-10 12:12:36,827] {processor.py:641} INFO - Processing file /home/airflow/.local/lib/python3.7/site-packages/airflow/example_dags/example_time_delta_sensor_async.py for tasks to queue
[2023-10-10 12:12:36,828] {logging_mixin.py:115} INFO - [2023-10-10 12:12:36,828] {dagbag.py:508} INFO - Filling up the DagBag from /home/airflow/.local/lib/python3.7/site-packages/airflow/example_dags/example_time_delta_sensor_async.py
[2023-10-10 12:12:36,835] {processor.py:651} INFO - DAG(s) dict_keys(['example_time_delta_sensor_async']) retrieved from /home/airflow/.local/lib/python3.7/site-packages/airflow/example_dags/example_time_delta_sensor_async.py
[2023-10-10 12:12:36,890] {logging_mixin.py:115} INFO - [2023-10-10 12:12:36,890] {dag.py:2420} INFO - Sync 1 DAGs
[2023-10-10 12:12:36,919] {logging_mixin.py:115} INFO - [2023-10-10 12:12:36,919] {dag.py:2972} INFO - Setting next_dagrun for example_time_delta_sensor_async to None, run_after=None
[2023-10-10 12:12:36,933] {processor.py:161} INFO - Processing /home/airflow/.local/lib/python3.7/site-packages/airflow/example_dags/example_time_delta_sensor_async.py took 0.111 seconds
[2023-10-10 12:13:07,842] {processor.py:153} INFO - Started process (PID=1159) to work on /home/airflow/.local/lib/python3.7/site-packages/airflow/example_dags/example_time_delta_sensor_async.py
[2023-10-10 12:13:07,843] {processor.py:641} INFO - Processing file /home/airflow/.local/lib/python3.7/site-packages/airflow/example_dags/example_time_delta_sensor_async.py for tasks to queue
[2023-10-10 12:13:07,843] {logging_mixin.py:115} INFO - [2023-10-10 12:13:07,843] {dagbag.py:508} INFO - Filling up the DagBag from /home/airflow/.local/lib/python3.7/site-packages/airflow/example_dags/example_time_delta_sensor_async.py
[2023-10-10 12:13:07,851] {processor.py:651} INFO - DAG(s) dict_keys(['example_time_delta_sensor_async']) retrieved from /home/airflow/.local/lib/python3.7/site-packages/airflow/example_dags/example_time_delta_sensor_async.py
[2023-10-10 12:13:07,916] {logging_mixin.py:115} INFO - [2023-10-10 12:13:07,916] {dag.py:2420} INFO - Sync 1 DAGs
[2023-10-10 12:13:07,947] {logging_mixin.py:115} INFO - [2023-10-10 12:13:07,947] {dag.py:2972} INFO - Setting next_dagrun for example_time_delta_sensor_async to None, run_after=None
[2023-10-10 12:13:07,963] {processor.py:161} INFO - Processing /home/airflow/.local/lib/python3.7/site-packages/airflow/example_dags/example_time_delta_sensor_async.py took 0.127 seconds
[2023-10-10 12:13:38,354] {processor.py:153} INFO - Started process (PID=1212) to work on /home/airflow/.local/lib/python3.7/site-packages/airflow/example_dags/example_time_delta_sensor_async.py
[2023-10-10 12:13:38,355] {processor.py:641} INFO - Processing file /home/airflow/.local/lib/python3.7/site-packages/airflow/example_dags/example_time_delta_sensor_async.py for tasks to queue
[2023-10-10 12:13:38,356] {logging_mixin.py:115} INFO - [2023-10-10 12:13:38,356] {dagbag.py:508} INFO - Filling up the DagBag from /home/airflow/.local/lib/python3.7/site-packages/airflow/example_dags/example_time_delta_sensor_async.py
[2023-10-10 12:13:38,363] {processor.py:651} INFO - DAG(s) dict_keys(['example_time_delta_sensor_async']) retrieved from /home/airflow/.local/lib/python3.7/site-packages/airflow/example_dags/example_time_delta_sensor_async.py
[2023-10-10 12:13:38,421] {logging_mixin.py:115} INFO - [2023-10-10 12:13:38,421] {dag.py:2420} INFO - Sync 1 DAGs
[2023-10-10 12:13:38,452] {logging_mixin.py:115} INFO - [2023-10-10 12:13:38,452] {dag.py:2972} INFO - Setting next_dagrun for example_time_delta_sensor_async to None, run_after=None
[2023-10-10 12:13:38,466] {processor.py:161} INFO - Processing /home/airflow/.local/lib/python3.7/site-packages/airflow/example_dags/example_time_delta_sensor_async.py took 0.117 seconds
[2023-10-10 12:14:09,252] {processor.py:153} INFO - Started process (PID=1274) to work on /home/airflow/.local/lib/python3.7/site-packages/airflow/example_dags/example_time_delta_sensor_async.py
[2023-10-10 12:14:09,253] {processor.py:641} INFO - Processing file /home/airflow/.local/lib/python3.7/site-packages/airflow/example_dags/example_time_delta_sensor_async.py for tasks to queue
[2023-10-10 12:14:09,253] {logging_mixin.py:115} INFO - [2023-10-10 12:14:09,253] {dagbag.py:508} INFO - Filling up the DagBag from /home/airflow/.local/lib/python3.7/site-packages/airflow/example_dags/example_time_delta_sensor_async.py
[2023-10-10 12:14:09,260] {processor.py:651} INFO - DAG(s) dict_keys(['example_time_delta_sensor_async']) retrieved from /home/airflow/.local/lib/python3.7/site-packages/airflow/example_dags/example_time_delta_sensor_async.py
[2023-10-10 12:14:09,317] {logging_mixin.py:115} INFO - [2023-10-10 12:14:09,317] {dag.py:2420} INFO - Sync 1 DAGs
[2023-10-10 12:14:09,346] {logging_mixin.py:115} INFO - [2023-10-10 12:14:09,346] {dag.py:2972} INFO - Setting next_dagrun for example_time_delta_sensor_async to None, run_after=None
[2023-10-10 12:14:09,358] {processor.py:161} INFO - Processing /home/airflow/.local/lib/python3.7/site-packages/airflow/example_dags/example_time_delta_sensor_async.py took 0.111 seconds
[2023-10-10 12:14:39,516] {processor.py:153} INFO - Started process (PID=1336) to work on /home/airflow/.local/lib/python3.7/site-packages/airflow/example_dags/example_time_delta_sensor_async.py
[2023-10-10 12:14:39,517] {processor.py:641} INFO - Processing file /home/airflow/.local/lib/python3.7/site-packages/airflow/example_dags/example_time_delta_sensor_async.py for tasks to queue
[2023-10-10 12:14:39,518] {logging_mixin.py:115} INFO - [2023-10-10 12:14:39,518] {dagbag.py:508} INFO - Filling up the DagBag from /home/airflow/.local/lib/python3.7/site-packages/airflow/example_dags/example_time_delta_sensor_async.py
[2023-10-10 12:14:39,525] {processor.py:651} INFO - DAG(s) dict_keys(['example_time_delta_sensor_async']) retrieved from /home/airflow/.local/lib/python3.7/site-packages/airflow/example_dags/example_time_delta_sensor_async.py
[2023-10-10 12:14:39,581] {logging_mixin.py:115} INFO - [2023-10-10 12:14:39,580] {dag.py:2420} INFO - Sync 1 DAGs
[2023-10-10 12:14:39,611] {logging_mixin.py:115} INFO - [2023-10-10 12:14:39,611] {dag.py:2972} INFO - Setting next_dagrun for example_time_delta_sensor_async to None, run_after=None
[2023-10-10 12:14:39,624] {processor.py:161} INFO - Processing /home/airflow/.local/lib/python3.7/site-packages/airflow/example_dags/example_time_delta_sensor_async.py took 0.113 seconds
[2023-10-10 12:15:10,229] {processor.py:153} INFO - Started process (PID=1390) to work on /home/airflow/.local/lib/python3.7/site-packages/airflow/example_dags/example_time_delta_sensor_async.py
[2023-10-10 12:15:10,230] {processor.py:641} INFO - Processing file /home/airflow/.local/lib/python3.7/site-packages/airflow/example_dags/example_time_delta_sensor_async.py for tasks to queue
[2023-10-10 12:15:10,231] {logging_mixin.py:115} INFO - [2023-10-10 12:15:10,231] {dagbag.py:508} INFO - Filling up the DagBag from /home/airflow/.local/lib/python3.7/site-packages/airflow/example_dags/example_time_delta_sensor_async.py
[2023-10-10 12:15:10,239] {processor.py:651} INFO - DAG(s) dict_keys(['example_time_delta_sensor_async']) retrieved from /home/airflow/.local/lib/python3.7/site-packages/airflow/example_dags/example_time_delta_sensor_async.py
[2023-10-10 12:15:10,294] {logging_mixin.py:115} INFO - [2023-10-10 12:15:10,294] {dag.py:2420} INFO - Sync 1 DAGs
[2023-10-10 12:15:10,322] {logging_mixin.py:115} INFO - [2023-10-10 12:15:10,322] {dag.py:2972} INFO - Setting next_dagrun for example_time_delta_sensor_async to None, run_after=None
[2023-10-10 12:15:10,335] {processor.py:161} INFO - Processing /home/airflow/.local/lib/python3.7/site-packages/airflow/example_dags/example_time_delta_sensor_async.py took 0.111 seconds
[2023-10-10 12:15:41,142] {processor.py:153} INFO - Started process (PID=1455) to work on /home/airflow/.local/lib/python3.7/site-packages/airflow/example_dags/example_time_delta_sensor_async.py
[2023-10-10 12:15:41,143] {processor.py:641} INFO - Processing file /home/airflow/.local/lib/python3.7/site-packages/airflow/example_dags/example_time_delta_sensor_async.py for tasks to queue
[2023-10-10 12:15:41,144] {logging_mixin.py:115} INFO - [2023-10-10 12:15:41,143] {dagbag.py:508} INFO - Filling up the DagBag from /home/airflow/.local/lib/python3.7/site-packages/airflow/example_dags/example_time_delta_sensor_async.py
[2023-10-10 12:15:41,151] {processor.py:651} INFO - DAG(s) dict_keys(['example_time_delta_sensor_async']) retrieved from /home/airflow/.local/lib/python3.7/site-packages/airflow/example_dags/example_time_delta_sensor_async.py
[2023-10-10 12:15:41,207] {logging_mixin.py:115} INFO - [2023-10-10 12:15:41,207] {dag.py:2420} INFO - Sync 1 DAGs
[2023-10-10 12:15:41,236] {logging_mixin.py:115} INFO - [2023-10-10 12:15:41,236] {dag.py:2972} INFO - Setting next_dagrun for example_time_delta_sensor_async to None, run_after=None
[2023-10-10 12:15:41,249] {processor.py:161} INFO - Processing /home/airflow/.local/lib/python3.7/site-packages/airflow/example_dags/example_time_delta_sensor_async.py took 0.112 seconds
[2023-10-10 12:16:11,863] {processor.py:153} INFO - Started process (PID=1517) to work on /home/airflow/.local/lib/python3.7/site-packages/airflow/example_dags/example_time_delta_sensor_async.py
[2023-10-10 12:16:11,864] {processor.py:641} INFO - Processing file /home/airflow/.local/lib/python3.7/site-packages/airflow/example_dags/example_time_delta_sensor_async.py for tasks to queue
[2023-10-10 12:16:11,864] {logging_mixin.py:115} INFO - [2023-10-10 12:16:11,864] {dagbag.py:508} INFO - Filling up the DagBag from /home/airflow/.local/lib/python3.7/site-packages/airflow/example_dags/example_time_delta_sensor_async.py
[2023-10-10 12:16:11,872] {processor.py:651} INFO - DAG(s) dict_keys(['example_time_delta_sensor_async']) retrieved from /home/airflow/.local/lib/python3.7/site-packages/airflow/example_dags/example_time_delta_sensor_async.py
[2023-10-10 12:16:11,932] {logging_mixin.py:115} INFO - [2023-10-10 12:16:11,932] {dag.py:2420} INFO - Sync 1 DAGs
[2023-10-10 12:16:11,962] {logging_mixin.py:115} INFO - [2023-10-10 12:16:11,961] {dag.py:2972} INFO - Setting next_dagrun for example_time_delta_sensor_async to None, run_after=None
[2023-10-10 12:16:11,975] {processor.py:161} INFO - Processing /home/airflow/.local/lib/python3.7/site-packages/airflow/example_dags/example_time_delta_sensor_async.py took 0.117 seconds
[2023-10-10 12:16:42,925] {processor.py:153} INFO - Started process (PID=1572) to work on /home/airflow/.local/lib/python3.7/site-packages/airflow/example_dags/example_time_delta_sensor_async.py
[2023-10-10 12:16:42,926] {processor.py:641} INFO - Processing file /home/airflow/.local/lib/python3.7/site-packages/airflow/example_dags/example_time_delta_sensor_async.py for tasks to queue
[2023-10-10 12:16:42,926] {logging_mixin.py:115} INFO - [2023-10-10 12:16:42,926] {dagbag.py:508} INFO - Filling up the DagBag from /home/airflow/.local/lib/python3.7/site-packages/airflow/example_dags/example_time_delta_sensor_async.py
[2023-10-10 12:16:42,934] {processor.py:651} INFO - DAG(s) dict_keys(['example_time_delta_sensor_async']) retrieved from /home/airflow/.local/lib/python3.7/site-packages/airflow/example_dags/example_time_delta_sensor_async.py
[2023-10-10 12:16:42,990] {logging_mixin.py:115} INFO - [2023-10-10 12:16:42,990] {dag.py:2420} INFO - Sync 1 DAGs
[2023-10-10 12:16:43,019] {logging_mixin.py:115} INFO - [2023-10-10 12:16:43,019] {dag.py:2972} INFO - Setting next_dagrun for example_time_delta_sensor_async to None, run_after=None
[2023-10-10 12:16:43,039] {processor.py:161} INFO - Processing /home/airflow/.local/lib/python3.7/site-packages/airflow/example_dags/example_time_delta_sensor_async.py took 0.118 seconds
[2023-10-10 12:17:13,858] {processor.py:153} INFO - Started process (PID=1634) to work on /home/airflow/.local/lib/python3.7/site-packages/airflow/example_dags/example_time_delta_sensor_async.py
[2023-10-10 12:17:13,859] {processor.py:641} INFO - Processing file /home/airflow/.local/lib/python3.7/site-packages/airflow/example_dags/example_time_delta_sensor_async.py for tasks to queue
[2023-10-10 12:17:13,859] {logging_mixin.py:115} INFO - [2023-10-10 12:17:13,859] {dagbag.py:508} INFO - Filling up the DagBag from /home/airflow/.local/lib/python3.7/site-packages/airflow/example_dags/example_time_delta_sensor_async.py
[2023-10-10 12:17:13,866] {processor.py:651} INFO - DAG(s) dict_keys(['example_time_delta_sensor_async']) retrieved from /home/airflow/.local/lib/python3.7/site-packages/airflow/example_dags/example_time_delta_sensor_async.py
[2023-10-10 12:17:13,937] {logging_mixin.py:115} INFO - [2023-10-10 12:17:13,936] {dag.py:2420} INFO - Sync 1 DAGs
[2023-10-10 12:17:13,982] {logging_mixin.py:115} INFO - [2023-10-10 12:17:13,982] {dag.py:2972} INFO - Setting next_dagrun for example_time_delta_sensor_async to None, run_after=None
[2023-10-10 12:17:14,011] {processor.py:161} INFO - Processing /home/airflow/.local/lib/python3.7/site-packages/airflow/example_dags/example_time_delta_sensor_async.py took 0.162 seconds
[2023-10-10 12:17:44,367] {processor.py:153} INFO - Started process (PID=1696) to work on /home/airflow/.local/lib/python3.7/site-packages/airflow/example_dags/example_time_delta_sensor_async.py
[2023-10-10 12:17:44,368] {processor.py:641} INFO - Processing file /home/airflow/.local/lib/python3.7/site-packages/airflow/example_dags/example_time_delta_sensor_async.py for tasks to queue
[2023-10-10 12:17:44,369] {logging_mixin.py:115} INFO - [2023-10-10 12:17:44,369] {dagbag.py:508} INFO - Filling up the DagBag from /home/airflow/.local/lib/python3.7/site-packages/airflow/example_dags/example_time_delta_sensor_async.py
[2023-10-10 12:17:44,381] {processor.py:651} INFO - DAG(s) dict_keys(['example_time_delta_sensor_async']) retrieved from /home/airflow/.local/lib/python3.7/site-packages/airflow/example_dags/example_time_delta_sensor_async.py
[2023-10-10 12:17:44,496] {logging_mixin.py:115} INFO - [2023-10-10 12:17:44,496] {dag.py:2420} INFO - Sync 1 DAGs
[2023-10-10 12:17:44,588] {logging_mixin.py:115} INFO - [2023-10-10 12:17:44,588] {dag.py:2972} INFO - Setting next_dagrun for example_time_delta_sensor_async to None, run_after=None
[2023-10-10 12:17:44,606] {processor.py:161} INFO - Processing /home/airflow/.local/lib/python3.7/site-packages/airflow/example_dags/example_time_delta_sensor_async.py took 0.243 seconds
[2023-10-10 12:18:15,528] {processor.py:153} INFO - Started process (PID=1749) to work on /home/airflow/.local/lib/python3.7/site-packages/airflow/example_dags/example_time_delta_sensor_async.py
[2023-10-10 12:18:15,528] {processor.py:641} INFO - Processing file /home/airflow/.local/lib/python3.7/site-packages/airflow/example_dags/example_time_delta_sensor_async.py for tasks to queue
[2023-10-10 12:18:15,529] {logging_mixin.py:115} INFO - [2023-10-10 12:18:15,529] {dagbag.py:508} INFO - Filling up the DagBag from /home/airflow/.local/lib/python3.7/site-packages/airflow/example_dags/example_time_delta_sensor_async.py
[2023-10-10 12:18:15,540] {processor.py:651} INFO - DAG(s) dict_keys(['example_time_delta_sensor_async']) retrieved from /home/airflow/.local/lib/python3.7/site-packages/airflow/example_dags/example_time_delta_sensor_async.py
[2023-10-10 12:18:15,598] {logging_mixin.py:115} INFO - [2023-10-10 12:18:15,598] {dag.py:2420} INFO - Sync 1 DAGs
[2023-10-10 12:18:15,626] {logging_mixin.py:115} INFO - [2023-10-10 12:18:15,626] {dag.py:2972} INFO - Setting next_dagrun for example_time_delta_sensor_async to None, run_after=None
[2023-10-10 12:18:15,638] {processor.py:161} INFO - Processing /home/airflow/.local/lib/python3.7/site-packages/airflow/example_dags/example_time_delta_sensor_async.py took 0.116 seconds
[2023-10-10 12:18:46,333] {processor.py:153} INFO - Started process (PID=1811) to work on /home/airflow/.local/lib/python3.7/site-packages/airflow/example_dags/example_time_delta_sensor_async.py
[2023-10-10 12:18:46,334] {processor.py:641} INFO - Processing file /home/airflow/.local/lib/python3.7/site-packages/airflow/example_dags/example_time_delta_sensor_async.py for tasks to queue
[2023-10-10 12:18:46,335] {logging_mixin.py:115} INFO - [2023-10-10 12:18:46,334] {dagbag.py:508} INFO - Filling up the DagBag from /home/airflow/.local/lib/python3.7/site-packages/airflow/example_dags/example_time_delta_sensor_async.py
[2023-10-10 12:18:46,342] {processor.py:651} INFO - DAG(s) dict_keys(['example_time_delta_sensor_async']) retrieved from /home/airflow/.local/lib/python3.7/site-packages/airflow/example_dags/example_time_delta_sensor_async.py
[2023-10-10 12:18:46,399] {logging_mixin.py:115} INFO - [2023-10-10 12:18:46,399] {dag.py:2420} INFO - Sync 1 DAGs
[2023-10-10 12:18:46,427] {logging_mixin.py:115} INFO - [2023-10-10 12:18:46,427] {dag.py:2972} INFO - Setting next_dagrun for example_time_delta_sensor_async to None, run_after=None
[2023-10-10 12:18:46,440] {processor.py:161} INFO - Processing /home/airflow/.local/lib/python3.7/site-packages/airflow/example_dags/example_time_delta_sensor_async.py took 0.113 seconds
[2023-10-10 12:19:16,976] {processor.py:153} INFO - Started process (PID=1863) to work on /home/airflow/.local/lib/python3.7/site-packages/airflow/example_dags/example_time_delta_sensor_async.py
[2023-10-10 12:19:16,977] {processor.py:641} INFO - Processing file /home/airflow/.local/lib/python3.7/site-packages/airflow/example_dags/example_time_delta_sensor_async.py for tasks to queue
[2023-10-10 12:19:16,978] {logging_mixin.py:115} INFO - [2023-10-10 12:19:16,978] {dagbag.py:508} INFO - Filling up the DagBag from /home/airflow/.local/lib/python3.7/site-packages/airflow/example_dags/example_time_delta_sensor_async.py
[2023-10-10 12:19:16,986] {processor.py:651} INFO - DAG(s) dict_keys(['example_time_delta_sensor_async']) retrieved from /home/airflow/.local/lib/python3.7/site-packages/airflow/example_dags/example_time_delta_sensor_async.py
[2023-10-10 12:19:17,045] {logging_mixin.py:115} INFO - [2023-10-10 12:19:17,045] {dag.py:2420} INFO - Sync 1 DAGs
[2023-10-10 12:19:17,077] {logging_mixin.py:115} INFO - [2023-10-10 12:19:17,077] {dag.py:2972} INFO - Setting next_dagrun for example_time_delta_sensor_async to None, run_after=None
[2023-10-10 12:19:17,091] {processor.py:161} INFO - Processing /home/airflow/.local/lib/python3.7/site-packages/airflow/example_dags/example_time_delta_sensor_async.py took 0.120 seconds
[2023-10-10 12:19:47,582] {processor.py:153} INFO - Started process (PID=1924) to work on /home/airflow/.local/lib/python3.7/site-packages/airflow/example_dags/example_time_delta_sensor_async.py
[2023-10-10 12:19:47,583] {processor.py:641} INFO - Processing file /home/airflow/.local/lib/python3.7/site-packages/airflow/example_dags/example_time_delta_sensor_async.py for tasks to queue
[2023-10-10 12:19:47,584] {logging_mixin.py:115} INFO - [2023-10-10 12:19:47,583] {dagbag.py:508} INFO - Filling up the DagBag from /home/airflow/.local/lib/python3.7/site-packages/airflow/example_dags/example_time_delta_sensor_async.py
[2023-10-10 12:19:47,591] {processor.py:651} INFO - DAG(s) dict_keys(['example_time_delta_sensor_async']) retrieved from /home/airflow/.local/lib/python3.7/site-packages/airflow/example_dags/example_time_delta_sensor_async.py
[2023-10-10 12:19:47,647] {logging_mixin.py:115} INFO - [2023-10-10 12:19:47,647] {dag.py:2420} INFO - Sync 1 DAGs
[2023-10-10 12:19:47,675] {logging_mixin.py:115} INFO - [2023-10-10 12:19:47,675] {dag.py:2972} INFO - Setting next_dagrun for example_time_delta_sensor_async to None, run_after=None
[2023-10-10 12:19:47,688] {processor.py:161} INFO - Processing /home/airflow/.local/lib/python3.7/site-packages/airflow/example_dags/example_time_delta_sensor_async.py took 0.112 seconds
[2023-10-10 12:20:18,201] {processor.py:153} INFO - Started process (PID=1985) to work on /home/airflow/.local/lib/python3.7/site-packages/airflow/example_dags/example_time_delta_sensor_async.py
[2023-10-10 12:20:18,202] {processor.py:641} INFO - Processing file /home/airflow/.local/lib/python3.7/site-packages/airflow/example_dags/example_time_delta_sensor_async.py for tasks to queue
[2023-10-10 12:20:18,202] {logging_mixin.py:115} INFO - [2023-10-10 12:20:18,202] {dagbag.py:508} INFO - Filling up the DagBag from /home/airflow/.local/lib/python3.7/site-packages/airflow/example_dags/example_time_delta_sensor_async.py
[2023-10-10 12:20:18,210] {processor.py:651} INFO - DAG(s) dict_keys(['example_time_delta_sensor_async']) retrieved from /home/airflow/.local/lib/python3.7/site-packages/airflow/example_dags/example_time_delta_sensor_async.py
[2023-10-10 12:20:18,285] {logging_mixin.py:115} INFO - [2023-10-10 12:20:18,284] {dag.py:2420} INFO - Sync 1 DAGs
[2023-10-10 12:20:18,313] {logging_mixin.py:115} INFO - [2023-10-10 12:20:18,312] {dag.py:2972} INFO - Setting next_dagrun for example_time_delta_sensor_async to None, run_after=None
[2023-10-10 12:20:18,324] {processor.py:161} INFO - Processing /home/airflow/.local/lib/python3.7/site-packages/airflow/example_dags/example_time_delta_sensor_async.py took 0.129 seconds
[2023-10-10 12:20:48,642] {processor.py:153} INFO - Started process (PID=2038) to work on /home/airflow/.local/lib/python3.7/site-packages/airflow/example_dags/example_time_delta_sensor_async.py
[2023-10-10 12:20:48,643] {processor.py:641} INFO - Processing file /home/airflow/.local/lib/python3.7/site-packages/airflow/example_dags/example_time_delta_sensor_async.py for tasks to queue
[2023-10-10 12:20:48,644] {logging_mixin.py:115} INFO - [2023-10-10 12:20:48,643] {dagbag.py:508} INFO - Filling up the DagBag from /home/airflow/.local/lib/python3.7/site-packages/airflow/example_dags/example_time_delta_sensor_async.py
[2023-10-10 12:20:48,651] {processor.py:651} INFO - DAG(s) dict_keys(['example_time_delta_sensor_async']) retrieved from /home/airflow/.local/lib/python3.7/site-packages/airflow/example_dags/example_time_delta_sensor_async.py
[2023-10-10 12:20:48,709] {logging_mixin.py:115} INFO - [2023-10-10 12:20:48,709] {dag.py:2420} INFO - Sync 1 DAGs
[2023-10-10 12:20:48,739] {logging_mixin.py:115} INFO - [2023-10-10 12:20:48,739] {dag.py:2972} INFO - Setting next_dagrun for example_time_delta_sensor_async to None, run_after=None
[2023-10-10 12:20:48,752] {processor.py:161} INFO - Processing /home/airflow/.local/lib/python3.7/site-packages/airflow/example_dags/example_time_delta_sensor_async.py took 0.116 seconds
[2023-10-10 12:21:19,055] {processor.py:153} INFO - Started process (PID=2101) to work on /home/airflow/.local/lib/python3.7/site-packages/airflow/example_dags/example_time_delta_sensor_async.py
[2023-10-10 12:21:19,056] {processor.py:641} INFO - Processing file /home/airflow/.local/lib/python3.7/site-packages/airflow/example_dags/example_time_delta_sensor_async.py for tasks to queue
[2023-10-10 12:21:19,057] {logging_mixin.py:115} INFO - [2023-10-10 12:21:19,057] {dagbag.py:508} INFO - Filling up the DagBag from /home/airflow/.local/lib/python3.7/site-packages/airflow/example_dags/example_time_delta_sensor_async.py
[2023-10-10 12:21:19,064] {processor.py:651} INFO - DAG(s) dict_keys(['example_time_delta_sensor_async']) retrieved from /home/airflow/.local/lib/python3.7/site-packages/airflow/example_dags/example_time_delta_sensor_async.py
[2023-10-10 12:21:19,176] {logging_mixin.py:115} INFO - [2023-10-10 12:21:19,175] {dag.py:2420} INFO - Sync 1 DAGs
[2023-10-10 12:21:19,239] {logging_mixin.py:115} INFO - [2023-10-10 12:21:19,239] {dag.py:2972} INFO - Setting next_dagrun for example_time_delta_sensor_async to None, run_after=None
[2023-10-10 12:21:19,260] {processor.py:161} INFO - Processing /home/airflow/.local/lib/python3.7/site-packages/airflow/example_dags/example_time_delta_sensor_async.py took 0.210 seconds
[2023-10-10 12:21:50,036] {processor.py:153} INFO - Started process (PID=2161) to work on /home/airflow/.local/lib/python3.7/site-packages/airflow/example_dags/example_time_delta_sensor_async.py
[2023-10-10 12:21:50,037] {processor.py:641} INFO - Processing file /home/airflow/.local/lib/python3.7/site-packages/airflow/example_dags/example_time_delta_sensor_async.py for tasks to queue
[2023-10-10 12:21:50,038] {logging_mixin.py:115} INFO - [2023-10-10 12:21:50,038] {dagbag.py:508} INFO - Filling up the DagBag from /home/airflow/.local/lib/python3.7/site-packages/airflow/example_dags/example_time_delta_sensor_async.py
[2023-10-10 12:21:50,045] {processor.py:651} INFO - DAG(s) dict_keys(['example_time_delta_sensor_async']) retrieved from /home/airflow/.local/lib/python3.7/site-packages/airflow/example_dags/example_time_delta_sensor_async.py
[2023-10-10 12:21:50,163] {logging_mixin.py:115} INFO - [2023-10-10 12:21:50,162] {dag.py:2420} INFO - Sync 1 DAGs
[2023-10-10 12:21:50,200] {logging_mixin.py:115} INFO - [2023-10-10 12:21:50,199] {dag.py:2972} INFO - Setting next_dagrun for example_time_delta_sensor_async to None, run_after=None
[2023-10-10 12:21:50,212] {processor.py:161} INFO - Processing /home/airflow/.local/lib/python3.7/site-packages/airflow/example_dags/example_time_delta_sensor_async.py took 0.193 seconds
[2023-10-10 12:22:20,520] {processor.py:153} INFO - Started process (PID=2216) to work on /home/airflow/.local/lib/python3.7/site-packages/airflow/example_dags/example_time_delta_sensor_async.py
[2023-10-10 12:22:20,520] {processor.py:641} INFO - Processing file /home/airflow/.local/lib/python3.7/site-packages/airflow/example_dags/example_time_delta_sensor_async.py for tasks to queue
[2023-10-10 12:22:20,521] {logging_mixin.py:115} INFO - [2023-10-10 12:22:20,521] {dagbag.py:508} INFO - Filling up the DagBag from /home/airflow/.local/lib/python3.7/site-packages/airflow/example_dags/example_time_delta_sensor_async.py
[2023-10-10 12:22:20,528] {processor.py:651} INFO - DAG(s) dict_keys(['example_time_delta_sensor_async']) retrieved from /home/airflow/.local/lib/python3.7/site-packages/airflow/example_dags/example_time_delta_sensor_async.py
[2023-10-10 12:22:20,585] {logging_mixin.py:115} INFO - [2023-10-10 12:22:20,585] {dag.py:2420} INFO - Sync 1 DAGs
[2023-10-10 12:22:20,614] {logging_mixin.py:115} INFO - [2023-10-10 12:22:20,614] {dag.py:2972} INFO - Setting next_dagrun for example_time_delta_sensor_async to None, run_after=None
[2023-10-10 12:22:20,627] {processor.py:161} INFO - Processing /home/airflow/.local/lib/python3.7/site-packages/airflow/example_dags/example_time_delta_sensor_async.py took 0.112 seconds
[2023-10-10 12:22:51,527] {processor.py:153} INFO - Started process (PID=2278) to work on /home/airflow/.local/lib/python3.7/site-packages/airflow/example_dags/example_time_delta_sensor_async.py
[2023-10-10 12:22:51,528] {processor.py:641} INFO - Processing file /home/airflow/.local/lib/python3.7/site-packages/airflow/example_dags/example_time_delta_sensor_async.py for tasks to queue
[2023-10-10 12:22:51,528] {logging_mixin.py:115} INFO - [2023-10-10 12:22:51,528] {dagbag.py:508} INFO - Filling up the DagBag from /home/airflow/.local/lib/python3.7/site-packages/airflow/example_dags/example_time_delta_sensor_async.py
[2023-10-10 12:22:51,536] {processor.py:651} INFO - DAG(s) dict_keys(['example_time_delta_sensor_async']) retrieved from /home/airflow/.local/lib/python3.7/site-packages/airflow/example_dags/example_time_delta_sensor_async.py
[2023-10-10 12:22:51,596] {logging_mixin.py:115} INFO - [2023-10-10 12:22:51,596] {dag.py:2420} INFO - Sync 1 DAGs
[2023-10-10 12:22:51,624] {logging_mixin.py:115} INFO - [2023-10-10 12:22:51,624] {dag.py:2972} INFO - Setting next_dagrun for example_time_delta_sensor_async to None, run_after=None
[2023-10-10 12:22:51,638] {processor.py:161} INFO - Processing /home/airflow/.local/lib/python3.7/site-packages/airflow/example_dags/example_time_delta_sensor_async.py took 0.117 seconds
[2023-10-10 12:23:21,706] {processor.py:153} INFO - Started process (PID=2331) to work on /home/airflow/.local/lib/python3.7/site-packages/airflow/example_dags/example_time_delta_sensor_async.py
[2023-10-10 12:23:21,707] {processor.py:641} INFO - Processing file /home/airflow/.local/lib/python3.7/site-packages/airflow/example_dags/example_time_delta_sensor_async.py for tasks to queue
[2023-10-10 12:23:21,708] {logging_mixin.py:115} INFO - [2023-10-10 12:23:21,708] {dagbag.py:508} INFO - Filling up the DagBag from /home/airflow/.local/lib/python3.7/site-packages/airflow/example_dags/example_time_delta_sensor_async.py
[2023-10-10 12:23:21,715] {processor.py:651} INFO - DAG(s) dict_keys(['example_time_delta_sensor_async']) retrieved from /home/airflow/.local/lib/python3.7/site-packages/airflow/example_dags/example_time_delta_sensor_async.py
[2023-10-10 12:23:21,778] {logging_mixin.py:115} INFO - [2023-10-10 12:23:21,778] {dag.py:2420} INFO - Sync 1 DAGs
[2023-10-10 12:23:21,807] {logging_mixin.py:115} INFO - [2023-10-10 12:23:21,807] {dag.py:2972} INFO - Setting next_dagrun for example_time_delta_sensor_async to None, run_after=None
[2023-10-10 12:23:21,819] {processor.py:161} INFO - Processing /home/airflow/.local/lib/python3.7/site-packages/airflow/example_dags/example_time_delta_sensor_async.py took 0.118 seconds
[2023-10-10 12:23:52,319] {processor.py:153} INFO - Started process (PID=2393) to work on /home/airflow/.local/lib/python3.7/site-packages/airflow/example_dags/example_time_delta_sensor_async.py
[2023-10-10 12:23:52,320] {processor.py:641} INFO - Processing file /home/airflow/.local/lib/python3.7/site-packages/airflow/example_dags/example_time_delta_sensor_async.py for tasks to queue
[2023-10-10 12:23:52,321] {logging_mixin.py:115} INFO - [2023-10-10 12:23:52,321] {dagbag.py:508} INFO - Filling up the DagBag from /home/airflow/.local/lib/python3.7/site-packages/airflow/example_dags/example_time_delta_sensor_async.py
[2023-10-10 12:23:52,330] {processor.py:651} INFO - DAG(s) dict_keys(['example_time_delta_sensor_async']) retrieved from /home/airflow/.local/lib/python3.7/site-packages/airflow/example_dags/example_time_delta_sensor_async.py
[2023-10-10 12:23:52,390] {logging_mixin.py:115} INFO - [2023-10-10 12:23:52,390] {dag.py:2420} INFO - Sync 1 DAGs
[2023-10-10 12:23:52,444] {logging_mixin.py:115} INFO - [2023-10-10 12:23:52,444] {dag.py:2972} INFO - Setting next_dagrun for example_time_delta_sensor_async to None, run_after=None
[2023-10-10 12:23:52,462] {processor.py:161} INFO - Processing /home/airflow/.local/lib/python3.7/site-packages/airflow/example_dags/example_time_delta_sensor_async.py took 0.148 seconds
[2023-10-10 12:24:23,190] {processor.py:153} INFO - Started process (PID=2456) to work on /home/airflow/.local/lib/python3.7/site-packages/airflow/example_dags/example_time_delta_sensor_async.py
[2023-10-10 12:24:23,191] {processor.py:641} INFO - Processing file /home/airflow/.local/lib/python3.7/site-packages/airflow/example_dags/example_time_delta_sensor_async.py for tasks to queue
[2023-10-10 12:24:23,192] {logging_mixin.py:115} INFO - [2023-10-10 12:24:23,192] {dagbag.py:508} INFO - Filling up the DagBag from /home/airflow/.local/lib/python3.7/site-packages/airflow/example_dags/example_time_delta_sensor_async.py
[2023-10-10 12:24:23,201] {processor.py:651} INFO - DAG(s) dict_keys(['example_time_delta_sensor_async']) retrieved from /home/airflow/.local/lib/python3.7/site-packages/airflow/example_dags/example_time_delta_sensor_async.py
[2023-10-10 12:24:23,264] {logging_mixin.py:115} INFO - [2023-10-10 12:24:23,264] {dag.py:2420} INFO - Sync 1 DAGs
[2023-10-10 12:24:23,293] {logging_mixin.py:115} INFO - [2023-10-10 12:24:23,293] {dag.py:2972} INFO - Setting next_dagrun for example_time_delta_sensor_async to None, run_after=None
[2023-10-10 12:24:23,306] {processor.py:161} INFO - Processing /home/airflow/.local/lib/python3.7/site-packages/airflow/example_dags/example_time_delta_sensor_async.py took 0.121 seconds
[2023-10-10 12:24:53,819] {processor.py:153} INFO - Started process (PID=2509) to work on /home/airflow/.local/lib/python3.7/site-packages/airflow/example_dags/example_time_delta_sensor_async.py
[2023-10-10 12:24:53,821] {processor.py:641} INFO - Processing file /home/airflow/.local/lib/python3.7/site-packages/airflow/example_dags/example_time_delta_sensor_async.py for tasks to queue
[2023-10-10 12:24:53,822] {logging_mixin.py:115} INFO - [2023-10-10 12:24:53,821] {dagbag.py:508} INFO - Filling up the DagBag from /home/airflow/.local/lib/python3.7/site-packages/airflow/example_dags/example_time_delta_sensor_async.py
[2023-10-10 12:24:53,841] {processor.py:651} INFO - DAG(s) dict_keys(['example_time_delta_sensor_async']) retrieved from /home/airflow/.local/lib/python3.7/site-packages/airflow/example_dags/example_time_delta_sensor_async.py
[2023-10-10 12:24:53,945] {logging_mixin.py:115} INFO - [2023-10-10 12:24:53,945] {dag.py:2420} INFO - Sync 1 DAGs
[2023-10-10 12:24:53,998] {logging_mixin.py:115} INFO - [2023-10-10 12:24:53,998] {dag.py:2972} INFO - Setting next_dagrun for example_time_delta_sensor_async to None, run_after=None
[2023-10-10 12:24:54,020] {processor.py:161} INFO - Processing /home/airflow/.local/lib/python3.7/site-packages/airflow/example_dags/example_time_delta_sensor_async.py took 0.220 seconds
[2023-10-10 12:25:24,457] {processor.py:153} INFO - Started process (PID=2571) to work on /home/airflow/.local/lib/python3.7/site-packages/airflow/example_dags/example_time_delta_sensor_async.py
[2023-10-10 12:25:24,458] {processor.py:641} INFO - Processing file /home/airflow/.local/lib/python3.7/site-packages/airflow/example_dags/example_time_delta_sensor_async.py for tasks to queue
[2023-10-10 12:25:24,458] {logging_mixin.py:115} INFO - [2023-10-10 12:25:24,458] {dagbag.py:508} INFO - Filling up the DagBag from /home/airflow/.local/lib/python3.7/site-packages/airflow/example_dags/example_time_delta_sensor_async.py
[2023-10-10 12:25:24,467] {processor.py:651} INFO - DAG(s) dict_keys(['example_time_delta_sensor_async']) retrieved from /home/airflow/.local/lib/python3.7/site-packages/airflow/example_dags/example_time_delta_sensor_async.py
[2023-10-10 12:25:24,543] {logging_mixin.py:115} INFO - [2023-10-10 12:25:24,543] {dag.py:2420} INFO - Sync 1 DAGs
[2023-10-10 12:25:24,595] {logging_mixin.py:115} INFO - [2023-10-10 12:25:24,595] {dag.py:2972} INFO - Setting next_dagrun for example_time_delta_sensor_async to None, run_after=None
[2023-10-10 12:25:24,608] {processor.py:161} INFO - Processing /home/airflow/.local/lib/python3.7/site-packages/airflow/example_dags/example_time_delta_sensor_async.py took 0.165 seconds
[2023-10-10 12:25:55,222] {processor.py:153} INFO - Started process (PID=2633) to work on /home/airflow/.local/lib/python3.7/site-packages/airflow/example_dags/example_time_delta_sensor_async.py
[2023-10-10 12:25:55,224] {processor.py:641} INFO - Processing file /home/airflow/.local/lib/python3.7/site-packages/airflow/example_dags/example_time_delta_sensor_async.py for tasks to queue
[2023-10-10 12:25:55,224] {logging_mixin.py:115} INFO - [2023-10-10 12:25:55,224] {dagbag.py:508} INFO - Filling up the DagBag from /home/airflow/.local/lib/python3.7/site-packages/airflow/example_dags/example_time_delta_sensor_async.py
[2023-10-10 12:25:55,242] {processor.py:651} INFO - DAG(s) dict_keys(['example_time_delta_sensor_async']) retrieved from /home/airflow/.local/lib/python3.7/site-packages/airflow/example_dags/example_time_delta_sensor_async.py
[2023-10-10 12:25:55,341] {logging_mixin.py:115} INFO - [2023-10-10 12:25:55,341] {dag.py:2420} INFO - Sync 1 DAGs
[2023-10-10 12:25:55,407] {logging_mixin.py:115} INFO - [2023-10-10 12:25:55,406] {dag.py:2972} INFO - Setting next_dagrun for example_time_delta_sensor_async to None, run_after=None
[2023-10-10 12:25:55,427] {processor.py:161} INFO - Processing /home/airflow/.local/lib/python3.7/site-packages/airflow/example_dags/example_time_delta_sensor_async.py took 0.210 seconds
[2023-10-10 12:26:25,720] {processor.py:153} INFO - Started process (PID=2686) to work on /home/airflow/.local/lib/python3.7/site-packages/airflow/example_dags/example_time_delta_sensor_async.py
[2023-10-10 12:26:25,721] {processor.py:641} INFO - Processing file /home/airflow/.local/lib/python3.7/site-packages/airflow/example_dags/example_time_delta_sensor_async.py for tasks to queue
[2023-10-10 12:26:25,722] {logging_mixin.py:115} INFO - [2023-10-10 12:26:25,722] {dagbag.py:508} INFO - Filling up the DagBag from /home/airflow/.local/lib/python3.7/site-packages/airflow/example_dags/example_time_delta_sensor_async.py
[2023-10-10 12:26:25,730] {processor.py:651} INFO - DAG(s) dict_keys(['example_time_delta_sensor_async']) retrieved from /home/airflow/.local/lib/python3.7/site-packages/airflow/example_dags/example_time_delta_sensor_async.py
[2023-10-10 12:26:25,789] {logging_mixin.py:115} INFO - [2023-10-10 12:26:25,789] {dag.py:2420} INFO - Sync 1 DAGs
[2023-10-10 12:26:25,818] {logging_mixin.py:115} INFO - [2023-10-10 12:26:25,818] {dag.py:2972} INFO - Setting next_dagrun for example_time_delta_sensor_async to None, run_after=None
[2023-10-10 12:26:25,831] {processor.py:161} INFO - Processing /home/airflow/.local/lib/python3.7/site-packages/airflow/example_dags/example_time_delta_sensor_async.py took 0.116 seconds
