[2023-10-10 12:03:33,077] {processor.py:153} INFO - Started process (PID=85) to work on /home/airflow/.local/lib/python3.7/site-packages/airflow/example_dags/example_trigger_target_dag.py
[2023-10-10 12:03:33,078] {processor.py:641} INFO - Processing file /home/airflow/.local/lib/python3.7/site-packages/airflow/example_dags/example_trigger_target_dag.py for tasks to queue
[2023-10-10 12:03:33,096] {logging_mixin.py:115} INFO - [2023-10-10 12:03:33,095] {dagbag.py:508} INFO - Filling up the DagBag from /home/airflow/.local/lib/python3.7/site-packages/airflow/example_dags/example_trigger_target_dag.py
[2023-10-10 12:03:33,239] {processor.py:651} INFO - DAG(s) dict_keys(['example_trigger_target_dag']) retrieved from /home/airflow/.local/lib/python3.7/site-packages/airflow/example_dags/example_trigger_target_dag.py
[2023-10-10 12:03:34,017] {logging_mixin.py:115} INFO - [2023-10-10 12:03:34,017] {manager.py:508} INFO - Created Permission View: can read on DAG:example_trigger_target_dag
[2023-10-10 12:03:34,139] {logging_mixin.py:115} INFO - [2023-10-10 12:03:34,138] {manager.py:508} INFO - Created Permission View: can edit on DAG:example_trigger_target_dag
[2023-10-10 12:03:34,218] {logging_mixin.py:115} INFO - [2023-10-10 12:03:34,217] {manager.py:508} INFO - Created Permission View: can delete on DAG:example_trigger_target_dag
[2023-10-10 12:03:34,218] {logging_mixin.py:115} INFO - [2023-10-10 12:03:34,218] {dag.py:2420} INFO - Sync 1 DAGs
[2023-10-10 12:03:34,276] {logging_mixin.py:115} INFO - [2023-10-10 12:03:34,276] {dag.py:2439} INFO - Creating ORM DAG for example_trigger_target_dag
[2023-10-10 12:03:34,357] {logging_mixin.py:115} INFO - [2023-10-10 12:03:34,357] {dag.py:2972} INFO - Setting next_dagrun for example_trigger_target_dag to None, run_after=None
[2023-10-10 12:03:34,498] {processor.py:161} INFO - Processing /home/airflow/.local/lib/python3.7/site-packages/airflow/example_dags/example_trigger_target_dag.py took 1.459 seconds
[2023-10-10 12:04:04,623] {processor.py:153} INFO - Started process (PID=128) to work on /home/airflow/.local/lib/python3.7/site-packages/airflow/example_dags/example_trigger_target_dag.py
[2023-10-10 12:04:04,624] {processor.py:641} INFO - Processing file /home/airflow/.local/lib/python3.7/site-packages/airflow/example_dags/example_trigger_target_dag.py for tasks to queue
[2023-10-10 12:04:04,625] {logging_mixin.py:115} INFO - [2023-10-10 12:04:04,625] {dagbag.py:508} INFO - Filling up the DagBag from /home/airflow/.local/lib/python3.7/site-packages/airflow/example_dags/example_trigger_target_dag.py
[2023-10-10 12:04:04,657] {processor.py:651} INFO - DAG(s) dict_keys(['example_trigger_target_dag']) retrieved from /home/airflow/.local/lib/python3.7/site-packages/airflow/example_dags/example_trigger_target_dag.py
[2023-10-10 12:04:04,706] {logging_mixin.py:115} INFO - [2023-10-10 12:04:04,706] {dag.py:2420} INFO - Sync 1 DAGs
[2023-10-10 12:04:04,740] {logging_mixin.py:115} INFO - [2023-10-10 12:04:04,740] {dag.py:2972} INFO - Setting next_dagrun for example_trigger_target_dag to None, run_after=None
[2023-10-10 12:04:04,752] {processor.py:161} INFO - Processing /home/airflow/.local/lib/python3.7/site-packages/airflow/example_dags/example_trigger_target_dag.py took 0.134 seconds
[2023-10-10 12:04:35,164] {processor.py:153} INFO - Started process (PID=189) to work on /home/airflow/.local/lib/python3.7/site-packages/airflow/example_dags/example_trigger_target_dag.py
[2023-10-10 12:04:35,165] {processor.py:641} INFO - Processing file /home/airflow/.local/lib/python3.7/site-packages/airflow/example_dags/example_trigger_target_dag.py for tasks to queue
[2023-10-10 12:04:35,165] {logging_mixin.py:115} INFO - [2023-10-10 12:04:35,165] {dagbag.py:508} INFO - Filling up the DagBag from /home/airflow/.local/lib/python3.7/site-packages/airflow/example_dags/example_trigger_target_dag.py
[2023-10-10 12:04:35,202] {processor.py:651} INFO - DAG(s) dict_keys(['example_trigger_target_dag']) retrieved from /home/airflow/.local/lib/python3.7/site-packages/airflow/example_dags/example_trigger_target_dag.py
[2023-10-10 12:04:35,242] {logging_mixin.py:115} INFO - [2023-10-10 12:04:35,242] {dag.py:2420} INFO - Sync 1 DAGs
[2023-10-10 12:04:35,270] {logging_mixin.py:115} INFO - [2023-10-10 12:04:35,270] {dag.py:2972} INFO - Setting next_dagrun for example_trigger_target_dag to None, run_after=None
[2023-10-10 12:04:35,287] {processor.py:161} INFO - Processing /home/airflow/.local/lib/python3.7/site-packages/airflow/example_dags/example_trigger_target_dag.py took 0.128 seconds
[2023-10-10 12:05:05,766] {processor.py:153} INFO - Started process (PID=248) to work on /home/airflow/.local/lib/python3.7/site-packages/airflow/example_dags/example_trigger_target_dag.py
[2023-10-10 12:05:05,766] {processor.py:641} INFO - Processing file /home/airflow/.local/lib/python3.7/site-packages/airflow/example_dags/example_trigger_target_dag.py for tasks to queue
[2023-10-10 12:05:05,775] {logging_mixin.py:115} INFO - [2023-10-10 12:05:05,775] {dagbag.py:508} INFO - Filling up the DagBag from /home/airflow/.local/lib/python3.7/site-packages/airflow/example_dags/example_trigger_target_dag.py
[2023-10-10 12:05:05,803] {processor.py:651} INFO - DAG(s) dict_keys(['example_trigger_target_dag']) retrieved from /home/airflow/.local/lib/python3.7/site-packages/airflow/example_dags/example_trigger_target_dag.py
[2023-10-10 12:05:05,879] {logging_mixin.py:115} INFO - [2023-10-10 12:05:05,879] {dag.py:2420} INFO - Sync 1 DAGs
[2023-10-10 12:05:05,920] {logging_mixin.py:115} INFO - [2023-10-10 12:05:05,920] {dag.py:2972} INFO - Setting next_dagrun for example_trigger_target_dag to None, run_after=None
[2023-10-10 12:05:05,942] {processor.py:161} INFO - Processing /home/airflow/.local/lib/python3.7/site-packages/airflow/example_dags/example_trigger_target_dag.py took 0.181 seconds
[2023-10-10 12:05:36,525] {processor.py:153} INFO - Started process (PID=302) to work on /home/airflow/.local/lib/python3.7/site-packages/airflow/example_dags/example_trigger_target_dag.py
[2023-10-10 12:05:36,526] {processor.py:641} INFO - Processing file /home/airflow/.local/lib/python3.7/site-packages/airflow/example_dags/example_trigger_target_dag.py for tasks to queue
[2023-10-10 12:05:36,526] {logging_mixin.py:115} INFO - [2023-10-10 12:05:36,526] {dagbag.py:508} INFO - Filling up the DagBag from /home/airflow/.local/lib/python3.7/site-packages/airflow/example_dags/example_trigger_target_dag.py
[2023-10-10 12:05:36,546] {processor.py:651} INFO - DAG(s) dict_keys(['example_trigger_target_dag']) retrieved from /home/airflow/.local/lib/python3.7/site-packages/airflow/example_dags/example_trigger_target_dag.py
[2023-10-10 12:05:36,585] {logging_mixin.py:115} INFO - [2023-10-10 12:05:36,585] {dag.py:2420} INFO - Sync 1 DAGs
[2023-10-10 12:05:36,614] {logging_mixin.py:115} INFO - [2023-10-10 12:05:36,614] {dag.py:2972} INFO - Setting next_dagrun for example_trigger_target_dag to None, run_after=None
[2023-10-10 12:05:36,629] {processor.py:161} INFO - Processing /home/airflow/.local/lib/python3.7/site-packages/airflow/example_dags/example_trigger_target_dag.py took 0.110 seconds
[2023-10-10 12:06:07,158] {processor.py:153} INFO - Started process (PID=364) to work on /home/airflow/.local/lib/python3.7/site-packages/airflow/example_dags/example_trigger_target_dag.py
[2023-10-10 12:06:07,159] {processor.py:641} INFO - Processing file /home/airflow/.local/lib/python3.7/site-packages/airflow/example_dags/example_trigger_target_dag.py for tasks to queue
[2023-10-10 12:06:07,160] {logging_mixin.py:115} INFO - [2023-10-10 12:06:07,160] {dagbag.py:508} INFO - Filling up the DagBag from /home/airflow/.local/lib/python3.7/site-packages/airflow/example_dags/example_trigger_target_dag.py
[2023-10-10 12:06:07,179] {processor.py:651} INFO - DAG(s) dict_keys(['example_trigger_target_dag']) retrieved from /home/airflow/.local/lib/python3.7/site-packages/airflow/example_dags/example_trigger_target_dag.py
[2023-10-10 12:06:07,218] {logging_mixin.py:115} INFO - [2023-10-10 12:06:07,218] {dag.py:2420} INFO - Sync 1 DAGs
[2023-10-10 12:06:07,246] {logging_mixin.py:115} INFO - [2023-10-10 12:06:07,246] {dag.py:2972} INFO - Setting next_dagrun for example_trigger_target_dag to None, run_after=None
[2023-10-10 12:06:07,259] {processor.py:161} INFO - Processing /home/airflow/.local/lib/python3.7/site-packages/airflow/example_dags/example_trigger_target_dag.py took 0.106 seconds
[2023-10-10 12:06:37,986] {processor.py:153} INFO - Started process (PID=416) to work on /home/airflow/.local/lib/python3.7/site-packages/airflow/example_dags/example_trigger_target_dag.py
[2023-10-10 12:06:37,987] {processor.py:641} INFO - Processing file /home/airflow/.local/lib/python3.7/site-packages/airflow/example_dags/example_trigger_target_dag.py for tasks to queue
[2023-10-10 12:06:37,988] {logging_mixin.py:115} INFO - [2023-10-10 12:06:37,988] {dagbag.py:508} INFO - Filling up the DagBag from /home/airflow/.local/lib/python3.7/site-packages/airflow/example_dags/example_trigger_target_dag.py
[2023-10-10 12:06:38,009] {processor.py:651} INFO - DAG(s) dict_keys(['example_trigger_target_dag']) retrieved from /home/airflow/.local/lib/python3.7/site-packages/airflow/example_dags/example_trigger_target_dag.py
[2023-10-10 12:06:38,070] {logging_mixin.py:115} INFO - [2023-10-10 12:06:38,070] {dag.py:2420} INFO - Sync 1 DAGs
[2023-10-10 12:06:38,102] {logging_mixin.py:115} INFO - [2023-10-10 12:06:38,102] {dag.py:2972} INFO - Setting next_dagrun for example_trigger_target_dag to None, run_after=None
[2023-10-10 12:06:38,123] {processor.py:161} INFO - Processing /home/airflow/.local/lib/python3.7/site-packages/airflow/example_dags/example_trigger_target_dag.py took 0.143 seconds
[2023-10-10 12:07:08,257] {processor.py:153} INFO - Started process (PID=478) to work on /home/airflow/.local/lib/python3.7/site-packages/airflow/example_dags/example_trigger_target_dag.py
[2023-10-10 12:07:08,258] {processor.py:641} INFO - Processing file /home/airflow/.local/lib/python3.7/site-packages/airflow/example_dags/example_trigger_target_dag.py for tasks to queue
[2023-10-10 12:07:08,259] {logging_mixin.py:115} INFO - [2023-10-10 12:07:08,258] {dagbag.py:508} INFO - Filling up the DagBag from /home/airflow/.local/lib/python3.7/site-packages/airflow/example_dags/example_trigger_target_dag.py
[2023-10-10 12:07:08,295] {processor.py:651} INFO - DAG(s) dict_keys(['example_trigger_target_dag']) retrieved from /home/airflow/.local/lib/python3.7/site-packages/airflow/example_dags/example_trigger_target_dag.py
[2023-10-10 12:07:08,356] {logging_mixin.py:115} INFO - [2023-10-10 12:07:08,355] {dag.py:2420} INFO - Sync 1 DAGs
[2023-10-10 12:07:08,387] {logging_mixin.py:115} INFO - [2023-10-10 12:07:08,387] {dag.py:2972} INFO - Setting next_dagrun for example_trigger_target_dag to None, run_after=None
[2023-10-10 12:07:08,405] {processor.py:161} INFO - Processing /home/airflow/.local/lib/python3.7/site-packages/airflow/example_dags/example_trigger_target_dag.py took 0.162 seconds
[2023-10-10 12:07:38,764] {processor.py:153} INFO - Started process (PID=539) to work on /home/airflow/.local/lib/python3.7/site-packages/airflow/example_dags/example_trigger_target_dag.py
[2023-10-10 12:07:38,765] {processor.py:641} INFO - Processing file /home/airflow/.local/lib/python3.7/site-packages/airflow/example_dags/example_trigger_target_dag.py for tasks to queue
[2023-10-10 12:07:38,766] {logging_mixin.py:115} INFO - [2023-10-10 12:07:38,766] {dagbag.py:508} INFO - Filling up the DagBag from /home/airflow/.local/lib/python3.7/site-packages/airflow/example_dags/example_trigger_target_dag.py
[2023-10-10 12:07:38,798] {processor.py:651} INFO - DAG(s) dict_keys(['example_trigger_target_dag']) retrieved from /home/airflow/.local/lib/python3.7/site-packages/airflow/example_dags/example_trigger_target_dag.py
[2023-10-10 12:07:38,857] {logging_mixin.py:115} INFO - [2023-10-10 12:07:38,857] {dag.py:2420} INFO - Sync 1 DAGs
[2023-10-10 12:07:38,898] {logging_mixin.py:115} INFO - [2023-10-10 12:07:38,898] {dag.py:2972} INFO - Setting next_dagrun for example_trigger_target_dag to None, run_after=None
[2023-10-10 12:07:38,918] {processor.py:161} INFO - Processing /home/airflow/.local/lib/python3.7/site-packages/airflow/example_dags/example_trigger_target_dag.py took 0.159 seconds
[2023-10-10 12:08:09,570] {processor.py:153} INFO - Started process (PID=591) to work on /home/airflow/.local/lib/python3.7/site-packages/airflow/example_dags/example_trigger_target_dag.py
[2023-10-10 12:08:09,571] {processor.py:641} INFO - Processing file /home/airflow/.local/lib/python3.7/site-packages/airflow/example_dags/example_trigger_target_dag.py for tasks to queue
[2023-10-10 12:08:09,571] {logging_mixin.py:115} INFO - [2023-10-10 12:08:09,571] {dagbag.py:508} INFO - Filling up the DagBag from /home/airflow/.local/lib/python3.7/site-packages/airflow/example_dags/example_trigger_target_dag.py
[2023-10-10 12:08:09,591] {processor.py:651} INFO - DAG(s) dict_keys(['example_trigger_target_dag']) retrieved from /home/airflow/.local/lib/python3.7/site-packages/airflow/example_dags/example_trigger_target_dag.py
[2023-10-10 12:08:09,638] {logging_mixin.py:115} INFO - [2023-10-10 12:08:09,638] {dag.py:2420} INFO - Sync 1 DAGs
[2023-10-10 12:08:09,674] {logging_mixin.py:115} INFO - [2023-10-10 12:08:09,673] {dag.py:2972} INFO - Setting next_dagrun for example_trigger_target_dag to None, run_after=None
[2023-10-10 12:08:09,686] {processor.py:161} INFO - Processing /home/airflow/.local/lib/python3.7/site-packages/airflow/example_dags/example_trigger_target_dag.py took 0.122 seconds
[2023-10-10 12:08:40,092] {processor.py:153} INFO - Started process (PID=653) to work on /home/airflow/.local/lib/python3.7/site-packages/airflow/example_dags/example_trigger_target_dag.py
[2023-10-10 12:08:40,093] {processor.py:641} INFO - Processing file /home/airflow/.local/lib/python3.7/site-packages/airflow/example_dags/example_trigger_target_dag.py for tasks to queue
[2023-10-10 12:08:40,094] {logging_mixin.py:115} INFO - [2023-10-10 12:08:40,094] {dagbag.py:508} INFO - Filling up the DagBag from /home/airflow/.local/lib/python3.7/site-packages/airflow/example_dags/example_trigger_target_dag.py
[2023-10-10 12:08:40,118] {processor.py:651} INFO - DAG(s) dict_keys(['example_trigger_target_dag']) retrieved from /home/airflow/.local/lib/python3.7/site-packages/airflow/example_dags/example_trigger_target_dag.py
[2023-10-10 12:08:40,157] {logging_mixin.py:115} INFO - [2023-10-10 12:08:40,157] {dag.py:2420} INFO - Sync 1 DAGs
[2023-10-10 12:08:40,186] {logging_mixin.py:115} INFO - [2023-10-10 12:08:40,185] {dag.py:2972} INFO - Setting next_dagrun for example_trigger_target_dag to None, run_after=None
[2023-10-10 12:08:40,199] {processor.py:161} INFO - Processing /home/airflow/.local/lib/python3.7/site-packages/airflow/example_dags/example_trigger_target_dag.py took 0.112 seconds
[2023-10-10 12:09:10,588] {processor.py:153} INFO - Started process (PID=706) to work on /home/airflow/.local/lib/python3.7/site-packages/airflow/example_dags/example_trigger_target_dag.py
[2023-10-10 12:09:10,589] {processor.py:641} INFO - Processing file /home/airflow/.local/lib/python3.7/site-packages/airflow/example_dags/example_trigger_target_dag.py for tasks to queue
[2023-10-10 12:09:10,589] {logging_mixin.py:115} INFO - [2023-10-10 12:09:10,589] {dagbag.py:508} INFO - Filling up the DagBag from /home/airflow/.local/lib/python3.7/site-packages/airflow/example_dags/example_trigger_target_dag.py
[2023-10-10 12:09:10,609] {processor.py:651} INFO - DAG(s) dict_keys(['example_trigger_target_dag']) retrieved from /home/airflow/.local/lib/python3.7/site-packages/airflow/example_dags/example_trigger_target_dag.py
[2023-10-10 12:09:10,649] {logging_mixin.py:115} INFO - [2023-10-10 12:09:10,649] {dag.py:2420} INFO - Sync 1 DAGs
[2023-10-10 12:09:10,678] {logging_mixin.py:115} INFO - [2023-10-10 12:09:10,678] {dag.py:2972} INFO - Setting next_dagrun for example_trigger_target_dag to None, run_after=None
[2023-10-10 12:09:10,691] {processor.py:161} INFO - Processing /home/airflow/.local/lib/python3.7/site-packages/airflow/example_dags/example_trigger_target_dag.py took 0.109 seconds
[2023-10-10 12:09:41,261] {processor.py:153} INFO - Started process (PID=768) to work on /home/airflow/.local/lib/python3.7/site-packages/airflow/example_dags/example_trigger_target_dag.py
[2023-10-10 12:09:41,261] {processor.py:641} INFO - Processing file /home/airflow/.local/lib/python3.7/site-packages/airflow/example_dags/example_trigger_target_dag.py for tasks to queue
[2023-10-10 12:09:41,262] {logging_mixin.py:115} INFO - [2023-10-10 12:09:41,262] {dagbag.py:508} INFO - Filling up the DagBag from /home/airflow/.local/lib/python3.7/site-packages/airflow/example_dags/example_trigger_target_dag.py
[2023-10-10 12:09:41,287] {processor.py:651} INFO - DAG(s) dict_keys(['example_trigger_target_dag']) retrieved from /home/airflow/.local/lib/python3.7/site-packages/airflow/example_dags/example_trigger_target_dag.py
[2023-10-10 12:09:41,332] {logging_mixin.py:115} INFO - [2023-10-10 12:09:41,332] {dag.py:2420} INFO - Sync 1 DAGs
[2023-10-10 12:09:41,361] {logging_mixin.py:115} INFO - [2023-10-10 12:09:41,361] {dag.py:2972} INFO - Setting next_dagrun for example_trigger_target_dag to None, run_after=None
[2023-10-10 12:09:41,376] {processor.py:161} INFO - Processing /home/airflow/.local/lib/python3.7/site-packages/airflow/example_dags/example_trigger_target_dag.py took 0.120 seconds
[2023-10-10 12:10:11,736] {processor.py:153} INFO - Started process (PID=829) to work on /home/airflow/.local/lib/python3.7/site-packages/airflow/example_dags/example_trigger_target_dag.py
[2023-10-10 12:10:11,737] {processor.py:641} INFO - Processing file /home/airflow/.local/lib/python3.7/site-packages/airflow/example_dags/example_trigger_target_dag.py for tasks to queue
[2023-10-10 12:10:11,738] {logging_mixin.py:115} INFO - [2023-10-10 12:10:11,738] {dagbag.py:508} INFO - Filling up the DagBag from /home/airflow/.local/lib/python3.7/site-packages/airflow/example_dags/example_trigger_target_dag.py
[2023-10-10 12:10:11,757] {processor.py:651} INFO - DAG(s) dict_keys(['example_trigger_target_dag']) retrieved from /home/airflow/.local/lib/python3.7/site-packages/airflow/example_dags/example_trigger_target_dag.py
[2023-10-10 12:10:11,798] {logging_mixin.py:115} INFO - [2023-10-10 12:10:11,797] {dag.py:2420} INFO - Sync 1 DAGs
[2023-10-10 12:10:11,848] {logging_mixin.py:115} INFO - [2023-10-10 12:10:11,847] {dag.py:2972} INFO - Setting next_dagrun for example_trigger_target_dag to None, run_after=None
[2023-10-10 12:10:11,877] {processor.py:161} INFO - Processing /home/airflow/.local/lib/python3.7/site-packages/airflow/example_dags/example_trigger_target_dag.py took 0.145 seconds
[2023-10-10 12:10:42,281] {processor.py:153} INFO - Started process (PID=882) to work on /home/airflow/.local/lib/python3.7/site-packages/airflow/example_dags/example_trigger_target_dag.py
[2023-10-10 12:10:42,282] {processor.py:641} INFO - Processing file /home/airflow/.local/lib/python3.7/site-packages/airflow/example_dags/example_trigger_target_dag.py for tasks to queue
[2023-10-10 12:10:42,283] {logging_mixin.py:115} INFO - [2023-10-10 12:10:42,283] {dagbag.py:508} INFO - Filling up the DagBag from /home/airflow/.local/lib/python3.7/site-packages/airflow/example_dags/example_trigger_target_dag.py
[2023-10-10 12:10:42,306] {processor.py:651} INFO - DAG(s) dict_keys(['example_trigger_target_dag']) retrieved from /home/airflow/.local/lib/python3.7/site-packages/airflow/example_dags/example_trigger_target_dag.py
[2023-10-10 12:10:42,352] {logging_mixin.py:115} INFO - [2023-10-10 12:10:42,352] {dag.py:2420} INFO - Sync 1 DAGs
[2023-10-10 12:10:42,380] {logging_mixin.py:115} INFO - [2023-10-10 12:10:42,380] {dag.py:2972} INFO - Setting next_dagrun for example_trigger_target_dag to None, run_after=None
[2023-10-10 12:10:42,396] {processor.py:161} INFO - Processing /home/airflow/.local/lib/python3.7/site-packages/airflow/example_dags/example_trigger_target_dag.py took 0.120 seconds
[2023-10-10 12:11:12,952] {processor.py:153} INFO - Started process (PID=943) to work on /home/airflow/.local/lib/python3.7/site-packages/airflow/example_dags/example_trigger_target_dag.py
[2023-10-10 12:11:12,953] {processor.py:641} INFO - Processing file /home/airflow/.local/lib/python3.7/site-packages/airflow/example_dags/example_trigger_target_dag.py for tasks to queue
[2023-10-10 12:11:12,953] {logging_mixin.py:115} INFO - [2023-10-10 12:11:12,953] {dagbag.py:508} INFO - Filling up the DagBag from /home/airflow/.local/lib/python3.7/site-packages/airflow/example_dags/example_trigger_target_dag.py
[2023-10-10 12:11:12,973] {processor.py:651} INFO - DAG(s) dict_keys(['example_trigger_target_dag']) retrieved from /home/airflow/.local/lib/python3.7/site-packages/airflow/example_dags/example_trigger_target_dag.py
[2023-10-10 12:11:13,016] {logging_mixin.py:115} INFO - [2023-10-10 12:11:13,016] {dag.py:2420} INFO - Sync 1 DAGs
[2023-10-10 12:11:13,046] {logging_mixin.py:115} INFO - [2023-10-10 12:11:13,046] {dag.py:2972} INFO - Setting next_dagrun for example_trigger_target_dag to None, run_after=None
[2023-10-10 12:11:13,063] {processor.py:161} INFO - Processing /home/airflow/.local/lib/python3.7/site-packages/airflow/example_dags/example_trigger_target_dag.py took 0.117 seconds
[2023-10-10 12:11:43,537] {processor.py:153} INFO - Started process (PID=1004) to work on /home/airflow/.local/lib/python3.7/site-packages/airflow/example_dags/example_trigger_target_dag.py
[2023-10-10 12:11:43,538] {processor.py:641} INFO - Processing file /home/airflow/.local/lib/python3.7/site-packages/airflow/example_dags/example_trigger_target_dag.py for tasks to queue
[2023-10-10 12:11:43,539] {logging_mixin.py:115} INFO - [2023-10-10 12:11:43,539] {dagbag.py:508} INFO - Filling up the DagBag from /home/airflow/.local/lib/python3.7/site-packages/airflow/example_dags/example_trigger_target_dag.py
[2023-10-10 12:11:43,596] {processor.py:651} INFO - DAG(s) dict_keys(['example_trigger_target_dag']) retrieved from /home/airflow/.local/lib/python3.7/site-packages/airflow/example_dags/example_trigger_target_dag.py
[2023-10-10 12:11:43,679] {logging_mixin.py:115} INFO - [2023-10-10 12:11:43,679] {dag.py:2420} INFO - Sync 1 DAGs
[2023-10-10 12:11:43,744] {logging_mixin.py:115} INFO - [2023-10-10 12:11:43,744] {dag.py:2972} INFO - Setting next_dagrun for example_trigger_target_dag to None, run_after=None
[2023-10-10 12:11:43,780] {processor.py:161} INFO - Processing /home/airflow/.local/lib/python3.7/site-packages/airflow/example_dags/example_trigger_target_dag.py took 0.260 seconds
[2023-10-10 12:12:13,916] {processor.py:153} INFO - Started process (PID=1056) to work on /home/airflow/.local/lib/python3.7/site-packages/airflow/example_dags/example_trigger_target_dag.py
[2023-10-10 12:12:13,917] {processor.py:641} INFO - Processing file /home/airflow/.local/lib/python3.7/site-packages/airflow/example_dags/example_trigger_target_dag.py for tasks to queue
[2023-10-10 12:12:13,918] {logging_mixin.py:115} INFO - [2023-10-10 12:12:13,918] {dagbag.py:508} INFO - Filling up the DagBag from /home/airflow/.local/lib/python3.7/site-packages/airflow/example_dags/example_trigger_target_dag.py
[2023-10-10 12:12:13,937] {processor.py:651} INFO - DAG(s) dict_keys(['example_trigger_target_dag']) retrieved from /home/airflow/.local/lib/python3.7/site-packages/airflow/example_dags/example_trigger_target_dag.py
[2023-10-10 12:12:13,979] {logging_mixin.py:115} INFO - [2023-10-10 12:12:13,979] {dag.py:2420} INFO - Sync 1 DAGs
[2023-10-10 12:12:14,008] {logging_mixin.py:115} INFO - [2023-10-10 12:12:14,007] {dag.py:2972} INFO - Setting next_dagrun for example_trigger_target_dag to None, run_after=None
[2023-10-10 12:12:14,021] {processor.py:161} INFO - Processing /home/airflow/.local/lib/python3.7/site-packages/airflow/example_dags/example_trigger_target_dag.py took 0.111 seconds
[2023-10-10 12:12:44,522] {processor.py:153} INFO - Started process (PID=1117) to work on /home/airflow/.local/lib/python3.7/site-packages/airflow/example_dags/example_trigger_target_dag.py
[2023-10-10 12:12:44,523] {processor.py:641} INFO - Processing file /home/airflow/.local/lib/python3.7/site-packages/airflow/example_dags/example_trigger_target_dag.py for tasks to queue
[2023-10-10 12:12:44,523] {logging_mixin.py:115} INFO - [2023-10-10 12:12:44,523] {dagbag.py:508} INFO - Filling up the DagBag from /home/airflow/.local/lib/python3.7/site-packages/airflow/example_dags/example_trigger_target_dag.py
[2023-10-10 12:12:44,564] {processor.py:651} INFO - DAG(s) dict_keys(['example_trigger_target_dag']) retrieved from /home/airflow/.local/lib/python3.7/site-packages/airflow/example_dags/example_trigger_target_dag.py
[2023-10-10 12:12:44,645] {logging_mixin.py:115} INFO - [2023-10-10 12:12:44,645] {dag.py:2420} INFO - Sync 1 DAGs
[2023-10-10 12:12:44,697] {logging_mixin.py:115} INFO - [2023-10-10 12:12:44,697] {dag.py:2972} INFO - Setting next_dagrun for example_trigger_target_dag to None, run_after=None
[2023-10-10 12:12:44,736] {processor.py:161} INFO - Processing /home/airflow/.local/lib/python3.7/site-packages/airflow/example_dags/example_trigger_target_dag.py took 0.219 seconds
[2023-10-10 12:13:15,311] {processor.py:153} INFO - Started process (PID=1169) to work on /home/airflow/.local/lib/python3.7/site-packages/airflow/example_dags/example_trigger_target_dag.py
[2023-10-10 12:13:15,315] {processor.py:641} INFO - Processing file /home/airflow/.local/lib/python3.7/site-packages/airflow/example_dags/example_trigger_target_dag.py for tasks to queue
[2023-10-10 12:13:15,316] {logging_mixin.py:115} INFO - [2023-10-10 12:13:15,316] {dagbag.py:508} INFO - Filling up the DagBag from /home/airflow/.local/lib/python3.7/site-packages/airflow/example_dags/example_trigger_target_dag.py
[2023-10-10 12:13:15,336] {processor.py:651} INFO - DAG(s) dict_keys(['example_trigger_target_dag']) retrieved from /home/airflow/.local/lib/python3.7/site-packages/airflow/example_dags/example_trigger_target_dag.py
[2023-10-10 12:13:15,379] {logging_mixin.py:115} INFO - [2023-10-10 12:13:15,379] {dag.py:2420} INFO - Sync 1 DAGs
[2023-10-10 12:13:15,407] {logging_mixin.py:115} INFO - [2023-10-10 12:13:15,407] {dag.py:2972} INFO - Setting next_dagrun for example_trigger_target_dag to None, run_after=None
[2023-10-10 12:13:15,420] {processor.py:161} INFO - Processing /home/airflow/.local/lib/python3.7/site-packages/airflow/example_dags/example_trigger_target_dag.py took 0.114 seconds
[2023-10-10 12:13:46,002] {processor.py:153} INFO - Started process (PID=1231) to work on /home/airflow/.local/lib/python3.7/site-packages/airflow/example_dags/example_trigger_target_dag.py
[2023-10-10 12:13:46,003] {processor.py:641} INFO - Processing file /home/airflow/.local/lib/python3.7/site-packages/airflow/example_dags/example_trigger_target_dag.py for tasks to queue
[2023-10-10 12:13:46,003] {logging_mixin.py:115} INFO - [2023-10-10 12:13:46,003] {dagbag.py:508} INFO - Filling up the DagBag from /home/airflow/.local/lib/python3.7/site-packages/airflow/example_dags/example_trigger_target_dag.py
[2023-10-10 12:13:46,027] {processor.py:651} INFO - DAG(s) dict_keys(['example_trigger_target_dag']) retrieved from /home/airflow/.local/lib/python3.7/site-packages/airflow/example_dags/example_trigger_target_dag.py
[2023-10-10 12:13:46,079] {logging_mixin.py:115} INFO - [2023-10-10 12:13:46,079] {dag.py:2420} INFO - Sync 1 DAGs
[2023-10-10 12:13:46,122] {logging_mixin.py:115} INFO - [2023-10-10 12:13:46,122] {dag.py:2972} INFO - Setting next_dagrun for example_trigger_target_dag to None, run_after=None
[2023-10-10 12:13:46,136] {processor.py:161} INFO - Processing /home/airflow/.local/lib/python3.7/site-packages/airflow/example_dags/example_trigger_target_dag.py took 0.140 seconds
[2023-10-10 12:14:16,924] {processor.py:153} INFO - Started process (PID=1293) to work on /home/airflow/.local/lib/python3.7/site-packages/airflow/example_dags/example_trigger_target_dag.py
[2023-10-10 12:14:16,935] {processor.py:641} INFO - Processing file /home/airflow/.local/lib/python3.7/site-packages/airflow/example_dags/example_trigger_target_dag.py for tasks to queue
[2023-10-10 12:14:16,936] {logging_mixin.py:115} INFO - [2023-10-10 12:14:16,936] {dagbag.py:508} INFO - Filling up the DagBag from /home/airflow/.local/lib/python3.7/site-packages/airflow/example_dags/example_trigger_target_dag.py
[2023-10-10 12:14:16,965] {processor.py:651} INFO - DAG(s) dict_keys(['example_trigger_target_dag']) retrieved from /home/airflow/.local/lib/python3.7/site-packages/airflow/example_dags/example_trigger_target_dag.py
[2023-10-10 12:14:17,042] {logging_mixin.py:115} INFO - [2023-10-10 12:14:17,042] {dag.py:2420} INFO - Sync 1 DAGs
[2023-10-10 12:14:17,082] {logging_mixin.py:115} INFO - [2023-10-10 12:14:17,082] {dag.py:2972} INFO - Setting next_dagrun for example_trigger_target_dag to None, run_after=None
[2023-10-10 12:14:17,104] {processor.py:161} INFO - Processing /home/airflow/.local/lib/python3.7/site-packages/airflow/example_dags/example_trigger_target_dag.py took 0.185 seconds
[2023-10-10 12:14:47,156] {processor.py:153} INFO - Started process (PID=1345) to work on /home/airflow/.local/lib/python3.7/site-packages/airflow/example_dags/example_trigger_target_dag.py
[2023-10-10 12:14:47,157] {processor.py:641} INFO - Processing file /home/airflow/.local/lib/python3.7/site-packages/airflow/example_dags/example_trigger_target_dag.py for tasks to queue
[2023-10-10 12:14:47,157] {logging_mixin.py:115} INFO - [2023-10-10 12:14:47,157] {dagbag.py:508} INFO - Filling up the DagBag from /home/airflow/.local/lib/python3.7/site-packages/airflow/example_dags/example_trigger_target_dag.py
[2023-10-10 12:14:47,176] {processor.py:651} INFO - DAG(s) dict_keys(['example_trigger_target_dag']) retrieved from /home/airflow/.local/lib/python3.7/site-packages/airflow/example_dags/example_trigger_target_dag.py
[2023-10-10 12:14:47,216] {logging_mixin.py:115} INFO - [2023-10-10 12:14:47,216] {dag.py:2420} INFO - Sync 1 DAGs
[2023-10-10 12:14:47,246] {logging_mixin.py:115} INFO - [2023-10-10 12:14:47,245] {dag.py:2972} INFO - Setting next_dagrun for example_trigger_target_dag to None, run_after=None
[2023-10-10 12:14:47,260] {processor.py:161} INFO - Processing /home/airflow/.local/lib/python3.7/site-packages/airflow/example_dags/example_trigger_target_dag.py took 0.110 seconds
[2023-10-10 12:15:18,016] {processor.py:153} INFO - Started process (PID=1410) to work on /home/airflow/.local/lib/python3.7/site-packages/airflow/example_dags/example_trigger_target_dag.py
[2023-10-10 12:15:18,017] {processor.py:641} INFO - Processing file /home/airflow/.local/lib/python3.7/site-packages/airflow/example_dags/example_trigger_target_dag.py for tasks to queue
[2023-10-10 12:15:18,018] {logging_mixin.py:115} INFO - [2023-10-10 12:15:18,017] {dagbag.py:508} INFO - Filling up the DagBag from /home/airflow/.local/lib/python3.7/site-packages/airflow/example_dags/example_trigger_target_dag.py
[2023-10-10 12:15:18,038] {processor.py:651} INFO - DAG(s) dict_keys(['example_trigger_target_dag']) retrieved from /home/airflow/.local/lib/python3.7/site-packages/airflow/example_dags/example_trigger_target_dag.py
[2023-10-10 12:15:18,098] {logging_mixin.py:115} INFO - [2023-10-10 12:15:18,098] {dag.py:2420} INFO - Sync 1 DAGs
[2023-10-10 12:15:18,145] {logging_mixin.py:115} INFO - [2023-10-10 12:15:18,145] {dag.py:2972} INFO - Setting next_dagrun for example_trigger_target_dag to None, run_after=None
[2023-10-10 12:15:18,180] {processor.py:161} INFO - Processing /home/airflow/.local/lib/python3.7/site-packages/airflow/example_dags/example_trigger_target_dag.py took 0.172 seconds
[2023-10-10 12:15:48,824] {processor.py:153} INFO - Started process (PID=1474) to work on /home/airflow/.local/lib/python3.7/site-packages/airflow/example_dags/example_trigger_target_dag.py
[2023-10-10 12:15:48,835] {processor.py:641} INFO - Processing file /home/airflow/.local/lib/python3.7/site-packages/airflow/example_dags/example_trigger_target_dag.py for tasks to queue
[2023-10-10 12:15:48,836] {logging_mixin.py:115} INFO - [2023-10-10 12:15:48,836] {dagbag.py:508} INFO - Filling up the DagBag from /home/airflow/.local/lib/python3.7/site-packages/airflow/example_dags/example_trigger_target_dag.py
[2023-10-10 12:15:48,860] {processor.py:651} INFO - DAG(s) dict_keys(['example_trigger_target_dag']) retrieved from /home/airflow/.local/lib/python3.7/site-packages/airflow/example_dags/example_trigger_target_dag.py
[2023-10-10 12:15:48,942] {logging_mixin.py:115} INFO - [2023-10-10 12:15:48,942] {dag.py:2420} INFO - Sync 1 DAGs
[2023-10-10 12:15:49,001] {logging_mixin.py:115} INFO - [2023-10-10 12:15:49,001] {dag.py:2972} INFO - Setting next_dagrun for example_trigger_target_dag to None, run_after=None
[2023-10-10 12:15:49,020] {processor.py:161} INFO - Processing /home/airflow/.local/lib/python3.7/site-packages/airflow/example_dags/example_trigger_target_dag.py took 0.201 seconds
[2023-10-10 12:16:19,396] {processor.py:153} INFO - Started process (PID=1527) to work on /home/airflow/.local/lib/python3.7/site-packages/airflow/example_dags/example_trigger_target_dag.py
[2023-10-10 12:16:19,397] {processor.py:641} INFO - Processing file /home/airflow/.local/lib/python3.7/site-packages/airflow/example_dags/example_trigger_target_dag.py for tasks to queue
[2023-10-10 12:16:19,398] {logging_mixin.py:115} INFO - [2023-10-10 12:16:19,398] {dagbag.py:508} INFO - Filling up the DagBag from /home/airflow/.local/lib/python3.7/site-packages/airflow/example_dags/example_trigger_target_dag.py
[2023-10-10 12:16:19,418] {processor.py:651} INFO - DAG(s) dict_keys(['example_trigger_target_dag']) retrieved from /home/airflow/.local/lib/python3.7/site-packages/airflow/example_dags/example_trigger_target_dag.py
[2023-10-10 12:16:19,466] {logging_mixin.py:115} INFO - [2023-10-10 12:16:19,466] {dag.py:2420} INFO - Sync 1 DAGs
[2023-10-10 12:16:19,499] {logging_mixin.py:115} INFO - [2023-10-10 12:16:19,499] {dag.py:2972} INFO - Setting next_dagrun for example_trigger_target_dag to None, run_after=None
[2023-10-10 12:16:19,513] {processor.py:161} INFO - Processing /home/airflow/.local/lib/python3.7/site-packages/airflow/example_dags/example_trigger_target_dag.py took 0.130 seconds
[2023-10-10 12:16:49,616] {processor.py:153} INFO - Started process (PID=1591) to work on /home/airflow/.local/lib/python3.7/site-packages/airflow/example_dags/example_trigger_target_dag.py
[2023-10-10 12:16:49,617] {processor.py:641} INFO - Processing file /home/airflow/.local/lib/python3.7/site-packages/airflow/example_dags/example_trigger_target_dag.py for tasks to queue
[2023-10-10 12:16:49,618] {logging_mixin.py:115} INFO - [2023-10-10 12:16:49,618] {dagbag.py:508} INFO - Filling up the DagBag from /home/airflow/.local/lib/python3.7/site-packages/airflow/example_dags/example_trigger_target_dag.py
[2023-10-10 12:16:49,640] {processor.py:651} INFO - DAG(s) dict_keys(['example_trigger_target_dag']) retrieved from /home/airflow/.local/lib/python3.7/site-packages/airflow/example_dags/example_trigger_target_dag.py
[2023-10-10 12:16:49,680] {logging_mixin.py:115} INFO - [2023-10-10 12:16:49,680] {dag.py:2420} INFO - Sync 1 DAGs
[2023-10-10 12:16:49,709] {logging_mixin.py:115} INFO - [2023-10-10 12:16:49,709] {dag.py:2972} INFO - Setting next_dagrun for example_trigger_target_dag to None, run_after=None
[2023-10-10 12:16:49,722] {processor.py:161} INFO - Processing /home/airflow/.local/lib/python3.7/site-packages/airflow/example_dags/example_trigger_target_dag.py took 0.112 seconds
[2023-10-10 12:17:20,578] {processor.py:153} INFO - Started process (PID=1644) to work on /home/airflow/.local/lib/python3.7/site-packages/airflow/example_dags/example_trigger_target_dag.py
[2023-10-10 12:17:20,579] {processor.py:641} INFO - Processing file /home/airflow/.local/lib/python3.7/site-packages/airflow/example_dags/example_trigger_target_dag.py for tasks to queue
[2023-10-10 12:17:20,579] {logging_mixin.py:115} INFO - [2023-10-10 12:17:20,579] {dagbag.py:508} INFO - Filling up the DagBag from /home/airflow/.local/lib/python3.7/site-packages/airflow/example_dags/example_trigger_target_dag.py
[2023-10-10 12:17:20,624] {processor.py:651} INFO - DAG(s) dict_keys(['example_trigger_target_dag']) retrieved from /home/airflow/.local/lib/python3.7/site-packages/airflow/example_dags/example_trigger_target_dag.py
[2023-10-10 12:17:20,716] {logging_mixin.py:115} INFO - [2023-10-10 12:17:20,715] {dag.py:2420} INFO - Sync 1 DAGs
[2023-10-10 12:17:20,780] {logging_mixin.py:115} INFO - [2023-10-10 12:17:20,780] {dag.py:2972} INFO - Setting next_dagrun for example_trigger_target_dag to None, run_after=None
[2023-10-10 12:17:20,816] {processor.py:161} INFO - Processing /home/airflow/.local/lib/python3.7/site-packages/airflow/example_dags/example_trigger_target_dag.py took 0.243 seconds
[2023-10-10 12:17:51,308] {processor.py:153} INFO - Started process (PID=1706) to work on /home/airflow/.local/lib/python3.7/site-packages/airflow/example_dags/example_trigger_target_dag.py
[2023-10-10 12:17:51,309] {processor.py:641} INFO - Processing file /home/airflow/.local/lib/python3.7/site-packages/airflow/example_dags/example_trigger_target_dag.py for tasks to queue
[2023-10-10 12:17:51,310] {logging_mixin.py:115} INFO - [2023-10-10 12:17:51,310] {dagbag.py:508} INFO - Filling up the DagBag from /home/airflow/.local/lib/python3.7/site-packages/airflow/example_dags/example_trigger_target_dag.py
[2023-10-10 12:17:51,329] {processor.py:651} INFO - DAG(s) dict_keys(['example_trigger_target_dag']) retrieved from /home/airflow/.local/lib/python3.7/site-packages/airflow/example_dags/example_trigger_target_dag.py
[2023-10-10 12:17:51,369] {logging_mixin.py:115} INFO - [2023-10-10 12:17:51,368] {dag.py:2420} INFO - Sync 1 DAGs
[2023-10-10 12:17:51,401] {logging_mixin.py:115} INFO - [2023-10-10 12:17:51,401] {dag.py:2972} INFO - Setting next_dagrun for example_trigger_target_dag to None, run_after=None
[2023-10-10 12:17:51,413] {processor.py:161} INFO - Processing /home/airflow/.local/lib/python3.7/site-packages/airflow/example_dags/example_trigger_target_dag.py took 0.110 seconds
[2023-10-10 12:18:21,504] {processor.py:153} INFO - Started process (PID=1768) to work on /home/airflow/.local/lib/python3.7/site-packages/airflow/example_dags/example_trigger_target_dag.py
[2023-10-10 12:18:21,505] {processor.py:641} INFO - Processing file /home/airflow/.local/lib/python3.7/site-packages/airflow/example_dags/example_trigger_target_dag.py for tasks to queue
[2023-10-10 12:18:21,505] {logging_mixin.py:115} INFO - [2023-10-10 12:18:21,505] {dagbag.py:508} INFO - Filling up the DagBag from /home/airflow/.local/lib/python3.7/site-packages/airflow/example_dags/example_trigger_target_dag.py
[2023-10-10 12:18:21,526] {processor.py:651} INFO - DAG(s) dict_keys(['example_trigger_target_dag']) retrieved from /home/airflow/.local/lib/python3.7/site-packages/airflow/example_dags/example_trigger_target_dag.py
[2023-10-10 12:18:21,570] {logging_mixin.py:115} INFO - [2023-10-10 12:18:21,570] {dag.py:2420} INFO - Sync 1 DAGs
[2023-10-10 12:18:21,603] {logging_mixin.py:115} INFO - [2023-10-10 12:18:21,602] {dag.py:2972} INFO - Setting next_dagrun for example_trigger_target_dag to None, run_after=None
[2023-10-10 12:18:21,616] {processor.py:161} INFO - Processing /home/airflow/.local/lib/python3.7/site-packages/airflow/example_dags/example_trigger_target_dag.py took 0.118 seconds
[2023-10-10 12:18:52,040] {processor.py:153} INFO - Started process (PID=1821) to work on /home/airflow/.local/lib/python3.7/site-packages/airflow/example_dags/example_trigger_target_dag.py
[2023-10-10 12:18:52,041] {processor.py:641} INFO - Processing file /home/airflow/.local/lib/python3.7/site-packages/airflow/example_dags/example_trigger_target_dag.py for tasks to queue
[2023-10-10 12:18:52,042] {logging_mixin.py:115} INFO - [2023-10-10 12:18:52,042] {dagbag.py:508} INFO - Filling up the DagBag from /home/airflow/.local/lib/python3.7/site-packages/airflow/example_dags/example_trigger_target_dag.py
[2023-10-10 12:18:52,061] {processor.py:651} INFO - DAG(s) dict_keys(['example_trigger_target_dag']) retrieved from /home/airflow/.local/lib/python3.7/site-packages/airflow/example_dags/example_trigger_target_dag.py
[2023-10-10 12:18:52,106] {logging_mixin.py:115} INFO - [2023-10-10 12:18:52,106] {dag.py:2420} INFO - Sync 1 DAGs
[2023-10-10 12:18:52,156] {logging_mixin.py:115} INFO - [2023-10-10 12:18:52,156] {dag.py:2972} INFO - Setting next_dagrun for example_trigger_target_dag to None, run_after=None
[2023-10-10 12:18:52,169] {processor.py:161} INFO - Processing /home/airflow/.local/lib/python3.7/site-packages/airflow/example_dags/example_trigger_target_dag.py took 0.133 seconds
[2023-10-10 12:19:22,751] {processor.py:153} INFO - Started process (PID=1882) to work on /home/airflow/.local/lib/python3.7/site-packages/airflow/example_dags/example_trigger_target_dag.py
[2023-10-10 12:19:22,752] {processor.py:641} INFO - Processing file /home/airflow/.local/lib/python3.7/site-packages/airflow/example_dags/example_trigger_target_dag.py for tasks to queue
[2023-10-10 12:19:22,752] {logging_mixin.py:115} INFO - [2023-10-10 12:19:22,752] {dagbag.py:508} INFO - Filling up the DagBag from /home/airflow/.local/lib/python3.7/site-packages/airflow/example_dags/example_trigger_target_dag.py
[2023-10-10 12:19:22,772] {processor.py:651} INFO - DAG(s) dict_keys(['example_trigger_target_dag']) retrieved from /home/airflow/.local/lib/python3.7/site-packages/airflow/example_dags/example_trigger_target_dag.py
[2023-10-10 12:19:22,827] {logging_mixin.py:115} INFO - [2023-10-10 12:19:22,827] {dag.py:2420} INFO - Sync 1 DAGs
[2023-10-10 12:19:22,859] {logging_mixin.py:115} INFO - [2023-10-10 12:19:22,858] {dag.py:2972} INFO - Setting next_dagrun for example_trigger_target_dag to None, run_after=None
[2023-10-10 12:19:22,871] {processor.py:161} INFO - Processing /home/airflow/.local/lib/python3.7/site-packages/airflow/example_dags/example_trigger_target_dag.py took 0.125 seconds
[2023-10-10 12:19:53,368] {processor.py:153} INFO - Started process (PID=1934) to work on /home/airflow/.local/lib/python3.7/site-packages/airflow/example_dags/example_trigger_target_dag.py
[2023-10-10 12:19:53,368] {processor.py:641} INFO - Processing file /home/airflow/.local/lib/python3.7/site-packages/airflow/example_dags/example_trigger_target_dag.py for tasks to queue
[2023-10-10 12:19:53,369] {logging_mixin.py:115} INFO - [2023-10-10 12:19:53,369] {dagbag.py:508} INFO - Filling up the DagBag from /home/airflow/.local/lib/python3.7/site-packages/airflow/example_dags/example_trigger_target_dag.py
[2023-10-10 12:19:53,388] {processor.py:651} INFO - DAG(s) dict_keys(['example_trigger_target_dag']) retrieved from /home/airflow/.local/lib/python3.7/site-packages/airflow/example_dags/example_trigger_target_dag.py
[2023-10-10 12:19:53,426] {logging_mixin.py:115} INFO - [2023-10-10 12:19:53,426] {dag.py:2420} INFO - Sync 1 DAGs
[2023-10-10 12:19:53,459] {logging_mixin.py:115} INFO - [2023-10-10 12:19:53,458] {dag.py:2972} INFO - Setting next_dagrun for example_trigger_target_dag to None, run_after=None
[2023-10-10 12:19:53,471] {processor.py:161} INFO - Processing /home/airflow/.local/lib/python3.7/site-packages/airflow/example_dags/example_trigger_target_dag.py took 0.108 seconds
[2023-10-10 12:20:23,994] {processor.py:153} INFO - Started process (PID=1995) to work on /home/airflow/.local/lib/python3.7/site-packages/airflow/example_dags/example_trigger_target_dag.py
[2023-10-10 12:20:23,995] {processor.py:641} INFO - Processing file /home/airflow/.local/lib/python3.7/site-packages/airflow/example_dags/example_trigger_target_dag.py for tasks to queue
[2023-10-10 12:20:23,996] {logging_mixin.py:115} INFO - [2023-10-10 12:20:23,996] {dagbag.py:508} INFO - Filling up the DagBag from /home/airflow/.local/lib/python3.7/site-packages/airflow/example_dags/example_trigger_target_dag.py
[2023-10-10 12:20:24,015] {processor.py:651} INFO - DAG(s) dict_keys(['example_trigger_target_dag']) retrieved from /home/airflow/.local/lib/python3.7/site-packages/airflow/example_dags/example_trigger_target_dag.py
[2023-10-10 12:20:24,062] {logging_mixin.py:115} INFO - [2023-10-10 12:20:24,062] {dag.py:2420} INFO - Sync 1 DAGs
[2023-10-10 12:20:24,094] {logging_mixin.py:115} INFO - [2023-10-10 12:20:24,094] {dag.py:2972} INFO - Setting next_dagrun for example_trigger_target_dag to None, run_after=None
[2023-10-10 12:20:24,109] {processor.py:161} INFO - Processing /home/airflow/.local/lib/python3.7/site-packages/airflow/example_dags/example_trigger_target_dag.py took 0.120 seconds
[2023-10-10 12:20:54,258] {processor.py:153} INFO - Started process (PID=2057) to work on /home/airflow/.local/lib/python3.7/site-packages/airflow/example_dags/example_trigger_target_dag.py
[2023-10-10 12:20:54,259] {processor.py:641} INFO - Processing file /home/airflow/.local/lib/python3.7/site-packages/airflow/example_dags/example_trigger_target_dag.py for tasks to queue
[2023-10-10 12:20:54,260] {logging_mixin.py:115} INFO - [2023-10-10 12:20:54,260] {dagbag.py:508} INFO - Filling up the DagBag from /home/airflow/.local/lib/python3.7/site-packages/airflow/example_dags/example_trigger_target_dag.py
[2023-10-10 12:20:54,279] {processor.py:651} INFO - DAG(s) dict_keys(['example_trigger_target_dag']) retrieved from /home/airflow/.local/lib/python3.7/site-packages/airflow/example_dags/example_trigger_target_dag.py
[2023-10-10 12:20:54,317] {logging_mixin.py:115} INFO - [2023-10-10 12:20:54,316] {dag.py:2420} INFO - Sync 1 DAGs
[2023-10-10 12:20:54,344] {logging_mixin.py:115} INFO - [2023-10-10 12:20:54,344] {dag.py:2972} INFO - Setting next_dagrun for example_trigger_target_dag to None, run_after=None
[2023-10-10 12:20:54,358] {processor.py:161} INFO - Processing /home/airflow/.local/lib/python3.7/site-packages/airflow/example_dags/example_trigger_target_dag.py took 0.104 seconds
[2023-10-10 12:21:24,814] {processor.py:153} INFO - Started process (PID=2111) to work on /home/airflow/.local/lib/python3.7/site-packages/airflow/example_dags/example_trigger_target_dag.py
[2023-10-10 12:21:24,815] {processor.py:641} INFO - Processing file /home/airflow/.local/lib/python3.7/site-packages/airflow/example_dags/example_trigger_target_dag.py for tasks to queue
[2023-10-10 12:21:24,815] {logging_mixin.py:115} INFO - [2023-10-10 12:21:24,815] {dagbag.py:508} INFO - Filling up the DagBag from /home/airflow/.local/lib/python3.7/site-packages/airflow/example_dags/example_trigger_target_dag.py
[2023-10-10 12:21:24,835] {processor.py:651} INFO - DAG(s) dict_keys(['example_trigger_target_dag']) retrieved from /home/airflow/.local/lib/python3.7/site-packages/airflow/example_dags/example_trigger_target_dag.py
[2023-10-10 12:21:24,873] {logging_mixin.py:115} INFO - [2023-10-10 12:21:24,873] {dag.py:2420} INFO - Sync 1 DAGs
[2023-10-10 12:21:24,902] {logging_mixin.py:115} INFO - [2023-10-10 12:21:24,902] {dag.py:2972} INFO - Setting next_dagrun for example_trigger_target_dag to None, run_after=None
[2023-10-10 12:21:24,914] {processor.py:161} INFO - Processing /home/airflow/.local/lib/python3.7/site-packages/airflow/example_dags/example_trigger_target_dag.py took 0.105 seconds
[2023-10-10 12:21:54,963] {processor.py:153} INFO - Started process (PID=2172) to work on /home/airflow/.local/lib/python3.7/site-packages/airflow/example_dags/example_trigger_target_dag.py
[2023-10-10 12:21:54,964] {processor.py:641} INFO - Processing file /home/airflow/.local/lib/python3.7/site-packages/airflow/example_dags/example_trigger_target_dag.py for tasks to queue
[2023-10-10 12:21:54,965] {logging_mixin.py:115} INFO - [2023-10-10 12:21:54,965] {dagbag.py:508} INFO - Filling up the DagBag from /home/airflow/.local/lib/python3.7/site-packages/airflow/example_dags/example_trigger_target_dag.py
[2023-10-10 12:21:54,984] {processor.py:651} INFO - DAG(s) dict_keys(['example_trigger_target_dag']) retrieved from /home/airflow/.local/lib/python3.7/site-packages/airflow/example_dags/example_trigger_target_dag.py
[2023-10-10 12:21:55,040] {logging_mixin.py:115} INFO - [2023-10-10 12:21:55,040] {dag.py:2420} INFO - Sync 1 DAGs
[2023-10-10 12:21:55,100] {logging_mixin.py:115} INFO - [2023-10-10 12:21:55,100] {dag.py:2972} INFO - Setting next_dagrun for example_trigger_target_dag to None, run_after=None
[2023-10-10 12:21:55,125] {processor.py:161} INFO - Processing /home/airflow/.local/lib/python3.7/site-packages/airflow/example_dags/example_trigger_target_dag.py took 0.167 seconds
[2023-10-10 12:22:25,325] {processor.py:153} INFO - Started process (PID=2232) to work on /home/airflow/.local/lib/python3.7/site-packages/airflow/example_dags/example_trigger_target_dag.py
[2023-10-10 12:22:25,326] {processor.py:641} INFO - Processing file /home/airflow/.local/lib/python3.7/site-packages/airflow/example_dags/example_trigger_target_dag.py for tasks to queue
[2023-10-10 12:22:25,327] {logging_mixin.py:115} INFO - [2023-10-10 12:22:25,327] {dagbag.py:508} INFO - Filling up the DagBag from /home/airflow/.local/lib/python3.7/site-packages/airflow/example_dags/example_trigger_target_dag.py
[2023-10-10 12:22:25,345] {processor.py:651} INFO - DAG(s) dict_keys(['example_trigger_target_dag']) retrieved from /home/airflow/.local/lib/python3.7/site-packages/airflow/example_dags/example_trigger_target_dag.py
[2023-10-10 12:22:25,386] {logging_mixin.py:115} INFO - [2023-10-10 12:22:25,386] {dag.py:2420} INFO - Sync 1 DAGs
[2023-10-10 12:22:25,414] {logging_mixin.py:115} INFO - [2023-10-10 12:22:25,414] {dag.py:2972} INFO - Setting next_dagrun for example_trigger_target_dag to None, run_after=None
[2023-10-10 12:22:25,427] {processor.py:161} INFO - Processing /home/airflow/.local/lib/python3.7/site-packages/airflow/example_dags/example_trigger_target_dag.py took 0.106 seconds
[2023-10-10 12:22:55,476] {processor.py:153} INFO - Started process (PID=2287) to work on /home/airflow/.local/lib/python3.7/site-packages/airflow/example_dags/example_trigger_target_dag.py
[2023-10-10 12:22:55,476] {processor.py:641} INFO - Processing file /home/airflow/.local/lib/python3.7/site-packages/airflow/example_dags/example_trigger_target_dag.py for tasks to queue
[2023-10-10 12:22:55,477] {logging_mixin.py:115} INFO - [2023-10-10 12:22:55,477] {dagbag.py:508} INFO - Filling up the DagBag from /home/airflow/.local/lib/python3.7/site-packages/airflow/example_dags/example_trigger_target_dag.py
[2023-10-10 12:22:55,496] {processor.py:651} INFO - DAG(s) dict_keys(['example_trigger_target_dag']) retrieved from /home/airflow/.local/lib/python3.7/site-packages/airflow/example_dags/example_trigger_target_dag.py
[2023-10-10 12:22:55,535] {logging_mixin.py:115} INFO - [2023-10-10 12:22:55,535] {dag.py:2420} INFO - Sync 1 DAGs
[2023-10-10 12:22:55,563] {logging_mixin.py:115} INFO - [2023-10-10 12:22:55,563] {dag.py:2972} INFO - Setting next_dagrun for example_trigger_target_dag to None, run_after=None
[2023-10-10 12:22:55,575] {processor.py:161} INFO - Processing /home/airflow/.local/lib/python3.7/site-packages/airflow/example_dags/example_trigger_target_dag.py took 0.105 seconds
[2023-10-10 12:23:26,538] {processor.py:153} INFO - Started process (PID=2349) to work on /home/airflow/.local/lib/python3.7/site-packages/airflow/example_dags/example_trigger_target_dag.py
[2023-10-10 12:23:26,539] {processor.py:641} INFO - Processing file /home/airflow/.local/lib/python3.7/site-packages/airflow/example_dags/example_trigger_target_dag.py for tasks to queue
[2023-10-10 12:23:26,540] {logging_mixin.py:115} INFO - [2023-10-10 12:23:26,539] {dagbag.py:508} INFO - Filling up the DagBag from /home/airflow/.local/lib/python3.7/site-packages/airflow/example_dags/example_trigger_target_dag.py
[2023-10-10 12:23:26,559] {processor.py:651} INFO - DAG(s) dict_keys(['example_trigger_target_dag']) retrieved from /home/airflow/.local/lib/python3.7/site-packages/airflow/example_dags/example_trigger_target_dag.py
[2023-10-10 12:23:26,600] {logging_mixin.py:115} INFO - [2023-10-10 12:23:26,600] {dag.py:2420} INFO - Sync 1 DAGs
[2023-10-10 12:23:26,630] {logging_mixin.py:115} INFO - [2023-10-10 12:23:26,629] {dag.py:2972} INFO - Setting next_dagrun for example_trigger_target_dag to None, run_after=None
[2023-10-10 12:23:26,643] {processor.py:161} INFO - Processing /home/airflow/.local/lib/python3.7/site-packages/airflow/example_dags/example_trigger_target_dag.py took 0.110 seconds
[2023-10-10 12:23:57,221] {processor.py:153} INFO - Started process (PID=2402) to work on /home/airflow/.local/lib/python3.7/site-packages/airflow/example_dags/example_trigger_target_dag.py
[2023-10-10 12:23:57,222] {processor.py:641} INFO - Processing file /home/airflow/.local/lib/python3.7/site-packages/airflow/example_dags/example_trigger_target_dag.py for tasks to queue
[2023-10-10 12:23:57,222] {logging_mixin.py:115} INFO - [2023-10-10 12:23:57,222] {dagbag.py:508} INFO - Filling up the DagBag from /home/airflow/.local/lib/python3.7/site-packages/airflow/example_dags/example_trigger_target_dag.py
[2023-10-10 12:23:57,241] {processor.py:651} INFO - DAG(s) dict_keys(['example_trigger_target_dag']) retrieved from /home/airflow/.local/lib/python3.7/site-packages/airflow/example_dags/example_trigger_target_dag.py
[2023-10-10 12:23:57,283] {logging_mixin.py:115} INFO - [2023-10-10 12:23:57,283] {dag.py:2420} INFO - Sync 1 DAGs
[2023-10-10 12:23:57,312] {logging_mixin.py:115} INFO - [2023-10-10 12:23:57,312] {dag.py:2972} INFO - Setting next_dagrun for example_trigger_target_dag to None, run_after=None
[2023-10-10 12:23:57,325] {processor.py:161} INFO - Processing /home/airflow/.local/lib/python3.7/site-packages/airflow/example_dags/example_trigger_target_dag.py took 0.108 seconds
[2023-10-10 12:24:27,924] {processor.py:153} INFO - Started process (PID=2465) to work on /home/airflow/.local/lib/python3.7/site-packages/airflow/example_dags/example_trigger_target_dag.py
[2023-10-10 12:24:27,925] {processor.py:641} INFO - Processing file /home/airflow/.local/lib/python3.7/site-packages/airflow/example_dags/example_trigger_target_dag.py for tasks to queue
[2023-10-10 12:24:27,925] {logging_mixin.py:115} INFO - [2023-10-10 12:24:27,925] {dagbag.py:508} INFO - Filling up the DagBag from /home/airflow/.local/lib/python3.7/site-packages/airflow/example_dags/example_trigger_target_dag.py
[2023-10-10 12:24:27,945] {processor.py:651} INFO - DAG(s) dict_keys(['example_trigger_target_dag']) retrieved from /home/airflow/.local/lib/python3.7/site-packages/airflow/example_dags/example_trigger_target_dag.py
[2023-10-10 12:24:27,988] {logging_mixin.py:115} INFO - [2023-10-10 12:24:27,988] {dag.py:2420} INFO - Sync 1 DAGs
[2023-10-10 12:24:28,018] {logging_mixin.py:115} INFO - [2023-10-10 12:24:28,018] {dag.py:2972} INFO - Setting next_dagrun for example_trigger_target_dag to None, run_after=None
[2023-10-10 12:24:28,032] {processor.py:161} INFO - Processing /home/airflow/.local/lib/python3.7/site-packages/airflow/example_dags/example_trigger_target_dag.py took 0.114 seconds
[2023-10-10 12:24:58,818] {processor.py:153} INFO - Started process (PID=2527) to work on /home/airflow/.local/lib/python3.7/site-packages/airflow/example_dags/example_trigger_target_dag.py
[2023-10-10 12:24:58,819] {processor.py:641} INFO - Processing file /home/airflow/.local/lib/python3.7/site-packages/airflow/example_dags/example_trigger_target_dag.py for tasks to queue
[2023-10-10 12:24:58,819] {logging_mixin.py:115} INFO - [2023-10-10 12:24:58,819] {dagbag.py:508} INFO - Filling up the DagBag from /home/airflow/.local/lib/python3.7/site-packages/airflow/example_dags/example_trigger_target_dag.py
[2023-10-10 12:24:58,839] {processor.py:651} INFO - DAG(s) dict_keys(['example_trigger_target_dag']) retrieved from /home/airflow/.local/lib/python3.7/site-packages/airflow/example_dags/example_trigger_target_dag.py
[2023-10-10 12:24:58,879] {logging_mixin.py:115} INFO - [2023-10-10 12:24:58,879] {dag.py:2420} INFO - Sync 1 DAGs
[2023-10-10 12:24:58,908] {logging_mixin.py:115} INFO - [2023-10-10 12:24:58,907] {dag.py:2972} INFO - Setting next_dagrun for example_trigger_target_dag to None, run_after=None
[2023-10-10 12:24:58,921] {processor.py:161} INFO - Processing /home/airflow/.local/lib/python3.7/site-packages/airflow/example_dags/example_trigger_target_dag.py took 0.108 seconds
[2023-10-10 12:25:29,161] {processor.py:153} INFO - Started process (PID=2580) to work on /home/airflow/.local/lib/python3.7/site-packages/airflow/example_dags/example_trigger_target_dag.py
[2023-10-10 12:25:29,162] {processor.py:641} INFO - Processing file /home/airflow/.local/lib/python3.7/site-packages/airflow/example_dags/example_trigger_target_dag.py for tasks to queue
[2023-10-10 12:25:29,163] {logging_mixin.py:115} INFO - [2023-10-10 12:25:29,163] {dagbag.py:508} INFO - Filling up the DagBag from /home/airflow/.local/lib/python3.7/site-packages/airflow/example_dags/example_trigger_target_dag.py
[2023-10-10 12:25:29,182] {processor.py:651} INFO - DAG(s) dict_keys(['example_trigger_target_dag']) retrieved from /home/airflow/.local/lib/python3.7/site-packages/airflow/example_dags/example_trigger_target_dag.py
[2023-10-10 12:25:29,229] {logging_mixin.py:115} INFO - [2023-10-10 12:25:29,229] {dag.py:2420} INFO - Sync 1 DAGs
[2023-10-10 12:25:29,257] {logging_mixin.py:115} INFO - [2023-10-10 12:25:29,257] {dag.py:2972} INFO - Setting next_dagrun for example_trigger_target_dag to None, run_after=None
[2023-10-10 12:25:29,269] {processor.py:161} INFO - Processing /home/airflow/.local/lib/python3.7/site-packages/airflow/example_dags/example_trigger_target_dag.py took 0.113 seconds
[2023-10-10 12:26:00,059] {processor.py:153} INFO - Started process (PID=2642) to work on /home/airflow/.local/lib/python3.7/site-packages/airflow/example_dags/example_trigger_target_dag.py
[2023-10-10 12:26:00,061] {processor.py:641} INFO - Processing file /home/airflow/.local/lib/python3.7/site-packages/airflow/example_dags/example_trigger_target_dag.py for tasks to queue
[2023-10-10 12:26:00,061] {logging_mixin.py:115} INFO - [2023-10-10 12:26:00,061] {dagbag.py:508} INFO - Filling up the DagBag from /home/airflow/.local/lib/python3.7/site-packages/airflow/example_dags/example_trigger_target_dag.py
[2023-10-10 12:26:00,084] {processor.py:651} INFO - DAG(s) dict_keys(['example_trigger_target_dag']) retrieved from /home/airflow/.local/lib/python3.7/site-packages/airflow/example_dags/example_trigger_target_dag.py
[2023-10-10 12:26:00,124] {logging_mixin.py:115} INFO - [2023-10-10 12:26:00,124] {dag.py:2420} INFO - Sync 1 DAGs
[2023-10-10 12:26:00,153] {logging_mixin.py:115} INFO - [2023-10-10 12:26:00,153] {dag.py:2972} INFO - Setting next_dagrun for example_trigger_target_dag to None, run_after=None
[2023-10-10 12:26:00,166] {processor.py:161} INFO - Processing /home/airflow/.local/lib/python3.7/site-packages/airflow/example_dags/example_trigger_target_dag.py took 0.112 seconds
[2023-10-10 12:26:30,864] {processor.py:153} INFO - Started process (PID=2704) to work on /home/airflow/.local/lib/python3.7/site-packages/airflow/example_dags/example_trigger_target_dag.py
[2023-10-10 12:26:30,865] {processor.py:641} INFO - Processing file /home/airflow/.local/lib/python3.7/site-packages/airflow/example_dags/example_trigger_target_dag.py for tasks to queue
[2023-10-10 12:26:30,865] {logging_mixin.py:115} INFO - [2023-10-10 12:26:30,865] {dagbag.py:508} INFO - Filling up the DagBag from /home/airflow/.local/lib/python3.7/site-packages/airflow/example_dags/example_trigger_target_dag.py
[2023-10-10 12:26:30,885] {processor.py:651} INFO - DAG(s) dict_keys(['example_trigger_target_dag']) retrieved from /home/airflow/.local/lib/python3.7/site-packages/airflow/example_dags/example_trigger_target_dag.py
[2023-10-10 12:26:30,922] {logging_mixin.py:115} INFO - [2023-10-10 12:26:30,922] {dag.py:2420} INFO - Sync 1 DAGs
[2023-10-10 12:26:30,950] {logging_mixin.py:115} INFO - [2023-10-10 12:26:30,949] {dag.py:2972} INFO - Setting next_dagrun for example_trigger_target_dag to None, run_after=None
[2023-10-10 12:26:30,962] {processor.py:161} INFO - Processing /home/airflow/.local/lib/python3.7/site-packages/airflow/example_dags/example_trigger_target_dag.py took 0.104 seconds
