[2023-10-10 12:03:41,878] {processor.py:153} INFO - Started process (PID=100) to work on /home/airflow/.local/lib/python3.7/site-packages/airflow/example_dags/example_complex.py
[2023-10-10 12:03:41,895] {processor.py:641} INFO - Processing file /home/airflow/.local/lib/python3.7/site-packages/airflow/example_dags/example_complex.py for tasks to queue
[2023-10-10 12:03:41,896] {logging_mixin.py:115} INFO - [2023-10-10 12:03:41,896] {dagbag.py:508} INFO - Filling up the DagBag from /home/airflow/.local/lib/python3.7/site-packages/airflow/example_dags/example_complex.py
[2023-10-10 12:03:42,019] {processor.py:651} INFO - DAG(s) dict_keys(['example_complex']) retrieved from /home/airflow/.local/lib/python3.7/site-packages/airflow/example_dags/example_complex.py
[2023-10-10 12:03:42,760] {logging_mixin.py:115} INFO - [2023-10-10 12:03:42,760] {manager.py:508} INFO - Created Permission View: can read on DAG:example_complex
[2023-10-10 12:03:42,917] {logging_mixin.py:115} INFO - [2023-10-10 12:03:42,916] {manager.py:508} INFO - Created Permission View: can edit on DAG:example_complex
[2023-10-10 12:03:42,941] {logging_mixin.py:115} INFO - [2023-10-10 12:03:42,941] {manager.py:508} INFO - Created Permission View: can delete on DAG:example_complex
[2023-10-10 12:03:42,942] {logging_mixin.py:115} INFO - [2023-10-10 12:03:42,942] {dag.py:2420} INFO - Sync 1 DAGs
[2023-10-10 12:03:43,038] {logging_mixin.py:115} INFO - [2023-10-10 12:03:43,038] {dag.py:2439} INFO - Creating ORM DAG for example_complex
[2023-10-10 12:03:43,121] {logging_mixin.py:115} INFO - [2023-10-10 12:03:43,121] {dag.py:2972} INFO - Setting next_dagrun for example_complex to None, run_after=None
[2023-10-10 12:03:43,276] {processor.py:161} INFO - Processing /home/airflow/.local/lib/python3.7/site-packages/airflow/example_dags/example_complex.py took 1.459 seconds
[2023-10-10 12:04:13,565] {processor.py:153} INFO - Started process (PID=152) to work on /home/airflow/.local/lib/python3.7/site-packages/airflow/example_dags/example_complex.py
[2023-10-10 12:04:13,566] {processor.py:641} INFO - Processing file /home/airflow/.local/lib/python3.7/site-packages/airflow/example_dags/example_complex.py for tasks to queue
[2023-10-10 12:04:13,566] {logging_mixin.py:115} INFO - [2023-10-10 12:04:13,566] {dagbag.py:508} INFO - Filling up the DagBag from /home/airflow/.local/lib/python3.7/site-packages/airflow/example_dags/example_complex.py
[2023-10-10 12:04:13,595] {processor.py:651} INFO - DAG(s) dict_keys(['example_complex']) retrieved from /home/airflow/.local/lib/python3.7/site-packages/airflow/example_dags/example_complex.py
[2023-10-10 12:04:13,665] {logging_mixin.py:115} INFO - [2023-10-10 12:04:13,664] {dag.py:2420} INFO - Sync 1 DAGs
[2023-10-10 12:04:13,701] {logging_mixin.py:115} INFO - [2023-10-10 12:04:13,700] {dag.py:2972} INFO - Setting next_dagrun for example_complex to None, run_after=None
[2023-10-10 12:04:13,725] {processor.py:161} INFO - Processing /home/airflow/.local/lib/python3.7/site-packages/airflow/example_dags/example_complex.py took 0.164 seconds
[2023-10-10 12:04:44,416] {processor.py:153} INFO - Started process (PID=213) to work on /home/airflow/.local/lib/python3.7/site-packages/airflow/example_dags/example_complex.py
[2023-10-10 12:04:44,417] {processor.py:641} INFO - Processing file /home/airflow/.local/lib/python3.7/site-packages/airflow/example_dags/example_complex.py for tasks to queue
[2023-10-10 12:04:44,417] {logging_mixin.py:115} INFO - [2023-10-10 12:04:44,417] {dagbag.py:508} INFO - Filling up the DagBag from /home/airflow/.local/lib/python3.7/site-packages/airflow/example_dags/example_complex.py
[2023-10-10 12:04:44,433] {processor.py:651} INFO - DAG(s) dict_keys(['example_complex']) retrieved from /home/airflow/.local/lib/python3.7/site-packages/airflow/example_dags/example_complex.py
[2023-10-10 12:04:44,479] {logging_mixin.py:115} INFO - [2023-10-10 12:04:44,479] {dag.py:2420} INFO - Sync 1 DAGs
[2023-10-10 12:04:44,506] {logging_mixin.py:115} INFO - [2023-10-10 12:04:44,506] {dag.py:2972} INFO - Setting next_dagrun for example_complex to None, run_after=None
[2023-10-10 12:04:44,536] {processor.py:161} INFO - Processing /home/airflow/.local/lib/python3.7/site-packages/airflow/example_dags/example_complex.py took 0.129 seconds
[2023-10-10 12:05:15,110] {processor.py:153} INFO - Started process (PID=265) to work on /home/airflow/.local/lib/python3.7/site-packages/airflow/example_dags/example_complex.py
[2023-10-10 12:05:15,110] {processor.py:641} INFO - Processing file /home/airflow/.local/lib/python3.7/site-packages/airflow/example_dags/example_complex.py for tasks to queue
[2023-10-10 12:05:15,111] {logging_mixin.py:115} INFO - [2023-10-10 12:05:15,111] {dagbag.py:508} INFO - Filling up the DagBag from /home/airflow/.local/lib/python3.7/site-packages/airflow/example_dags/example_complex.py
[2023-10-10 12:05:15,127] {processor.py:651} INFO - DAG(s) dict_keys(['example_complex']) retrieved from /home/airflow/.local/lib/python3.7/site-packages/airflow/example_dags/example_complex.py
[2023-10-10 12:05:15,179] {logging_mixin.py:115} INFO - [2023-10-10 12:05:15,178] {dag.py:2420} INFO - Sync 1 DAGs
[2023-10-10 12:05:15,213] {logging_mixin.py:115} INFO - [2023-10-10 12:05:15,213] {dag.py:2972} INFO - Setting next_dagrun for example_complex to None, run_after=None
[2023-10-10 12:05:15,228] {processor.py:161} INFO - Processing /home/airflow/.local/lib/python3.7/site-packages/airflow/example_dags/example_complex.py took 0.123 seconds
[2023-10-10 12:05:45,736] {processor.py:153} INFO - Started process (PID=327) to work on /home/airflow/.local/lib/python3.7/site-packages/airflow/example_dags/example_complex.py
[2023-10-10 12:05:45,737] {processor.py:641} INFO - Processing file /home/airflow/.local/lib/python3.7/site-packages/airflow/example_dags/example_complex.py for tasks to queue
[2023-10-10 12:05:45,738] {logging_mixin.py:115} INFO - [2023-10-10 12:05:45,738] {dagbag.py:508} INFO - Filling up the DagBag from /home/airflow/.local/lib/python3.7/site-packages/airflow/example_dags/example_complex.py
[2023-10-10 12:05:45,763] {processor.py:651} INFO - DAG(s) dict_keys(['example_complex']) retrieved from /home/airflow/.local/lib/python3.7/site-packages/airflow/example_dags/example_complex.py
[2023-10-10 12:05:45,861] {logging_mixin.py:115} INFO - [2023-10-10 12:05:45,861] {dag.py:2420} INFO - Sync 1 DAGs
[2023-10-10 12:05:45,916] {logging_mixin.py:115} INFO - [2023-10-10 12:05:45,916] {dag.py:2972} INFO - Setting next_dagrun for example_complex to None, run_after=None
[2023-10-10 12:05:45,940] {processor.py:161} INFO - Processing /home/airflow/.local/lib/python3.7/site-packages/airflow/example_dags/example_complex.py took 0.217 seconds
[2023-10-10 12:06:16,402] {processor.py:153} INFO - Started process (PID=388) to work on /home/airflow/.local/lib/python3.7/site-packages/airflow/example_dags/example_complex.py
[2023-10-10 12:06:16,403] {processor.py:641} INFO - Processing file /home/airflow/.local/lib/python3.7/site-packages/airflow/example_dags/example_complex.py for tasks to queue
[2023-10-10 12:06:16,404] {logging_mixin.py:115} INFO - [2023-10-10 12:06:16,403] {dagbag.py:508} INFO - Filling up the DagBag from /home/airflow/.local/lib/python3.7/site-packages/airflow/example_dags/example_complex.py
[2023-10-10 12:06:16,436] {processor.py:651} INFO - DAG(s) dict_keys(['example_complex']) retrieved from /home/airflow/.local/lib/python3.7/site-packages/airflow/example_dags/example_complex.py
[2023-10-10 12:06:16,538] {logging_mixin.py:115} INFO - [2023-10-10 12:06:16,538] {dag.py:2420} INFO - Sync 1 DAGs
[2023-10-10 12:06:16,602] {logging_mixin.py:115} INFO - [2023-10-10 12:06:16,602] {dag.py:2972} INFO - Setting next_dagrun for example_complex to None, run_after=None
[2023-10-10 12:06:16,639] {processor.py:161} INFO - Processing /home/airflow/.local/lib/python3.7/site-packages/airflow/example_dags/example_complex.py took 0.242 seconds
[2023-10-10 12:06:46,691] {processor.py:153} INFO - Started process (PID=441) to work on /home/airflow/.local/lib/python3.7/site-packages/airflow/example_dags/example_complex.py
[2023-10-10 12:06:46,691] {processor.py:641} INFO - Processing file /home/airflow/.local/lib/python3.7/site-packages/airflow/example_dags/example_complex.py for tasks to queue
[2023-10-10 12:06:46,692] {logging_mixin.py:115} INFO - [2023-10-10 12:06:46,692] {dagbag.py:508} INFO - Filling up the DagBag from /home/airflow/.local/lib/python3.7/site-packages/airflow/example_dags/example_complex.py
[2023-10-10 12:06:46,707] {processor.py:651} INFO - DAG(s) dict_keys(['example_complex']) retrieved from /home/airflow/.local/lib/python3.7/site-packages/airflow/example_dags/example_complex.py
[2023-10-10 12:06:46,754] {logging_mixin.py:115} INFO - [2023-10-10 12:06:46,753] {dag.py:2420} INFO - Sync 1 DAGs
[2023-10-10 12:06:46,783] {logging_mixin.py:115} INFO - [2023-10-10 12:06:46,782] {dag.py:2972} INFO - Setting next_dagrun for example_complex to None, run_after=None
[2023-10-10 12:06:46,798] {processor.py:161} INFO - Processing /home/airflow/.local/lib/python3.7/site-packages/airflow/example_dags/example_complex.py took 0.112 seconds
[2023-10-10 12:07:17,010] {processor.py:153} INFO - Started process (PID=502) to work on /home/airflow/.local/lib/python3.7/site-packages/airflow/example_dags/example_complex.py
[2023-10-10 12:07:17,011] {processor.py:641} INFO - Processing file /home/airflow/.local/lib/python3.7/site-packages/airflow/example_dags/example_complex.py for tasks to queue
[2023-10-10 12:07:17,011] {logging_mixin.py:115} INFO - [2023-10-10 12:07:17,011] {dagbag.py:508} INFO - Filling up the DagBag from /home/airflow/.local/lib/python3.7/site-packages/airflow/example_dags/example_complex.py
[2023-10-10 12:07:17,028] {processor.py:651} INFO - DAG(s) dict_keys(['example_complex']) retrieved from /home/airflow/.local/lib/python3.7/site-packages/airflow/example_dags/example_complex.py
[2023-10-10 12:07:17,082] {logging_mixin.py:115} INFO - [2023-10-10 12:07:17,082] {dag.py:2420} INFO - Sync 1 DAGs
[2023-10-10 12:07:17,111] {logging_mixin.py:115} INFO - [2023-10-10 12:07:17,111] {dag.py:2972} INFO - Setting next_dagrun for example_complex to None, run_after=None
[2023-10-10 12:07:17,126] {processor.py:161} INFO - Processing /home/airflow/.local/lib/python3.7/site-packages/airflow/example_dags/example_complex.py took 0.121 seconds
[2023-10-10 12:07:47,288] {processor.py:153} INFO - Started process (PID=554) to work on /home/airflow/.local/lib/python3.7/site-packages/airflow/example_dags/example_complex.py
[2023-10-10 12:07:47,289] {processor.py:641} INFO - Processing file /home/airflow/.local/lib/python3.7/site-packages/airflow/example_dags/example_complex.py for tasks to queue
[2023-10-10 12:07:47,289] {logging_mixin.py:115} INFO - [2023-10-10 12:07:47,289] {dagbag.py:508} INFO - Filling up the DagBag from /home/airflow/.local/lib/python3.7/site-packages/airflow/example_dags/example_complex.py
[2023-10-10 12:07:47,309] {processor.py:651} INFO - DAG(s) dict_keys(['example_complex']) retrieved from /home/airflow/.local/lib/python3.7/site-packages/airflow/example_dags/example_complex.py
[2023-10-10 12:07:47,376] {logging_mixin.py:115} INFO - [2023-10-10 12:07:47,376] {dag.py:2420} INFO - Sync 1 DAGs
[2023-10-10 12:07:47,413] {logging_mixin.py:115} INFO - [2023-10-10 12:07:47,413] {dag.py:2972} INFO - Setting next_dagrun for example_complex to None, run_after=None
[2023-10-10 12:07:47,426] {processor.py:161} INFO - Processing /home/airflow/.local/lib/python3.7/site-packages/airflow/example_dags/example_complex.py took 0.144 seconds
[2023-10-10 12:08:17,753] {processor.py:153} INFO - Started process (PID=615) to work on /home/airflow/.local/lib/python3.7/site-packages/airflow/example_dags/example_complex.py
[2023-10-10 12:08:17,754] {processor.py:641} INFO - Processing file /home/airflow/.local/lib/python3.7/site-packages/airflow/example_dags/example_complex.py for tasks to queue
[2023-10-10 12:08:17,755] {logging_mixin.py:115} INFO - [2023-10-10 12:08:17,754] {dagbag.py:508} INFO - Filling up the DagBag from /home/airflow/.local/lib/python3.7/site-packages/airflow/example_dags/example_complex.py
[2023-10-10 12:08:17,771] {processor.py:651} INFO - DAG(s) dict_keys(['example_complex']) retrieved from /home/airflow/.local/lib/python3.7/site-packages/airflow/example_dags/example_complex.py
[2023-10-10 12:08:17,817] {logging_mixin.py:115} INFO - [2023-10-10 12:08:17,817] {dag.py:2420} INFO - Sync 1 DAGs
[2023-10-10 12:08:17,856] {logging_mixin.py:115} INFO - [2023-10-10 12:08:17,856] {dag.py:2972} INFO - Setting next_dagrun for example_complex to None, run_after=None
[2023-10-10 12:08:17,870] {processor.py:161} INFO - Processing /home/airflow/.local/lib/python3.7/site-packages/airflow/example_dags/example_complex.py took 0.122 seconds
[2023-10-10 12:08:48,202] {processor.py:153} INFO - Started process (PID=677) to work on /home/airflow/.local/lib/python3.7/site-packages/airflow/example_dags/example_complex.py
[2023-10-10 12:08:48,203] {processor.py:641} INFO - Processing file /home/airflow/.local/lib/python3.7/site-packages/airflow/example_dags/example_complex.py for tasks to queue
[2023-10-10 12:08:48,203] {logging_mixin.py:115} INFO - [2023-10-10 12:08:48,203] {dagbag.py:508} INFO - Filling up the DagBag from /home/airflow/.local/lib/python3.7/site-packages/airflow/example_dags/example_complex.py
[2023-10-10 12:08:48,237] {processor.py:651} INFO - DAG(s) dict_keys(['example_complex']) retrieved from /home/airflow/.local/lib/python3.7/site-packages/airflow/example_dags/example_complex.py
[2023-10-10 12:08:48,304] {logging_mixin.py:115} INFO - [2023-10-10 12:08:48,304] {dag.py:2420} INFO - Sync 1 DAGs
[2023-10-10 12:08:48,340] {logging_mixin.py:115} INFO - [2023-10-10 12:08:48,340] {dag.py:2972} INFO - Setting next_dagrun for example_complex to None, run_after=None
[2023-10-10 12:08:48,363] {processor.py:161} INFO - Processing /home/airflow/.local/lib/python3.7/site-packages/airflow/example_dags/example_complex.py took 0.166 seconds
[2023-10-10 12:09:18,726] {processor.py:153} INFO - Started process (PID=730) to work on /home/airflow/.local/lib/python3.7/site-packages/airflow/example_dags/example_complex.py
[2023-10-10 12:09:18,726] {processor.py:641} INFO - Processing file /home/airflow/.local/lib/python3.7/site-packages/airflow/example_dags/example_complex.py for tasks to queue
[2023-10-10 12:09:18,727] {logging_mixin.py:115} INFO - [2023-10-10 12:09:18,727] {dagbag.py:508} INFO - Filling up the DagBag from /home/airflow/.local/lib/python3.7/site-packages/airflow/example_dags/example_complex.py
[2023-10-10 12:09:18,743] {processor.py:651} INFO - DAG(s) dict_keys(['example_complex']) retrieved from /home/airflow/.local/lib/python3.7/site-packages/airflow/example_dags/example_complex.py
[2023-10-10 12:09:18,793] {logging_mixin.py:115} INFO - [2023-10-10 12:09:18,793] {dag.py:2420} INFO - Sync 1 DAGs
[2023-10-10 12:09:18,841] {logging_mixin.py:115} INFO - [2023-10-10 12:09:18,841] {dag.py:2972} INFO - Setting next_dagrun for example_complex to None, run_after=None
[2023-10-10 12:09:18,864] {processor.py:161} INFO - Processing /home/airflow/.local/lib/python3.7/site-packages/airflow/example_dags/example_complex.py took 0.143 seconds
[2023-10-10 12:09:49,436] {processor.py:153} INFO - Started process (PID=792) to work on /home/airflow/.local/lib/python3.7/site-packages/airflow/example_dags/example_complex.py
[2023-10-10 12:09:49,437] {processor.py:641} INFO - Processing file /home/airflow/.local/lib/python3.7/site-packages/airflow/example_dags/example_complex.py for tasks to queue
[2023-10-10 12:09:49,437] {logging_mixin.py:115} INFO - [2023-10-10 12:09:49,437] {dagbag.py:508} INFO - Filling up the DagBag from /home/airflow/.local/lib/python3.7/site-packages/airflow/example_dags/example_complex.py
[2023-10-10 12:09:49,454] {processor.py:651} INFO - DAG(s) dict_keys(['example_complex']) retrieved from /home/airflow/.local/lib/python3.7/site-packages/airflow/example_dags/example_complex.py
[2023-10-10 12:09:49,500] {logging_mixin.py:115} INFO - [2023-10-10 12:09:49,500] {dag.py:2420} INFO - Sync 1 DAGs
[2023-10-10 12:09:49,528] {logging_mixin.py:115} INFO - [2023-10-10 12:09:49,528] {dag.py:2972} INFO - Setting next_dagrun for example_complex to None, run_after=None
[2023-10-10 12:09:49,542] {processor.py:161} INFO - Processing /home/airflow/.local/lib/python3.7/site-packages/airflow/example_dags/example_complex.py took 0.111 seconds
[2023-10-10 12:10:19,907] {processor.py:153} INFO - Started process (PID=844) to work on /home/airflow/.local/lib/python3.7/site-packages/airflow/example_dags/example_complex.py
[2023-10-10 12:10:19,916] {processor.py:641} INFO - Processing file /home/airflow/.local/lib/python3.7/site-packages/airflow/example_dags/example_complex.py for tasks to queue
[2023-10-10 12:10:19,917] {logging_mixin.py:115} INFO - [2023-10-10 12:10:19,917] {dagbag.py:508} INFO - Filling up the DagBag from /home/airflow/.local/lib/python3.7/site-packages/airflow/example_dags/example_complex.py
[2023-10-10 12:10:19,942] {processor.py:651} INFO - DAG(s) dict_keys(['example_complex']) retrieved from /home/airflow/.local/lib/python3.7/site-packages/airflow/example_dags/example_complex.py
[2023-10-10 12:10:20,088] {logging_mixin.py:115} INFO - [2023-10-10 12:10:20,087] {dag.py:2420} INFO - Sync 1 DAGs
[2023-10-10 12:10:20,161] {logging_mixin.py:115} INFO - [2023-10-10 12:10:20,161] {dag.py:2972} INFO - Setting next_dagrun for example_complex to None, run_after=None
[2023-10-10 12:10:20,216] {processor.py:161} INFO - Processing /home/airflow/.local/lib/python3.7/site-packages/airflow/example_dags/example_complex.py took 0.314 seconds
[2023-10-10 12:10:50,670] {processor.py:153} INFO - Started process (PID=906) to work on /home/airflow/.local/lib/python3.7/site-packages/airflow/example_dags/example_complex.py
[2023-10-10 12:10:50,675] {processor.py:641} INFO - Processing file /home/airflow/.local/lib/python3.7/site-packages/airflow/example_dags/example_complex.py for tasks to queue
[2023-10-10 12:10:50,676] {logging_mixin.py:115} INFO - [2023-10-10 12:10:50,676] {dagbag.py:508} INFO - Filling up the DagBag from /home/airflow/.local/lib/python3.7/site-packages/airflow/example_dags/example_complex.py
[2023-10-10 12:10:50,692] {processor.py:651} INFO - DAG(s) dict_keys(['example_complex']) retrieved from /home/airflow/.local/lib/python3.7/site-packages/airflow/example_dags/example_complex.py
[2023-10-10 12:10:50,737] {logging_mixin.py:115} INFO - [2023-10-10 12:10:50,737] {dag.py:2420} INFO - Sync 1 DAGs
[2023-10-10 12:10:50,765] {logging_mixin.py:115} INFO - [2023-10-10 12:10:50,765] {dag.py:2972} INFO - Setting next_dagrun for example_complex to None, run_after=None
[2023-10-10 12:10:50,779] {processor.py:161} INFO - Processing /home/airflow/.local/lib/python3.7/site-packages/airflow/example_dags/example_complex.py took 0.113 seconds
[2023-10-10 12:11:21,240] {processor.py:153} INFO - Started process (PID=967) to work on /home/airflow/.local/lib/python3.7/site-packages/airflow/example_dags/example_complex.py
[2023-10-10 12:11:21,241] {processor.py:641} INFO - Processing file /home/airflow/.local/lib/python3.7/site-packages/airflow/example_dags/example_complex.py for tasks to queue
[2023-10-10 12:11:21,242] {logging_mixin.py:115} INFO - [2023-10-10 12:11:21,242] {dagbag.py:508} INFO - Filling up the DagBag from /home/airflow/.local/lib/python3.7/site-packages/airflow/example_dags/example_complex.py
[2023-10-10 12:11:21,258] {processor.py:651} INFO - DAG(s) dict_keys(['example_complex']) retrieved from /home/airflow/.local/lib/python3.7/site-packages/airflow/example_dags/example_complex.py
[2023-10-10 12:11:21,302] {logging_mixin.py:115} INFO - [2023-10-10 12:11:21,302] {dag.py:2420} INFO - Sync 1 DAGs
[2023-10-10 12:11:21,330] {logging_mixin.py:115} INFO - [2023-10-10 12:11:21,330] {dag.py:2972} INFO - Setting next_dagrun for example_complex to None, run_after=None
[2023-10-10 12:11:21,343] {processor.py:161} INFO - Processing /home/airflow/.local/lib/python3.7/site-packages/airflow/example_dags/example_complex.py took 0.108 seconds
[2023-10-10 12:11:51,765] {processor.py:153} INFO - Started process (PID=1019) to work on /home/airflow/.local/lib/python3.7/site-packages/airflow/example_dags/example_complex.py
[2023-10-10 12:11:51,766] {processor.py:641} INFO - Processing file /home/airflow/.local/lib/python3.7/site-packages/airflow/example_dags/example_complex.py for tasks to queue
[2023-10-10 12:11:51,767] {logging_mixin.py:115} INFO - [2023-10-10 12:11:51,766] {dagbag.py:508} INFO - Filling up the DagBag from /home/airflow/.local/lib/python3.7/site-packages/airflow/example_dags/example_complex.py
[2023-10-10 12:11:51,782] {processor.py:651} INFO - DAG(s) dict_keys(['example_complex']) retrieved from /home/airflow/.local/lib/python3.7/site-packages/airflow/example_dags/example_complex.py
[2023-10-10 12:11:51,830] {logging_mixin.py:115} INFO - [2023-10-10 12:11:51,830] {dag.py:2420} INFO - Sync 1 DAGs
[2023-10-10 12:11:51,857] {logging_mixin.py:115} INFO - [2023-10-10 12:11:51,857] {dag.py:2972} INFO - Setting next_dagrun for example_complex to None, run_after=None
[2023-10-10 12:11:51,871] {processor.py:161} INFO - Processing /home/airflow/.local/lib/python3.7/site-packages/airflow/example_dags/example_complex.py took 0.111 seconds
[2023-10-10 12:12:22,198] {processor.py:153} INFO - Started process (PID=1080) to work on /home/airflow/.local/lib/python3.7/site-packages/airflow/example_dags/example_complex.py
[2023-10-10 12:12:22,199] {processor.py:641} INFO - Processing file /home/airflow/.local/lib/python3.7/site-packages/airflow/example_dags/example_complex.py for tasks to queue
[2023-10-10 12:12:22,200] {logging_mixin.py:115} INFO - [2023-10-10 12:12:22,200] {dagbag.py:508} INFO - Filling up the DagBag from /home/airflow/.local/lib/python3.7/site-packages/airflow/example_dags/example_complex.py
[2023-10-10 12:12:22,216] {processor.py:651} INFO - DAG(s) dict_keys(['example_complex']) retrieved from /home/airflow/.local/lib/python3.7/site-packages/airflow/example_dags/example_complex.py
[2023-10-10 12:12:22,263] {logging_mixin.py:115} INFO - [2023-10-10 12:12:22,263] {dag.py:2420} INFO - Sync 1 DAGs
[2023-10-10 12:12:22,291] {logging_mixin.py:115} INFO - [2023-10-10 12:12:22,291] {dag.py:2972} INFO - Setting next_dagrun for example_complex to None, run_after=None
[2023-10-10 12:12:22,306] {processor.py:161} INFO - Processing /home/airflow/.local/lib/python3.7/site-packages/airflow/example_dags/example_complex.py took 0.112 seconds
[2023-10-10 12:12:52,910] {processor.py:153} INFO - Started process (PID=1141) to work on /home/airflow/.local/lib/python3.7/site-packages/airflow/example_dags/example_complex.py
[2023-10-10 12:12:52,915] {processor.py:641} INFO - Processing file /home/airflow/.local/lib/python3.7/site-packages/airflow/example_dags/example_complex.py for tasks to queue
[2023-10-10 12:12:52,916] {logging_mixin.py:115} INFO - [2023-10-10 12:12:52,916] {dagbag.py:508} INFO - Filling up the DagBag from /home/airflow/.local/lib/python3.7/site-packages/airflow/example_dags/example_complex.py
[2023-10-10 12:12:52,936] {processor.py:651} INFO - DAG(s) dict_keys(['example_complex']) retrieved from /home/airflow/.local/lib/python3.7/site-packages/airflow/example_dags/example_complex.py
[2023-10-10 12:12:53,005] {logging_mixin.py:115} INFO - [2023-10-10 12:12:53,005] {dag.py:2420} INFO - Sync 1 DAGs
[2023-10-10 12:12:53,047] {logging_mixin.py:115} INFO - [2023-10-10 12:12:53,047] {dag.py:2972} INFO - Setting next_dagrun for example_complex to None, run_after=None
[2023-10-10 12:12:53,066] {processor.py:161} INFO - Processing /home/airflow/.local/lib/python3.7/site-packages/airflow/example_dags/example_complex.py took 0.160 seconds
[2023-10-10 12:13:23,585] {processor.py:153} INFO - Started process (PID=1193) to work on /home/airflow/.local/lib/python3.7/site-packages/airflow/example_dags/example_complex.py
[2023-10-10 12:13:23,586] {processor.py:641} INFO - Processing file /home/airflow/.local/lib/python3.7/site-packages/airflow/example_dags/example_complex.py for tasks to queue
[2023-10-10 12:13:23,586] {logging_mixin.py:115} INFO - [2023-10-10 12:13:23,586] {dagbag.py:508} INFO - Filling up the DagBag from /home/airflow/.local/lib/python3.7/site-packages/airflow/example_dags/example_complex.py
[2023-10-10 12:13:23,602] {processor.py:651} INFO - DAG(s) dict_keys(['example_complex']) retrieved from /home/airflow/.local/lib/python3.7/site-packages/airflow/example_dags/example_complex.py
[2023-10-10 12:13:23,645] {logging_mixin.py:115} INFO - [2023-10-10 12:13:23,645] {dag.py:2420} INFO - Sync 1 DAGs
[2023-10-10 12:13:23,676] {logging_mixin.py:115} INFO - [2023-10-10 12:13:23,676] {dag.py:2972} INFO - Setting next_dagrun for example_complex to None, run_after=None
[2023-10-10 12:13:23,690] {processor.py:161} INFO - Processing /home/airflow/.local/lib/python3.7/site-packages/airflow/example_dags/example_complex.py took 0.110 seconds
[2023-10-10 12:13:54,212] {processor.py:153} INFO - Started process (PID=1255) to work on /home/airflow/.local/lib/python3.7/site-packages/airflow/example_dags/example_complex.py
[2023-10-10 12:13:54,213] {processor.py:641} INFO - Processing file /home/airflow/.local/lib/python3.7/site-packages/airflow/example_dags/example_complex.py for tasks to queue
[2023-10-10 12:13:54,213] {logging_mixin.py:115} INFO - [2023-10-10 12:13:54,213] {dagbag.py:508} INFO - Filling up the DagBag from /home/airflow/.local/lib/python3.7/site-packages/airflow/example_dags/example_complex.py
[2023-10-10 12:13:54,230] {processor.py:651} INFO - DAG(s) dict_keys(['example_complex']) retrieved from /home/airflow/.local/lib/python3.7/site-packages/airflow/example_dags/example_complex.py
[2023-10-10 12:13:54,316] {logging_mixin.py:115} INFO - [2023-10-10 12:13:54,316] {dag.py:2420} INFO - Sync 1 DAGs
[2023-10-10 12:13:54,349] {logging_mixin.py:115} INFO - [2023-10-10 12:13:54,348] {dag.py:2972} INFO - Setting next_dagrun for example_complex to None, run_after=None
[2023-10-10 12:13:54,368] {processor.py:161} INFO - Processing /home/airflow/.local/lib/python3.7/site-packages/airflow/example_dags/example_complex.py took 0.160 seconds
[2023-10-10 12:14:24,505] {processor.py:153} INFO - Started process (PID=1308) to work on /home/airflow/.local/lib/python3.7/site-packages/airflow/example_dags/example_complex.py
[2023-10-10 12:14:24,506] {processor.py:641} INFO - Processing file /home/airflow/.local/lib/python3.7/site-packages/airflow/example_dags/example_complex.py for tasks to queue
[2023-10-10 12:14:24,507] {logging_mixin.py:115} INFO - [2023-10-10 12:14:24,507] {dagbag.py:508} INFO - Filling up the DagBag from /home/airflow/.local/lib/python3.7/site-packages/airflow/example_dags/example_complex.py
[2023-10-10 12:14:24,523] {processor.py:651} INFO - DAG(s) dict_keys(['example_complex']) retrieved from /home/airflow/.local/lib/python3.7/site-packages/airflow/example_dags/example_complex.py
[2023-10-10 12:14:24,572] {logging_mixin.py:115} INFO - [2023-10-10 12:14:24,571] {dag.py:2420} INFO - Sync 1 DAGs
[2023-10-10 12:14:24,600] {logging_mixin.py:115} INFO - [2023-10-10 12:14:24,600] {dag.py:2972} INFO - Setting next_dagrun for example_complex to None, run_after=None
[2023-10-10 12:14:24,622] {processor.py:161} INFO - Processing /home/airflow/.local/lib/python3.7/site-packages/airflow/example_dags/example_complex.py took 0.121 seconds
[2023-10-10 12:14:56,495] {processor.py:153} INFO - Started process (PID=1370) to work on /home/airflow/.local/lib/python3.7/site-packages/airflow/example_dags/example_complex.py
[2023-10-10 12:14:56,496] {processor.py:641} INFO - Processing file /home/airflow/.local/lib/python3.7/site-packages/airflow/example_dags/example_complex.py for tasks to queue
[2023-10-10 12:14:56,497] {logging_mixin.py:115} INFO - [2023-10-10 12:14:56,496] {dagbag.py:508} INFO - Filling up the DagBag from /home/airflow/.local/lib/python3.7/site-packages/airflow/example_dags/example_complex.py
[2023-10-10 12:14:56,513] {processor.py:651} INFO - DAG(s) dict_keys(['example_complex']) retrieved from /home/airflow/.local/lib/python3.7/site-packages/airflow/example_dags/example_complex.py
[2023-10-10 12:14:56,560] {logging_mixin.py:115} INFO - [2023-10-10 12:14:56,560] {dag.py:2420} INFO - Sync 1 DAGs
[2023-10-10 12:14:56,588] {logging_mixin.py:115} INFO - [2023-10-10 12:14:56,588] {dag.py:2972} INFO - Setting next_dagrun for example_complex to None, run_after=None
[2023-10-10 12:14:56,603] {processor.py:161} INFO - Processing /home/airflow/.local/lib/python3.7/site-packages/airflow/example_dags/example_complex.py took 0.113 seconds
[2023-10-10 12:15:27,461] {processor.py:153} INFO - Started process (PID=1435) to work on /home/airflow/.local/lib/python3.7/site-packages/airflow/example_dags/example_complex.py
[2023-10-10 12:15:27,462] {processor.py:641} INFO - Processing file /home/airflow/.local/lib/python3.7/site-packages/airflow/example_dags/example_complex.py for tasks to queue
[2023-10-10 12:15:27,463] {logging_mixin.py:115} INFO - [2023-10-10 12:15:27,462] {dagbag.py:508} INFO - Filling up the DagBag from /home/airflow/.local/lib/python3.7/site-packages/airflow/example_dags/example_complex.py
[2023-10-10 12:15:27,487] {processor.py:651} INFO - DAG(s) dict_keys(['example_complex']) retrieved from /home/airflow/.local/lib/python3.7/site-packages/airflow/example_dags/example_complex.py
[2023-10-10 12:15:27,559] {logging_mixin.py:115} INFO - [2023-10-10 12:15:27,559] {dag.py:2420} INFO - Sync 1 DAGs
[2023-10-10 12:15:27,590] {logging_mixin.py:115} INFO - [2023-10-10 12:15:27,590] {dag.py:2972} INFO - Setting next_dagrun for example_complex to None, run_after=None
[2023-10-10 12:15:27,604] {processor.py:161} INFO - Processing /home/airflow/.local/lib/python3.7/site-packages/airflow/example_dags/example_complex.py took 0.148 seconds
[2023-10-10 12:15:58,199] {processor.py:153} INFO - Started process (PID=1490) to work on /home/airflow/.local/lib/python3.7/site-packages/airflow/example_dags/example_complex.py
[2023-10-10 12:15:58,200] {processor.py:641} INFO - Processing file /home/airflow/.local/lib/python3.7/site-packages/airflow/example_dags/example_complex.py for tasks to queue
[2023-10-10 12:15:58,200] {logging_mixin.py:115} INFO - [2023-10-10 12:15:58,200] {dagbag.py:508} INFO - Filling up the DagBag from /home/airflow/.local/lib/python3.7/site-packages/airflow/example_dags/example_complex.py
[2023-10-10 12:15:58,218] {processor.py:651} INFO - DAG(s) dict_keys(['example_complex']) retrieved from /home/airflow/.local/lib/python3.7/site-packages/airflow/example_dags/example_complex.py
[2023-10-10 12:15:58,271] {logging_mixin.py:115} INFO - [2023-10-10 12:15:58,271] {dag.py:2420} INFO - Sync 1 DAGs
[2023-10-10 12:15:58,301] {logging_mixin.py:115} INFO - [2023-10-10 12:15:58,301] {dag.py:2972} INFO - Setting next_dagrun for example_complex to None, run_after=None
[2023-10-10 12:15:58,315] {processor.py:161} INFO - Processing /home/airflow/.local/lib/python3.7/site-packages/airflow/example_dags/example_complex.py took 0.125 seconds
[2023-10-10 12:16:28,784] {processor.py:153} INFO - Started process (PID=1552) to work on /home/airflow/.local/lib/python3.7/site-packages/airflow/example_dags/example_complex.py
[2023-10-10 12:16:28,785] {processor.py:641} INFO - Processing file /home/airflow/.local/lib/python3.7/site-packages/airflow/example_dags/example_complex.py for tasks to queue
[2023-10-10 12:16:28,785] {logging_mixin.py:115} INFO - [2023-10-10 12:16:28,785] {dagbag.py:508} INFO - Filling up the DagBag from /home/airflow/.local/lib/python3.7/site-packages/airflow/example_dags/example_complex.py
[2023-10-10 12:16:28,801] {processor.py:651} INFO - DAG(s) dict_keys(['example_complex']) retrieved from /home/airflow/.local/lib/python3.7/site-packages/airflow/example_dags/example_complex.py
[2023-10-10 12:16:28,846] {logging_mixin.py:115} INFO - [2023-10-10 12:16:28,846] {dag.py:2420} INFO - Sync 1 DAGs
[2023-10-10 12:16:28,874] {logging_mixin.py:115} INFO - [2023-10-10 12:16:28,874] {dag.py:2972} INFO - Setting next_dagrun for example_complex to None, run_after=None
[2023-10-10 12:16:28,888] {processor.py:161} INFO - Processing /home/airflow/.local/lib/python3.7/site-packages/airflow/example_dags/example_complex.py took 0.109 seconds
[2023-10-10 12:16:59,221] {processor.py:153} INFO - Started process (PID=1615) to work on /home/airflow/.local/lib/python3.7/site-packages/airflow/example_dags/example_complex.py
[2023-10-10 12:16:59,222] {processor.py:641} INFO - Processing file /home/airflow/.local/lib/python3.7/site-packages/airflow/example_dags/example_complex.py for tasks to queue
[2023-10-10 12:16:59,224] {logging_mixin.py:115} INFO - [2023-10-10 12:16:59,223] {dagbag.py:508} INFO - Filling up the DagBag from /home/airflow/.local/lib/python3.7/site-packages/airflow/example_dags/example_complex.py
[2023-10-10 12:16:59,257] {processor.py:651} INFO - DAG(s) dict_keys(['example_complex']) retrieved from /home/airflow/.local/lib/python3.7/site-packages/airflow/example_dags/example_complex.py
[2023-10-10 12:16:59,338] {logging_mixin.py:115} INFO - [2023-10-10 12:16:59,338] {dag.py:2420} INFO - Sync 1 DAGs
[2023-10-10 12:16:59,381] {logging_mixin.py:115} INFO - [2023-10-10 12:16:59,380] {dag.py:2972} INFO - Setting next_dagrun for example_complex to None, run_after=None
[2023-10-10 12:16:59,401] {processor.py:161} INFO - Processing /home/airflow/.local/lib/python3.7/site-packages/airflow/example_dags/example_complex.py took 0.185 seconds
[2023-10-10 12:17:30,385] {processor.py:153} INFO - Started process (PID=1668) to work on /home/airflow/.local/lib/python3.7/site-packages/airflow/example_dags/example_complex.py
[2023-10-10 12:17:30,386] {processor.py:641} INFO - Processing file /home/airflow/.local/lib/python3.7/site-packages/airflow/example_dags/example_complex.py for tasks to queue
[2023-10-10 12:17:30,387] {logging_mixin.py:115} INFO - [2023-10-10 12:17:30,387] {dagbag.py:508} INFO - Filling up the DagBag from /home/airflow/.local/lib/python3.7/site-packages/airflow/example_dags/example_complex.py
[2023-10-10 12:17:30,403] {processor.py:651} INFO - DAG(s) dict_keys(['example_complex']) retrieved from /home/airflow/.local/lib/python3.7/site-packages/airflow/example_dags/example_complex.py
[2023-10-10 12:17:30,496] {logging_mixin.py:115} INFO - [2023-10-10 12:17:30,495] {dag.py:2420} INFO - Sync 1 DAGs
[2023-10-10 12:17:30,538] {logging_mixin.py:115} INFO - [2023-10-10 12:17:30,537] {dag.py:2972} INFO - Setting next_dagrun for example_complex to None, run_after=None
[2023-10-10 12:17:30,561] {processor.py:161} INFO - Processing /home/airflow/.local/lib/python3.7/site-packages/airflow/example_dags/example_complex.py took 0.181 seconds
[2023-10-10 12:18:00,762] {processor.py:153} INFO - Started process (PID=1730) to work on /home/airflow/.local/lib/python3.7/site-packages/airflow/example_dags/example_complex.py
[2023-10-10 12:18:00,763] {processor.py:641} INFO - Processing file /home/airflow/.local/lib/python3.7/site-packages/airflow/example_dags/example_complex.py for tasks to queue
[2023-10-10 12:18:00,764] {logging_mixin.py:115} INFO - [2023-10-10 12:18:00,764] {dagbag.py:508} INFO - Filling up the DagBag from /home/airflow/.local/lib/python3.7/site-packages/airflow/example_dags/example_complex.py
[2023-10-10 12:18:00,788] {processor.py:651} INFO - DAG(s) dict_keys(['example_complex']) retrieved from /home/airflow/.local/lib/python3.7/site-packages/airflow/example_dags/example_complex.py
[2023-10-10 12:18:00,834] {logging_mixin.py:115} INFO - [2023-10-10 12:18:00,834] {dag.py:2420} INFO - Sync 1 DAGs
[2023-10-10 12:18:00,864] {logging_mixin.py:115} INFO - [2023-10-10 12:18:00,864] {dag.py:2972} INFO - Setting next_dagrun for example_complex to None, run_after=None
[2023-10-10 12:18:00,878] {processor.py:161} INFO - Processing /home/airflow/.local/lib/python3.7/site-packages/airflow/example_dags/example_complex.py took 0.121 seconds
[2023-10-10 12:18:32,104] {processor.py:153} INFO - Started process (PID=1792) to work on /home/airflow/.local/lib/python3.7/site-packages/airflow/example_dags/example_complex.py
[2023-10-10 12:18:32,115] {processor.py:641} INFO - Processing file /home/airflow/.local/lib/python3.7/site-packages/airflow/example_dags/example_complex.py for tasks to queue
[2023-10-10 12:18:32,116] {logging_mixin.py:115} INFO - [2023-10-10 12:18:32,116] {dagbag.py:508} INFO - Filling up the DagBag from /home/airflow/.local/lib/python3.7/site-packages/airflow/example_dags/example_complex.py
[2023-10-10 12:18:32,158] {processor.py:651} INFO - DAG(s) dict_keys(['example_complex']) retrieved from /home/airflow/.local/lib/python3.7/site-packages/airflow/example_dags/example_complex.py
[2023-10-10 12:18:32,277] {logging_mixin.py:115} INFO - [2023-10-10 12:18:32,277] {dag.py:2420} INFO - Sync 1 DAGs
[2023-10-10 12:18:32,319] {logging_mixin.py:115} INFO - [2023-10-10 12:18:32,319] {dag.py:2972} INFO - Setting next_dagrun for example_complex to None, run_after=None
[2023-10-10 12:18:32,360] {processor.py:161} INFO - Processing /home/airflow/.local/lib/python3.7/site-packages/airflow/example_dags/example_complex.py took 0.262 seconds
[2023-10-10 12:19:02,494] {processor.py:153} INFO - Started process (PID=1845) to work on /home/airflow/.local/lib/python3.7/site-packages/airflow/example_dags/example_complex.py
[2023-10-10 12:19:02,495] {processor.py:641} INFO - Processing file /home/airflow/.local/lib/python3.7/site-packages/airflow/example_dags/example_complex.py for tasks to queue
[2023-10-10 12:19:02,495] {logging_mixin.py:115} INFO - [2023-10-10 12:19:02,495] {dagbag.py:508} INFO - Filling up the DagBag from /home/airflow/.local/lib/python3.7/site-packages/airflow/example_dags/example_complex.py
[2023-10-10 12:19:02,512] {processor.py:651} INFO - DAG(s) dict_keys(['example_complex']) retrieved from /home/airflow/.local/lib/python3.7/site-packages/airflow/example_dags/example_complex.py
[2023-10-10 12:19:02,557] {logging_mixin.py:115} INFO - [2023-10-10 12:19:02,556] {dag.py:2420} INFO - Sync 1 DAGs
[2023-10-10 12:19:02,586] {logging_mixin.py:115} INFO - [2023-10-10 12:19:02,586] {dag.py:2972} INFO - Setting next_dagrun for example_complex to None, run_after=None
[2023-10-10 12:19:02,599] {processor.py:161} INFO - Processing /home/airflow/.local/lib/python3.7/site-packages/airflow/example_dags/example_complex.py took 0.110 seconds
[2023-10-10 12:19:33,056] {processor.py:153} INFO - Started process (PID=1906) to work on /home/airflow/.local/lib/python3.7/site-packages/airflow/example_dags/example_complex.py
[2023-10-10 12:19:33,058] {processor.py:641} INFO - Processing file /home/airflow/.local/lib/python3.7/site-packages/airflow/example_dags/example_complex.py for tasks to queue
[2023-10-10 12:19:33,058] {logging_mixin.py:115} INFO - [2023-10-10 12:19:33,058] {dagbag.py:508} INFO - Filling up the DagBag from /home/airflow/.local/lib/python3.7/site-packages/airflow/example_dags/example_complex.py
[2023-10-10 12:19:33,084] {processor.py:651} INFO - DAG(s) dict_keys(['example_complex']) retrieved from /home/airflow/.local/lib/python3.7/site-packages/airflow/example_dags/example_complex.py
[2023-10-10 12:19:33,140] {logging_mixin.py:115} INFO - [2023-10-10 12:19:33,140] {dag.py:2420} INFO - Sync 1 DAGs
[2023-10-10 12:19:33,169] {logging_mixin.py:115} INFO - [2023-10-10 12:19:33,169] {dag.py:2972} INFO - Setting next_dagrun for example_complex to None, run_after=None
[2023-10-10 12:19:33,183] {processor.py:161} INFO - Processing /home/airflow/.local/lib/python3.7/site-packages/airflow/example_dags/example_complex.py took 0.140 seconds
[2023-10-10 12:20:03,654] {processor.py:153} INFO - Started process (PID=1958) to work on /home/airflow/.local/lib/python3.7/site-packages/airflow/example_dags/example_complex.py
[2023-10-10 12:20:03,655] {processor.py:641} INFO - Processing file /home/airflow/.local/lib/python3.7/site-packages/airflow/example_dags/example_complex.py for tasks to queue
[2023-10-10 12:20:03,656] {logging_mixin.py:115} INFO - [2023-10-10 12:20:03,655] {dagbag.py:508} INFO - Filling up the DagBag from /home/airflow/.local/lib/python3.7/site-packages/airflow/example_dags/example_complex.py
[2023-10-10 12:20:03,672] {processor.py:651} INFO - DAG(s) dict_keys(['example_complex']) retrieved from /home/airflow/.local/lib/python3.7/site-packages/airflow/example_dags/example_complex.py
[2023-10-10 12:20:03,725] {logging_mixin.py:115} INFO - [2023-10-10 12:20:03,725] {dag.py:2420} INFO - Sync 1 DAGs
[2023-10-10 12:20:03,754] {logging_mixin.py:115} INFO - [2023-10-10 12:20:03,753] {dag.py:2972} INFO - Setting next_dagrun for example_complex to None, run_after=None
[2023-10-10 12:20:03,766] {processor.py:161} INFO - Processing /home/airflow/.local/lib/python3.7/site-packages/airflow/example_dags/example_complex.py took 0.118 seconds
[2023-10-10 12:20:34,122] {processor.py:153} INFO - Started process (PID=2019) to work on /home/airflow/.local/lib/python3.7/site-packages/airflow/example_dags/example_complex.py
[2023-10-10 12:20:34,123] {processor.py:641} INFO - Processing file /home/airflow/.local/lib/python3.7/site-packages/airflow/example_dags/example_complex.py for tasks to queue
[2023-10-10 12:20:34,123] {logging_mixin.py:115} INFO - [2023-10-10 12:20:34,123] {dagbag.py:508} INFO - Filling up the DagBag from /home/airflow/.local/lib/python3.7/site-packages/airflow/example_dags/example_complex.py
[2023-10-10 12:20:34,139] {processor.py:651} INFO - DAG(s) dict_keys(['example_complex']) retrieved from /home/airflow/.local/lib/python3.7/site-packages/airflow/example_dags/example_complex.py
[2023-10-10 12:20:34,183] {logging_mixin.py:115} INFO - [2023-10-10 12:20:34,183] {dag.py:2420} INFO - Sync 1 DAGs
[2023-10-10 12:20:34,211] {logging_mixin.py:115} INFO - [2023-10-10 12:20:34,211] {dag.py:2972} INFO - Setting next_dagrun for example_complex to None, run_after=None
[2023-10-10 12:20:34,223] {processor.py:161} INFO - Processing /home/airflow/.local/lib/python3.7/site-packages/airflow/example_dags/example_complex.py took 0.107 seconds
[2023-10-10 12:21:04,522] {processor.py:153} INFO - Started process (PID=2083) to work on /home/airflow/.local/lib/python3.7/site-packages/airflow/example_dags/example_complex.py
[2023-10-10 12:21:04,523] {processor.py:641} INFO - Processing file /home/airflow/.local/lib/python3.7/site-packages/airflow/example_dags/example_complex.py for tasks to queue
[2023-10-10 12:21:04,523] {logging_mixin.py:115} INFO - [2023-10-10 12:21:04,523] {dagbag.py:508} INFO - Filling up the DagBag from /home/airflow/.local/lib/python3.7/site-packages/airflow/example_dags/example_complex.py
[2023-10-10 12:21:04,547] {processor.py:651} INFO - DAG(s) dict_keys(['example_complex']) retrieved from /home/airflow/.local/lib/python3.7/site-packages/airflow/example_dags/example_complex.py
[2023-10-10 12:21:04,608] {logging_mixin.py:115} INFO - [2023-10-10 12:21:04,608] {dag.py:2420} INFO - Sync 1 DAGs
[2023-10-10 12:21:04,635] {logging_mixin.py:115} INFO - [2023-10-10 12:21:04,635] {dag.py:2972} INFO - Setting next_dagrun for example_complex to None, run_after=None
[2023-10-10 12:21:04,647] {processor.py:161} INFO - Processing /home/airflow/.local/lib/python3.7/site-packages/airflow/example_dags/example_complex.py took 0.130 seconds
[2023-10-10 12:21:35,273] {processor.py:153} INFO - Started process (PID=2136) to work on /home/airflow/.local/lib/python3.7/site-packages/airflow/example_dags/example_complex.py
[2023-10-10 12:21:35,274] {processor.py:641} INFO - Processing file /home/airflow/.local/lib/python3.7/site-packages/airflow/example_dags/example_complex.py for tasks to queue
[2023-10-10 12:21:35,274] {logging_mixin.py:115} INFO - [2023-10-10 12:21:35,274] {dagbag.py:508} INFO - Filling up the DagBag from /home/airflow/.local/lib/python3.7/site-packages/airflow/example_dags/example_complex.py
[2023-10-10 12:21:35,290] {processor.py:651} INFO - DAG(s) dict_keys(['example_complex']) retrieved from /home/airflow/.local/lib/python3.7/site-packages/airflow/example_dags/example_complex.py
[2023-10-10 12:21:35,334] {logging_mixin.py:115} INFO - [2023-10-10 12:21:35,334] {dag.py:2420} INFO - Sync 1 DAGs
[2023-10-10 12:21:35,362] {logging_mixin.py:115} INFO - [2023-10-10 12:21:35,362] {dag.py:2972} INFO - Setting next_dagrun for example_complex to None, run_after=None
[2023-10-10 12:21:35,381] {processor.py:161} INFO - Processing /home/airflow/.local/lib/python3.7/site-packages/airflow/example_dags/example_complex.py took 0.113 seconds
[2023-10-10 12:22:05,721] {processor.py:153} INFO - Started process (PID=2198) to work on /home/airflow/.local/lib/python3.7/site-packages/airflow/example_dags/example_complex.py
[2023-10-10 12:22:05,722] {processor.py:641} INFO - Processing file /home/airflow/.local/lib/python3.7/site-packages/airflow/example_dags/example_complex.py for tasks to queue
[2023-10-10 12:22:05,723] {logging_mixin.py:115} INFO - [2023-10-10 12:22:05,723] {dagbag.py:508} INFO - Filling up the DagBag from /home/airflow/.local/lib/python3.7/site-packages/airflow/example_dags/example_complex.py
[2023-10-10 12:22:05,745] {processor.py:651} INFO - DAG(s) dict_keys(['example_complex']) retrieved from /home/airflow/.local/lib/python3.7/site-packages/airflow/example_dags/example_complex.py
[2023-10-10 12:22:05,801] {logging_mixin.py:115} INFO - [2023-10-10 12:22:05,800] {dag.py:2420} INFO - Sync 1 DAGs
[2023-10-10 12:22:05,841] {logging_mixin.py:115} INFO - [2023-10-10 12:22:05,840] {dag.py:2972} INFO - Setting next_dagrun for example_complex to None, run_after=None
[2023-10-10 12:22:05,862] {processor.py:161} INFO - Processing /home/airflow/.local/lib/python3.7/site-packages/airflow/example_dags/example_complex.py took 0.147 seconds
[2023-10-10 12:22:36,641] {processor.py:153} INFO - Started process (PID=2251) to work on /home/airflow/.local/lib/python3.7/site-packages/airflow/example_dags/example_complex.py
[2023-10-10 12:22:36,642] {processor.py:641} INFO - Processing file /home/airflow/.local/lib/python3.7/site-packages/airflow/example_dags/example_complex.py for tasks to queue
[2023-10-10 12:22:36,642] {logging_mixin.py:115} INFO - [2023-10-10 12:22:36,642] {dagbag.py:508} INFO - Filling up the DagBag from /home/airflow/.local/lib/python3.7/site-packages/airflow/example_dags/example_complex.py
[2023-10-10 12:22:36,661] {processor.py:651} INFO - DAG(s) dict_keys(['example_complex']) retrieved from /home/airflow/.local/lib/python3.7/site-packages/airflow/example_dags/example_complex.py
[2023-10-10 12:22:36,743] {logging_mixin.py:115} INFO - [2023-10-10 12:22:36,743] {dag.py:2420} INFO - Sync 1 DAGs
[2023-10-10 12:22:36,796] {logging_mixin.py:115} INFO - [2023-10-10 12:22:36,796] {dag.py:2972} INFO - Setting next_dagrun for example_complex to None, run_after=None
[2023-10-10 12:22:36,818] {processor.py:161} INFO - Processing /home/airflow/.local/lib/python3.7/site-packages/airflow/example_dags/example_complex.py took 0.183 seconds
[2023-10-10 12:23:06,916] {processor.py:153} INFO - Started process (PID=2313) to work on /home/airflow/.local/lib/python3.7/site-packages/airflow/example_dags/example_complex.py
[2023-10-10 12:23:06,917] {processor.py:641} INFO - Processing file /home/airflow/.local/lib/python3.7/site-packages/airflow/example_dags/example_complex.py for tasks to queue
[2023-10-10 12:23:06,918] {logging_mixin.py:115} INFO - [2023-10-10 12:23:06,918] {dagbag.py:508} INFO - Filling up the DagBag from /home/airflow/.local/lib/python3.7/site-packages/airflow/example_dags/example_complex.py
[2023-10-10 12:23:06,944] {processor.py:651} INFO - DAG(s) dict_keys(['example_complex']) retrieved from /home/airflow/.local/lib/python3.7/site-packages/airflow/example_dags/example_complex.py
[2023-10-10 12:23:07,017] {logging_mixin.py:115} INFO - [2023-10-10 12:23:07,017] {dag.py:2420} INFO - Sync 1 DAGs
[2023-10-10 12:23:07,076] {logging_mixin.py:115} INFO - [2023-10-10 12:23:07,076] {dag.py:2972} INFO - Setting next_dagrun for example_complex to None, run_after=None
[2023-10-10 12:23:07,096] {processor.py:161} INFO - Processing /home/airflow/.local/lib/python3.7/site-packages/airflow/example_dags/example_complex.py took 0.184 seconds
[2023-10-10 12:23:37,739] {processor.py:153} INFO - Started process (PID=2375) to work on /home/airflow/.local/lib/python3.7/site-packages/airflow/example_dags/example_complex.py
[2023-10-10 12:23:37,740] {processor.py:641} INFO - Processing file /home/airflow/.local/lib/python3.7/site-packages/airflow/example_dags/example_complex.py for tasks to queue
[2023-10-10 12:23:37,740] {logging_mixin.py:115} INFO - [2023-10-10 12:23:37,740] {dagbag.py:508} INFO - Filling up the DagBag from /home/airflow/.local/lib/python3.7/site-packages/airflow/example_dags/example_complex.py
[2023-10-10 12:23:37,757] {processor.py:651} INFO - DAG(s) dict_keys(['example_complex']) retrieved from /home/airflow/.local/lib/python3.7/site-packages/airflow/example_dags/example_complex.py
[2023-10-10 12:23:37,806] {logging_mixin.py:115} INFO - [2023-10-10 12:23:37,806] {dag.py:2420} INFO - Sync 1 DAGs
[2023-10-10 12:23:37,833] {logging_mixin.py:115} INFO - [2023-10-10 12:23:37,833] {dag.py:2972} INFO - Setting next_dagrun for example_complex to None, run_after=None
[2023-10-10 12:23:37,845] {processor.py:161} INFO - Processing /home/airflow/.local/lib/python3.7/site-packages/airflow/example_dags/example_complex.py took 0.112 seconds
[2023-10-10 12:24:08,613] {processor.py:153} INFO - Started process (PID=2428) to work on /home/airflow/.local/lib/python3.7/site-packages/airflow/example_dags/example_complex.py
[2023-10-10 12:24:08,615] {processor.py:641} INFO - Processing file /home/airflow/.local/lib/python3.7/site-packages/airflow/example_dags/example_complex.py for tasks to queue
[2023-10-10 12:24:08,616] {logging_mixin.py:115} INFO - [2023-10-10 12:24:08,616] {dagbag.py:508} INFO - Filling up the DagBag from /home/airflow/.local/lib/python3.7/site-packages/airflow/example_dags/example_complex.py
[2023-10-10 12:24:08,634] {processor.py:651} INFO - DAG(s) dict_keys(['example_complex']) retrieved from /home/airflow/.local/lib/python3.7/site-packages/airflow/example_dags/example_complex.py
[2023-10-10 12:24:08,681] {logging_mixin.py:115} INFO - [2023-10-10 12:24:08,681] {dag.py:2420} INFO - Sync 1 DAGs
[2023-10-10 12:24:08,712] {logging_mixin.py:115} INFO - [2023-10-10 12:24:08,711] {dag.py:2972} INFO - Setting next_dagrun for example_complex to None, run_after=None
[2023-10-10 12:24:08,724] {processor.py:161} INFO - Processing /home/airflow/.local/lib/python3.7/site-packages/airflow/example_dags/example_complex.py took 0.115 seconds
[2023-10-10 12:24:39,325] {processor.py:153} INFO - Started process (PID=2491) to work on /home/airflow/.local/lib/python3.7/site-packages/airflow/example_dags/example_complex.py
[2023-10-10 12:24:39,326] {processor.py:641} INFO - Processing file /home/airflow/.local/lib/python3.7/site-packages/airflow/example_dags/example_complex.py for tasks to queue
[2023-10-10 12:24:39,327] {logging_mixin.py:115} INFO - [2023-10-10 12:24:39,327] {dagbag.py:508} INFO - Filling up the DagBag from /home/airflow/.local/lib/python3.7/site-packages/airflow/example_dags/example_complex.py
[2023-10-10 12:24:39,348] {processor.py:651} INFO - DAG(s) dict_keys(['example_complex']) retrieved from /home/airflow/.local/lib/python3.7/site-packages/airflow/example_dags/example_complex.py
[2023-10-10 12:24:39,402] {logging_mixin.py:115} INFO - [2023-10-10 12:24:39,402] {dag.py:2420} INFO - Sync 1 DAGs
[2023-10-10 12:24:39,431] {logging_mixin.py:115} INFO - [2023-10-10 12:24:39,431] {dag.py:2972} INFO - Setting next_dagrun for example_complex to None, run_after=None
[2023-10-10 12:24:39,444] {processor.py:161} INFO - Processing /home/airflow/.local/lib/python3.7/site-packages/airflow/example_dags/example_complex.py took 0.126 seconds
[2023-10-10 12:25:09,973] {processor.py:153} INFO - Started process (PID=2553) to work on /home/airflow/.local/lib/python3.7/site-packages/airflow/example_dags/example_complex.py
[2023-10-10 12:25:09,975] {processor.py:641} INFO - Processing file /home/airflow/.local/lib/python3.7/site-packages/airflow/example_dags/example_complex.py for tasks to queue
[2023-10-10 12:25:09,976] {logging_mixin.py:115} INFO - [2023-10-10 12:25:09,976] {dagbag.py:508} INFO - Filling up the DagBag from /home/airflow/.local/lib/python3.7/site-packages/airflow/example_dags/example_complex.py
[2023-10-10 12:25:09,992] {processor.py:651} INFO - DAG(s) dict_keys(['example_complex']) retrieved from /home/airflow/.local/lib/python3.7/site-packages/airflow/example_dags/example_complex.py
[2023-10-10 12:25:10,037] {logging_mixin.py:115} INFO - [2023-10-10 12:25:10,036] {dag.py:2420} INFO - Sync 1 DAGs
[2023-10-10 12:25:10,066] {logging_mixin.py:115} INFO - [2023-10-10 12:25:10,066] {dag.py:2972} INFO - Setting next_dagrun for example_complex to None, run_after=None
[2023-10-10 12:25:10,080] {processor.py:161} INFO - Processing /home/airflow/.local/lib/python3.7/site-packages/airflow/example_dags/example_complex.py took 0.112 seconds
[2023-10-10 12:25:40,650] {processor.py:153} INFO - Started process (PID=2606) to work on /home/airflow/.local/lib/python3.7/site-packages/airflow/example_dags/example_complex.py
[2023-10-10 12:25:40,656] {processor.py:641} INFO - Processing file /home/airflow/.local/lib/python3.7/site-packages/airflow/example_dags/example_complex.py for tasks to queue
[2023-10-10 12:25:40,656] {logging_mixin.py:115} INFO - [2023-10-10 12:25:40,656] {dagbag.py:508} INFO - Filling up the DagBag from /home/airflow/.local/lib/python3.7/site-packages/airflow/example_dags/example_complex.py
[2023-10-10 12:25:40,681] {processor.py:651} INFO - DAG(s) dict_keys(['example_complex']) retrieved from /home/airflow/.local/lib/python3.7/site-packages/airflow/example_dags/example_complex.py
[2023-10-10 12:25:40,737] {logging_mixin.py:115} INFO - [2023-10-10 12:25:40,737] {dag.py:2420} INFO - Sync 1 DAGs
[2023-10-10 12:25:40,765] {logging_mixin.py:115} INFO - [2023-10-10 12:25:40,765] {dag.py:2972} INFO - Setting next_dagrun for example_complex to None, run_after=None
[2023-10-10 12:25:40,778] {processor.py:161} INFO - Processing /home/airflow/.local/lib/python3.7/site-packages/airflow/example_dags/example_complex.py took 0.133 seconds
[2023-10-10 12:26:11,224] {processor.py:153} INFO - Started process (PID=2668) to work on /home/airflow/.local/lib/python3.7/site-packages/airflow/example_dags/example_complex.py
[2023-10-10 12:26:11,225] {processor.py:641} INFO - Processing file /home/airflow/.local/lib/python3.7/site-packages/airflow/example_dags/example_complex.py for tasks to queue
[2023-10-10 12:26:11,226] {logging_mixin.py:115} INFO - [2023-10-10 12:26:11,226] {dagbag.py:508} INFO - Filling up the DagBag from /home/airflow/.local/lib/python3.7/site-packages/airflow/example_dags/example_complex.py
[2023-10-10 12:26:11,242] {processor.py:651} INFO - DAG(s) dict_keys(['example_complex']) retrieved from /home/airflow/.local/lib/python3.7/site-packages/airflow/example_dags/example_complex.py
[2023-10-10 12:26:11,290] {logging_mixin.py:115} INFO - [2023-10-10 12:26:11,290] {dag.py:2420} INFO - Sync 1 DAGs
[2023-10-10 12:26:11,318] {logging_mixin.py:115} INFO - [2023-10-10 12:26:11,318] {dag.py:2972} INFO - Setting next_dagrun for example_complex to None, run_after=None
[2023-10-10 12:26:11,331] {processor.py:161} INFO - Processing /home/airflow/.local/lib/python3.7/site-packages/airflow/example_dags/example_complex.py took 0.112 seconds
[2023-10-10 12:26:42,087] {processor.py:153} INFO - Started process (PID=2730) to work on /home/airflow/.local/lib/python3.7/site-packages/airflow/example_dags/example_complex.py
[2023-10-10 12:26:42,088] {processor.py:641} INFO - Processing file /home/airflow/.local/lib/python3.7/site-packages/airflow/example_dags/example_complex.py for tasks to queue
[2023-10-10 12:26:42,089] {logging_mixin.py:115} INFO - [2023-10-10 12:26:42,089] {dagbag.py:508} INFO - Filling up the DagBag from /home/airflow/.local/lib/python3.7/site-packages/airflow/example_dags/example_complex.py
[2023-10-10 12:26:42,105] {processor.py:651} INFO - DAG(s) dict_keys(['example_complex']) retrieved from /home/airflow/.local/lib/python3.7/site-packages/airflow/example_dags/example_complex.py
[2023-10-10 12:26:42,152] {logging_mixin.py:115} INFO - [2023-10-10 12:26:42,152] {dag.py:2420} INFO - Sync 1 DAGs
[2023-10-10 12:26:42,180] {logging_mixin.py:115} INFO - [2023-10-10 12:26:42,180] {dag.py:2972} INFO - Setting next_dagrun for example_complex to None, run_after=None
[2023-10-10 12:26:42,193] {processor.py:161} INFO - Processing /home/airflow/.local/lib/python3.7/site-packages/airflow/example_dags/example_complex.py took 0.111 seconds
