[2023-10-10 12:03:27,636] {processor.py:153} INFO - Started process (PID=69) to work on /home/airflow/.local/lib/python3.7/site-packages/airflow/example_dags/example_branch_operator_decorator.py
[2023-10-10 12:03:27,637] {processor.py:641} INFO - Processing file /home/airflow/.local/lib/python3.7/site-packages/airflow/example_dags/example_branch_operator_decorator.py for tasks to queue
[2023-10-10 12:03:27,638] {logging_mixin.py:115} INFO - [2023-10-10 12:03:27,638] {dagbag.py:508} INFO - Filling up the DagBag from /home/airflow/.local/lib/python3.7/site-packages/airflow/example_dags/example_branch_operator_decorator.py
[2023-10-10 12:03:27,819] {processor.py:651} INFO - DAG(s) dict_keys(['example_branch_python_operator_decorator']) retrieved from /home/airflow/.local/lib/python3.7/site-packages/airflow/example_dags/example_branch_operator_decorator.py
[2023-10-10 12:03:28,458] {logging_mixin.py:115} INFO - [2023-10-10 12:03:28,457] {manager.py:508} INFO - Created Permission View: can read on DAG:example_branch_python_operator_decorator
[2023-10-10 12:03:28,558] {logging_mixin.py:115} INFO - [2023-10-10 12:03:28,558] {manager.py:508} INFO - Created Permission View: can edit on DAG:example_branch_python_operator_decorator
[2023-10-10 12:03:28,618] {logging_mixin.py:115} INFO - [2023-10-10 12:03:28,618] {manager.py:508} INFO - Created Permission View: can delete on DAG:example_branch_python_operator_decorator
[2023-10-10 12:03:28,618] {logging_mixin.py:115} INFO - [2023-10-10 12:03:28,618] {dag.py:2420} INFO - Sync 1 DAGs
[2023-10-10 12:03:28,681] {logging_mixin.py:115} INFO - [2023-10-10 12:03:28,680] {dag.py:2439} INFO - Creating ORM DAG for example_branch_python_operator_decorator
[2023-10-10 12:03:28,756] {logging_mixin.py:115} INFO - [2023-10-10 12:03:28,756] {dag.py:2972} INFO - Setting next_dagrun for example_branch_python_operator_decorator to 2023-10-09T00:00:00+00:00, run_after=2023-10-10T00:00:00+00:00
[2023-10-10 12:03:28,820] {processor.py:161} INFO - Processing /home/airflow/.local/lib/python3.7/site-packages/airflow/example_dags/example_branch_operator_decorator.py took 1.222 seconds
[2023-10-10 12:03:59,057] {processor.py:153} INFO - Started process (PID=121) to work on /home/airflow/.local/lib/python3.7/site-packages/airflow/example_dags/example_branch_operator_decorator.py
[2023-10-10 12:03:59,058] {processor.py:641} INFO - Processing file /home/airflow/.local/lib/python3.7/site-packages/airflow/example_dags/example_branch_operator_decorator.py for tasks to queue
[2023-10-10 12:03:59,059] {logging_mixin.py:115} INFO - [2023-10-10 12:03:59,058] {dagbag.py:508} INFO - Filling up the DagBag from /home/airflow/.local/lib/python3.7/site-packages/airflow/example_dags/example_branch_operator_decorator.py
[2023-10-10 12:03:59,101] {processor.py:651} INFO - DAG(s) dict_keys(['example_branch_python_operator_decorator']) retrieved from /home/airflow/.local/lib/python3.7/site-packages/airflow/example_dags/example_branch_operator_decorator.py
[2023-10-10 12:03:59,224] {logging_mixin.py:115} INFO - [2023-10-10 12:03:59,224] {dag.py:2420} INFO - Sync 1 DAGs
[2023-10-10 12:03:59,286] {logging_mixin.py:115} INFO - [2023-10-10 12:03:59,286] {dag.py:2972} INFO - Setting next_dagrun for example_branch_python_operator_decorator to 2023-10-09T00:00:00+00:00, run_after=2023-10-10T00:00:00+00:00
[2023-10-10 12:03:59,318] {processor.py:161} INFO - Processing /home/airflow/.local/lib/python3.7/site-packages/airflow/example_dags/example_branch_operator_decorator.py took 0.271 seconds
[2023-10-10 12:04:29,603] {processor.py:153} INFO - Started process (PID=173) to work on /home/airflow/.local/lib/python3.7/site-packages/airflow/example_dags/example_branch_operator_decorator.py
[2023-10-10 12:04:29,604] {processor.py:641} INFO - Processing file /home/airflow/.local/lib/python3.7/site-packages/airflow/example_dags/example_branch_operator_decorator.py for tasks to queue
[2023-10-10 12:04:29,605] {logging_mixin.py:115} INFO - [2023-10-10 12:04:29,605] {dagbag.py:508} INFO - Filling up the DagBag from /home/airflow/.local/lib/python3.7/site-packages/airflow/example_dags/example_branch_operator_decorator.py
[2023-10-10 12:04:29,629] {processor.py:651} INFO - DAG(s) dict_keys(['example_branch_python_operator_decorator']) retrieved from /home/airflow/.local/lib/python3.7/site-packages/airflow/example_dags/example_branch_operator_decorator.py
[2023-10-10 12:04:29,697] {logging_mixin.py:115} INFO - [2023-10-10 12:04:29,697] {dag.py:2420} INFO - Sync 1 DAGs
[2023-10-10 12:04:29,745] {logging_mixin.py:115} INFO - [2023-10-10 12:04:29,745] {dag.py:2972} INFO - Setting next_dagrun for example_branch_python_operator_decorator to 2023-10-09T00:00:00+00:00, run_after=2023-10-10T00:00:00+00:00
[2023-10-10 12:04:29,760] {processor.py:161} INFO - Processing /home/airflow/.local/lib/python3.7/site-packages/airflow/example_dags/example_branch_operator_decorator.py took 0.163 seconds
[2023-10-10 12:05:00,276] {processor.py:153} INFO - Started process (PID=234) to work on /home/airflow/.local/lib/python3.7/site-packages/airflow/example_dags/example_branch_operator_decorator.py
[2023-10-10 12:05:00,277] {processor.py:641} INFO - Processing file /home/airflow/.local/lib/python3.7/site-packages/airflow/example_dags/example_branch_operator_decorator.py for tasks to queue
[2023-10-10 12:05:00,277] {logging_mixin.py:115} INFO - [2023-10-10 12:05:00,277] {dagbag.py:508} INFO - Filling up the DagBag from /home/airflow/.local/lib/python3.7/site-packages/airflow/example_dags/example_branch_operator_decorator.py
[2023-10-10 12:05:00,301] {processor.py:651} INFO - DAG(s) dict_keys(['example_branch_python_operator_decorator']) retrieved from /home/airflow/.local/lib/python3.7/site-packages/airflow/example_dags/example_branch_operator_decorator.py
[2023-10-10 12:05:00,346] {logging_mixin.py:115} INFO - [2023-10-10 12:05:00,346] {dag.py:2420} INFO - Sync 1 DAGs
[2023-10-10 12:05:00,380] {logging_mixin.py:115} INFO - [2023-10-10 12:05:00,380] {dag.py:2972} INFO - Setting next_dagrun for example_branch_python_operator_decorator to 2023-10-09T00:00:00+00:00, run_after=2023-10-10T00:00:00+00:00
[2023-10-10 12:05:00,400] {processor.py:161} INFO - Processing /home/airflow/.local/lib/python3.7/site-packages/airflow/example_dags/example_branch_operator_decorator.py took 0.129 seconds
[2023-10-10 12:05:31,005] {processor.py:153} INFO - Started process (PID=295) to work on /home/airflow/.local/lib/python3.7/site-packages/airflow/example_dags/example_branch_operator_decorator.py
[2023-10-10 12:05:31,006] {processor.py:641} INFO - Processing file /home/airflow/.local/lib/python3.7/site-packages/airflow/example_dags/example_branch_operator_decorator.py for tasks to queue
[2023-10-10 12:05:31,007] {logging_mixin.py:115} INFO - [2023-10-10 12:05:31,007] {dagbag.py:508} INFO - Filling up the DagBag from /home/airflow/.local/lib/python3.7/site-packages/airflow/example_dags/example_branch_operator_decorator.py
[2023-10-10 12:05:31,037] {processor.py:651} INFO - DAG(s) dict_keys(['example_branch_python_operator_decorator']) retrieved from /home/airflow/.local/lib/python3.7/site-packages/airflow/example_dags/example_branch_operator_decorator.py
[2023-10-10 12:05:31,084] {logging_mixin.py:115} INFO - [2023-10-10 12:05:31,083] {dag.py:2420} INFO - Sync 1 DAGs
[2023-10-10 12:05:31,118] {logging_mixin.py:115} INFO - [2023-10-10 12:05:31,118] {dag.py:2972} INFO - Setting next_dagrun for example_branch_python_operator_decorator to 2023-10-09T00:00:00+00:00, run_after=2023-10-10T00:00:00+00:00
[2023-10-10 12:05:31,132] {processor.py:161} INFO - Processing /home/airflow/.local/lib/python3.7/site-packages/airflow/example_dags/example_branch_operator_decorator.py took 0.132 seconds
[2023-10-10 12:06:01,638] {processor.py:153} INFO - Started process (PID=348) to work on /home/airflow/.local/lib/python3.7/site-packages/airflow/example_dags/example_branch_operator_decorator.py
[2023-10-10 12:06:01,639] {processor.py:641} INFO - Processing file /home/airflow/.local/lib/python3.7/site-packages/airflow/example_dags/example_branch_operator_decorator.py for tasks to queue
[2023-10-10 12:06:01,640] {logging_mixin.py:115} INFO - [2023-10-10 12:06:01,640] {dagbag.py:508} INFO - Filling up the DagBag from /home/airflow/.local/lib/python3.7/site-packages/airflow/example_dags/example_branch_operator_decorator.py
[2023-10-10 12:06:01,665] {processor.py:651} INFO - DAG(s) dict_keys(['example_branch_python_operator_decorator']) retrieved from /home/airflow/.local/lib/python3.7/site-packages/airflow/example_dags/example_branch_operator_decorator.py
[2023-10-10 12:06:01,705] {logging_mixin.py:115} INFO - [2023-10-10 12:06:01,705] {dag.py:2420} INFO - Sync 1 DAGs
[2023-10-10 12:06:01,737] {logging_mixin.py:115} INFO - [2023-10-10 12:06:01,737] {dag.py:2972} INFO - Setting next_dagrun for example_branch_python_operator_decorator to 2023-10-09T00:00:00+00:00, run_after=2023-10-10T00:00:00+00:00
[2023-10-10 12:06:01,751] {processor.py:161} INFO - Processing /home/airflow/.local/lib/python3.7/site-packages/airflow/example_dags/example_branch_operator_decorator.py took 0.118 seconds
[2023-10-10 12:06:32,335] {processor.py:153} INFO - Started process (PID=409) to work on /home/airflow/.local/lib/python3.7/site-packages/airflow/example_dags/example_branch_operator_decorator.py
[2023-10-10 12:06:32,336] {processor.py:641} INFO - Processing file /home/airflow/.local/lib/python3.7/site-packages/airflow/example_dags/example_branch_operator_decorator.py for tasks to queue
[2023-10-10 12:06:32,337] {logging_mixin.py:115} INFO - [2023-10-10 12:06:32,337] {dagbag.py:508} INFO - Filling up the DagBag from /home/airflow/.local/lib/python3.7/site-packages/airflow/example_dags/example_branch_operator_decorator.py
[2023-10-10 12:06:32,400] {processor.py:651} INFO - DAG(s) dict_keys(['example_branch_python_operator_decorator']) retrieved from /home/airflow/.local/lib/python3.7/site-packages/airflow/example_dags/example_branch_operator_decorator.py
[2023-10-10 12:06:32,481] {logging_mixin.py:115} INFO - [2023-10-10 12:06:32,481] {dag.py:2420} INFO - Sync 1 DAGs
[2023-10-10 12:06:32,549] {logging_mixin.py:115} INFO - [2023-10-10 12:06:32,549] {dag.py:2972} INFO - Setting next_dagrun for example_branch_python_operator_decorator to 2023-10-09T00:00:00+00:00, run_after=2023-10-10T00:00:00+00:00
[2023-10-10 12:06:32,578] {processor.py:161} INFO - Processing /home/airflow/.local/lib/python3.7/site-packages/airflow/example_dags/example_branch_operator_decorator.py took 0.248 seconds
[2023-10-10 12:07:02,803] {processor.py:153} INFO - Started process (PID=469) to work on /home/airflow/.local/lib/python3.7/site-packages/airflow/example_dags/example_branch_operator_decorator.py
[2023-10-10 12:07:02,804] {processor.py:641} INFO - Processing file /home/airflow/.local/lib/python3.7/site-packages/airflow/example_dags/example_branch_operator_decorator.py for tasks to queue
[2023-10-10 12:07:02,805] {logging_mixin.py:115} INFO - [2023-10-10 12:07:02,805] {dagbag.py:508} INFO - Filling up the DagBag from /home/airflow/.local/lib/python3.7/site-packages/airflow/example_dags/example_branch_operator_decorator.py
[2023-10-10 12:07:02,860] {processor.py:651} INFO - DAG(s) dict_keys(['example_branch_python_operator_decorator']) retrieved from /home/airflow/.local/lib/python3.7/site-packages/airflow/example_dags/example_branch_operator_decorator.py
[2023-10-10 12:07:02,959] {logging_mixin.py:115} INFO - [2023-10-10 12:07:02,959] {dag.py:2420} INFO - Sync 1 DAGs
[2023-10-10 12:07:03,026] {logging_mixin.py:115} INFO - [2023-10-10 12:07:03,026] {dag.py:2972} INFO - Setting next_dagrun for example_branch_python_operator_decorator to 2023-10-09T00:00:00+00:00, run_after=2023-10-10T00:00:00+00:00
[2023-10-10 12:07:03,076] {processor.py:161} INFO - Processing /home/airflow/.local/lib/python3.7/site-packages/airflow/example_dags/example_branch_operator_decorator.py took 0.278 seconds
[2023-10-10 12:07:33,245] {processor.py:153} INFO - Started process (PID=523) to work on /home/airflow/.local/lib/python3.7/site-packages/airflow/example_dags/example_branch_operator_decorator.py
[2023-10-10 12:07:33,246] {processor.py:641} INFO - Processing file /home/airflow/.local/lib/python3.7/site-packages/airflow/example_dags/example_branch_operator_decorator.py for tasks to queue
[2023-10-10 12:07:33,247] {logging_mixin.py:115} INFO - [2023-10-10 12:07:33,247] {dagbag.py:508} INFO - Filling up the DagBag from /home/airflow/.local/lib/python3.7/site-packages/airflow/example_dags/example_branch_operator_decorator.py
[2023-10-10 12:07:33,276] {processor.py:651} INFO - DAG(s) dict_keys(['example_branch_python_operator_decorator']) retrieved from /home/airflow/.local/lib/python3.7/site-packages/airflow/example_dags/example_branch_operator_decorator.py
[2023-10-10 12:07:33,344] {logging_mixin.py:115} INFO - [2023-10-10 12:07:33,344] {dag.py:2420} INFO - Sync 1 DAGs
[2023-10-10 12:07:33,405] {logging_mixin.py:115} INFO - [2023-10-10 12:07:33,404] {dag.py:2972} INFO - Setting next_dagrun for example_branch_python_operator_decorator to 2023-10-09T00:00:00+00:00, run_after=2023-10-10T00:00:00+00:00
[2023-10-10 12:07:33,441] {processor.py:161} INFO - Processing /home/airflow/.local/lib/python3.7/site-packages/airflow/example_dags/example_branch_operator_decorator.py took 0.201 seconds
[2023-10-10 12:08:04,187] {processor.py:153} INFO - Started process (PID=584) to work on /home/airflow/.local/lib/python3.7/site-packages/airflow/example_dags/example_branch_operator_decorator.py
[2023-10-10 12:08:04,188] {processor.py:641} INFO - Processing file /home/airflow/.local/lib/python3.7/site-packages/airflow/example_dags/example_branch_operator_decorator.py for tasks to queue
[2023-10-10 12:08:04,188] {logging_mixin.py:115} INFO - [2023-10-10 12:08:04,188] {dagbag.py:508} INFO - Filling up the DagBag from /home/airflow/.local/lib/python3.7/site-packages/airflow/example_dags/example_branch_operator_decorator.py
[2023-10-10 12:08:04,212] {processor.py:651} INFO - DAG(s) dict_keys(['example_branch_python_operator_decorator']) retrieved from /home/airflow/.local/lib/python3.7/site-packages/airflow/example_dags/example_branch_operator_decorator.py
[2023-10-10 12:08:04,258] {logging_mixin.py:115} INFO - [2023-10-10 12:08:04,258] {dag.py:2420} INFO - Sync 1 DAGs
[2023-10-10 12:08:04,290] {logging_mixin.py:115} INFO - [2023-10-10 12:08:04,290] {dag.py:2972} INFO - Setting next_dagrun for example_branch_python_operator_decorator to 2023-10-09T00:00:00+00:00, run_after=2023-10-10T00:00:00+00:00
[2023-10-10 12:08:04,304] {processor.py:161} INFO - Processing /home/airflow/.local/lib/python3.7/site-packages/airflow/example_dags/example_branch_operator_decorator.py took 0.122 seconds
[2023-10-10 12:08:34,669] {processor.py:153} INFO - Started process (PID=637) to work on /home/airflow/.local/lib/python3.7/site-packages/airflow/example_dags/example_branch_operator_decorator.py
[2023-10-10 12:08:34,670] {processor.py:641} INFO - Processing file /home/airflow/.local/lib/python3.7/site-packages/airflow/example_dags/example_branch_operator_decorator.py for tasks to queue
[2023-10-10 12:08:34,670] {logging_mixin.py:115} INFO - [2023-10-10 12:08:34,670] {dagbag.py:508} INFO - Filling up the DagBag from /home/airflow/.local/lib/python3.7/site-packages/airflow/example_dags/example_branch_operator_decorator.py
[2023-10-10 12:08:34,695] {processor.py:651} INFO - DAG(s) dict_keys(['example_branch_python_operator_decorator']) retrieved from /home/airflow/.local/lib/python3.7/site-packages/airflow/example_dags/example_branch_operator_decorator.py
[2023-10-10 12:08:34,740] {logging_mixin.py:115} INFO - [2023-10-10 12:08:34,740] {dag.py:2420} INFO - Sync 1 DAGs
[2023-10-10 12:08:34,772] {logging_mixin.py:115} INFO - [2023-10-10 12:08:34,772] {dag.py:2972} INFO - Setting next_dagrun for example_branch_python_operator_decorator to 2023-10-09T00:00:00+00:00, run_after=2023-10-10T00:00:00+00:00
[2023-10-10 12:08:34,786] {processor.py:161} INFO - Processing /home/airflow/.local/lib/python3.7/site-packages/airflow/example_dags/example_branch_operator_decorator.py took 0.123 seconds
[2023-10-10 12:09:05,145] {processor.py:153} INFO - Started process (PID=699) to work on /home/airflow/.local/lib/python3.7/site-packages/airflow/example_dags/example_branch_operator_decorator.py
[2023-10-10 12:09:05,146] {processor.py:641} INFO - Processing file /home/airflow/.local/lib/python3.7/site-packages/airflow/example_dags/example_branch_operator_decorator.py for tasks to queue
[2023-10-10 12:09:05,147] {logging_mixin.py:115} INFO - [2023-10-10 12:09:05,147] {dagbag.py:508} INFO - Filling up the DagBag from /home/airflow/.local/lib/python3.7/site-packages/airflow/example_dags/example_branch_operator_decorator.py
[2023-10-10 12:09:05,170] {processor.py:651} INFO - DAG(s) dict_keys(['example_branch_python_operator_decorator']) retrieved from /home/airflow/.local/lib/python3.7/site-packages/airflow/example_dags/example_branch_operator_decorator.py
[2023-10-10 12:09:05,217] {logging_mixin.py:115} INFO - [2023-10-10 12:09:05,217] {dag.py:2420} INFO - Sync 1 DAGs
[2023-10-10 12:09:05,256] {logging_mixin.py:115} INFO - [2023-10-10 12:09:05,256] {dag.py:2972} INFO - Setting next_dagrun for example_branch_python_operator_decorator to 2023-10-09T00:00:00+00:00, run_after=2023-10-10T00:00:00+00:00
[2023-10-10 12:09:05,277] {processor.py:161} INFO - Processing /home/airflow/.local/lib/python3.7/site-packages/airflow/example_dags/example_branch_operator_decorator.py took 0.137 seconds
[2023-10-10 12:09:35,712] {processor.py:153} INFO - Started process (PID=761) to work on /home/airflow/.local/lib/python3.7/site-packages/airflow/example_dags/example_branch_operator_decorator.py
[2023-10-10 12:09:35,713] {processor.py:641} INFO - Processing file /home/airflow/.local/lib/python3.7/site-packages/airflow/example_dags/example_branch_operator_decorator.py for tasks to queue
[2023-10-10 12:09:35,714] {logging_mixin.py:115} INFO - [2023-10-10 12:09:35,714] {dagbag.py:508} INFO - Filling up the DagBag from /home/airflow/.local/lib/python3.7/site-packages/airflow/example_dags/example_branch_operator_decorator.py
[2023-10-10 12:09:35,737] {processor.py:651} INFO - DAG(s) dict_keys(['example_branch_python_operator_decorator']) retrieved from /home/airflow/.local/lib/python3.7/site-packages/airflow/example_dags/example_branch_operator_decorator.py
[2023-10-10 12:09:35,791] {logging_mixin.py:115} INFO - [2023-10-10 12:09:35,791] {dag.py:2420} INFO - Sync 1 DAGs
[2023-10-10 12:09:35,820] {logging_mixin.py:115} INFO - [2023-10-10 12:09:35,820] {dag.py:2972} INFO - Setting next_dagrun for example_branch_python_operator_decorator to 2023-10-09T00:00:00+00:00, run_after=2023-10-10T00:00:00+00:00
[2023-10-10 12:09:35,838] {processor.py:161} INFO - Processing /home/airflow/.local/lib/python3.7/site-packages/airflow/example_dags/example_branch_operator_decorator.py took 0.131 seconds
[2023-10-10 12:10:06,231] {processor.py:153} INFO - Started process (PID=813) to work on /home/airflow/.local/lib/python3.7/site-packages/airflow/example_dags/example_branch_operator_decorator.py
[2023-10-10 12:10:06,232] {processor.py:641} INFO - Processing file /home/airflow/.local/lib/python3.7/site-packages/airflow/example_dags/example_branch_operator_decorator.py for tasks to queue
[2023-10-10 12:10:06,232] {logging_mixin.py:115} INFO - [2023-10-10 12:10:06,232] {dagbag.py:508} INFO - Filling up the DagBag from /home/airflow/.local/lib/python3.7/site-packages/airflow/example_dags/example_branch_operator_decorator.py
[2023-10-10 12:10:06,257] {processor.py:651} INFO - DAG(s) dict_keys(['example_branch_python_operator_decorator']) retrieved from /home/airflow/.local/lib/python3.7/site-packages/airflow/example_dags/example_branch_operator_decorator.py
[2023-10-10 12:10:06,298] {logging_mixin.py:115} INFO - [2023-10-10 12:10:06,298] {dag.py:2420} INFO - Sync 1 DAGs
[2023-10-10 12:10:06,329] {logging_mixin.py:115} INFO - [2023-10-10 12:10:06,329] {dag.py:2972} INFO - Setting next_dagrun for example_branch_python_operator_decorator to 2023-10-09T00:00:00+00:00, run_after=2023-10-10T00:00:00+00:00
[2023-10-10 12:10:06,342] {processor.py:161} INFO - Processing /home/airflow/.local/lib/python3.7/site-packages/airflow/example_dags/example_branch_operator_decorator.py took 0.117 seconds
[2023-10-10 12:10:36,831] {processor.py:153} INFO - Started process (PID=875) to work on /home/airflow/.local/lib/python3.7/site-packages/airflow/example_dags/example_branch_operator_decorator.py
[2023-10-10 12:10:36,832] {processor.py:641} INFO - Processing file /home/airflow/.local/lib/python3.7/site-packages/airflow/example_dags/example_branch_operator_decorator.py for tasks to queue
[2023-10-10 12:10:36,832] {logging_mixin.py:115} INFO - [2023-10-10 12:10:36,832] {dagbag.py:508} INFO - Filling up the DagBag from /home/airflow/.local/lib/python3.7/site-packages/airflow/example_dags/example_branch_operator_decorator.py
[2023-10-10 12:10:36,855] {processor.py:651} INFO - DAG(s) dict_keys(['example_branch_python_operator_decorator']) retrieved from /home/airflow/.local/lib/python3.7/site-packages/airflow/example_dags/example_branch_operator_decorator.py
[2023-10-10 12:10:36,895] {logging_mixin.py:115} INFO - [2023-10-10 12:10:36,895] {dag.py:2420} INFO - Sync 1 DAGs
[2023-10-10 12:10:36,926] {logging_mixin.py:115} INFO - [2023-10-10 12:10:36,926] {dag.py:2972} INFO - Setting next_dagrun for example_branch_python_operator_decorator to 2023-10-09T00:00:00+00:00, run_after=2023-10-10T00:00:00+00:00
[2023-10-10 12:10:36,940] {processor.py:161} INFO - Processing /home/airflow/.local/lib/python3.7/site-packages/airflow/example_dags/example_branch_operator_decorator.py took 0.115 seconds
[2023-10-10 12:11:07,396] {processor.py:153} INFO - Started process (PID=936) to work on /home/airflow/.local/lib/python3.7/site-packages/airflow/example_dags/example_branch_operator_decorator.py
[2023-10-10 12:11:07,397] {processor.py:641} INFO - Processing file /home/airflow/.local/lib/python3.7/site-packages/airflow/example_dags/example_branch_operator_decorator.py for tasks to queue
[2023-10-10 12:11:07,398] {logging_mixin.py:115} INFO - [2023-10-10 12:11:07,398] {dagbag.py:508} INFO - Filling up the DagBag from /home/airflow/.local/lib/python3.7/site-packages/airflow/example_dags/example_branch_operator_decorator.py
[2023-10-10 12:11:07,496] {processor.py:651} INFO - DAG(s) dict_keys(['example_branch_python_operator_decorator']) retrieved from /home/airflow/.local/lib/python3.7/site-packages/airflow/example_dags/example_branch_operator_decorator.py
[2023-10-10 12:11:07,578] {logging_mixin.py:115} INFO - [2023-10-10 12:11:07,578] {dag.py:2420} INFO - Sync 1 DAGs
[2023-10-10 12:11:07,639] {logging_mixin.py:115} INFO - [2023-10-10 12:11:07,639] {dag.py:2972} INFO - Setting next_dagrun for example_branch_python_operator_decorator to 2023-10-09T00:00:00+00:00, run_after=2023-10-10T00:00:00+00:00
[2023-10-10 12:11:07,663] {processor.py:161} INFO - Processing /home/airflow/.local/lib/python3.7/site-packages/airflow/example_dags/example_branch_operator_decorator.py took 0.280 seconds
[2023-10-10 12:11:38,039] {processor.py:153} INFO - Started process (PID=988) to work on /home/airflow/.local/lib/python3.7/site-packages/airflow/example_dags/example_branch_operator_decorator.py
[2023-10-10 12:11:38,040] {processor.py:641} INFO - Processing file /home/airflow/.local/lib/python3.7/site-packages/airflow/example_dags/example_branch_operator_decorator.py for tasks to queue
[2023-10-10 12:11:38,041] {logging_mixin.py:115} INFO - [2023-10-10 12:11:38,040] {dagbag.py:508} INFO - Filling up the DagBag from /home/airflow/.local/lib/python3.7/site-packages/airflow/example_dags/example_branch_operator_decorator.py
[2023-10-10 12:11:38,065] {processor.py:651} INFO - DAG(s) dict_keys(['example_branch_python_operator_decorator']) retrieved from /home/airflow/.local/lib/python3.7/site-packages/airflow/example_dags/example_branch_operator_decorator.py
[2023-10-10 12:11:38,108] {logging_mixin.py:115} INFO - [2023-10-10 12:11:38,108] {dag.py:2420} INFO - Sync 1 DAGs
[2023-10-10 12:11:38,142] {logging_mixin.py:115} INFO - [2023-10-10 12:11:38,142] {dag.py:2972} INFO - Setting next_dagrun for example_branch_python_operator_decorator to 2023-10-09T00:00:00+00:00, run_after=2023-10-10T00:00:00+00:00
[2023-10-10 12:11:38,161] {processor.py:161} INFO - Processing /home/airflow/.local/lib/python3.7/site-packages/airflow/example_dags/example_branch_operator_decorator.py took 0.128 seconds
[2023-10-10 12:12:08,556] {processor.py:153} INFO - Started process (PID=1049) to work on /home/airflow/.local/lib/python3.7/site-packages/airflow/example_dags/example_branch_operator_decorator.py
[2023-10-10 12:12:08,557] {processor.py:641} INFO - Processing file /home/airflow/.local/lib/python3.7/site-packages/airflow/example_dags/example_branch_operator_decorator.py for tasks to queue
[2023-10-10 12:12:08,558] {logging_mixin.py:115} INFO - [2023-10-10 12:12:08,558] {dagbag.py:508} INFO - Filling up the DagBag from /home/airflow/.local/lib/python3.7/site-packages/airflow/example_dags/example_branch_operator_decorator.py
[2023-10-10 12:12:08,602] {processor.py:651} INFO - DAG(s) dict_keys(['example_branch_python_operator_decorator']) retrieved from /home/airflow/.local/lib/python3.7/site-packages/airflow/example_dags/example_branch_operator_decorator.py
[2023-10-10 12:12:08,676] {logging_mixin.py:115} INFO - [2023-10-10 12:12:08,675] {dag.py:2420} INFO - Sync 1 DAGs
[2023-10-10 12:12:08,719] {logging_mixin.py:115} INFO - [2023-10-10 12:12:08,719] {dag.py:2972} INFO - Setting next_dagrun for example_branch_python_operator_decorator to 2023-10-09T00:00:00+00:00, run_after=2023-10-10T00:00:00+00:00
[2023-10-10 12:12:08,740] {processor.py:161} INFO - Processing /home/airflow/.local/lib/python3.7/site-packages/airflow/example_dags/example_branch_operator_decorator.py took 0.193 seconds
[2023-10-10 12:12:38,978] {processor.py:153} INFO - Started process (PID=1101) to work on /home/airflow/.local/lib/python3.7/site-packages/airflow/example_dags/example_branch_operator_decorator.py
[2023-10-10 12:12:38,979] {processor.py:641} INFO - Processing file /home/airflow/.local/lib/python3.7/site-packages/airflow/example_dags/example_branch_operator_decorator.py for tasks to queue
[2023-10-10 12:12:38,979] {logging_mixin.py:115} INFO - [2023-10-10 12:12:38,979] {dagbag.py:508} INFO - Filling up the DagBag from /home/airflow/.local/lib/python3.7/site-packages/airflow/example_dags/example_branch_operator_decorator.py
[2023-10-10 12:12:39,004] {processor.py:651} INFO - DAG(s) dict_keys(['example_branch_python_operator_decorator']) retrieved from /home/airflow/.local/lib/python3.7/site-packages/airflow/example_dags/example_branch_operator_decorator.py
[2023-10-10 12:12:39,049] {logging_mixin.py:115} INFO - [2023-10-10 12:12:39,049] {dag.py:2420} INFO - Sync 1 DAGs
[2023-10-10 12:12:39,082] {logging_mixin.py:115} INFO - [2023-10-10 12:12:39,082] {dag.py:2972} INFO - Setting next_dagrun for example_branch_python_operator_decorator to 2023-10-09T00:00:00+00:00, run_after=2023-10-10T00:00:00+00:00
[2023-10-10 12:12:39,099] {processor.py:161} INFO - Processing /home/airflow/.local/lib/python3.7/site-packages/airflow/example_dags/example_branch_operator_decorator.py took 0.127 seconds
[2023-10-10 12:13:09,866] {processor.py:153} INFO - Started process (PID=1162) to work on /home/airflow/.local/lib/python3.7/site-packages/airflow/example_dags/example_branch_operator_decorator.py
[2023-10-10 12:13:09,867] {processor.py:641} INFO - Processing file /home/airflow/.local/lib/python3.7/site-packages/airflow/example_dags/example_branch_operator_decorator.py for tasks to queue
[2023-10-10 12:13:09,867] {logging_mixin.py:115} INFO - [2023-10-10 12:13:09,867] {dagbag.py:508} INFO - Filling up the DagBag from /home/airflow/.local/lib/python3.7/site-packages/airflow/example_dags/example_branch_operator_decorator.py
[2023-10-10 12:13:09,895] {processor.py:651} INFO - DAG(s) dict_keys(['example_branch_python_operator_decorator']) retrieved from /home/airflow/.local/lib/python3.7/site-packages/airflow/example_dags/example_branch_operator_decorator.py
[2023-10-10 12:13:09,934] {logging_mixin.py:115} INFO - [2023-10-10 12:13:09,934] {dag.py:2420} INFO - Sync 1 DAGs
[2023-10-10 12:13:09,964] {logging_mixin.py:115} INFO - [2023-10-10 12:13:09,964] {dag.py:2972} INFO - Setting next_dagrun for example_branch_python_operator_decorator to 2023-10-09T00:00:00+00:00, run_after=2023-10-10T00:00:00+00:00
[2023-10-10 12:13:09,980] {processor.py:161} INFO - Processing /home/airflow/.local/lib/python3.7/site-packages/airflow/example_dags/example_branch_operator_decorator.py took 0.119 seconds
[2023-10-10 12:13:40,515] {processor.py:153} INFO - Started process (PID=1224) to work on /home/airflow/.local/lib/python3.7/site-packages/airflow/example_dags/example_branch_operator_decorator.py
[2023-10-10 12:13:40,516] {processor.py:641} INFO - Processing file /home/airflow/.local/lib/python3.7/site-packages/airflow/example_dags/example_branch_operator_decorator.py for tasks to queue
[2023-10-10 12:13:40,516] {logging_mixin.py:115} INFO - [2023-10-10 12:13:40,516] {dagbag.py:508} INFO - Filling up the DagBag from /home/airflow/.local/lib/python3.7/site-packages/airflow/example_dags/example_branch_operator_decorator.py
[2023-10-10 12:13:40,539] {processor.py:651} INFO - DAG(s) dict_keys(['example_branch_python_operator_decorator']) retrieved from /home/airflow/.local/lib/python3.7/site-packages/airflow/example_dags/example_branch_operator_decorator.py
[2023-10-10 12:13:40,581] {logging_mixin.py:115} INFO - [2023-10-10 12:13:40,581] {dag.py:2420} INFO - Sync 1 DAGs
[2023-10-10 12:13:40,611] {logging_mixin.py:115} INFO - [2023-10-10 12:13:40,610] {dag.py:2972} INFO - Setting next_dagrun for example_branch_python_operator_decorator to 2023-10-09T00:00:00+00:00, run_after=2023-10-10T00:00:00+00:00
[2023-10-10 12:13:40,623] {processor.py:161} INFO - Processing /home/airflow/.local/lib/python3.7/site-packages/airflow/example_dags/example_branch_operator_decorator.py took 0.114 seconds
[2023-10-10 12:14:11,401] {processor.py:153} INFO - Started process (PID=1277) to work on /home/airflow/.local/lib/python3.7/site-packages/airflow/example_dags/example_branch_operator_decorator.py
[2023-10-10 12:14:11,402] {processor.py:641} INFO - Processing file /home/airflow/.local/lib/python3.7/site-packages/airflow/example_dags/example_branch_operator_decorator.py for tasks to queue
[2023-10-10 12:14:11,403] {logging_mixin.py:115} INFO - [2023-10-10 12:14:11,403] {dagbag.py:508} INFO - Filling up the DagBag from /home/airflow/.local/lib/python3.7/site-packages/airflow/example_dags/example_branch_operator_decorator.py
[2023-10-10 12:14:11,427] {processor.py:651} INFO - DAG(s) dict_keys(['example_branch_python_operator_decorator']) retrieved from /home/airflow/.local/lib/python3.7/site-packages/airflow/example_dags/example_branch_operator_decorator.py
[2023-10-10 12:14:11,475] {logging_mixin.py:115} INFO - [2023-10-10 12:14:11,474] {dag.py:2420} INFO - Sync 1 DAGs
[2023-10-10 12:14:11,507] {logging_mixin.py:115} INFO - [2023-10-10 12:14:11,507] {dag.py:2972} INFO - Setting next_dagrun for example_branch_python_operator_decorator to 2023-10-09T00:00:00+00:00, run_after=2023-10-10T00:00:00+00:00
[2023-10-10 12:14:11,520] {processor.py:161} INFO - Processing /home/airflow/.local/lib/python3.7/site-packages/airflow/example_dags/example_branch_operator_decorator.py took 0.125 seconds
[2023-10-10 12:14:41,698] {processor.py:153} INFO - Started process (PID=1339) to work on /home/airflow/.local/lib/python3.7/site-packages/airflow/example_dags/example_branch_operator_decorator.py
[2023-10-10 12:14:41,699] {processor.py:641} INFO - Processing file /home/airflow/.local/lib/python3.7/site-packages/airflow/example_dags/example_branch_operator_decorator.py for tasks to queue
[2023-10-10 12:14:41,699] {logging_mixin.py:115} INFO - [2023-10-10 12:14:41,699] {dagbag.py:508} INFO - Filling up the DagBag from /home/airflow/.local/lib/python3.7/site-packages/airflow/example_dags/example_branch_operator_decorator.py
[2023-10-10 12:14:41,727] {processor.py:651} INFO - DAG(s) dict_keys(['example_branch_python_operator_decorator']) retrieved from /home/airflow/.local/lib/python3.7/site-packages/airflow/example_dags/example_branch_operator_decorator.py
[2023-10-10 12:14:41,770] {logging_mixin.py:115} INFO - [2023-10-10 12:14:41,770] {dag.py:2420} INFO - Sync 1 DAGs
[2023-10-10 12:14:41,803] {logging_mixin.py:115} INFO - [2023-10-10 12:14:41,803] {dag.py:2972} INFO - Setting next_dagrun for example_branch_python_operator_decorator to 2023-10-09T00:00:00+00:00, run_after=2023-10-10T00:00:00+00:00
[2023-10-10 12:14:41,816] {processor.py:161} INFO - Processing /home/airflow/.local/lib/python3.7/site-packages/airflow/example_dags/example_branch_operator_decorator.py took 0.123 seconds
[2023-10-10 12:15:12,511] {processor.py:153} INFO - Started process (PID=1394) to work on /home/airflow/.local/lib/python3.7/site-packages/airflow/example_dags/example_branch_operator_decorator.py
[2023-10-10 12:15:12,512] {processor.py:641} INFO - Processing file /home/airflow/.local/lib/python3.7/site-packages/airflow/example_dags/example_branch_operator_decorator.py for tasks to queue
[2023-10-10 12:15:12,513] {logging_mixin.py:115} INFO - [2023-10-10 12:15:12,513] {dagbag.py:508} INFO - Filling up the DagBag from /home/airflow/.local/lib/python3.7/site-packages/airflow/example_dags/example_branch_operator_decorator.py
[2023-10-10 12:15:12,536] {processor.py:651} INFO - DAG(s) dict_keys(['example_branch_python_operator_decorator']) retrieved from /home/airflow/.local/lib/python3.7/site-packages/airflow/example_dags/example_branch_operator_decorator.py
[2023-10-10 12:15:12,580] {logging_mixin.py:115} INFO - [2023-10-10 12:15:12,579] {dag.py:2420} INFO - Sync 1 DAGs
[2023-10-10 12:15:12,610] {logging_mixin.py:115} INFO - [2023-10-10 12:15:12,610] {dag.py:2972} INFO - Setting next_dagrun for example_branch_python_operator_decorator to 2023-10-09T00:00:00+00:00, run_after=2023-10-10T00:00:00+00:00
[2023-10-10 12:15:12,622] {processor.py:161} INFO - Processing /home/airflow/.local/lib/python3.7/site-packages/airflow/example_dags/example_branch_operator_decorator.py took 0.116 seconds
[2023-10-10 12:15:43,298] {processor.py:153} INFO - Started process (PID=1458) to work on /home/airflow/.local/lib/python3.7/site-packages/airflow/example_dags/example_branch_operator_decorator.py
[2023-10-10 12:15:43,298] {processor.py:641} INFO - Processing file /home/airflow/.local/lib/python3.7/site-packages/airflow/example_dags/example_branch_operator_decorator.py for tasks to queue
[2023-10-10 12:15:43,299] {logging_mixin.py:115} INFO - [2023-10-10 12:15:43,299] {dagbag.py:508} INFO - Filling up the DagBag from /home/airflow/.local/lib/python3.7/site-packages/airflow/example_dags/example_branch_operator_decorator.py
[2023-10-10 12:15:43,335] {processor.py:651} INFO - DAG(s) dict_keys(['example_branch_python_operator_decorator']) retrieved from /home/airflow/.local/lib/python3.7/site-packages/airflow/example_dags/example_branch_operator_decorator.py
[2023-10-10 12:15:43,396] {logging_mixin.py:115} INFO - [2023-10-10 12:15:43,395] {dag.py:2420} INFO - Sync 1 DAGs
[2023-10-10 12:15:43,438] {logging_mixin.py:115} INFO - [2023-10-10 12:15:43,437] {dag.py:2972} INFO - Setting next_dagrun for example_branch_python_operator_decorator to 2023-10-09T00:00:00+00:00, run_after=2023-10-10T00:00:00+00:00
[2023-10-10 12:15:43,457] {processor.py:161} INFO - Processing /home/airflow/.local/lib/python3.7/site-packages/airflow/example_dags/example_branch_operator_decorator.py took 0.169 seconds
[2023-10-10 12:16:14,018] {processor.py:153} INFO - Started process (PID=1520) to work on /home/airflow/.local/lib/python3.7/site-packages/airflow/example_dags/example_branch_operator_decorator.py
[2023-10-10 12:16:14,019] {processor.py:641} INFO - Processing file /home/airflow/.local/lib/python3.7/site-packages/airflow/example_dags/example_branch_operator_decorator.py for tasks to queue
[2023-10-10 12:16:14,020] {logging_mixin.py:115} INFO - [2023-10-10 12:16:14,020] {dagbag.py:508} INFO - Filling up the DagBag from /home/airflow/.local/lib/python3.7/site-packages/airflow/example_dags/example_branch_operator_decorator.py
[2023-10-10 12:16:14,046] {processor.py:651} INFO - DAG(s) dict_keys(['example_branch_python_operator_decorator']) retrieved from /home/airflow/.local/lib/python3.7/site-packages/airflow/example_dags/example_branch_operator_decorator.py
[2023-10-10 12:16:14,093] {logging_mixin.py:115} INFO - [2023-10-10 12:16:14,093] {dag.py:2420} INFO - Sync 1 DAGs
[2023-10-10 12:16:14,124] {logging_mixin.py:115} INFO - [2023-10-10 12:16:14,124] {dag.py:2972} INFO - Setting next_dagrun for example_branch_python_operator_decorator to 2023-10-09T00:00:00+00:00, run_after=2023-10-10T00:00:00+00:00
[2023-10-10 12:16:14,139] {processor.py:161} INFO - Processing /home/airflow/.local/lib/python3.7/site-packages/airflow/example_dags/example_branch_operator_decorator.py took 0.126 seconds
[2023-10-10 12:16:45,085] {processor.py:153} INFO - Started process (PID=1575) to work on /home/airflow/.local/lib/python3.7/site-packages/airflow/example_dags/example_branch_operator_decorator.py
[2023-10-10 12:16:45,086] {processor.py:641} INFO - Processing file /home/airflow/.local/lib/python3.7/site-packages/airflow/example_dags/example_branch_operator_decorator.py for tasks to queue
[2023-10-10 12:16:45,087] {logging_mixin.py:115} INFO - [2023-10-10 12:16:45,087] {dagbag.py:508} INFO - Filling up the DagBag from /home/airflow/.local/lib/python3.7/site-packages/airflow/example_dags/example_branch_operator_decorator.py
[2023-10-10 12:16:45,116] {processor.py:651} INFO - DAG(s) dict_keys(['example_branch_python_operator_decorator']) retrieved from /home/airflow/.local/lib/python3.7/site-packages/airflow/example_dags/example_branch_operator_decorator.py
[2023-10-10 12:16:45,159] {logging_mixin.py:115} INFO - [2023-10-10 12:16:45,159] {dag.py:2420} INFO - Sync 1 DAGs
[2023-10-10 12:16:45,189] {logging_mixin.py:115} INFO - [2023-10-10 12:16:45,189] {dag.py:2972} INFO - Setting next_dagrun for example_branch_python_operator_decorator to 2023-10-09T00:00:00+00:00, run_after=2023-10-10T00:00:00+00:00
[2023-10-10 12:16:45,202] {processor.py:161} INFO - Processing /home/airflow/.local/lib/python3.7/site-packages/airflow/example_dags/example_branch_operator_decorator.py took 0.122 seconds
[2023-10-10 12:17:15,244] {processor.py:153} INFO - Started process (PID=1636) to work on /home/airflow/.local/lib/python3.7/site-packages/airflow/example_dags/example_branch_operator_decorator.py
[2023-10-10 12:17:15,245] {processor.py:641} INFO - Processing file /home/airflow/.local/lib/python3.7/site-packages/airflow/example_dags/example_branch_operator_decorator.py for tasks to queue
[2023-10-10 12:17:15,246] {logging_mixin.py:115} INFO - [2023-10-10 12:17:15,246] {dagbag.py:508} INFO - Filling up the DagBag from /home/airflow/.local/lib/python3.7/site-packages/airflow/example_dags/example_branch_operator_decorator.py
[2023-10-10 12:17:15,270] {processor.py:651} INFO - DAG(s) dict_keys(['example_branch_python_operator_decorator']) retrieved from /home/airflow/.local/lib/python3.7/site-packages/airflow/example_dags/example_branch_operator_decorator.py
[2023-10-10 12:17:15,310] {logging_mixin.py:115} INFO - [2023-10-10 12:17:15,310] {dag.py:2420} INFO - Sync 1 DAGs
[2023-10-10 12:17:15,340] {logging_mixin.py:115} INFO - [2023-10-10 12:17:15,340] {dag.py:2972} INFO - Setting next_dagrun for example_branch_python_operator_decorator to 2023-10-09T00:00:00+00:00, run_after=2023-10-10T00:00:00+00:00
[2023-10-10 12:17:15,353] {processor.py:161} INFO - Processing /home/airflow/.local/lib/python3.7/site-packages/airflow/example_dags/example_branch_operator_decorator.py took 0.114 seconds
[2023-10-10 12:17:45,852] {processor.py:153} INFO - Started process (PID=1699) to work on /home/airflow/.local/lib/python3.7/site-packages/airflow/example_dags/example_branch_operator_decorator.py
[2023-10-10 12:17:45,852] {processor.py:641} INFO - Processing file /home/airflow/.local/lib/python3.7/site-packages/airflow/example_dags/example_branch_operator_decorator.py for tasks to queue
[2023-10-10 12:17:45,853] {logging_mixin.py:115} INFO - [2023-10-10 12:17:45,853] {dagbag.py:508} INFO - Filling up the DagBag from /home/airflow/.local/lib/python3.7/site-packages/airflow/example_dags/example_branch_operator_decorator.py
[2023-10-10 12:17:45,878] {processor.py:651} INFO - DAG(s) dict_keys(['example_branch_python_operator_decorator']) retrieved from /home/airflow/.local/lib/python3.7/site-packages/airflow/example_dags/example_branch_operator_decorator.py
[2023-10-10 12:17:45,920] {logging_mixin.py:115} INFO - [2023-10-10 12:17:45,920] {dag.py:2420} INFO - Sync 1 DAGs
[2023-10-10 12:17:45,951] {logging_mixin.py:115} INFO - [2023-10-10 12:17:45,951] {dag.py:2972} INFO - Setting next_dagrun for example_branch_python_operator_decorator to 2023-10-09T00:00:00+00:00, run_after=2023-10-10T00:00:00+00:00
[2023-10-10 12:17:45,965] {processor.py:161} INFO - Processing /home/airflow/.local/lib/python3.7/site-packages/airflow/example_dags/example_branch_operator_decorator.py took 0.118 seconds
[2023-10-10 12:18:16,799] {processor.py:153} INFO - Started process (PID=1752) to work on /home/airflow/.local/lib/python3.7/site-packages/airflow/example_dags/example_branch_operator_decorator.py
[2023-10-10 12:18:16,800] {processor.py:641} INFO - Processing file /home/airflow/.local/lib/python3.7/site-packages/airflow/example_dags/example_branch_operator_decorator.py for tasks to queue
[2023-10-10 12:18:16,801] {logging_mixin.py:115} INFO - [2023-10-10 12:18:16,801] {dagbag.py:508} INFO - Filling up the DagBag from /home/airflow/.local/lib/python3.7/site-packages/airflow/example_dags/example_branch_operator_decorator.py
[2023-10-10 12:18:16,825] {processor.py:651} INFO - DAG(s) dict_keys(['example_branch_python_operator_decorator']) retrieved from /home/airflow/.local/lib/python3.7/site-packages/airflow/example_dags/example_branch_operator_decorator.py
[2023-10-10 12:18:16,864] {logging_mixin.py:115} INFO - [2023-10-10 12:18:16,864] {dag.py:2420} INFO - Sync 1 DAGs
[2023-10-10 12:18:16,894] {logging_mixin.py:115} INFO - [2023-10-10 12:18:16,894] {dag.py:2972} INFO - Setting next_dagrun for example_branch_python_operator_decorator to 2023-10-09T00:00:00+00:00, run_after=2023-10-10T00:00:00+00:00
[2023-10-10 12:18:16,906] {processor.py:161} INFO - Processing /home/airflow/.local/lib/python3.7/site-packages/airflow/example_dags/example_branch_operator_decorator.py took 0.116 seconds
[2023-10-10 12:18:47,688] {processor.py:153} INFO - Started process (PID=1814) to work on /home/airflow/.local/lib/python3.7/site-packages/airflow/example_dags/example_branch_operator_decorator.py
[2023-10-10 12:18:47,688] {processor.py:641} INFO - Processing file /home/airflow/.local/lib/python3.7/site-packages/airflow/example_dags/example_branch_operator_decorator.py for tasks to queue
[2023-10-10 12:18:47,689] {logging_mixin.py:115} INFO - [2023-10-10 12:18:47,689] {dagbag.py:508} INFO - Filling up the DagBag from /home/airflow/.local/lib/python3.7/site-packages/airflow/example_dags/example_branch_operator_decorator.py
[2023-10-10 12:18:47,713] {processor.py:651} INFO - DAG(s) dict_keys(['example_branch_python_operator_decorator']) retrieved from /home/airflow/.local/lib/python3.7/site-packages/airflow/example_dags/example_branch_operator_decorator.py
[2023-10-10 12:18:47,752] {logging_mixin.py:115} INFO - [2023-10-10 12:18:47,752] {dag.py:2420} INFO - Sync 1 DAGs
[2023-10-10 12:18:47,784] {logging_mixin.py:115} INFO - [2023-10-10 12:18:47,784] {dag.py:2972} INFO - Setting next_dagrun for example_branch_python_operator_decorator to 2023-10-09T00:00:00+00:00, run_after=2023-10-10T00:00:00+00:00
[2023-10-10 12:18:47,796] {processor.py:161} INFO - Processing /home/airflow/.local/lib/python3.7/site-packages/airflow/example_dags/example_branch_operator_decorator.py took 0.114 seconds
[2023-10-10 12:19:18,344] {processor.py:153} INFO - Started process (PID=1866) to work on /home/airflow/.local/lib/python3.7/site-packages/airflow/example_dags/example_branch_operator_decorator.py
[2023-10-10 12:19:18,345] {processor.py:641} INFO - Processing file /home/airflow/.local/lib/python3.7/site-packages/airflow/example_dags/example_branch_operator_decorator.py for tasks to queue
[2023-10-10 12:19:18,346] {logging_mixin.py:115} INFO - [2023-10-10 12:19:18,346] {dagbag.py:508} INFO - Filling up the DagBag from /home/airflow/.local/lib/python3.7/site-packages/airflow/example_dags/example_branch_operator_decorator.py
[2023-10-10 12:19:18,369] {processor.py:651} INFO - DAG(s) dict_keys(['example_branch_python_operator_decorator']) retrieved from /home/airflow/.local/lib/python3.7/site-packages/airflow/example_dags/example_branch_operator_decorator.py
[2023-10-10 12:19:18,410] {logging_mixin.py:115} INFO - [2023-10-10 12:19:18,410] {dag.py:2420} INFO - Sync 1 DAGs
[2023-10-10 12:19:18,441] {logging_mixin.py:115} INFO - [2023-10-10 12:19:18,441] {dag.py:2972} INFO - Setting next_dagrun for example_branch_python_operator_decorator to 2023-10-09T00:00:00+00:00, run_after=2023-10-10T00:00:00+00:00
[2023-10-10 12:19:18,454] {processor.py:161} INFO - Processing /home/airflow/.local/lib/python3.7/site-packages/airflow/example_dags/example_branch_operator_decorator.py took 0.115 seconds
[2023-10-10 12:19:48,925] {processor.py:153} INFO - Started process (PID=1927) to work on /home/airflow/.local/lib/python3.7/site-packages/airflow/example_dags/example_branch_operator_decorator.py
[2023-10-10 12:19:48,925] {processor.py:641} INFO - Processing file /home/airflow/.local/lib/python3.7/site-packages/airflow/example_dags/example_branch_operator_decorator.py for tasks to queue
[2023-10-10 12:19:48,926] {logging_mixin.py:115} INFO - [2023-10-10 12:19:48,926] {dagbag.py:508} INFO - Filling up the DagBag from /home/airflow/.local/lib/python3.7/site-packages/airflow/example_dags/example_branch_operator_decorator.py
[2023-10-10 12:19:48,960] {processor.py:651} INFO - DAG(s) dict_keys(['example_branch_python_operator_decorator']) retrieved from /home/airflow/.local/lib/python3.7/site-packages/airflow/example_dags/example_branch_operator_decorator.py
[2023-10-10 12:19:48,999] {logging_mixin.py:115} INFO - [2023-10-10 12:19:48,999] {dag.py:2420} INFO - Sync 1 DAGs
[2023-10-10 12:19:49,028] {logging_mixin.py:115} INFO - [2023-10-10 12:19:49,028] {dag.py:2972} INFO - Setting next_dagrun for example_branch_python_operator_decorator to 2023-10-09T00:00:00+00:00, run_after=2023-10-10T00:00:00+00:00
[2023-10-10 12:19:49,040] {processor.py:161} INFO - Processing /home/airflow/.local/lib/python3.7/site-packages/airflow/example_dags/example_branch_operator_decorator.py took 0.121 seconds
[2023-10-10 12:20:19,584] {processor.py:153} INFO - Started process (PID=1988) to work on /home/airflow/.local/lib/python3.7/site-packages/airflow/example_dags/example_branch_operator_decorator.py
[2023-10-10 12:20:19,596] {processor.py:641} INFO - Processing file /home/airflow/.local/lib/python3.7/site-packages/airflow/example_dags/example_branch_operator_decorator.py for tasks to queue
[2023-10-10 12:20:19,596] {logging_mixin.py:115} INFO - [2023-10-10 12:20:19,596] {dagbag.py:508} INFO - Filling up the DagBag from /home/airflow/.local/lib/python3.7/site-packages/airflow/example_dags/example_branch_operator_decorator.py
[2023-10-10 12:20:19,656] {processor.py:651} INFO - DAG(s) dict_keys(['example_branch_python_operator_decorator']) retrieved from /home/airflow/.local/lib/python3.7/site-packages/airflow/example_dags/example_branch_operator_decorator.py
[2023-10-10 12:20:19,724] {logging_mixin.py:115} INFO - [2023-10-10 12:20:19,724] {dag.py:2420} INFO - Sync 1 DAGs
[2023-10-10 12:20:19,761] {logging_mixin.py:115} INFO - [2023-10-10 12:20:19,760] {dag.py:2972} INFO - Setting next_dagrun for example_branch_python_operator_decorator to 2023-10-09T00:00:00+00:00, run_after=2023-10-10T00:00:00+00:00
[2023-10-10 12:20:19,779] {processor.py:161} INFO - Processing /home/airflow/.local/lib/python3.7/site-packages/airflow/example_dags/example_branch_operator_decorator.py took 0.200 seconds
[2023-10-10 12:20:49,877] {processor.py:153} INFO - Started process (PID=2041) to work on /home/airflow/.local/lib/python3.7/site-packages/airflow/example_dags/example_branch_operator_decorator.py
[2023-10-10 12:20:49,878] {processor.py:641} INFO - Processing file /home/airflow/.local/lib/python3.7/site-packages/airflow/example_dags/example_branch_operator_decorator.py for tasks to queue
[2023-10-10 12:20:49,879] {logging_mixin.py:115} INFO - [2023-10-10 12:20:49,879] {dagbag.py:508} INFO - Filling up the DagBag from /home/airflow/.local/lib/python3.7/site-packages/airflow/example_dags/example_branch_operator_decorator.py
[2023-10-10 12:20:49,902] {processor.py:651} INFO - DAG(s) dict_keys(['example_branch_python_operator_decorator']) retrieved from /home/airflow/.local/lib/python3.7/site-packages/airflow/example_dags/example_branch_operator_decorator.py
[2023-10-10 12:20:49,941] {logging_mixin.py:115} INFO - [2023-10-10 12:20:49,940] {dag.py:2420} INFO - Sync 1 DAGs
[2023-10-10 12:20:49,970] {logging_mixin.py:115} INFO - [2023-10-10 12:20:49,970] {dag.py:2972} INFO - Setting next_dagrun for example_branch_python_operator_decorator to 2023-10-09T00:00:00+00:00, run_after=2023-10-10T00:00:00+00:00
[2023-10-10 12:20:49,982] {processor.py:161} INFO - Processing /home/airflow/.local/lib/python3.7/site-packages/airflow/example_dags/example_branch_operator_decorator.py took 0.111 seconds
[2023-10-10 12:21:20,395] {processor.py:153} INFO - Started process (PID=2104) to work on /home/airflow/.local/lib/python3.7/site-packages/airflow/example_dags/example_branch_operator_decorator.py
[2023-10-10 12:21:20,396] {processor.py:641} INFO - Processing file /home/airflow/.local/lib/python3.7/site-packages/airflow/example_dags/example_branch_operator_decorator.py for tasks to queue
[2023-10-10 12:21:20,397] {logging_mixin.py:115} INFO - [2023-10-10 12:21:20,396] {dagbag.py:508} INFO - Filling up the DagBag from /home/airflow/.local/lib/python3.7/site-packages/airflow/example_dags/example_branch_operator_decorator.py
[2023-10-10 12:21:20,419] {processor.py:651} INFO - DAG(s) dict_keys(['example_branch_python_operator_decorator']) retrieved from /home/airflow/.local/lib/python3.7/site-packages/airflow/example_dags/example_branch_operator_decorator.py
[2023-10-10 12:21:20,459] {logging_mixin.py:115} INFO - [2023-10-10 12:21:20,459] {dag.py:2420} INFO - Sync 1 DAGs
[2023-10-10 12:21:20,489] {logging_mixin.py:115} INFO - [2023-10-10 12:21:20,489] {dag.py:2972} INFO - Setting next_dagrun for example_branch_python_operator_decorator to 2023-10-09T00:00:00+00:00, run_after=2023-10-10T00:00:00+00:00
[2023-10-10 12:21:20,501] {processor.py:161} INFO - Processing /home/airflow/.local/lib/python3.7/site-packages/airflow/example_dags/example_branch_operator_decorator.py took 0.111 seconds
[2023-10-10 12:21:51,487] {processor.py:153} INFO - Started process (PID=2166) to work on /home/airflow/.local/lib/python3.7/site-packages/airflow/example_dags/example_branch_operator_decorator.py
[2023-10-10 12:21:51,496] {processor.py:641} INFO - Processing file /home/airflow/.local/lib/python3.7/site-packages/airflow/example_dags/example_branch_operator_decorator.py for tasks to queue
[2023-10-10 12:21:51,496] {logging_mixin.py:115} INFO - [2023-10-10 12:21:51,496] {dagbag.py:508} INFO - Filling up the DagBag from /home/airflow/.local/lib/python3.7/site-packages/airflow/example_dags/example_branch_operator_decorator.py
[2023-10-10 12:21:51,537] {processor.py:651} INFO - DAG(s) dict_keys(['example_branch_python_operator_decorator']) retrieved from /home/airflow/.local/lib/python3.7/site-packages/airflow/example_dags/example_branch_operator_decorator.py
[2023-10-10 12:21:51,581] {logging_mixin.py:115} INFO - [2023-10-10 12:21:51,581] {dag.py:2420} INFO - Sync 1 DAGs
[2023-10-10 12:21:51,616] {logging_mixin.py:115} INFO - [2023-10-10 12:21:51,616] {dag.py:2972} INFO - Setting next_dagrun for example_branch_python_operator_decorator to 2023-10-09T00:00:00+00:00, run_after=2023-10-10T00:00:00+00:00
[2023-10-10 12:21:51,629] {processor.py:161} INFO - Processing /home/airflow/.local/lib/python3.7/site-packages/airflow/example_dags/example_branch_operator_decorator.py took 0.147 seconds
[2023-10-10 12:22:21,893] {processor.py:153} INFO - Started process (PID=2219) to work on /home/airflow/.local/lib/python3.7/site-packages/airflow/example_dags/example_branch_operator_decorator.py
[2023-10-10 12:22:21,894] {processor.py:641} INFO - Processing file /home/airflow/.local/lib/python3.7/site-packages/airflow/example_dags/example_branch_operator_decorator.py for tasks to queue
[2023-10-10 12:22:21,894] {logging_mixin.py:115} INFO - [2023-10-10 12:22:21,894] {dagbag.py:508} INFO - Filling up the DagBag from /home/airflow/.local/lib/python3.7/site-packages/airflow/example_dags/example_branch_operator_decorator.py
[2023-10-10 12:22:21,918] {processor.py:651} INFO - DAG(s) dict_keys(['example_branch_python_operator_decorator']) retrieved from /home/airflow/.local/lib/python3.7/site-packages/airflow/example_dags/example_branch_operator_decorator.py
[2023-10-10 12:22:21,956] {logging_mixin.py:115} INFO - [2023-10-10 12:22:21,956] {dag.py:2420} INFO - Sync 1 DAGs
[2023-10-10 12:22:21,987] {logging_mixin.py:115} INFO - [2023-10-10 12:22:21,987] {dag.py:2972} INFO - Setting next_dagrun for example_branch_python_operator_decorator to 2023-10-09T00:00:00+00:00, run_after=2023-10-10T00:00:00+00:00
[2023-10-10 12:22:22,001] {processor.py:161} INFO - Processing /home/airflow/.local/lib/python3.7/site-packages/airflow/example_dags/example_branch_operator_decorator.py took 0.113 seconds
[2023-10-10 12:22:52,883] {processor.py:153} INFO - Started process (PID=2281) to work on /home/airflow/.local/lib/python3.7/site-packages/airflow/example_dags/example_branch_operator_decorator.py
[2023-10-10 12:22:52,883] {processor.py:641} INFO - Processing file /home/airflow/.local/lib/python3.7/site-packages/airflow/example_dags/example_branch_operator_decorator.py for tasks to queue
[2023-10-10 12:22:52,884] {logging_mixin.py:115} INFO - [2023-10-10 12:22:52,884] {dagbag.py:508} INFO - Filling up the DagBag from /home/airflow/.local/lib/python3.7/site-packages/airflow/example_dags/example_branch_operator_decorator.py
[2023-10-10 12:22:52,912] {processor.py:651} INFO - DAG(s) dict_keys(['example_branch_python_operator_decorator']) retrieved from /home/airflow/.local/lib/python3.7/site-packages/airflow/example_dags/example_branch_operator_decorator.py
[2023-10-10 12:22:52,979] {logging_mixin.py:115} INFO - [2023-10-10 12:22:52,979] {dag.py:2420} INFO - Sync 1 DAGs
[2023-10-10 12:22:53,033] {logging_mixin.py:115} INFO - [2023-10-10 12:22:53,033] {dag.py:2972} INFO - Setting next_dagrun for example_branch_python_operator_decorator to 2023-10-09T00:00:00+00:00, run_after=2023-10-10T00:00:00+00:00
[2023-10-10 12:22:53,047] {processor.py:161} INFO - Processing /home/airflow/.local/lib/python3.7/site-packages/airflow/example_dags/example_branch_operator_decorator.py took 0.169 seconds
[2023-10-10 12:23:24,004] {processor.py:153} INFO - Started process (PID=2343) to work on /home/airflow/.local/lib/python3.7/site-packages/airflow/example_dags/example_branch_operator_decorator.py
[2023-10-10 12:23:24,005] {processor.py:641} INFO - Processing file /home/airflow/.local/lib/python3.7/site-packages/airflow/example_dags/example_branch_operator_decorator.py for tasks to queue
[2023-10-10 12:23:24,006] {logging_mixin.py:115} INFO - [2023-10-10 12:23:24,005] {dagbag.py:508} INFO - Filling up the DagBag from /home/airflow/.local/lib/python3.7/site-packages/airflow/example_dags/example_branch_operator_decorator.py
[2023-10-10 12:23:24,042] {processor.py:651} INFO - DAG(s) dict_keys(['example_branch_python_operator_decorator']) retrieved from /home/airflow/.local/lib/python3.7/site-packages/airflow/example_dags/example_branch_operator_decorator.py
[2023-10-10 12:23:24,118] {logging_mixin.py:115} INFO - [2023-10-10 12:23:24,117] {dag.py:2420} INFO - Sync 1 DAGs
[2023-10-10 12:23:24,169] {logging_mixin.py:115} INFO - [2023-10-10 12:23:24,169] {dag.py:2972} INFO - Setting next_dagrun for example_branch_python_operator_decorator to 2023-10-09T00:00:00+00:00, run_after=2023-10-10T00:00:00+00:00
[2023-10-10 12:23:24,196] {processor.py:161} INFO - Processing /home/airflow/.local/lib/python3.7/site-packages/airflow/example_dags/example_branch_operator_decorator.py took 0.197 seconds
[2023-10-10 12:23:54,741] {processor.py:153} INFO - Started process (PID=2396) to work on /home/airflow/.local/lib/python3.7/site-packages/airflow/example_dags/example_branch_operator_decorator.py
[2023-10-10 12:23:54,742] {processor.py:641} INFO - Processing file /home/airflow/.local/lib/python3.7/site-packages/airflow/example_dags/example_branch_operator_decorator.py for tasks to queue
[2023-10-10 12:23:54,743] {logging_mixin.py:115} INFO - [2023-10-10 12:23:54,743] {dagbag.py:508} INFO - Filling up the DagBag from /home/airflow/.local/lib/python3.7/site-packages/airflow/example_dags/example_branch_operator_decorator.py
[2023-10-10 12:23:54,767] {processor.py:651} INFO - DAG(s) dict_keys(['example_branch_python_operator_decorator']) retrieved from /home/airflow/.local/lib/python3.7/site-packages/airflow/example_dags/example_branch_operator_decorator.py
[2023-10-10 12:23:54,816] {logging_mixin.py:115} INFO - [2023-10-10 12:23:54,815] {dag.py:2420} INFO - Sync 1 DAGs
[2023-10-10 12:23:54,845] {logging_mixin.py:115} INFO - [2023-10-10 12:23:54,845] {dag.py:2972} INFO - Setting next_dagrun for example_branch_python_operator_decorator to 2023-10-09T00:00:00+00:00, run_after=2023-10-10T00:00:00+00:00
[2023-10-10 12:23:54,860] {processor.py:161} INFO - Processing /home/airflow/.local/lib/python3.7/site-packages/airflow/example_dags/example_branch_operator_decorator.py took 0.124 seconds
[2023-10-10 12:24:25,469] {processor.py:153} INFO - Started process (PID=2459) to work on /home/airflow/.local/lib/python3.7/site-packages/airflow/example_dags/example_branch_operator_decorator.py
[2023-10-10 12:24:25,470] {processor.py:641} INFO - Processing file /home/airflow/.local/lib/python3.7/site-packages/airflow/example_dags/example_branch_operator_decorator.py for tasks to queue
[2023-10-10 12:24:25,470] {logging_mixin.py:115} INFO - [2023-10-10 12:24:25,470] {dagbag.py:508} INFO - Filling up the DagBag from /home/airflow/.local/lib/python3.7/site-packages/airflow/example_dags/example_branch_operator_decorator.py
[2023-10-10 12:24:25,496] {processor.py:651} INFO - DAG(s) dict_keys(['example_branch_python_operator_decorator']) retrieved from /home/airflow/.local/lib/python3.7/site-packages/airflow/example_dags/example_branch_operator_decorator.py
[2023-10-10 12:24:25,556] {logging_mixin.py:115} INFO - [2023-10-10 12:24:25,556] {dag.py:2420} INFO - Sync 1 DAGs
[2023-10-10 12:24:25,598] {logging_mixin.py:115} INFO - [2023-10-10 12:24:25,597] {dag.py:2972} INFO - Setting next_dagrun for example_branch_python_operator_decorator to 2023-10-09T00:00:00+00:00, run_after=2023-10-10T00:00:00+00:00
[2023-10-10 12:24:25,611] {processor.py:161} INFO - Processing /home/airflow/.local/lib/python3.7/site-packages/airflow/example_dags/example_branch_operator_decorator.py took 0.147 seconds
[2023-10-10 12:24:56,221] {processor.py:153} INFO - Started process (PID=2519) to work on /home/airflow/.local/lib/python3.7/site-packages/airflow/example_dags/example_branch_operator_decorator.py
[2023-10-10 12:24:56,222] {processor.py:641} INFO - Processing file /home/airflow/.local/lib/python3.7/site-packages/airflow/example_dags/example_branch_operator_decorator.py for tasks to queue
[2023-10-10 12:24:56,223] {logging_mixin.py:115} INFO - [2023-10-10 12:24:56,223] {dagbag.py:508} INFO - Filling up the DagBag from /home/airflow/.local/lib/python3.7/site-packages/airflow/example_dags/example_branch_operator_decorator.py
[2023-10-10 12:24:56,263] {processor.py:651} INFO - DAG(s) dict_keys(['example_branch_python_operator_decorator']) retrieved from /home/airflow/.local/lib/python3.7/site-packages/airflow/example_dags/example_branch_operator_decorator.py
[2023-10-10 12:24:56,328] {logging_mixin.py:115} INFO - [2023-10-10 12:24:56,328] {dag.py:2420} INFO - Sync 1 DAGs
[2023-10-10 12:24:56,369] {logging_mixin.py:115} INFO - [2023-10-10 12:24:56,369] {dag.py:2972} INFO - Setting next_dagrun for example_branch_python_operator_decorator to 2023-10-09T00:00:00+00:00, run_after=2023-10-10T00:00:00+00:00
[2023-10-10 12:24:56,396] {processor.py:161} INFO - Processing /home/airflow/.local/lib/python3.7/site-packages/airflow/example_dags/example_branch_operator_decorator.py took 0.179 seconds
[2023-10-10 12:25:26,779] {processor.py:153} INFO - Started process (PID=2574) to work on /home/airflow/.local/lib/python3.7/site-packages/airflow/example_dags/example_branch_operator_decorator.py
[2023-10-10 12:25:26,779] {processor.py:641} INFO - Processing file /home/airflow/.local/lib/python3.7/site-packages/airflow/example_dags/example_branch_operator_decorator.py for tasks to queue
[2023-10-10 12:25:26,780] {logging_mixin.py:115} INFO - [2023-10-10 12:25:26,780] {dagbag.py:508} INFO - Filling up the DagBag from /home/airflow/.local/lib/python3.7/site-packages/airflow/example_dags/example_branch_operator_decorator.py
[2023-10-10 12:25:26,803] {processor.py:651} INFO - DAG(s) dict_keys(['example_branch_python_operator_decorator']) retrieved from /home/airflow/.local/lib/python3.7/site-packages/airflow/example_dags/example_branch_operator_decorator.py
[2023-10-10 12:25:26,846] {logging_mixin.py:115} INFO - [2023-10-10 12:25:26,846] {dag.py:2420} INFO - Sync 1 DAGs
[2023-10-10 12:25:26,879] {logging_mixin.py:115} INFO - [2023-10-10 12:25:26,879] {dag.py:2972} INFO - Setting next_dagrun for example_branch_python_operator_decorator to 2023-10-09T00:00:00+00:00, run_after=2023-10-10T00:00:00+00:00
[2023-10-10 12:25:26,891] {processor.py:161} INFO - Processing /home/airflow/.local/lib/python3.7/site-packages/airflow/example_dags/example_branch_operator_decorator.py took 0.117 seconds
[2023-10-10 12:25:57,638] {processor.py:153} INFO - Started process (PID=2636) to work on /home/airflow/.local/lib/python3.7/site-packages/airflow/example_dags/example_branch_operator_decorator.py
[2023-10-10 12:25:57,643] {processor.py:641} INFO - Processing file /home/airflow/.local/lib/python3.7/site-packages/airflow/example_dags/example_branch_operator_decorator.py for tasks to queue
[2023-10-10 12:25:57,643] {logging_mixin.py:115} INFO - [2023-10-10 12:25:57,643] {dagbag.py:508} INFO - Filling up the DagBag from /home/airflow/.local/lib/python3.7/site-packages/airflow/example_dags/example_branch_operator_decorator.py
[2023-10-10 12:25:57,669] {processor.py:651} INFO - DAG(s) dict_keys(['example_branch_python_operator_decorator']) retrieved from /home/airflow/.local/lib/python3.7/site-packages/airflow/example_dags/example_branch_operator_decorator.py
[2023-10-10 12:25:57,710] {logging_mixin.py:115} INFO - [2023-10-10 12:25:57,709] {dag.py:2420} INFO - Sync 1 DAGs
[2023-10-10 12:25:57,740] {logging_mixin.py:115} INFO - [2023-10-10 12:25:57,740] {dag.py:2972} INFO - Setting next_dagrun for example_branch_python_operator_decorator to 2023-10-09T00:00:00+00:00, run_after=2023-10-10T00:00:00+00:00
[2023-10-10 12:25:57,753] {processor.py:161} INFO - Processing /home/airflow/.local/lib/python3.7/site-packages/airflow/example_dags/example_branch_operator_decorator.py took 0.120 seconds
[2023-10-10 12:26:28,147] {processor.py:153} INFO - Started process (PID=2689) to work on /home/airflow/.local/lib/python3.7/site-packages/airflow/example_dags/example_branch_operator_decorator.py
[2023-10-10 12:26:28,147] {processor.py:641} INFO - Processing file /home/airflow/.local/lib/python3.7/site-packages/airflow/example_dags/example_branch_operator_decorator.py for tasks to queue
[2023-10-10 12:26:28,148] {logging_mixin.py:115} INFO - [2023-10-10 12:26:28,148] {dagbag.py:508} INFO - Filling up the DagBag from /home/airflow/.local/lib/python3.7/site-packages/airflow/example_dags/example_branch_operator_decorator.py
[2023-10-10 12:26:28,185] {processor.py:651} INFO - DAG(s) dict_keys(['example_branch_python_operator_decorator']) retrieved from /home/airflow/.local/lib/python3.7/site-packages/airflow/example_dags/example_branch_operator_decorator.py
[2023-10-10 12:26:28,257] {logging_mixin.py:115} INFO - [2023-10-10 12:26:28,256] {dag.py:2420} INFO - Sync 1 DAGs
[2023-10-10 12:26:28,300] {logging_mixin.py:115} INFO - [2023-10-10 12:26:28,300] {dag.py:2972} INFO - Setting next_dagrun for example_branch_python_operator_decorator to 2023-10-09T00:00:00+00:00, run_after=2023-10-10T00:00:00+00:00
[2023-10-10 12:26:28,320] {processor.py:161} INFO - Processing /home/airflow/.local/lib/python3.7/site-packages/airflow/example_dags/example_branch_operator_decorator.py took 0.179 seconds
