[2023-10-10 12:03:23,679] {processor.py:153} INFO - Started process (PID=64) to work on /home/airflow/.local/lib/python3.7/site-packages/airflow/example_dags/example_skip_dag.py
[2023-10-10 12:03:23,696] {processor.py:641} INFO - Processing file /home/airflow/.local/lib/python3.7/site-packages/airflow/example_dags/example_skip_dag.py for tasks to queue
[2023-10-10 12:03:23,697] {logging_mixin.py:115} INFO - [2023-10-10 12:03:23,696] {dagbag.py:508} INFO - Filling up the DagBag from /home/airflow/.local/lib/python3.7/site-packages/airflow/example_dags/example_skip_dag.py
[2023-10-10 12:03:23,738] {processor.py:651} INFO - DAG(s) dict_keys(['example_skip_dag']) retrieved from /home/airflow/.local/lib/python3.7/site-packages/airflow/example_dags/example_skip_dag.py
[2023-10-10 12:03:25,897] {logging_mixin.py:115} INFO - [2023-10-10 12:03:25,897] {manager.py:508} INFO - Created Permission View: can read on DAG:example_skip_dag
[2023-10-10 12:03:25,939] {logging_mixin.py:115} INFO - [2023-10-10 12:03:25,939] {manager.py:508} INFO - Created Permission View: can edit on DAG:example_skip_dag
[2023-10-10 12:03:25,997] {logging_mixin.py:115} INFO - [2023-10-10 12:03:25,997] {manager.py:508} INFO - Created Permission View: can delete on DAG:example_skip_dag
[2023-10-10 12:03:25,997] {logging_mixin.py:115} INFO - [2023-10-10 12:03:25,997] {dag.py:2420} INFO - Sync 1 DAGs
[2023-10-10 12:03:26,061] {logging_mixin.py:115} INFO - [2023-10-10 12:03:26,060] {dag.py:2439} INFO - Creating ORM DAG for example_skip_dag
[2023-10-10 12:03:26,142] {logging_mixin.py:115} INFO - [2023-10-10 12:03:26,142] {dag.py:2972} INFO - Setting next_dagrun for example_skip_dag to 2023-10-09T12:03:26.141833+00:00, run_after=2023-10-10T12:03:26.141833+00:00
[2023-10-10 12:03:26,296] {processor.py:161} INFO - Processing /home/airflow/.local/lib/python3.7/site-packages/airflow/example_dags/example_skip_dag.py took 2.635 seconds
[2023-10-10 12:03:56,842] {processor.py:153} INFO - Started process (PID=116) to work on /home/airflow/.local/lib/python3.7/site-packages/airflow/example_dags/example_skip_dag.py
[2023-10-10 12:03:56,856] {processor.py:641} INFO - Processing file /home/airflow/.local/lib/python3.7/site-packages/airflow/example_dags/example_skip_dag.py for tasks to queue
[2023-10-10 12:03:56,856] {logging_mixin.py:115} INFO - [2023-10-10 12:03:56,856] {dagbag.py:508} INFO - Filling up the DagBag from /home/airflow/.local/lib/python3.7/site-packages/airflow/example_dags/example_skip_dag.py
[2023-10-10 12:03:56,882] {processor.py:651} INFO - DAG(s) dict_keys(['example_skip_dag']) retrieved from /home/airflow/.local/lib/python3.7/site-packages/airflow/example_dags/example_skip_dag.py
[2023-10-10 12:03:57,118] {logging_mixin.py:115} INFO - [2023-10-10 12:03:57,117] {dag.py:2420} INFO - Sync 1 DAGs
[2023-10-10 12:03:57,220] {logging_mixin.py:115} INFO - [2023-10-10 12:03:57,220] {dag.py:2972} INFO - Setting next_dagrun for example_skip_dag to 2023-10-09T12:03:57.220417+00:00, run_after=2023-10-10T12:03:57.220417+00:00
[2023-10-10 12:03:57,261] {processor.py:161} INFO - Processing /home/airflow/.local/lib/python3.7/site-packages/airflow/example_dags/example_skip_dag.py took 0.424 seconds
[2023-10-10 12:04:28,264] {processor.py:153} INFO - Started process (PID=168) to work on /home/airflow/.local/lib/python3.7/site-packages/airflow/example_dags/example_skip_dag.py
[2023-10-10 12:04:28,265] {processor.py:641} INFO - Processing file /home/airflow/.local/lib/python3.7/site-packages/airflow/example_dags/example_skip_dag.py for tasks to queue
[2023-10-10 12:04:28,266] {logging_mixin.py:115} INFO - [2023-10-10 12:04:28,266] {dagbag.py:508} INFO - Filling up the DagBag from /home/airflow/.local/lib/python3.7/site-packages/airflow/example_dags/example_skip_dag.py
[2023-10-10 12:04:28,274] {processor.py:651} INFO - DAG(s) dict_keys(['example_skip_dag']) retrieved from /home/airflow/.local/lib/python3.7/site-packages/airflow/example_dags/example_skip_dag.py
[2023-10-10 12:04:28,342] {logging_mixin.py:115} INFO - [2023-10-10 12:04:28,342] {dag.py:2420} INFO - Sync 1 DAGs
[2023-10-10 12:04:28,385] {logging_mixin.py:115} INFO - [2023-10-10 12:04:28,385] {dag.py:2972} INFO - Setting next_dagrun for example_skip_dag to 2023-10-09T12:04:28.384640+00:00, run_after=2023-10-10T12:04:28.384640+00:00
[2023-10-10 12:04:28,406] {processor.py:161} INFO - Processing /home/airflow/.local/lib/python3.7/site-packages/airflow/example_dags/example_skip_dag.py took 0.146 seconds
[2023-10-10 12:04:58,988] {processor.py:153} INFO - Started process (PID=229) to work on /home/airflow/.local/lib/python3.7/site-packages/airflow/example_dags/example_skip_dag.py
[2023-10-10 12:04:58,989] {processor.py:641} INFO - Processing file /home/airflow/.local/lib/python3.7/site-packages/airflow/example_dags/example_skip_dag.py for tasks to queue
[2023-10-10 12:04:58,990] {logging_mixin.py:115} INFO - [2023-10-10 12:04:58,990] {dagbag.py:508} INFO - Filling up the DagBag from /home/airflow/.local/lib/python3.7/site-packages/airflow/example_dags/example_skip_dag.py
[2023-10-10 12:04:58,997] {processor.py:651} INFO - DAG(s) dict_keys(['example_skip_dag']) retrieved from /home/airflow/.local/lib/python3.7/site-packages/airflow/example_dags/example_skip_dag.py
[2023-10-10 12:04:59,043] {logging_mixin.py:115} INFO - [2023-10-10 12:04:59,043] {dag.py:2420} INFO - Sync 1 DAGs
[2023-10-10 12:04:59,076] {logging_mixin.py:115} INFO - [2023-10-10 12:04:59,076] {dag.py:2972} INFO - Setting next_dagrun for example_skip_dag to 2023-10-09T12:04:59.076111+00:00, run_after=2023-10-10T12:04:59.076111+00:00
[2023-10-10 12:04:59,091] {processor.py:161} INFO - Processing /home/airflow/.local/lib/python3.7/site-packages/airflow/example_dags/example_skip_dag.py took 0.108 seconds
[2023-10-10 12:05:29,624] {processor.py:153} INFO - Started process (PID=290) to work on /home/airflow/.local/lib/python3.7/site-packages/airflow/example_dags/example_skip_dag.py
[2023-10-10 12:05:29,625] {processor.py:641} INFO - Processing file /home/airflow/.local/lib/python3.7/site-packages/airflow/example_dags/example_skip_dag.py for tasks to queue
[2023-10-10 12:05:29,625] {logging_mixin.py:115} INFO - [2023-10-10 12:05:29,625] {dagbag.py:508} INFO - Filling up the DagBag from /home/airflow/.local/lib/python3.7/site-packages/airflow/example_dags/example_skip_dag.py
[2023-10-10 12:05:29,638] {processor.py:651} INFO - DAG(s) dict_keys(['example_skip_dag']) retrieved from /home/airflow/.local/lib/python3.7/site-packages/airflow/example_dags/example_skip_dag.py
[2023-10-10 12:05:29,707] {logging_mixin.py:115} INFO - [2023-10-10 12:05:29,707] {dag.py:2420} INFO - Sync 1 DAGs
[2023-10-10 12:05:29,763] {logging_mixin.py:115} INFO - [2023-10-10 12:05:29,762] {dag.py:2972} INFO - Setting next_dagrun for example_skip_dag to 2023-10-09T12:05:29.762355+00:00, run_after=2023-10-10T12:05:29.762355+00:00
[2023-10-10 12:05:29,798] {processor.py:161} INFO - Processing /home/airflow/.local/lib/python3.7/site-packages/airflow/example_dags/example_skip_dag.py took 0.181 seconds
[2023-10-10 12:06:00,350] {processor.py:153} INFO - Started process (PID=343) to work on /home/airflow/.local/lib/python3.7/site-packages/airflow/example_dags/example_skip_dag.py
[2023-10-10 12:06:00,351] {processor.py:641} INFO - Processing file /home/airflow/.local/lib/python3.7/site-packages/airflow/example_dags/example_skip_dag.py for tasks to queue
[2023-10-10 12:06:00,352] {logging_mixin.py:115} INFO - [2023-10-10 12:06:00,351] {dagbag.py:508} INFO - Filling up the DagBag from /home/airflow/.local/lib/python3.7/site-packages/airflow/example_dags/example_skip_dag.py
[2023-10-10 12:06:00,359] {processor.py:651} INFO - DAG(s) dict_keys(['example_skip_dag']) retrieved from /home/airflow/.local/lib/python3.7/site-packages/airflow/example_dags/example_skip_dag.py
[2023-10-10 12:06:00,406] {logging_mixin.py:115} INFO - [2023-10-10 12:06:00,405] {dag.py:2420} INFO - Sync 1 DAGs
[2023-10-10 12:06:00,435] {logging_mixin.py:115} INFO - [2023-10-10 12:06:00,435] {dag.py:2972} INFO - Setting next_dagrun for example_skip_dag to 2023-10-09T12:06:00.434809+00:00, run_after=2023-10-10T12:06:00.434809+00:00
[2023-10-10 12:06:00,449] {processor.py:161} INFO - Processing /home/airflow/.local/lib/python3.7/site-packages/airflow/example_dags/example_skip_dag.py took 0.104 seconds
[2023-10-10 12:06:31,008] {processor.py:153} INFO - Started process (PID=404) to work on /home/airflow/.local/lib/python3.7/site-packages/airflow/example_dags/example_skip_dag.py
[2023-10-10 12:06:31,009] {processor.py:641} INFO - Processing file /home/airflow/.local/lib/python3.7/site-packages/airflow/example_dags/example_skip_dag.py for tasks to queue
[2023-10-10 12:06:31,010] {logging_mixin.py:115} INFO - [2023-10-10 12:06:31,010] {dagbag.py:508} INFO - Filling up the DagBag from /home/airflow/.local/lib/python3.7/site-packages/airflow/example_dags/example_skip_dag.py
[2023-10-10 12:06:31,021] {processor.py:651} INFO - DAG(s) dict_keys(['example_skip_dag']) retrieved from /home/airflow/.local/lib/python3.7/site-packages/airflow/example_dags/example_skip_dag.py
[2023-10-10 12:06:31,074] {logging_mixin.py:115} INFO - [2023-10-10 12:06:31,074] {dag.py:2420} INFO - Sync 1 DAGs
[2023-10-10 12:06:31,104] {logging_mixin.py:115} INFO - [2023-10-10 12:06:31,104] {dag.py:2972} INFO - Setting next_dagrun for example_skip_dag to 2023-10-09T12:06:31.104241+00:00, run_after=2023-10-10T12:06:31.104241+00:00
[2023-10-10 12:06:31,120] {processor.py:161} INFO - Processing /home/airflow/.local/lib/python3.7/site-packages/airflow/example_dags/example_skip_dag.py took 0.118 seconds
[2023-10-10 12:07:01,250] {processor.py:153} INFO - Started process (PID=457) to work on /home/airflow/.local/lib/python3.7/site-packages/airflow/example_dags/example_skip_dag.py
[2023-10-10 12:07:01,251] {processor.py:641} INFO - Processing file /home/airflow/.local/lib/python3.7/site-packages/airflow/example_dags/example_skip_dag.py for tasks to queue
[2023-10-10 12:07:01,252] {logging_mixin.py:115} INFO - [2023-10-10 12:07:01,252] {dagbag.py:508} INFO - Filling up the DagBag from /home/airflow/.local/lib/python3.7/site-packages/airflow/example_dags/example_skip_dag.py
[2023-10-10 12:07:01,259] {processor.py:651} INFO - DAG(s) dict_keys(['example_skip_dag']) retrieved from /home/airflow/.local/lib/python3.7/site-packages/airflow/example_dags/example_skip_dag.py
[2023-10-10 12:07:01,347] {logging_mixin.py:115} INFO - [2023-10-10 12:07:01,346] {dag.py:2420} INFO - Sync 1 DAGs
[2023-10-10 12:07:01,395] {logging_mixin.py:115} INFO - [2023-10-10 12:07:01,395] {dag.py:2972} INFO - Setting next_dagrun for example_skip_dag to 2023-10-09T12:07:01.395088+00:00, run_after=2023-10-10T12:07:01.395088+00:00
[2023-10-10 12:07:01,410] {processor.py:161} INFO - Processing /home/airflow/.local/lib/python3.7/site-packages/airflow/example_dags/example_skip_dag.py took 0.166 seconds
[2023-10-10 12:07:31,516] {processor.py:153} INFO - Started process (PID=518) to work on /home/airflow/.local/lib/python3.7/site-packages/airflow/example_dags/example_skip_dag.py
[2023-10-10 12:07:31,517] {processor.py:641} INFO - Processing file /home/airflow/.local/lib/python3.7/site-packages/airflow/example_dags/example_skip_dag.py for tasks to queue
[2023-10-10 12:07:31,517] {logging_mixin.py:115} INFO - [2023-10-10 12:07:31,517] {dagbag.py:508} INFO - Filling up the DagBag from /home/airflow/.local/lib/python3.7/site-packages/airflow/example_dags/example_skip_dag.py
[2023-10-10 12:07:31,525] {processor.py:651} INFO - DAG(s) dict_keys(['example_skip_dag']) retrieved from /home/airflow/.local/lib/python3.7/site-packages/airflow/example_dags/example_skip_dag.py
[2023-10-10 12:07:31,595] {logging_mixin.py:115} INFO - [2023-10-10 12:07:31,595] {dag.py:2420} INFO - Sync 1 DAGs
[2023-10-10 12:07:31,643] {logging_mixin.py:115} INFO - [2023-10-10 12:07:31,643] {dag.py:2972} INFO - Setting next_dagrun for example_skip_dag to 2023-10-09T12:07:31.642917+00:00, run_after=2023-10-10T12:07:31.642917+00:00
[2023-10-10 12:07:31,679] {processor.py:161} INFO - Processing /home/airflow/.local/lib/python3.7/site-packages/airflow/example_dags/example_skip_dag.py took 0.168 seconds
[2023-10-10 12:08:01,722] {processor.py:153} INFO - Started process (PID=579) to work on /home/airflow/.local/lib/python3.7/site-packages/airflow/example_dags/example_skip_dag.py
[2023-10-10 12:08:01,723] {processor.py:641} INFO - Processing file /home/airflow/.local/lib/python3.7/site-packages/airflow/example_dags/example_skip_dag.py for tasks to queue
[2023-10-10 12:08:01,724] {logging_mixin.py:115} INFO - [2023-10-10 12:08:01,723] {dagbag.py:508} INFO - Filling up the DagBag from /home/airflow/.local/lib/python3.7/site-packages/airflow/example_dags/example_skip_dag.py
[2023-10-10 12:08:01,731] {processor.py:651} INFO - DAG(s) dict_keys(['example_skip_dag']) retrieved from /home/airflow/.local/lib/python3.7/site-packages/airflow/example_dags/example_skip_dag.py
[2023-10-10 12:08:01,773] {logging_mixin.py:115} INFO - [2023-10-10 12:08:01,773] {dag.py:2420} INFO - Sync 1 DAGs
[2023-10-10 12:08:01,808] {logging_mixin.py:115} INFO - [2023-10-10 12:08:01,808] {dag.py:2972} INFO - Setting next_dagrun for example_skip_dag to 2023-10-09T12:08:01.808232+00:00, run_after=2023-10-10T12:08:01.808232+00:00
[2023-10-10 12:08:01,825] {processor.py:161} INFO - Processing /home/airflow/.local/lib/python3.7/site-packages/airflow/example_dags/example_skip_dag.py took 0.108 seconds
[2023-10-10 12:08:32,281] {processor.py:153} INFO - Started process (PID=632) to work on /home/airflow/.local/lib/python3.7/site-packages/airflow/example_dags/example_skip_dag.py
[2023-10-10 12:08:32,282] {processor.py:641} INFO - Processing file /home/airflow/.local/lib/python3.7/site-packages/airflow/example_dags/example_skip_dag.py for tasks to queue
[2023-10-10 12:08:32,282] {logging_mixin.py:115} INFO - [2023-10-10 12:08:32,282] {dagbag.py:508} INFO - Filling up the DagBag from /home/airflow/.local/lib/python3.7/site-packages/airflow/example_dags/example_skip_dag.py
[2023-10-10 12:08:32,290] {processor.py:651} INFO - DAG(s) dict_keys(['example_skip_dag']) retrieved from /home/airflow/.local/lib/python3.7/site-packages/airflow/example_dags/example_skip_dag.py
[2023-10-10 12:08:32,361] {logging_mixin.py:115} INFO - [2023-10-10 12:08:32,361] {dag.py:2420} INFO - Sync 1 DAGs
[2023-10-10 12:08:32,400] {logging_mixin.py:115} INFO - [2023-10-10 12:08:32,400] {dag.py:2972} INFO - Setting next_dagrun for example_skip_dag to 2023-10-09T12:08:32.400340+00:00, run_after=2023-10-10T12:08:32.400340+00:00
[2023-10-10 12:08:32,436] {processor.py:161} INFO - Processing /home/airflow/.local/lib/python3.7/site-packages/airflow/example_dags/example_skip_dag.py took 0.160 seconds
[2023-10-10 12:09:02,769] {processor.py:153} INFO - Started process (PID=694) to work on /home/airflow/.local/lib/python3.7/site-packages/airflow/example_dags/example_skip_dag.py
[2023-10-10 12:09:02,770] {processor.py:641} INFO - Processing file /home/airflow/.local/lib/python3.7/site-packages/airflow/example_dags/example_skip_dag.py for tasks to queue
[2023-10-10 12:09:02,771] {logging_mixin.py:115} INFO - [2023-10-10 12:09:02,771] {dagbag.py:508} INFO - Filling up the DagBag from /home/airflow/.local/lib/python3.7/site-packages/airflow/example_dags/example_skip_dag.py
[2023-10-10 12:09:02,778] {processor.py:651} INFO - DAG(s) dict_keys(['example_skip_dag']) retrieved from /home/airflow/.local/lib/python3.7/site-packages/airflow/example_dags/example_skip_dag.py
[2023-10-10 12:09:02,856] {logging_mixin.py:115} INFO - [2023-10-10 12:09:02,855] {dag.py:2420} INFO - Sync 1 DAGs
[2023-10-10 12:09:02,900] {logging_mixin.py:115} INFO - [2023-10-10 12:09:02,900] {dag.py:2972} INFO - Setting next_dagrun for example_skip_dag to 2023-10-09T12:09:02.900250+00:00, run_after=2023-10-10T12:09:02.900250+00:00
[2023-10-10 12:09:02,939] {processor.py:161} INFO - Processing /home/airflow/.local/lib/python3.7/site-packages/airflow/example_dags/example_skip_dag.py took 0.175 seconds
[2023-10-10 12:09:33,373] {processor.py:153} INFO - Started process (PID=747) to work on /home/airflow/.local/lib/python3.7/site-packages/airflow/example_dags/example_skip_dag.py
[2023-10-10 12:09:33,374] {processor.py:641} INFO - Processing file /home/airflow/.local/lib/python3.7/site-packages/airflow/example_dags/example_skip_dag.py for tasks to queue
[2023-10-10 12:09:33,375] {logging_mixin.py:115} INFO - [2023-10-10 12:09:33,375] {dagbag.py:508} INFO - Filling up the DagBag from /home/airflow/.local/lib/python3.7/site-packages/airflow/example_dags/example_skip_dag.py
[2023-10-10 12:09:33,382] {processor.py:651} INFO - DAG(s) dict_keys(['example_skip_dag']) retrieved from /home/airflow/.local/lib/python3.7/site-packages/airflow/example_dags/example_skip_dag.py
[2023-10-10 12:09:33,432] {logging_mixin.py:115} INFO - [2023-10-10 12:09:33,432] {dag.py:2420} INFO - Sync 1 DAGs
[2023-10-10 12:09:33,477] {logging_mixin.py:115} INFO - [2023-10-10 12:09:33,477] {dag.py:2972} INFO - Setting next_dagrun for example_skip_dag to 2023-10-09T12:09:33.477125+00:00, run_after=2023-10-10T12:09:33.477125+00:00
[2023-10-10 12:09:33,500] {processor.py:161} INFO - Processing /home/airflow/.local/lib/python3.7/site-packages/airflow/example_dags/example_skip_dag.py took 0.131 seconds
[2023-10-10 12:10:03,949] {processor.py:153} INFO - Started process (PID=808) to work on /home/airflow/.local/lib/python3.7/site-packages/airflow/example_dags/example_skip_dag.py
[2023-10-10 12:10:03,950] {processor.py:641} INFO - Processing file /home/airflow/.local/lib/python3.7/site-packages/airflow/example_dags/example_skip_dag.py for tasks to queue
[2023-10-10 12:10:03,950] {logging_mixin.py:115} INFO - [2023-10-10 12:10:03,950] {dagbag.py:508} INFO - Filling up the DagBag from /home/airflow/.local/lib/python3.7/site-packages/airflow/example_dags/example_skip_dag.py
[2023-10-10 12:10:03,957] {processor.py:651} INFO - DAG(s) dict_keys(['example_skip_dag']) retrieved from /home/airflow/.local/lib/python3.7/site-packages/airflow/example_dags/example_skip_dag.py
[2023-10-10 12:10:03,999] {logging_mixin.py:115} INFO - [2023-10-10 12:10:03,999] {dag.py:2420} INFO - Sync 1 DAGs
[2023-10-10 12:10:04,029] {logging_mixin.py:115} INFO - [2023-10-10 12:10:04,029] {dag.py:2972} INFO - Setting next_dagrun for example_skip_dag to 2023-10-09T12:10:04.029023+00:00, run_after=2023-10-10T12:10:04.029023+00:00
[2023-10-10 12:10:04,048] {processor.py:161} INFO - Processing /home/airflow/.local/lib/python3.7/site-packages/airflow/example_dags/example_skip_dag.py took 0.104 seconds
[2023-10-10 12:10:34,668] {processor.py:153} INFO - Started process (PID=870) to work on /home/airflow/.local/lib/python3.7/site-packages/airflow/example_dags/example_skip_dag.py
[2023-10-10 12:10:34,669] {processor.py:641} INFO - Processing file /home/airflow/.local/lib/python3.7/site-packages/airflow/example_dags/example_skip_dag.py for tasks to queue
[2023-10-10 12:10:34,670] {logging_mixin.py:115} INFO - [2023-10-10 12:10:34,669] {dagbag.py:508} INFO - Filling up the DagBag from /home/airflow/.local/lib/python3.7/site-packages/airflow/example_dags/example_skip_dag.py
[2023-10-10 12:10:34,676] {processor.py:651} INFO - DAG(s) dict_keys(['example_skip_dag']) retrieved from /home/airflow/.local/lib/python3.7/site-packages/airflow/example_dags/example_skip_dag.py
[2023-10-10 12:10:34,721] {logging_mixin.py:115} INFO - [2023-10-10 12:10:34,720] {dag.py:2420} INFO - Sync 1 DAGs
[2023-10-10 12:10:34,751] {logging_mixin.py:115} INFO - [2023-10-10 12:10:34,751] {dag.py:2972} INFO - Setting next_dagrun for example_skip_dag to 2023-10-09T12:10:34.751027+00:00, run_after=2023-10-10T12:10:34.751027+00:00
[2023-10-10 12:10:34,765] {processor.py:161} INFO - Processing /home/airflow/.local/lib/python3.7/site-packages/airflow/example_dags/example_skip_dag.py took 0.103 seconds
[2023-10-10 12:11:05,060] {processor.py:153} INFO - Started process (PID=922) to work on /home/airflow/.local/lib/python3.7/site-packages/airflow/example_dags/example_skip_dag.py
[2023-10-10 12:11:05,061] {processor.py:641} INFO - Processing file /home/airflow/.local/lib/python3.7/site-packages/airflow/example_dags/example_skip_dag.py for tasks to queue
[2023-10-10 12:11:05,062] {logging_mixin.py:115} INFO - [2023-10-10 12:11:05,062] {dagbag.py:508} INFO - Filling up the DagBag from /home/airflow/.local/lib/python3.7/site-packages/airflow/example_dags/example_skip_dag.py
[2023-10-10 12:11:05,069] {processor.py:651} INFO - DAG(s) dict_keys(['example_skip_dag']) retrieved from /home/airflow/.local/lib/python3.7/site-packages/airflow/example_dags/example_skip_dag.py
[2023-10-10 12:11:05,113] {logging_mixin.py:115} INFO - [2023-10-10 12:11:05,112] {dag.py:2420} INFO - Sync 1 DAGs
[2023-10-10 12:11:05,155] {logging_mixin.py:115} INFO - [2023-10-10 12:11:05,147] {dag.py:2972} INFO - Setting next_dagrun for example_skip_dag to 2023-10-09T12:11:05.146873+00:00, run_after=2023-10-10T12:11:05.146873+00:00
[2023-10-10 12:11:05,176] {processor.py:161} INFO - Processing /home/airflow/.local/lib/python3.7/site-packages/airflow/example_dags/example_skip_dag.py took 0.121 seconds
[2023-10-10 12:11:35,750] {processor.py:153} INFO - Started process (PID=983) to work on /home/airflow/.local/lib/python3.7/site-packages/airflow/example_dags/example_skip_dag.py
[2023-10-10 12:11:35,751] {processor.py:641} INFO - Processing file /home/airflow/.local/lib/python3.7/site-packages/airflow/example_dags/example_skip_dag.py for tasks to queue
[2023-10-10 12:11:35,752] {logging_mixin.py:115} INFO - [2023-10-10 12:11:35,752] {dagbag.py:508} INFO - Filling up the DagBag from /home/airflow/.local/lib/python3.7/site-packages/airflow/example_dags/example_skip_dag.py
[2023-10-10 12:11:35,759] {processor.py:651} INFO - DAG(s) dict_keys(['example_skip_dag']) retrieved from /home/airflow/.local/lib/python3.7/site-packages/airflow/example_dags/example_skip_dag.py
[2023-10-10 12:11:35,801] {logging_mixin.py:115} INFO - [2023-10-10 12:11:35,801] {dag.py:2420} INFO - Sync 1 DAGs
[2023-10-10 12:11:35,830] {logging_mixin.py:115} INFO - [2023-10-10 12:11:35,830] {dag.py:2972} INFO - Setting next_dagrun for example_skip_dag to 2023-10-09T12:11:35.830120+00:00, run_after=2023-10-10T12:11:35.830120+00:00
[2023-10-10 12:11:35,856] {processor.py:161} INFO - Processing /home/airflow/.local/lib/python3.7/site-packages/airflow/example_dags/example_skip_dag.py took 0.111 seconds
[2023-10-10 12:12:06,175] {processor.py:153} INFO - Started process (PID=1041) to work on /home/airflow/.local/lib/python3.7/site-packages/airflow/example_dags/example_skip_dag.py
[2023-10-10 12:12:06,176] {processor.py:641} INFO - Processing file /home/airflow/.local/lib/python3.7/site-packages/airflow/example_dags/example_skip_dag.py for tasks to queue
[2023-10-10 12:12:06,177] {logging_mixin.py:115} INFO - [2023-10-10 12:12:06,177] {dagbag.py:508} INFO - Filling up the DagBag from /home/airflow/.local/lib/python3.7/site-packages/airflow/example_dags/example_skip_dag.py
[2023-10-10 12:12:06,198] {processor.py:651} INFO - DAG(s) dict_keys(['example_skip_dag']) retrieved from /home/airflow/.local/lib/python3.7/site-packages/airflow/example_dags/example_skip_dag.py
[2023-10-10 12:12:06,277] {logging_mixin.py:115} INFO - [2023-10-10 12:12:06,277] {dag.py:2420} INFO - Sync 1 DAGs
[2023-10-10 12:12:06,318] {logging_mixin.py:115} INFO - [2023-10-10 12:12:06,318] {dag.py:2972} INFO - Setting next_dagrun for example_skip_dag to 2023-10-09T12:12:06.318314+00:00, run_after=2023-10-10T12:12:06.318314+00:00
[2023-10-10 12:12:06,339] {processor.py:161} INFO - Processing /home/airflow/.local/lib/python3.7/site-packages/airflow/example_dags/example_skip_dag.py took 0.177 seconds
[2023-10-10 12:12:36,707] {processor.py:153} INFO - Started process (PID=1096) to work on /home/airflow/.local/lib/python3.7/site-packages/airflow/example_dags/example_skip_dag.py
[2023-10-10 12:12:36,708] {processor.py:641} INFO - Processing file /home/airflow/.local/lib/python3.7/site-packages/airflow/example_dags/example_skip_dag.py for tasks to queue
[2023-10-10 12:12:36,708] {logging_mixin.py:115} INFO - [2023-10-10 12:12:36,708] {dagbag.py:508} INFO - Filling up the DagBag from /home/airflow/.local/lib/python3.7/site-packages/airflow/example_dags/example_skip_dag.py
[2023-10-10 12:12:36,715] {processor.py:651} INFO - DAG(s) dict_keys(['example_skip_dag']) retrieved from /home/airflow/.local/lib/python3.7/site-packages/airflow/example_dags/example_skip_dag.py
[2023-10-10 12:12:36,758] {logging_mixin.py:115} INFO - [2023-10-10 12:12:36,758] {dag.py:2420} INFO - Sync 1 DAGs
[2023-10-10 12:12:36,786] {logging_mixin.py:115} INFO - [2023-10-10 12:12:36,786] {dag.py:2972} INFO - Setting next_dagrun for example_skip_dag to 2023-10-09T12:12:36.786412+00:00, run_after=2023-10-10T12:12:36.786412+00:00
[2023-10-10 12:12:36,800] {processor.py:161} INFO - Processing /home/airflow/.local/lib/python3.7/site-packages/airflow/example_dags/example_skip_dag.py took 0.099 seconds
[2023-10-10 12:13:07,626] {processor.py:153} INFO - Started process (PID=1157) to work on /home/airflow/.local/lib/python3.7/site-packages/airflow/example_dags/example_skip_dag.py
[2023-10-10 12:13:07,627] {processor.py:641} INFO - Processing file /home/airflow/.local/lib/python3.7/site-packages/airflow/example_dags/example_skip_dag.py for tasks to queue
[2023-10-10 12:13:07,628] {logging_mixin.py:115} INFO - [2023-10-10 12:13:07,628] {dagbag.py:508} INFO - Filling up the DagBag from /home/airflow/.local/lib/python3.7/site-packages/airflow/example_dags/example_skip_dag.py
[2023-10-10 12:13:07,638] {processor.py:651} INFO - DAG(s) dict_keys(['example_skip_dag']) retrieved from /home/airflow/.local/lib/python3.7/site-packages/airflow/example_dags/example_skip_dag.py
[2023-10-10 12:13:07,721] {logging_mixin.py:115} INFO - [2023-10-10 12:13:07,721] {dag.py:2420} INFO - Sync 1 DAGs
[2023-10-10 12:13:07,779] {logging_mixin.py:115} INFO - [2023-10-10 12:13:07,779] {dag.py:2972} INFO - Setting next_dagrun for example_skip_dag to 2023-10-09T12:13:07.778771+00:00, run_after=2023-10-10T12:13:07.778771+00:00
[2023-10-10 12:13:07,800] {processor.py:161} INFO - Processing /home/airflow/.local/lib/python3.7/site-packages/airflow/example_dags/example_skip_dag.py took 0.179 seconds
[2023-10-10 12:13:38,216] {processor.py:153} INFO - Started process (PID=1210) to work on /home/airflow/.local/lib/python3.7/site-packages/airflow/example_dags/example_skip_dag.py
[2023-10-10 12:13:38,216] {processor.py:641} INFO - Processing file /home/airflow/.local/lib/python3.7/site-packages/airflow/example_dags/example_skip_dag.py for tasks to queue
[2023-10-10 12:13:38,217] {logging_mixin.py:115} INFO - [2023-10-10 12:13:38,217] {dagbag.py:508} INFO - Filling up the DagBag from /home/airflow/.local/lib/python3.7/site-packages/airflow/example_dags/example_skip_dag.py
[2023-10-10 12:13:38,226] {processor.py:651} INFO - DAG(s) dict_keys(['example_skip_dag']) retrieved from /home/airflow/.local/lib/python3.7/site-packages/airflow/example_dags/example_skip_dag.py
[2023-10-10 12:13:38,281] {logging_mixin.py:115} INFO - [2023-10-10 12:13:38,281] {dag.py:2420} INFO - Sync 1 DAGs
[2023-10-10 12:13:38,311] {logging_mixin.py:115} INFO - [2023-10-10 12:13:38,311] {dag.py:2972} INFO - Setting next_dagrun for example_skip_dag to 2023-10-09T12:13:38.310738+00:00, run_after=2023-10-10T12:13:38.310738+00:00
[2023-10-10 12:13:38,323] {processor.py:161} INFO - Processing /home/airflow/.local/lib/python3.7/site-packages/airflow/example_dags/example_skip_dag.py took 0.121 seconds
[2023-10-10 12:14:09,089] {processor.py:153} INFO - Started process (PID=1272) to work on /home/airflow/.local/lib/python3.7/site-packages/airflow/example_dags/example_skip_dag.py
[2023-10-10 12:14:09,096] {processor.py:641} INFO - Processing file /home/airflow/.local/lib/python3.7/site-packages/airflow/example_dags/example_skip_dag.py for tasks to queue
[2023-10-10 12:14:09,097] {logging_mixin.py:115} INFO - [2023-10-10 12:14:09,096] {dagbag.py:508} INFO - Filling up the DagBag from /home/airflow/.local/lib/python3.7/site-packages/airflow/example_dags/example_skip_dag.py
[2023-10-10 12:14:09,106] {processor.py:651} INFO - DAG(s) dict_keys(['example_skip_dag']) retrieved from /home/airflow/.local/lib/python3.7/site-packages/airflow/example_dags/example_skip_dag.py
[2023-10-10 12:14:09,167] {logging_mixin.py:115} INFO - [2023-10-10 12:14:09,167] {dag.py:2420} INFO - Sync 1 DAGs
[2023-10-10 12:14:09,209] {logging_mixin.py:115} INFO - [2023-10-10 12:14:09,209] {dag.py:2972} INFO - Setting next_dagrun for example_skip_dag to 2023-10-09T12:14:09.209475+00:00, run_after=2023-10-10T12:14:09.209475+00:00
[2023-10-10 12:14:09,227] {processor.py:161} INFO - Processing /home/airflow/.local/lib/python3.7/site-packages/airflow/example_dags/example_skip_dag.py took 0.145 seconds
[2023-10-10 12:14:39,364] {processor.py:153} INFO - Started process (PID=1334) to work on /home/airflow/.local/lib/python3.7/site-packages/airflow/example_dags/example_skip_dag.py
[2023-10-10 12:14:39,366] {processor.py:641} INFO - Processing file /home/airflow/.local/lib/python3.7/site-packages/airflow/example_dags/example_skip_dag.py for tasks to queue
[2023-10-10 12:14:39,366] {logging_mixin.py:115} INFO - [2023-10-10 12:14:39,366] {dagbag.py:508} INFO - Filling up the DagBag from /home/airflow/.local/lib/python3.7/site-packages/airflow/example_dags/example_skip_dag.py
[2023-10-10 12:14:39,375] {processor.py:651} INFO - DAG(s) dict_keys(['example_skip_dag']) retrieved from /home/airflow/.local/lib/python3.7/site-packages/airflow/example_dags/example_skip_dag.py
[2023-10-10 12:14:39,440] {logging_mixin.py:115} INFO - [2023-10-10 12:14:39,440] {dag.py:2420} INFO - Sync 1 DAGs
[2023-10-10 12:14:39,472] {logging_mixin.py:115} INFO - [2023-10-10 12:14:39,472] {dag.py:2972} INFO - Setting next_dagrun for example_skip_dag to 2023-10-09T12:14:39.471989+00:00, run_after=2023-10-10T12:14:39.471989+00:00
[2023-10-10 12:14:39,486] {processor.py:161} INFO - Processing /home/airflow/.local/lib/python3.7/site-packages/airflow/example_dags/example_skip_dag.py took 0.127 seconds
[2023-10-10 12:15:10,094] {processor.py:153} INFO - Started process (PID=1388) to work on /home/airflow/.local/lib/python3.7/site-packages/airflow/example_dags/example_skip_dag.py
[2023-10-10 12:15:10,096] {processor.py:641} INFO - Processing file /home/airflow/.local/lib/python3.7/site-packages/airflow/example_dags/example_skip_dag.py for tasks to queue
[2023-10-10 12:15:10,096] {logging_mixin.py:115} INFO - [2023-10-10 12:15:10,096] {dagbag.py:508} INFO - Filling up the DagBag from /home/airflow/.local/lib/python3.7/site-packages/airflow/example_dags/example_skip_dag.py
[2023-10-10 12:15:10,104] {processor.py:651} INFO - DAG(s) dict_keys(['example_skip_dag']) retrieved from /home/airflow/.local/lib/python3.7/site-packages/airflow/example_dags/example_skip_dag.py
[2023-10-10 12:15:10,149] {logging_mixin.py:115} INFO - [2023-10-10 12:15:10,149] {dag.py:2420} INFO - Sync 1 DAGs
[2023-10-10 12:15:10,184] {logging_mixin.py:115} INFO - [2023-10-10 12:15:10,183] {dag.py:2972} INFO - Setting next_dagrun for example_skip_dag to 2023-10-09T12:15:10.183574+00:00, run_after=2023-10-10T12:15:10.183574+00:00
[2023-10-10 12:15:10,198] {processor.py:161} INFO - Processing /home/airflow/.local/lib/python3.7/site-packages/airflow/example_dags/example_skip_dag.py took 0.109 seconds
[2023-10-10 12:15:41,017] {processor.py:153} INFO - Started process (PID=1453) to work on /home/airflow/.local/lib/python3.7/site-packages/airflow/example_dags/example_skip_dag.py
[2023-10-10 12:15:41,017] {processor.py:641} INFO - Processing file /home/airflow/.local/lib/python3.7/site-packages/airflow/example_dags/example_skip_dag.py for tasks to queue
[2023-10-10 12:15:41,018] {logging_mixin.py:115} INFO - [2023-10-10 12:15:41,018] {dagbag.py:508} INFO - Filling up the DagBag from /home/airflow/.local/lib/python3.7/site-packages/airflow/example_dags/example_skip_dag.py
[2023-10-10 12:15:41,025] {processor.py:651} INFO - DAG(s) dict_keys(['example_skip_dag']) retrieved from /home/airflow/.local/lib/python3.7/site-packages/airflow/example_dags/example_skip_dag.py
[2023-10-10 12:15:41,068] {logging_mixin.py:115} INFO - [2023-10-10 12:15:41,068] {dag.py:2420} INFO - Sync 1 DAGs
[2023-10-10 12:15:41,103] {logging_mixin.py:115} INFO - [2023-10-10 12:15:41,103] {dag.py:2972} INFO - Setting next_dagrun for example_skip_dag to 2023-10-09T12:15:41.103262+00:00, run_after=2023-10-10T12:15:41.103262+00:00
[2023-10-10 12:15:41,117] {processor.py:161} INFO - Processing /home/airflow/.local/lib/python3.7/site-packages/airflow/example_dags/example_skip_dag.py took 0.105 seconds
[2023-10-10 12:16:11,676] {processor.py:153} INFO - Started process (PID=1515) to work on /home/airflow/.local/lib/python3.7/site-packages/airflow/example_dags/example_skip_dag.py
[2023-10-10 12:16:11,677] {processor.py:641} INFO - Processing file /home/airflow/.local/lib/python3.7/site-packages/airflow/example_dags/example_skip_dag.py for tasks to queue
[2023-10-10 12:16:11,677] {logging_mixin.py:115} INFO - [2023-10-10 12:16:11,677] {dagbag.py:508} INFO - Filling up the DagBag from /home/airflow/.local/lib/python3.7/site-packages/airflow/example_dags/example_skip_dag.py
[2023-10-10 12:16:11,685] {processor.py:651} INFO - DAG(s) dict_keys(['example_skip_dag']) retrieved from /home/airflow/.local/lib/python3.7/site-packages/airflow/example_dags/example_skip_dag.py
[2023-10-10 12:16:11,760] {logging_mixin.py:115} INFO - [2023-10-10 12:16:11,760] {dag.py:2420} INFO - Sync 1 DAGs
[2023-10-10 12:16:11,806] {logging_mixin.py:115} INFO - [2023-10-10 12:16:11,806] {dag.py:2972} INFO - Setting next_dagrun for example_skip_dag to 2023-10-09T12:16:11.806143+00:00, run_after=2023-10-10T12:16:11.806143+00:00
[2023-10-10 12:16:11,836] {processor.py:161} INFO - Processing /home/airflow/.local/lib/python3.7/site-packages/airflow/example_dags/example_skip_dag.py took 0.166 seconds
[2023-10-10 12:16:42,497] {processor.py:153} INFO - Started process (PID=1570) to work on /home/airflow/.local/lib/python3.7/site-packages/airflow/example_dags/example_skip_dag.py
[2023-10-10 12:16:42,498] {processor.py:641} INFO - Processing file /home/airflow/.local/lib/python3.7/site-packages/airflow/example_dags/example_skip_dag.py for tasks to queue
[2023-10-10 12:16:42,499] {logging_mixin.py:115} INFO - [2023-10-10 12:16:42,499] {dagbag.py:508} INFO - Filling up the DagBag from /home/airflow/.local/lib/python3.7/site-packages/airflow/example_dags/example_skip_dag.py
[2023-10-10 12:16:42,518] {processor.py:651} INFO - DAG(s) dict_keys(['example_skip_dag']) retrieved from /home/airflow/.local/lib/python3.7/site-packages/airflow/example_dags/example_skip_dag.py
[2023-10-10 12:16:42,581] {logging_mixin.py:115} INFO - [2023-10-10 12:16:42,581] {dag.py:2420} INFO - Sync 1 DAGs
[2023-10-10 12:16:42,625] {logging_mixin.py:115} INFO - [2023-10-10 12:16:42,625] {dag.py:2972} INFO - Setting next_dagrun for example_skip_dag to 2023-10-09T12:16:42.624690+00:00, run_after=2023-10-10T12:16:42.624690+00:00
[2023-10-10 12:16:42,656] {processor.py:161} INFO - Processing /home/airflow/.local/lib/python3.7/site-packages/airflow/example_dags/example_skip_dag.py took 0.164 seconds
[2023-10-10 12:17:12,712] {processor.py:153} INFO - Started process (PID=1632) to work on /home/airflow/.local/lib/python3.7/site-packages/airflow/example_dags/example_skip_dag.py
[2023-10-10 12:17:12,713] {processor.py:641} INFO - Processing file /home/airflow/.local/lib/python3.7/site-packages/airflow/example_dags/example_skip_dag.py for tasks to queue
[2023-10-10 12:17:12,713] {logging_mixin.py:115} INFO - [2023-10-10 12:17:12,713] {dagbag.py:508} INFO - Filling up the DagBag from /home/airflow/.local/lib/python3.7/site-packages/airflow/example_dags/example_skip_dag.py
[2023-10-10 12:17:12,721] {processor.py:651} INFO - DAG(s) dict_keys(['example_skip_dag']) retrieved from /home/airflow/.local/lib/python3.7/site-packages/airflow/example_dags/example_skip_dag.py
[2023-10-10 12:17:12,769] {logging_mixin.py:115} INFO - [2023-10-10 12:17:12,769] {dag.py:2420} INFO - Sync 1 DAGs
[2023-10-10 12:17:12,802] {logging_mixin.py:115} INFO - [2023-10-10 12:17:12,802] {dag.py:2972} INFO - Setting next_dagrun for example_skip_dag to 2023-10-09T12:17:12.802037+00:00, run_after=2023-10-10T12:17:12.802037+00:00
[2023-10-10 12:17:12,815] {processor.py:161} INFO - Processing /home/airflow/.local/lib/python3.7/site-packages/airflow/example_dags/example_skip_dag.py took 0.109 seconds
[2023-10-10 12:17:43,170] {processor.py:153} INFO - Started process (PID=1685) to work on /home/airflow/.local/lib/python3.7/site-packages/airflow/example_dags/example_skip_dag.py
[2023-10-10 12:17:43,171] {processor.py:641} INFO - Processing file /home/airflow/.local/lib/python3.7/site-packages/airflow/example_dags/example_skip_dag.py for tasks to queue
[2023-10-10 12:17:43,172] {logging_mixin.py:115} INFO - [2023-10-10 12:17:43,171] {dagbag.py:508} INFO - Filling up the DagBag from /home/airflow/.local/lib/python3.7/site-packages/airflow/example_dags/example_skip_dag.py
[2023-10-10 12:17:43,180] {processor.py:651} INFO - DAG(s) dict_keys(['example_skip_dag']) retrieved from /home/airflow/.local/lib/python3.7/site-packages/airflow/example_dags/example_skip_dag.py
[2023-10-10 12:17:43,251] {logging_mixin.py:115} INFO - [2023-10-10 12:17:43,251] {dag.py:2420} INFO - Sync 1 DAGs
[2023-10-10 12:17:43,296] {logging_mixin.py:115} INFO - [2023-10-10 12:17:43,296] {dag.py:2972} INFO - Setting next_dagrun for example_skip_dag to 2023-10-09T12:17:43.296150+00:00, run_after=2023-10-10T12:17:43.296150+00:00
[2023-10-10 12:17:43,318] {processor.py:161} INFO - Processing /home/airflow/.local/lib/python3.7/site-packages/airflow/example_dags/example_skip_dag.py took 0.154 seconds
[2023-10-10 12:18:13,388] {processor.py:153} INFO - Started process (PID=1747) to work on /home/airflow/.local/lib/python3.7/site-packages/airflow/example_dags/example_skip_dag.py
[2023-10-10 12:18:13,388] {processor.py:641} INFO - Processing file /home/airflow/.local/lib/python3.7/site-packages/airflow/example_dags/example_skip_dag.py for tasks to queue
[2023-10-10 12:18:13,389] {logging_mixin.py:115} INFO - [2023-10-10 12:18:13,389] {dagbag.py:508} INFO - Filling up the DagBag from /home/airflow/.local/lib/python3.7/site-packages/airflow/example_dags/example_skip_dag.py
[2023-10-10 12:18:13,396] {processor.py:651} INFO - DAG(s) dict_keys(['example_skip_dag']) retrieved from /home/airflow/.local/lib/python3.7/site-packages/airflow/example_dags/example_skip_dag.py
[2023-10-10 12:18:13,440] {logging_mixin.py:115} INFO - [2023-10-10 12:18:13,440] {dag.py:2420} INFO - Sync 1 DAGs
[2023-10-10 12:18:13,471] {logging_mixin.py:115} INFO - [2023-10-10 12:18:13,471] {dag.py:2972} INFO - Setting next_dagrun for example_skip_dag to 2023-10-09T12:18:13.470738+00:00, run_after=2023-10-10T12:18:13.470738+00:00
[2023-10-10 12:18:13,484] {processor.py:161} INFO - Processing /home/airflow/.local/lib/python3.7/site-packages/airflow/example_dags/example_skip_dag.py took 0.102 seconds
[2023-10-10 12:18:44,022] {processor.py:153} INFO - Started process (PID=1809) to work on /home/airflow/.local/lib/python3.7/site-packages/airflow/example_dags/example_skip_dag.py
[2023-10-10 12:18:44,023] {processor.py:641} INFO - Processing file /home/airflow/.local/lib/python3.7/site-packages/airflow/example_dags/example_skip_dag.py for tasks to queue
[2023-10-10 12:18:44,024] {logging_mixin.py:115} INFO - [2023-10-10 12:18:44,023] {dagbag.py:508} INFO - Filling up the DagBag from /home/airflow/.local/lib/python3.7/site-packages/airflow/example_dags/example_skip_dag.py
[2023-10-10 12:18:44,039] {processor.py:651} INFO - DAG(s) dict_keys(['example_skip_dag']) retrieved from /home/airflow/.local/lib/python3.7/site-packages/airflow/example_dags/example_skip_dag.py
[2023-10-10 12:18:44,156] {logging_mixin.py:115} INFO - [2023-10-10 12:18:44,156] {dag.py:2420} INFO - Sync 1 DAGs
[2023-10-10 12:18:44,258] {logging_mixin.py:115} INFO - [2023-10-10 12:18:44,258] {dag.py:2972} INFO - Setting next_dagrun for example_skip_dag to 2023-10-09T12:18:44.258408+00:00, run_after=2023-10-10T12:18:44.258408+00:00
[2023-10-10 12:18:44,321] {processor.py:161} INFO - Processing /home/airflow/.local/lib/python3.7/site-packages/airflow/example_dags/example_skip_dag.py took 0.304 seconds
[2023-10-10 12:19:14,937] {processor.py:153} INFO - Started process (PID=1861) to work on /home/airflow/.local/lib/python3.7/site-packages/airflow/example_dags/example_skip_dag.py
[2023-10-10 12:19:14,938] {processor.py:641} INFO - Processing file /home/airflow/.local/lib/python3.7/site-packages/airflow/example_dags/example_skip_dag.py for tasks to queue
[2023-10-10 12:19:14,939] {logging_mixin.py:115} INFO - [2023-10-10 12:19:14,939] {dagbag.py:508} INFO - Filling up the DagBag from /home/airflow/.local/lib/python3.7/site-packages/airflow/example_dags/example_skip_dag.py
[2023-10-10 12:19:14,946] {processor.py:651} INFO - DAG(s) dict_keys(['example_skip_dag']) retrieved from /home/airflow/.local/lib/python3.7/site-packages/airflow/example_dags/example_skip_dag.py
[2023-10-10 12:19:15,010] {logging_mixin.py:115} INFO - [2023-10-10 12:19:15,010] {dag.py:2420} INFO - Sync 1 DAGs
[2023-10-10 12:19:15,048] {logging_mixin.py:115} INFO - [2023-10-10 12:19:15,047] {dag.py:2972} INFO - Setting next_dagrun for example_skip_dag to 2023-10-09T12:19:15.047459+00:00, run_after=2023-10-10T12:19:15.047459+00:00
[2023-10-10 12:19:15,069] {processor.py:161} INFO - Processing /home/airflow/.local/lib/python3.7/site-packages/airflow/example_dags/example_skip_dag.py took 0.141 seconds
[2023-10-10 12:19:45,537] {processor.py:153} INFO - Started process (PID=1922) to work on /home/airflow/.local/lib/python3.7/site-packages/airflow/example_dags/example_skip_dag.py
[2023-10-10 12:19:45,538] {processor.py:641} INFO - Processing file /home/airflow/.local/lib/python3.7/site-packages/airflow/example_dags/example_skip_dag.py for tasks to queue
[2023-10-10 12:19:45,538] {logging_mixin.py:115} INFO - [2023-10-10 12:19:45,538] {dagbag.py:508} INFO - Filling up the DagBag from /home/airflow/.local/lib/python3.7/site-packages/airflow/example_dags/example_skip_dag.py
[2023-10-10 12:19:45,545] {processor.py:651} INFO - DAG(s) dict_keys(['example_skip_dag']) retrieved from /home/airflow/.local/lib/python3.7/site-packages/airflow/example_dags/example_skip_dag.py
[2023-10-10 12:19:45,587] {logging_mixin.py:115} INFO - [2023-10-10 12:19:45,587] {dag.py:2420} INFO - Sync 1 DAGs
[2023-10-10 12:19:45,617] {logging_mixin.py:115} INFO - [2023-10-10 12:19:45,617] {dag.py:2972} INFO - Setting next_dagrun for example_skip_dag to 2023-10-09T12:19:45.617088+00:00, run_after=2023-10-10T12:19:45.617088+00:00
[2023-10-10 12:19:45,630] {processor.py:161} INFO - Processing /home/airflow/.local/lib/python3.7/site-packages/airflow/example_dags/example_skip_dag.py took 0.098 seconds
[2023-10-10 12:20:16,153] {processor.py:153} INFO - Started process (PID=1974) to work on /home/airflow/.local/lib/python3.7/site-packages/airflow/example_dags/example_skip_dag.py
[2023-10-10 12:20:16,154] {processor.py:641} INFO - Processing file /home/airflow/.local/lib/python3.7/site-packages/airflow/example_dags/example_skip_dag.py for tasks to queue
[2023-10-10 12:20:16,155] {logging_mixin.py:115} INFO - [2023-10-10 12:20:16,155] {dagbag.py:508} INFO - Filling up the DagBag from /home/airflow/.local/lib/python3.7/site-packages/airflow/example_dags/example_skip_dag.py
[2023-10-10 12:20:16,162] {processor.py:651} INFO - DAG(s) dict_keys(['example_skip_dag']) retrieved from /home/airflow/.local/lib/python3.7/site-packages/airflow/example_dags/example_skip_dag.py
[2023-10-10 12:20:16,203] {logging_mixin.py:115} INFO - [2023-10-10 12:20:16,203] {dag.py:2420} INFO - Sync 1 DAGs
[2023-10-10 12:20:16,231] {logging_mixin.py:115} INFO - [2023-10-10 12:20:16,231] {dag.py:2972} INFO - Setting next_dagrun for example_skip_dag to 2023-10-09T12:20:16.231028+00:00, run_after=2023-10-10T12:20:16.231028+00:00
[2023-10-10 12:20:16,244] {processor.py:161} INFO - Processing /home/airflow/.local/lib/python3.7/site-packages/airflow/example_dags/example_skip_dag.py took 0.096 seconds
[2023-10-10 12:20:46,562] {processor.py:153} INFO - Started process (PID=2035) to work on /home/airflow/.local/lib/python3.7/site-packages/airflow/example_dags/example_skip_dag.py
[2023-10-10 12:20:46,563] {processor.py:641} INFO - Processing file /home/airflow/.local/lib/python3.7/site-packages/airflow/example_dags/example_skip_dag.py for tasks to queue
[2023-10-10 12:20:46,564] {logging_mixin.py:115} INFO - [2023-10-10 12:20:46,564] {dagbag.py:508} INFO - Filling up the DagBag from /home/airflow/.local/lib/python3.7/site-packages/airflow/example_dags/example_skip_dag.py
[2023-10-10 12:20:46,571] {processor.py:651} INFO - DAG(s) dict_keys(['example_skip_dag']) retrieved from /home/airflow/.local/lib/python3.7/site-packages/airflow/example_dags/example_skip_dag.py
[2023-10-10 12:20:46,614] {logging_mixin.py:115} INFO - [2023-10-10 12:20:46,614] {dag.py:2420} INFO - Sync 1 DAGs
[2023-10-10 12:20:46,642] {logging_mixin.py:115} INFO - [2023-10-10 12:20:46,642] {dag.py:2972} INFO - Setting next_dagrun for example_skip_dag to 2023-10-09T12:20:46.642214+00:00, run_after=2023-10-10T12:20:46.642214+00:00
[2023-10-10 12:20:46,655] {processor.py:161} INFO - Processing /home/airflow/.local/lib/python3.7/site-packages/airflow/example_dags/example_skip_dag.py took 0.098 seconds
[2023-10-10 12:21:17,011] {processor.py:153} INFO - Started process (PID=2099) to work on /home/airflow/.local/lib/python3.7/site-packages/airflow/example_dags/example_skip_dag.py
[2023-10-10 12:21:17,012] {processor.py:641} INFO - Processing file /home/airflow/.local/lib/python3.7/site-packages/airflow/example_dags/example_skip_dag.py for tasks to queue
[2023-10-10 12:21:17,013] {logging_mixin.py:115} INFO - [2023-10-10 12:21:17,012] {dagbag.py:508} INFO - Filling up the DagBag from /home/airflow/.local/lib/python3.7/site-packages/airflow/example_dags/example_skip_dag.py
[2023-10-10 12:21:17,019] {processor.py:651} INFO - DAG(s) dict_keys(['example_skip_dag']) retrieved from /home/airflow/.local/lib/python3.7/site-packages/airflow/example_dags/example_skip_dag.py
[2023-10-10 12:21:17,062] {logging_mixin.py:115} INFO - [2023-10-10 12:21:17,062] {dag.py:2420} INFO - Sync 1 DAGs
[2023-10-10 12:21:17,092] {logging_mixin.py:115} INFO - [2023-10-10 12:21:17,092] {dag.py:2972} INFO - Setting next_dagrun for example_skip_dag to 2023-10-09T12:21:17.092224+00:00, run_after=2023-10-10T12:21:17.092224+00:00
[2023-10-10 12:21:17,113] {processor.py:161} INFO - Processing /home/airflow/.local/lib/python3.7/site-packages/airflow/example_dags/example_skip_dag.py took 0.107 seconds
[2023-10-10 12:21:47,973] {processor.py:153} INFO - Started process (PID=2152) to work on /home/airflow/.local/lib/python3.7/site-packages/airflow/example_dags/example_skip_dag.py
[2023-10-10 12:21:47,974] {processor.py:641} INFO - Processing file /home/airflow/.local/lib/python3.7/site-packages/airflow/example_dags/example_skip_dag.py for tasks to queue
[2023-10-10 12:21:47,975] {logging_mixin.py:115} INFO - [2023-10-10 12:21:47,974] {dagbag.py:508} INFO - Filling up the DagBag from /home/airflow/.local/lib/python3.7/site-packages/airflow/example_dags/example_skip_dag.py
[2023-10-10 12:21:47,982] {processor.py:651} INFO - DAG(s) dict_keys(['example_skip_dag']) retrieved from /home/airflow/.local/lib/python3.7/site-packages/airflow/example_dags/example_skip_dag.py
[2023-10-10 12:21:48,029] {logging_mixin.py:115} INFO - [2023-10-10 12:21:48,028] {dag.py:2420} INFO - Sync 1 DAGs
[2023-10-10 12:21:48,057] {logging_mixin.py:115} INFO - [2023-10-10 12:21:48,057] {dag.py:2972} INFO - Setting next_dagrun for example_skip_dag to 2023-10-09T12:21:48.057485+00:00, run_after=2023-10-10T12:21:48.057485+00:00
[2023-10-10 12:21:48,071] {processor.py:161} INFO - Processing /home/airflow/.local/lib/python3.7/site-packages/airflow/example_dags/example_skip_dag.py took 0.103 seconds
[2023-10-10 12:22:18,496] {processor.py:153} INFO - Started process (PID=2214) to work on /home/airflow/.local/lib/python3.7/site-packages/airflow/example_dags/example_skip_dag.py
[2023-10-10 12:22:18,497] {processor.py:641} INFO - Processing file /home/airflow/.local/lib/python3.7/site-packages/airflow/example_dags/example_skip_dag.py for tasks to queue
[2023-10-10 12:22:18,498] {logging_mixin.py:115} INFO - [2023-10-10 12:22:18,498] {dagbag.py:508} INFO - Filling up the DagBag from /home/airflow/.local/lib/python3.7/site-packages/airflow/example_dags/example_skip_dag.py
[2023-10-10 12:22:18,505] {processor.py:651} INFO - DAG(s) dict_keys(['example_skip_dag']) retrieved from /home/airflow/.local/lib/python3.7/site-packages/airflow/example_dags/example_skip_dag.py
[2023-10-10 12:22:18,547] {logging_mixin.py:115} INFO - [2023-10-10 12:22:18,547] {dag.py:2420} INFO - Sync 1 DAGs
[2023-10-10 12:22:18,575] {logging_mixin.py:115} INFO - [2023-10-10 12:22:18,575] {dag.py:2972} INFO - Setting next_dagrun for example_skip_dag to 2023-10-09T12:22:18.574653+00:00, run_after=2023-10-10T12:22:18.574653+00:00
[2023-10-10 12:22:18,587] {processor.py:161} INFO - Processing /home/airflow/.local/lib/python3.7/site-packages/airflow/example_dags/example_skip_dag.py took 0.096 seconds
[2023-10-10 12:22:49,405] {processor.py:153} INFO - Started process (PID=2276) to work on /home/airflow/.local/lib/python3.7/site-packages/airflow/example_dags/example_skip_dag.py
[2023-10-10 12:22:49,406] {processor.py:641} INFO - Processing file /home/airflow/.local/lib/python3.7/site-packages/airflow/example_dags/example_skip_dag.py for tasks to queue
[2023-10-10 12:22:49,406] {logging_mixin.py:115} INFO - [2023-10-10 12:22:49,406] {dagbag.py:508} INFO - Filling up the DagBag from /home/airflow/.local/lib/python3.7/site-packages/airflow/example_dags/example_skip_dag.py
[2023-10-10 12:22:49,413] {processor.py:651} INFO - DAG(s) dict_keys(['example_skip_dag']) retrieved from /home/airflow/.local/lib/python3.7/site-packages/airflow/example_dags/example_skip_dag.py
[2023-10-10 12:22:49,460] {logging_mixin.py:115} INFO - [2023-10-10 12:22:49,460] {dag.py:2420} INFO - Sync 1 DAGs
[2023-10-10 12:22:49,506] {logging_mixin.py:115} INFO - [2023-10-10 12:22:49,506] {dag.py:2972} INFO - Setting next_dagrun for example_skip_dag to 2023-10-09T12:22:49.506148+00:00, run_after=2023-10-10T12:22:49.506148+00:00
[2023-10-10 12:22:49,520] {processor.py:161} INFO - Processing /home/airflow/.local/lib/python3.7/site-packages/airflow/example_dags/example_skip_dag.py took 0.120 seconds
[2023-10-10 12:23:19,582] {processor.py:153} INFO - Started process (PID=2329) to work on /home/airflow/.local/lib/python3.7/site-packages/airflow/example_dags/example_skip_dag.py
[2023-10-10 12:23:19,583] {processor.py:641} INFO - Processing file /home/airflow/.local/lib/python3.7/site-packages/airflow/example_dags/example_skip_dag.py for tasks to queue
[2023-10-10 12:23:19,584] {logging_mixin.py:115} INFO - [2023-10-10 12:23:19,584] {dagbag.py:508} INFO - Filling up the DagBag from /home/airflow/.local/lib/python3.7/site-packages/airflow/example_dags/example_skip_dag.py
[2023-10-10 12:23:19,591] {processor.py:651} INFO - DAG(s) dict_keys(['example_skip_dag']) retrieved from /home/airflow/.local/lib/python3.7/site-packages/airflow/example_dags/example_skip_dag.py
[2023-10-10 12:23:19,634] {logging_mixin.py:115} INFO - [2023-10-10 12:23:19,634] {dag.py:2420} INFO - Sync 1 DAGs
[2023-10-10 12:23:19,662] {logging_mixin.py:115} INFO - [2023-10-10 12:23:19,662] {dag.py:2972} INFO - Setting next_dagrun for example_skip_dag to 2023-10-09T12:23:19.662481+00:00, run_after=2023-10-10T12:23:19.662481+00:00
[2023-10-10 12:23:19,675] {processor.py:161} INFO - Processing /home/airflow/.local/lib/python3.7/site-packages/airflow/example_dags/example_skip_dag.py took 0.098 seconds
[2023-10-10 12:23:50,277] {processor.py:153} INFO - Started process (PID=2391) to work on /home/airflow/.local/lib/python3.7/site-packages/airflow/example_dags/example_skip_dag.py
[2023-10-10 12:23:50,278] {processor.py:641} INFO - Processing file /home/airflow/.local/lib/python3.7/site-packages/airflow/example_dags/example_skip_dag.py for tasks to queue
[2023-10-10 12:23:50,279] {logging_mixin.py:115} INFO - [2023-10-10 12:23:50,279] {dagbag.py:508} INFO - Filling up the DagBag from /home/airflow/.local/lib/python3.7/site-packages/airflow/example_dags/example_skip_dag.py
[2023-10-10 12:23:50,288] {processor.py:651} INFO - DAG(s) dict_keys(['example_skip_dag']) retrieved from /home/airflow/.local/lib/python3.7/site-packages/airflow/example_dags/example_skip_dag.py
[2023-10-10 12:23:50,331] {logging_mixin.py:115} INFO - [2023-10-10 12:23:50,331] {dag.py:2420} INFO - Sync 1 DAGs
[2023-10-10 12:23:50,362] {logging_mixin.py:115} INFO - [2023-10-10 12:23:50,362] {dag.py:2972} INFO - Setting next_dagrun for example_skip_dag to 2023-10-09T12:23:50.361984+00:00, run_after=2023-10-10T12:23:50.361984+00:00
[2023-10-10 12:23:50,375] {processor.py:161} INFO - Processing /home/airflow/.local/lib/python3.7/site-packages/airflow/example_dags/example_skip_dag.py took 0.104 seconds
[2023-10-10 12:24:21,127] {processor.py:153} INFO - Started process (PID=2445) to work on /home/airflow/.local/lib/python3.7/site-packages/airflow/example_dags/example_skip_dag.py
[2023-10-10 12:24:21,128] {processor.py:641} INFO - Processing file /home/airflow/.local/lib/python3.7/site-packages/airflow/example_dags/example_skip_dag.py for tasks to queue
[2023-10-10 12:24:21,129] {logging_mixin.py:115} INFO - [2023-10-10 12:24:21,129] {dagbag.py:508} INFO - Filling up the DagBag from /home/airflow/.local/lib/python3.7/site-packages/airflow/example_dags/example_skip_dag.py
[2023-10-10 12:24:21,137] {processor.py:651} INFO - DAG(s) dict_keys(['example_skip_dag']) retrieved from /home/airflow/.local/lib/python3.7/site-packages/airflow/example_dags/example_skip_dag.py
[2023-10-10 12:24:21,178] {logging_mixin.py:115} INFO - [2023-10-10 12:24:21,178] {dag.py:2420} INFO - Sync 1 DAGs
[2023-10-10 12:24:21,206] {logging_mixin.py:115} INFO - [2023-10-10 12:24:21,206] {dag.py:2972} INFO - Setting next_dagrun for example_skip_dag to 2023-10-09T12:24:21.206075+00:00, run_after=2023-10-10T12:24:21.206075+00:00
[2023-10-10 12:24:21,219] {processor.py:161} INFO - Processing /home/airflow/.local/lib/python3.7/site-packages/airflow/example_dags/example_skip_dag.py took 0.097 seconds
[2023-10-10 12:24:51,760] {processor.py:153} INFO - Started process (PID=2507) to work on /home/airflow/.local/lib/python3.7/site-packages/airflow/example_dags/example_skip_dag.py
[2023-10-10 12:24:51,761] {processor.py:641} INFO - Processing file /home/airflow/.local/lib/python3.7/site-packages/airflow/example_dags/example_skip_dag.py for tasks to queue
[2023-10-10 12:24:51,761] {logging_mixin.py:115} INFO - [2023-10-10 12:24:51,761] {dagbag.py:508} INFO - Filling up the DagBag from /home/airflow/.local/lib/python3.7/site-packages/airflow/example_dags/example_skip_dag.py
[2023-10-10 12:24:51,769] {processor.py:651} INFO - DAG(s) dict_keys(['example_skip_dag']) retrieved from /home/airflow/.local/lib/python3.7/site-packages/airflow/example_dags/example_skip_dag.py
[2023-10-10 12:24:51,810] {logging_mixin.py:115} INFO - [2023-10-10 12:24:51,810] {dag.py:2420} INFO - Sync 1 DAGs
[2023-10-10 12:24:51,838] {logging_mixin.py:115} INFO - [2023-10-10 12:24:51,838] {dag.py:2972} INFO - Setting next_dagrun for example_skip_dag to 2023-10-09T12:24:51.837991+00:00, run_after=2023-10-10T12:24:51.837991+00:00
[2023-10-10 12:24:51,851] {processor.py:161} INFO - Processing /home/airflow/.local/lib/python3.7/site-packages/airflow/example_dags/example_skip_dag.py took 0.096 seconds
[2023-10-10 12:25:22,405] {processor.py:153} INFO - Started process (PID=2569) to work on /home/airflow/.local/lib/python3.7/site-packages/airflow/example_dags/example_skip_dag.py
[2023-10-10 12:25:22,406] {processor.py:641} INFO - Processing file /home/airflow/.local/lib/python3.7/site-packages/airflow/example_dags/example_skip_dag.py for tasks to queue
[2023-10-10 12:25:22,406] {logging_mixin.py:115} INFO - [2023-10-10 12:25:22,406] {dagbag.py:508} INFO - Filling up the DagBag from /home/airflow/.local/lib/python3.7/site-packages/airflow/example_dags/example_skip_dag.py
[2023-10-10 12:25:22,414] {processor.py:651} INFO - DAG(s) dict_keys(['example_skip_dag']) retrieved from /home/airflow/.local/lib/python3.7/site-packages/airflow/example_dags/example_skip_dag.py
[2023-10-10 12:25:22,457] {logging_mixin.py:115} INFO - [2023-10-10 12:25:22,457] {dag.py:2420} INFO - Sync 1 DAGs
[2023-10-10 12:25:22,502] {logging_mixin.py:115} INFO - [2023-10-10 12:25:22,502] {dag.py:2972} INFO - Setting next_dagrun for example_skip_dag to 2023-10-09T12:25:22.502266+00:00, run_after=2023-10-10T12:25:22.502266+00:00
[2023-10-10 12:25:22,516] {processor.py:161} INFO - Processing /home/airflow/.local/lib/python3.7/site-packages/airflow/example_dags/example_skip_dag.py took 0.116 seconds
[2023-10-10 12:25:53,175] {processor.py:153} INFO - Started process (PID=2622) to work on /home/airflow/.local/lib/python3.7/site-packages/airflow/example_dags/example_skip_dag.py
[2023-10-10 12:25:53,176] {processor.py:641} INFO - Processing file /home/airflow/.local/lib/python3.7/site-packages/airflow/example_dags/example_skip_dag.py for tasks to queue
[2023-10-10 12:25:53,177] {logging_mixin.py:115} INFO - [2023-10-10 12:25:53,177] {dagbag.py:508} INFO - Filling up the DagBag from /home/airflow/.local/lib/python3.7/site-packages/airflow/example_dags/example_skip_dag.py
[2023-10-10 12:25:53,184] {processor.py:651} INFO - DAG(s) dict_keys(['example_skip_dag']) retrieved from /home/airflow/.local/lib/python3.7/site-packages/airflow/example_dags/example_skip_dag.py
[2023-10-10 12:25:53,229] {logging_mixin.py:115} INFO - [2023-10-10 12:25:53,229] {dag.py:2420} INFO - Sync 1 DAGs
[2023-10-10 12:25:53,257] {logging_mixin.py:115} INFO - [2023-10-10 12:25:53,257] {dag.py:2972} INFO - Setting next_dagrun for example_skip_dag to 2023-10-09T12:25:53.256989+00:00, run_after=2023-10-10T12:25:53.256989+00:00
[2023-10-10 12:25:53,270] {processor.py:161} INFO - Processing /home/airflow/.local/lib/python3.7/site-packages/airflow/example_dags/example_skip_dag.py took 0.100 seconds
[2023-10-10 12:26:23,666] {processor.py:153} INFO - Started process (PID=2684) to work on /home/airflow/.local/lib/python3.7/site-packages/airflow/example_dags/example_skip_dag.py
[2023-10-10 12:26:23,667] {processor.py:641} INFO - Processing file /home/airflow/.local/lib/python3.7/site-packages/airflow/example_dags/example_skip_dag.py for tasks to queue
[2023-10-10 12:26:23,668] {logging_mixin.py:115} INFO - [2023-10-10 12:26:23,668] {dagbag.py:508} INFO - Filling up the DagBag from /home/airflow/.local/lib/python3.7/site-packages/airflow/example_dags/example_skip_dag.py
[2023-10-10 12:26:23,675] {processor.py:651} INFO - DAG(s) dict_keys(['example_skip_dag']) retrieved from /home/airflow/.local/lib/python3.7/site-packages/airflow/example_dags/example_skip_dag.py
[2023-10-10 12:26:23,718] {logging_mixin.py:115} INFO - [2023-10-10 12:26:23,718] {dag.py:2420} INFO - Sync 1 DAGs
[2023-10-10 12:26:23,747] {logging_mixin.py:115} INFO - [2023-10-10 12:26:23,747] {dag.py:2972} INFO - Setting next_dagrun for example_skip_dag to 2023-10-09T12:26:23.747120+00:00, run_after=2023-10-10T12:26:23.747120+00:00
[2023-10-10 12:26:23,761] {processor.py:161} INFO - Processing /home/airflow/.local/lib/python3.7/site-packages/airflow/example_dags/example_skip_dag.py took 0.100 seconds
