[2023-10-10 12:03:35,520] {processor.py:153} INFO - Started process (PID=88) to work on /home/airflow/.local/lib/python3.7/site-packages/airflow/example_dags/example_python_operator.py
[2023-10-10 12:03:35,521] {processor.py:641} INFO - Processing file /home/airflow/.local/lib/python3.7/site-packages/airflow/example_dags/example_python_operator.py for tasks to queue
[2023-10-10 12:03:35,521] {logging_mixin.py:115} INFO - [2023-10-10 12:03:35,521] {dagbag.py:508} INFO - Filling up the DagBag from /home/airflow/.local/lib/python3.7/site-packages/airflow/example_dags/example_python_operator.py
[2023-10-10 12:03:35,676] {processor.py:651} INFO - DAG(s) dict_keys(['example_python_operator']) retrieved from /home/airflow/.local/lib/python3.7/site-packages/airflow/example_dags/example_python_operator.py
[2023-10-10 12:03:36,219] {logging_mixin.py:115} INFO - [2023-10-10 12:03:36,219] {manager.py:508} INFO - Created Permission View: can read on DAG:example_python_operator
[2023-10-10 12:03:36,379] {logging_mixin.py:115} INFO - [2023-10-10 12:03:36,379] {manager.py:508} INFO - Created Permission View: can edit on DAG:example_python_operator
[2023-10-10 12:03:36,459] {logging_mixin.py:115} INFO - [2023-10-10 12:03:36,459] {manager.py:508} INFO - Created Permission View: can delete on DAG:example_python_operator
[2023-10-10 12:03:36,475] {logging_mixin.py:115} INFO - [2023-10-10 12:03:36,475] {dag.py:2420} INFO - Sync 1 DAGs
[2023-10-10 12:03:36,500] {logging_mixin.py:115} INFO - [2023-10-10 12:03:36,500] {dag.py:2439} INFO - Creating ORM DAG for example_python_operator
[2023-10-10 12:03:36,583] {logging_mixin.py:115} INFO - [2023-10-10 12:03:36,583] {dag.py:2972} INFO - Setting next_dagrun for example_python_operator to None, run_after=None
[2023-10-10 12:03:36,677] {processor.py:161} INFO - Processing /home/airflow/.local/lib/python3.7/site-packages/airflow/example_dags/example_python_operator.py took 1.181 seconds
[2023-10-10 12:04:07,057] {processor.py:153} INFO - Started process (PID=138) to work on /home/airflow/.local/lib/python3.7/site-packages/airflow/example_dags/example_python_operator.py
[2023-10-10 12:04:07,058] {processor.py:641} INFO - Processing file /home/airflow/.local/lib/python3.7/site-packages/airflow/example_dags/example_python_operator.py for tasks to queue
[2023-10-10 12:04:07,059] {logging_mixin.py:115} INFO - [2023-10-10 12:04:07,059] {dagbag.py:508} INFO - Filling up the DagBag from /home/airflow/.local/lib/python3.7/site-packages/airflow/example_dags/example_python_operator.py
[2023-10-10 12:04:07,116] {processor.py:651} INFO - DAG(s) dict_keys(['example_python_operator']) retrieved from /home/airflow/.local/lib/python3.7/site-packages/airflow/example_dags/example_python_operator.py
[2023-10-10 12:04:07,215] {logging_mixin.py:115} INFO - [2023-10-10 12:04:07,215] {dag.py:2420} INFO - Sync 1 DAGs
[2023-10-10 12:04:07,261] {logging_mixin.py:115} INFO - [2023-10-10 12:04:07,261] {dag.py:2972} INFO - Setting next_dagrun for example_python_operator to None, run_after=None
[2023-10-10 12:04:07,301] {processor.py:161} INFO - Processing /home/airflow/.local/lib/python3.7/site-packages/airflow/example_dags/example_python_operator.py took 0.259 seconds
[2023-10-10 12:04:37,488] {processor.py:153} INFO - Started process (PID=192) to work on /home/airflow/.local/lib/python3.7/site-packages/airflow/example_dags/example_python_operator.py
[2023-10-10 12:04:37,488] {processor.py:641} INFO - Processing file /home/airflow/.local/lib/python3.7/site-packages/airflow/example_dags/example_python_operator.py for tasks to queue
[2023-10-10 12:04:37,489] {logging_mixin.py:115} INFO - [2023-10-10 12:04:37,489] {dagbag.py:508} INFO - Filling up the DagBag from /home/airflow/.local/lib/python3.7/site-packages/airflow/example_dags/example_python_operator.py
[2023-10-10 12:04:37,511] {processor.py:651} INFO - DAG(s) dict_keys(['example_python_operator']) retrieved from /home/airflow/.local/lib/python3.7/site-packages/airflow/example_dags/example_python_operator.py
[2023-10-10 12:04:37,559] {logging_mixin.py:115} INFO - [2023-10-10 12:04:37,559] {dag.py:2420} INFO - Sync 1 DAGs
[2023-10-10 12:04:37,591] {logging_mixin.py:115} INFO - [2023-10-10 12:04:37,591] {dag.py:2972} INFO - Setting next_dagrun for example_python_operator to None, run_after=None
[2023-10-10 12:04:37,606] {processor.py:161} INFO - Processing /home/airflow/.local/lib/python3.7/site-packages/airflow/example_dags/example_python_operator.py took 0.123 seconds
[2023-10-10 12:05:08,303] {processor.py:153} INFO - Started process (PID=253) to work on /home/airflow/.local/lib/python3.7/site-packages/airflow/example_dags/example_python_operator.py
[2023-10-10 12:05:08,304] {processor.py:641} INFO - Processing file /home/airflow/.local/lib/python3.7/site-packages/airflow/example_dags/example_python_operator.py for tasks to queue
[2023-10-10 12:05:08,304] {logging_mixin.py:115} INFO - [2023-10-10 12:05:08,304] {dagbag.py:508} INFO - Filling up the DagBag from /home/airflow/.local/lib/python3.7/site-packages/airflow/example_dags/example_python_operator.py
[2023-10-10 12:05:08,327] {processor.py:651} INFO - DAG(s) dict_keys(['example_python_operator']) retrieved from /home/airflow/.local/lib/python3.7/site-packages/airflow/example_dags/example_python_operator.py
[2023-10-10 12:05:08,375] {logging_mixin.py:115} INFO - [2023-10-10 12:05:08,375] {dag.py:2420} INFO - Sync 1 DAGs
[2023-10-10 12:05:08,409] {logging_mixin.py:115} INFO - [2023-10-10 12:05:08,408] {dag.py:2972} INFO - Setting next_dagrun for example_python_operator to None, run_after=None
[2023-10-10 12:05:08,422] {processor.py:161} INFO - Processing /home/airflow/.local/lib/python3.7/site-packages/airflow/example_dags/example_python_operator.py took 0.125 seconds
[2023-10-10 12:05:38,837] {processor.py:153} INFO - Started process (PID=305) to work on /home/airflow/.local/lib/python3.7/site-packages/airflow/example_dags/example_python_operator.py
[2023-10-10 12:05:38,839] {processor.py:641} INFO - Processing file /home/airflow/.local/lib/python3.7/site-packages/airflow/example_dags/example_python_operator.py for tasks to queue
[2023-10-10 12:05:38,839] {logging_mixin.py:115} INFO - [2023-10-10 12:05:38,839] {dagbag.py:508} INFO - Filling up the DagBag from /home/airflow/.local/lib/python3.7/site-packages/airflow/example_dags/example_python_operator.py
[2023-10-10 12:05:38,866] {processor.py:651} INFO - DAG(s) dict_keys(['example_python_operator']) retrieved from /home/airflow/.local/lib/python3.7/site-packages/airflow/example_dags/example_python_operator.py
[2023-10-10 12:05:38,916] {logging_mixin.py:115} INFO - [2023-10-10 12:05:38,915] {dag.py:2420} INFO - Sync 1 DAGs
[2023-10-10 12:05:38,945] {logging_mixin.py:115} INFO - [2023-10-10 12:05:38,945] {dag.py:2972} INFO - Setting next_dagrun for example_python_operator to None, run_after=None
[2023-10-10 12:05:38,959] {processor.py:161} INFO - Processing /home/airflow/.local/lib/python3.7/site-packages/airflow/example_dags/example_python_operator.py took 0.127 seconds
[2023-10-10 12:06:09,501] {processor.py:153} INFO - Started process (PID=367) to work on /home/airflow/.local/lib/python3.7/site-packages/airflow/example_dags/example_python_operator.py
[2023-10-10 12:06:09,502] {processor.py:641} INFO - Processing file /home/airflow/.local/lib/python3.7/site-packages/airflow/example_dags/example_python_operator.py for tasks to queue
[2023-10-10 12:06:09,503] {logging_mixin.py:115} INFO - [2023-10-10 12:06:09,503] {dagbag.py:508} INFO - Filling up the DagBag from /home/airflow/.local/lib/python3.7/site-packages/airflow/example_dags/example_python_operator.py
[2023-10-10 12:06:09,545] {processor.py:651} INFO - DAG(s) dict_keys(['example_python_operator']) retrieved from /home/airflow/.local/lib/python3.7/site-packages/airflow/example_dags/example_python_operator.py
[2023-10-10 12:06:09,619] {logging_mixin.py:115} INFO - [2023-10-10 12:06:09,619] {dag.py:2420} INFO - Sync 1 DAGs
[2023-10-10 12:06:09,665] {logging_mixin.py:115} INFO - [2023-10-10 12:06:09,665] {dag.py:2972} INFO - Setting next_dagrun for example_python_operator to None, run_after=None
[2023-10-10 12:06:09,700] {processor.py:161} INFO - Processing /home/airflow/.local/lib/python3.7/site-packages/airflow/example_dags/example_python_operator.py took 0.209 seconds
[2023-10-10 12:06:40,403] {processor.py:153} INFO - Started process (PID=429) to work on /home/airflow/.local/lib/python3.7/site-packages/airflow/example_dags/example_python_operator.py
[2023-10-10 12:06:40,404] {processor.py:641} INFO - Processing file /home/airflow/.local/lib/python3.7/site-packages/airflow/example_dags/example_python_operator.py for tasks to queue
[2023-10-10 12:06:40,404] {logging_mixin.py:115} INFO - [2023-10-10 12:06:40,404] {dagbag.py:508} INFO - Filling up the DagBag from /home/airflow/.local/lib/python3.7/site-packages/airflow/example_dags/example_python_operator.py
[2023-10-10 12:06:40,440] {processor.py:651} INFO - DAG(s) dict_keys(['example_python_operator']) retrieved from /home/airflow/.local/lib/python3.7/site-packages/airflow/example_dags/example_python_operator.py
[2023-10-10 12:06:40,516] {logging_mixin.py:115} INFO - [2023-10-10 12:06:40,515] {dag.py:2420} INFO - Sync 1 DAGs
[2023-10-10 12:06:40,582] {logging_mixin.py:115} INFO - [2023-10-10 12:06:40,582] {dag.py:2972} INFO - Setting next_dagrun for example_python_operator to None, run_after=None
[2023-10-10 12:06:40,603] {processor.py:161} INFO - Processing /home/airflow/.local/lib/python3.7/site-packages/airflow/example_dags/example_python_operator.py took 0.206 seconds
[2023-10-10 12:07:10,664] {processor.py:153} INFO - Started process (PID=481) to work on /home/airflow/.local/lib/python3.7/site-packages/airflow/example_dags/example_python_operator.py
[2023-10-10 12:07:10,665] {processor.py:641} INFO - Processing file /home/airflow/.local/lib/python3.7/site-packages/airflow/example_dags/example_python_operator.py for tasks to queue
[2023-10-10 12:07:10,666] {logging_mixin.py:115} INFO - [2023-10-10 12:07:10,666] {dagbag.py:508} INFO - Filling up the DagBag from /home/airflow/.local/lib/python3.7/site-packages/airflow/example_dags/example_python_operator.py
[2023-10-10 12:07:10,689] {processor.py:651} INFO - DAG(s) dict_keys(['example_python_operator']) retrieved from /home/airflow/.local/lib/python3.7/site-packages/airflow/example_dags/example_python_operator.py
[2023-10-10 12:07:10,730] {logging_mixin.py:115} INFO - [2023-10-10 12:07:10,730] {dag.py:2420} INFO - Sync 1 DAGs
[2023-10-10 12:07:10,764] {logging_mixin.py:115} INFO - [2023-10-10 12:07:10,764] {dag.py:2972} INFO - Setting next_dagrun for example_python_operator to None, run_after=None
[2023-10-10 12:07:10,780] {processor.py:161} INFO - Processing /home/airflow/.local/lib/python3.7/site-packages/airflow/example_dags/example_python_operator.py took 0.121 seconds
[2023-10-10 12:07:41,106] {processor.py:153} INFO - Started process (PID=542) to work on /home/airflow/.local/lib/python3.7/site-packages/airflow/example_dags/example_python_operator.py
[2023-10-10 12:07:41,115] {processor.py:641} INFO - Processing file /home/airflow/.local/lib/python3.7/site-packages/airflow/example_dags/example_python_operator.py for tasks to queue
[2023-10-10 12:07:41,116] {logging_mixin.py:115} INFO - [2023-10-10 12:07:41,116] {dagbag.py:508} INFO - Filling up the DagBag from /home/airflow/.local/lib/python3.7/site-packages/airflow/example_dags/example_python_operator.py
[2023-10-10 12:07:41,146] {processor.py:651} INFO - DAG(s) dict_keys(['example_python_operator']) retrieved from /home/airflow/.local/lib/python3.7/site-packages/airflow/example_dags/example_python_operator.py
[2023-10-10 12:07:41,216] {logging_mixin.py:115} INFO - [2023-10-10 12:07:41,215] {dag.py:2420} INFO - Sync 1 DAGs
[2023-10-10 12:07:41,244] {logging_mixin.py:115} INFO - [2023-10-10 12:07:41,244] {dag.py:2972} INFO - Setting next_dagrun for example_python_operator to None, run_after=None
[2023-10-10 12:07:41,259] {processor.py:161} INFO - Processing /home/airflow/.local/lib/python3.7/site-packages/airflow/example_dags/example_python_operator.py took 0.158 seconds
[2023-10-10 12:08:11,878] {processor.py:153} INFO - Started process (PID=594) to work on /home/airflow/.local/lib/python3.7/site-packages/airflow/example_dags/example_python_operator.py
[2023-10-10 12:08:11,879] {processor.py:641} INFO - Processing file /home/airflow/.local/lib/python3.7/site-packages/airflow/example_dags/example_python_operator.py for tasks to queue
[2023-10-10 12:08:11,880] {logging_mixin.py:115} INFO - [2023-10-10 12:08:11,880] {dagbag.py:508} INFO - Filling up the DagBag from /home/airflow/.local/lib/python3.7/site-packages/airflow/example_dags/example_python_operator.py
[2023-10-10 12:08:11,936] {processor.py:651} INFO - DAG(s) dict_keys(['example_python_operator']) retrieved from /home/airflow/.local/lib/python3.7/site-packages/airflow/example_dags/example_python_operator.py
[2023-10-10 12:08:12,033] {logging_mixin.py:115} INFO - [2023-10-10 12:08:12,033] {dag.py:2420} INFO - Sync 1 DAGs
[2023-10-10 12:08:12,066] {logging_mixin.py:115} INFO - [2023-10-10 12:08:12,065] {dag.py:2972} INFO - Setting next_dagrun for example_python_operator to None, run_after=None
[2023-10-10 12:08:12,081] {processor.py:161} INFO - Processing /home/airflow/.local/lib/python3.7/site-packages/airflow/example_dags/example_python_operator.py took 0.209 seconds
[2023-10-10 12:08:42,389] {processor.py:153} INFO - Started process (PID=656) to work on /home/airflow/.local/lib/python3.7/site-packages/airflow/example_dags/example_python_operator.py
[2023-10-10 12:08:42,390] {processor.py:641} INFO - Processing file /home/airflow/.local/lib/python3.7/site-packages/airflow/example_dags/example_python_operator.py for tasks to queue
[2023-10-10 12:08:42,391] {logging_mixin.py:115} INFO - [2023-10-10 12:08:42,391] {dagbag.py:508} INFO - Filling up the DagBag from /home/airflow/.local/lib/python3.7/site-packages/airflow/example_dags/example_python_operator.py
[2023-10-10 12:08:42,414] {processor.py:651} INFO - DAG(s) dict_keys(['example_python_operator']) retrieved from /home/airflow/.local/lib/python3.7/site-packages/airflow/example_dags/example_python_operator.py
[2023-10-10 12:08:42,454] {logging_mixin.py:115} INFO - [2023-10-10 12:08:42,454] {dag.py:2420} INFO - Sync 1 DAGs
[2023-10-10 12:08:42,484] {logging_mixin.py:115} INFO - [2023-10-10 12:08:42,484] {dag.py:2972} INFO - Setting next_dagrun for example_python_operator to None, run_after=None
[2023-10-10 12:08:42,499] {processor.py:161} INFO - Processing /home/airflow/.local/lib/python3.7/site-packages/airflow/example_dags/example_python_operator.py took 0.115 seconds
[2023-10-10 12:09:12,921] {processor.py:153} INFO - Started process (PID=718) to work on /home/airflow/.local/lib/python3.7/site-packages/airflow/example_dags/example_python_operator.py
[2023-10-10 12:09:12,922] {processor.py:641} INFO - Processing file /home/airflow/.local/lib/python3.7/site-packages/airflow/example_dags/example_python_operator.py for tasks to queue
[2023-10-10 12:09:12,922] {logging_mixin.py:115} INFO - [2023-10-10 12:09:12,922] {dagbag.py:508} INFO - Filling up the DagBag from /home/airflow/.local/lib/python3.7/site-packages/airflow/example_dags/example_python_operator.py
[2023-10-10 12:09:12,948] {processor.py:651} INFO - DAG(s) dict_keys(['example_python_operator']) retrieved from /home/airflow/.local/lib/python3.7/site-packages/airflow/example_dags/example_python_operator.py
[2023-10-10 12:09:12,989] {logging_mixin.py:115} INFO - [2023-10-10 12:09:12,989] {dag.py:2420} INFO - Sync 1 DAGs
[2023-10-10 12:09:13,019] {logging_mixin.py:115} INFO - [2023-10-10 12:09:13,018] {dag.py:2972} INFO - Setting next_dagrun for example_python_operator to None, run_after=None
[2023-10-10 12:09:13,044] {processor.py:161} INFO - Processing /home/airflow/.local/lib/python3.7/site-packages/airflow/example_dags/example_python_operator.py took 0.128 seconds
[2023-10-10 12:09:43,599] {processor.py:153} INFO - Started process (PID=771) to work on /home/airflow/.local/lib/python3.7/site-packages/airflow/example_dags/example_python_operator.py
[2023-10-10 12:09:43,600] {processor.py:641} INFO - Processing file /home/airflow/.local/lib/python3.7/site-packages/airflow/example_dags/example_python_operator.py for tasks to queue
[2023-10-10 12:09:43,600] {logging_mixin.py:115} INFO - [2023-10-10 12:09:43,600] {dagbag.py:508} INFO - Filling up the DagBag from /home/airflow/.local/lib/python3.7/site-packages/airflow/example_dags/example_python_operator.py
[2023-10-10 12:09:43,656] {processor.py:651} INFO - DAG(s) dict_keys(['example_python_operator']) retrieved from /home/airflow/.local/lib/python3.7/site-packages/airflow/example_dags/example_python_operator.py
[2023-10-10 12:09:43,743] {logging_mixin.py:115} INFO - [2023-10-10 12:09:43,743] {dag.py:2420} INFO - Sync 1 DAGs
[2023-10-10 12:09:43,799] {logging_mixin.py:115} INFO - [2023-10-10 12:09:43,798] {dag.py:2972} INFO - Setting next_dagrun for example_python_operator to None, run_after=None
[2023-10-10 12:09:43,823] {processor.py:161} INFO - Processing /home/airflow/.local/lib/python3.7/site-packages/airflow/example_dags/example_python_operator.py took 0.230 seconds
[2023-10-10 12:10:14,087] {processor.py:153} INFO - Started process (PID=832) to work on /home/airflow/.local/lib/python3.7/site-packages/airflow/example_dags/example_python_operator.py
[2023-10-10 12:10:14,088] {processor.py:641} INFO - Processing file /home/airflow/.local/lib/python3.7/site-packages/airflow/example_dags/example_python_operator.py for tasks to queue
[2023-10-10 12:10:14,089] {logging_mixin.py:115} INFO - [2023-10-10 12:10:14,089] {dagbag.py:508} INFO - Filling up the DagBag from /home/airflow/.local/lib/python3.7/site-packages/airflow/example_dags/example_python_operator.py
[2023-10-10 12:10:14,116] {processor.py:651} INFO - DAG(s) dict_keys(['example_python_operator']) retrieved from /home/airflow/.local/lib/python3.7/site-packages/airflow/example_dags/example_python_operator.py
[2023-10-10 12:10:14,163] {logging_mixin.py:115} INFO - [2023-10-10 12:10:14,163] {dag.py:2420} INFO - Sync 1 DAGs
[2023-10-10 12:10:14,193] {logging_mixin.py:115} INFO - [2023-10-10 12:10:14,193] {dag.py:2972} INFO - Setting next_dagrun for example_python_operator to None, run_after=None
[2023-10-10 12:10:14,207] {processor.py:161} INFO - Processing /home/airflow/.local/lib/python3.7/site-packages/airflow/example_dags/example_python_operator.py took 0.125 seconds
[2023-10-10 12:10:44,764] {processor.py:153} INFO - Started process (PID=894) to work on /home/airflow/.local/lib/python3.7/site-packages/airflow/example_dags/example_python_operator.py
[2023-10-10 12:10:44,765] {processor.py:641} INFO - Processing file /home/airflow/.local/lib/python3.7/site-packages/airflow/example_dags/example_python_operator.py for tasks to queue
[2023-10-10 12:10:44,766] {logging_mixin.py:115} INFO - [2023-10-10 12:10:44,766] {dagbag.py:508} INFO - Filling up the DagBag from /home/airflow/.local/lib/python3.7/site-packages/airflow/example_dags/example_python_operator.py
[2023-10-10 12:10:44,798] {processor.py:651} INFO - DAG(s) dict_keys(['example_python_operator']) retrieved from /home/airflow/.local/lib/python3.7/site-packages/airflow/example_dags/example_python_operator.py
[2023-10-10 12:10:44,856] {logging_mixin.py:115} INFO - [2023-10-10 12:10:44,856] {dag.py:2420} INFO - Sync 1 DAGs
[2023-10-10 12:10:44,925] {logging_mixin.py:115} INFO - [2023-10-10 12:10:44,925] {dag.py:2972} INFO - Setting next_dagrun for example_python_operator to None, run_after=None
[2023-10-10 12:10:44,959] {processor.py:161} INFO - Processing /home/airflow/.local/lib/python3.7/site-packages/airflow/example_dags/example_python_operator.py took 0.201 seconds
[2023-10-10 12:11:15,258] {processor.py:153} INFO - Started process (PID=946) to work on /home/airflow/.local/lib/python3.7/site-packages/airflow/example_dags/example_python_operator.py
[2023-10-10 12:11:15,259] {processor.py:641} INFO - Processing file /home/airflow/.local/lib/python3.7/site-packages/airflow/example_dags/example_python_operator.py for tasks to queue
[2023-10-10 12:11:15,260] {logging_mixin.py:115} INFO - [2023-10-10 12:11:15,260] {dagbag.py:508} INFO - Filling up the DagBag from /home/airflow/.local/lib/python3.7/site-packages/airflow/example_dags/example_python_operator.py
[2023-10-10 12:11:15,302] {processor.py:651} INFO - DAG(s) dict_keys(['example_python_operator']) retrieved from /home/airflow/.local/lib/python3.7/site-packages/airflow/example_dags/example_python_operator.py
[2023-10-10 12:11:15,378] {logging_mixin.py:115} INFO - [2023-10-10 12:11:15,377] {dag.py:2420} INFO - Sync 1 DAGs
[2023-10-10 12:11:15,408] {logging_mixin.py:115} INFO - [2023-10-10 12:11:15,407] {dag.py:2972} INFO - Setting next_dagrun for example_python_operator to None, run_after=None
[2023-10-10 12:11:15,423] {processor.py:161} INFO - Processing /home/airflow/.local/lib/python3.7/site-packages/airflow/example_dags/example_python_operator.py took 0.170 seconds
[2023-10-10 12:11:46,040] {processor.py:153} INFO - Started process (PID=1007) to work on /home/airflow/.local/lib/python3.7/site-packages/airflow/example_dags/example_python_operator.py
[2023-10-10 12:11:46,041] {processor.py:641} INFO - Processing file /home/airflow/.local/lib/python3.7/site-packages/airflow/example_dags/example_python_operator.py for tasks to queue
[2023-10-10 12:11:46,042] {logging_mixin.py:115} INFO - [2023-10-10 12:11:46,042] {dagbag.py:508} INFO - Filling up the DagBag from /home/airflow/.local/lib/python3.7/site-packages/airflow/example_dags/example_python_operator.py
[2023-10-10 12:11:46,068] {processor.py:651} INFO - DAG(s) dict_keys(['example_python_operator']) retrieved from /home/airflow/.local/lib/python3.7/site-packages/airflow/example_dags/example_python_operator.py
[2023-10-10 12:11:46,108] {logging_mixin.py:115} INFO - [2023-10-10 12:11:46,107] {dag.py:2420} INFO - Sync 1 DAGs
[2023-10-10 12:11:46,135] {logging_mixin.py:115} INFO - [2023-10-10 12:11:46,135] {dag.py:2972} INFO - Setting next_dagrun for example_python_operator to None, run_after=None
[2023-10-10 12:11:46,148] {processor.py:161} INFO - Processing /home/airflow/.local/lib/python3.7/site-packages/airflow/example_dags/example_python_operator.py took 0.114 seconds
[2023-10-10 12:12:16,280] {processor.py:153} INFO - Started process (PID=1059) to work on /home/airflow/.local/lib/python3.7/site-packages/airflow/example_dags/example_python_operator.py
[2023-10-10 12:12:16,281] {processor.py:641} INFO - Processing file /home/airflow/.local/lib/python3.7/site-packages/airflow/example_dags/example_python_operator.py for tasks to queue
[2023-10-10 12:12:16,282] {logging_mixin.py:115} INFO - [2023-10-10 12:12:16,282] {dagbag.py:508} INFO - Filling up the DagBag from /home/airflow/.local/lib/python3.7/site-packages/airflow/example_dags/example_python_operator.py
[2023-10-10 12:12:16,307] {processor.py:651} INFO - DAG(s) dict_keys(['example_python_operator']) retrieved from /home/airflow/.local/lib/python3.7/site-packages/airflow/example_dags/example_python_operator.py
[2023-10-10 12:12:16,348] {logging_mixin.py:115} INFO - [2023-10-10 12:12:16,348] {dag.py:2420} INFO - Sync 1 DAGs
[2023-10-10 12:12:16,377] {logging_mixin.py:115} INFO - [2023-10-10 12:12:16,377] {dag.py:2972} INFO - Setting next_dagrun for example_python_operator to None, run_after=None
[2023-10-10 12:12:16,392] {processor.py:161} INFO - Processing /home/airflow/.local/lib/python3.7/site-packages/airflow/example_dags/example_python_operator.py took 0.117 seconds
[2023-10-10 12:12:47,166] {processor.py:153} INFO - Started process (PID=1120) to work on /home/airflow/.local/lib/python3.7/site-packages/airflow/example_dags/example_python_operator.py
[2023-10-10 12:12:47,167] {processor.py:641} INFO - Processing file /home/airflow/.local/lib/python3.7/site-packages/airflow/example_dags/example_python_operator.py for tasks to queue
[2023-10-10 12:12:47,168] {logging_mixin.py:115} INFO - [2023-10-10 12:12:47,168] {dagbag.py:508} INFO - Filling up the DagBag from /home/airflow/.local/lib/python3.7/site-packages/airflow/example_dags/example_python_operator.py
[2023-10-10 12:12:47,189] {processor.py:651} INFO - DAG(s) dict_keys(['example_python_operator']) retrieved from /home/airflow/.local/lib/python3.7/site-packages/airflow/example_dags/example_python_operator.py
[2023-10-10 12:12:47,236] {logging_mixin.py:115} INFO - [2023-10-10 12:12:47,235] {dag.py:2420} INFO - Sync 1 DAGs
[2023-10-10 12:12:47,264] {logging_mixin.py:115} INFO - [2023-10-10 12:12:47,264] {dag.py:2972} INFO - Setting next_dagrun for example_python_operator to None, run_after=None
[2023-10-10 12:12:47,285] {processor.py:161} INFO - Processing /home/airflow/.local/lib/python3.7/site-packages/airflow/example_dags/example_python_operator.py took 0.123 seconds
[2023-10-10 12:13:17,697] {processor.py:153} INFO - Started process (PID=1181) to work on /home/airflow/.local/lib/python3.7/site-packages/airflow/example_dags/example_python_operator.py
[2023-10-10 12:13:17,698] {processor.py:641} INFO - Processing file /home/airflow/.local/lib/python3.7/site-packages/airflow/example_dags/example_python_operator.py for tasks to queue
[2023-10-10 12:13:17,698] {logging_mixin.py:115} INFO - [2023-10-10 12:13:17,698] {dagbag.py:508} INFO - Filling up the DagBag from /home/airflow/.local/lib/python3.7/site-packages/airflow/example_dags/example_python_operator.py
[2023-10-10 12:13:17,720] {processor.py:651} INFO - DAG(s) dict_keys(['example_python_operator']) retrieved from /home/airflow/.local/lib/python3.7/site-packages/airflow/example_dags/example_python_operator.py
[2023-10-10 12:13:17,780] {logging_mixin.py:115} INFO - [2023-10-10 12:13:17,779] {dag.py:2420} INFO - Sync 1 DAGs
[2023-10-10 12:13:17,812] {logging_mixin.py:115} INFO - [2023-10-10 12:13:17,811] {dag.py:2972} INFO - Setting next_dagrun for example_python_operator to None, run_after=None
[2023-10-10 12:13:17,825] {processor.py:161} INFO - Processing /home/airflow/.local/lib/python3.7/site-packages/airflow/example_dags/example_python_operator.py took 0.133 seconds
[2023-10-10 12:13:48,323] {processor.py:153} INFO - Started process (PID=1234) to work on /home/airflow/.local/lib/python3.7/site-packages/airflow/example_dags/example_python_operator.py
[2023-10-10 12:13:48,324] {processor.py:641} INFO - Processing file /home/airflow/.local/lib/python3.7/site-packages/airflow/example_dags/example_python_operator.py for tasks to queue
[2023-10-10 12:13:48,324] {logging_mixin.py:115} INFO - [2023-10-10 12:13:48,324] {dagbag.py:508} INFO - Filling up the DagBag from /home/airflow/.local/lib/python3.7/site-packages/airflow/example_dags/example_python_operator.py
[2023-10-10 12:13:48,346] {processor.py:651} INFO - DAG(s) dict_keys(['example_python_operator']) retrieved from /home/airflow/.local/lib/python3.7/site-packages/airflow/example_dags/example_python_operator.py
[2023-10-10 12:13:48,388] {logging_mixin.py:115} INFO - [2023-10-10 12:13:48,388] {dag.py:2420} INFO - Sync 1 DAGs
[2023-10-10 12:13:48,417] {logging_mixin.py:115} INFO - [2023-10-10 12:13:48,417] {dag.py:2972} INFO - Setting next_dagrun for example_python_operator to None, run_after=None
[2023-10-10 12:13:48,429] {processor.py:161} INFO - Processing /home/airflow/.local/lib/python3.7/site-packages/airflow/example_dags/example_python_operator.py took 0.112 seconds
[2023-10-10 12:14:19,356] {processor.py:153} INFO - Started process (PID=1296) to work on /home/airflow/.local/lib/python3.7/site-packages/airflow/example_dags/example_python_operator.py
[2023-10-10 12:14:19,357] {processor.py:641} INFO - Processing file /home/airflow/.local/lib/python3.7/site-packages/airflow/example_dags/example_python_operator.py for tasks to queue
[2023-10-10 12:14:19,358] {logging_mixin.py:115} INFO - [2023-10-10 12:14:19,357] {dagbag.py:508} INFO - Filling up the DagBag from /home/airflow/.local/lib/python3.7/site-packages/airflow/example_dags/example_python_operator.py
[2023-10-10 12:14:19,379] {processor.py:651} INFO - DAG(s) dict_keys(['example_python_operator']) retrieved from /home/airflow/.local/lib/python3.7/site-packages/airflow/example_dags/example_python_operator.py
[2023-10-10 12:14:19,441] {logging_mixin.py:115} INFO - [2023-10-10 12:14:19,441] {dag.py:2420} INFO - Sync 1 DAGs
[2023-10-10 12:14:19,476] {logging_mixin.py:115} INFO - [2023-10-10 12:14:19,476] {dag.py:2972} INFO - Setting next_dagrun for example_python_operator to None, run_after=None
[2023-10-10 12:14:19,496] {processor.py:161} INFO - Processing /home/airflow/.local/lib/python3.7/site-packages/airflow/example_dags/example_python_operator.py took 0.153 seconds
[2023-10-10 12:14:49,775] {processor.py:153} INFO - Started process (PID=1358) to work on /home/airflow/.local/lib/python3.7/site-packages/airflow/example_dags/example_python_operator.py
[2023-10-10 12:14:49,776] {processor.py:641} INFO - Processing file /home/airflow/.local/lib/python3.7/site-packages/airflow/example_dags/example_python_operator.py for tasks to queue
[2023-10-10 12:14:49,777] {logging_mixin.py:115} INFO - [2023-10-10 12:14:49,777] {dagbag.py:508} INFO - Filling up the DagBag from /home/airflow/.local/lib/python3.7/site-packages/airflow/example_dags/example_python_operator.py
[2023-10-10 12:14:49,799] {processor.py:651} INFO - DAG(s) dict_keys(['example_python_operator']) retrieved from /home/airflow/.local/lib/python3.7/site-packages/airflow/example_dags/example_python_operator.py
[2023-10-10 12:14:49,857] {logging_mixin.py:115} INFO - [2023-10-10 12:14:49,856] {dag.py:2420} INFO - Sync 1 DAGs
[2023-10-10 12:14:49,904] {logging_mixin.py:115} INFO - [2023-10-10 12:14:49,904] {dag.py:2972} INFO - Setting next_dagrun for example_python_operator to None, run_after=None
[2023-10-10 12:14:51,059] {processor.py:161} INFO - Processing /home/airflow/.local/lib/python3.7/site-packages/airflow/example_dags/example_python_operator.py took 1.293 seconds
[2023-10-10 12:15:21,408] {processor.py:153} INFO - Started process (PID=1413) to work on /home/airflow/.local/lib/python3.7/site-packages/airflow/example_dags/example_python_operator.py
[2023-10-10 12:15:21,409] {processor.py:641} INFO - Processing file /home/airflow/.local/lib/python3.7/site-packages/airflow/example_dags/example_python_operator.py for tasks to queue
[2023-10-10 12:15:21,410] {logging_mixin.py:115} INFO - [2023-10-10 12:15:21,410] {dagbag.py:508} INFO - Filling up the DagBag from /home/airflow/.local/lib/python3.7/site-packages/airflow/example_dags/example_python_operator.py
[2023-10-10 12:15:21,432] {processor.py:651} INFO - DAG(s) dict_keys(['example_python_operator']) retrieved from /home/airflow/.local/lib/python3.7/site-packages/airflow/example_dags/example_python_operator.py
[2023-10-10 12:15:21,471] {logging_mixin.py:115} INFO - [2023-10-10 12:15:21,471] {dag.py:2420} INFO - Sync 1 DAGs
[2023-10-10 12:15:21,500] {logging_mixin.py:115} INFO - [2023-10-10 12:15:21,500] {dag.py:2972} INFO - Setting next_dagrun for example_python_operator to None, run_after=None
[2023-10-10 12:15:21,516] {processor.py:161} INFO - Processing /home/airflow/.local/lib/python3.7/site-packages/airflow/example_dags/example_python_operator.py took 0.113 seconds
[2023-10-10 12:15:52,226] {processor.py:153} INFO - Started process (PID=1477) to work on /home/airflow/.local/lib/python3.7/site-packages/airflow/example_dags/example_python_operator.py
[2023-10-10 12:15:52,227] {processor.py:641} INFO - Processing file /home/airflow/.local/lib/python3.7/site-packages/airflow/example_dags/example_python_operator.py for tasks to queue
[2023-10-10 12:15:52,228] {logging_mixin.py:115} INFO - [2023-10-10 12:15:52,228] {dagbag.py:508} INFO - Filling up the DagBag from /home/airflow/.local/lib/python3.7/site-packages/airflow/example_dags/example_python_operator.py
[2023-10-10 12:15:52,250] {processor.py:651} INFO - DAG(s) dict_keys(['example_python_operator']) retrieved from /home/airflow/.local/lib/python3.7/site-packages/airflow/example_dags/example_python_operator.py
[2023-10-10 12:15:52,290] {logging_mixin.py:115} INFO - [2023-10-10 12:15:52,289] {dag.py:2420} INFO - Sync 1 DAGs
[2023-10-10 12:15:52,318] {logging_mixin.py:115} INFO - [2023-10-10 12:15:52,318] {dag.py:2972} INFO - Setting next_dagrun for example_python_operator to None, run_after=None
[2023-10-10 12:15:52,330] {processor.py:161} INFO - Processing /home/airflow/.local/lib/python3.7/site-packages/airflow/example_dags/example_python_operator.py took 0.109 seconds
[2023-10-10 12:16:22,697] {processor.py:153} INFO - Started process (PID=1540) to work on /home/airflow/.local/lib/python3.7/site-packages/airflow/example_dags/example_python_operator.py
[2023-10-10 12:16:22,697] {processor.py:641} INFO - Processing file /home/airflow/.local/lib/python3.7/site-packages/airflow/example_dags/example_python_operator.py for tasks to queue
[2023-10-10 12:16:22,698] {logging_mixin.py:115} INFO - [2023-10-10 12:16:22,698] {dagbag.py:508} INFO - Filling up the DagBag from /home/airflow/.local/lib/python3.7/site-packages/airflow/example_dags/example_python_operator.py
[2023-10-10 12:16:22,736] {processor.py:651} INFO - DAG(s) dict_keys(['example_python_operator']) retrieved from /home/airflow/.local/lib/python3.7/site-packages/airflow/example_dags/example_python_operator.py
[2023-10-10 12:16:22,799] {logging_mixin.py:115} INFO - [2023-10-10 12:16:22,799] {dag.py:2420} INFO - Sync 1 DAGs
[2023-10-10 12:16:22,837] {logging_mixin.py:115} INFO - [2023-10-10 12:16:22,837] {dag.py:2972} INFO - Setting next_dagrun for example_python_operator to None, run_after=None
[2023-10-10 12:16:22,860] {processor.py:161} INFO - Processing /home/airflow/.local/lib/python3.7/site-packages/airflow/example_dags/example_python_operator.py took 0.173 seconds
[2023-10-10 12:16:52,921] {processor.py:153} INFO - Started process (PID=1594) to work on /home/airflow/.local/lib/python3.7/site-packages/airflow/example_dags/example_python_operator.py
[2023-10-10 12:16:52,922] {processor.py:641} INFO - Processing file /home/airflow/.local/lib/python3.7/site-packages/airflow/example_dags/example_python_operator.py for tasks to queue
[2023-10-10 12:16:52,922] {logging_mixin.py:115} INFO - [2023-10-10 12:16:52,922] {dagbag.py:508} INFO - Filling up the DagBag from /home/airflow/.local/lib/python3.7/site-packages/airflow/example_dags/example_python_operator.py
[2023-10-10 12:16:52,949] {processor.py:651} INFO - DAG(s) dict_keys(['example_python_operator']) retrieved from /home/airflow/.local/lib/python3.7/site-packages/airflow/example_dags/example_python_operator.py
[2023-10-10 12:16:53,041] {logging_mixin.py:115} INFO - [2023-10-10 12:16:53,040] {dag.py:2420} INFO - Sync 1 DAGs
[2023-10-10 12:16:53,080] {logging_mixin.py:115} INFO - [2023-10-10 12:16:53,080] {dag.py:2972} INFO - Setting next_dagrun for example_python_operator to None, run_after=None
[2023-10-10 12:16:53,093] {processor.py:161} INFO - Processing /home/airflow/.local/lib/python3.7/site-packages/airflow/example_dags/example_python_operator.py took 0.178 seconds
[2023-10-10 12:17:23,239] {processor.py:153} INFO - Started process (PID=1656) to work on /home/airflow/.local/lib/python3.7/site-packages/airflow/example_dags/example_python_operator.py
[2023-10-10 12:17:23,240] {processor.py:641} INFO - Processing file /home/airflow/.local/lib/python3.7/site-packages/airflow/example_dags/example_python_operator.py for tasks to queue
[2023-10-10 12:17:23,241] {logging_mixin.py:115} INFO - [2023-10-10 12:17:23,240] {dagbag.py:508} INFO - Filling up the DagBag from /home/airflow/.local/lib/python3.7/site-packages/airflow/example_dags/example_python_operator.py
[2023-10-10 12:17:23,263] {processor.py:651} INFO - DAG(s) dict_keys(['example_python_operator']) retrieved from /home/airflow/.local/lib/python3.7/site-packages/airflow/example_dags/example_python_operator.py
[2023-10-10 12:17:23,321] {logging_mixin.py:115} INFO - [2023-10-10 12:17:23,320] {dag.py:2420} INFO - Sync 1 DAGs
[2023-10-10 12:17:23,363] {logging_mixin.py:115} INFO - [2023-10-10 12:17:23,363] {dag.py:2972} INFO - Setting next_dagrun for example_python_operator to None, run_after=None
[2023-10-10 12:17:23,379] {processor.py:161} INFO - Processing /home/airflow/.local/lib/python3.7/site-packages/airflow/example_dags/example_python_operator.py took 0.146 seconds
[2023-10-10 12:17:53,649] {processor.py:153} INFO - Started process (PID=1709) to work on /home/airflow/.local/lib/python3.7/site-packages/airflow/example_dags/example_python_operator.py
[2023-10-10 12:17:53,649] {processor.py:641} INFO - Processing file /home/airflow/.local/lib/python3.7/site-packages/airflow/example_dags/example_python_operator.py for tasks to queue
[2023-10-10 12:17:53,650] {logging_mixin.py:115} INFO - [2023-10-10 12:17:53,650] {dagbag.py:508} INFO - Filling up the DagBag from /home/airflow/.local/lib/python3.7/site-packages/airflow/example_dags/example_python_operator.py
[2023-10-10 12:17:53,683] {processor.py:651} INFO - DAG(s) dict_keys(['example_python_operator']) retrieved from /home/airflow/.local/lib/python3.7/site-packages/airflow/example_dags/example_python_operator.py
[2023-10-10 12:17:53,781] {logging_mixin.py:115} INFO - [2023-10-10 12:17:53,781] {dag.py:2420} INFO - Sync 1 DAGs
[2023-10-10 12:17:53,857] {logging_mixin.py:115} INFO - [2023-10-10 12:17:53,857] {dag.py:2972} INFO - Setting next_dagrun for example_python_operator to None, run_after=None
[2023-10-10 12:17:53,902] {processor.py:161} INFO - Processing /home/airflow/.local/lib/python3.7/site-packages/airflow/example_dags/example_python_operator.py took 0.258 seconds
[2023-10-10 12:18:23,966] {processor.py:153} INFO - Started process (PID=1771) to work on /home/airflow/.local/lib/python3.7/site-packages/airflow/example_dags/example_python_operator.py
[2023-10-10 12:18:23,967] {processor.py:641} INFO - Processing file /home/airflow/.local/lib/python3.7/site-packages/airflow/example_dags/example_python_operator.py for tasks to queue
[2023-10-10 12:18:23,968] {logging_mixin.py:115} INFO - [2023-10-10 12:18:23,968] {dagbag.py:508} INFO - Filling up the DagBag from /home/airflow/.local/lib/python3.7/site-packages/airflow/example_dags/example_python_operator.py
[2023-10-10 12:18:23,990] {processor.py:651} INFO - DAG(s) dict_keys(['example_python_operator']) retrieved from /home/airflow/.local/lib/python3.7/site-packages/airflow/example_dags/example_python_operator.py
[2023-10-10 12:18:24,031] {logging_mixin.py:115} INFO - [2023-10-10 12:18:24,031] {dag.py:2420} INFO - Sync 1 DAGs
[2023-10-10 12:18:24,063] {logging_mixin.py:115} INFO - [2023-10-10 12:18:24,062] {dag.py:2972} INFO - Setting next_dagrun for example_python_operator to None, run_after=None
[2023-10-10 12:18:24,080] {processor.py:161} INFO - Processing /home/airflow/.local/lib/python3.7/site-packages/airflow/example_dags/example_python_operator.py took 0.118 seconds
[2023-10-10 12:18:54,404] {processor.py:153} INFO - Started process (PID=1824) to work on /home/airflow/.local/lib/python3.7/site-packages/airflow/example_dags/example_python_operator.py
[2023-10-10 12:18:54,405] {processor.py:641} INFO - Processing file /home/airflow/.local/lib/python3.7/site-packages/airflow/example_dags/example_python_operator.py for tasks to queue
[2023-10-10 12:18:54,405] {logging_mixin.py:115} INFO - [2023-10-10 12:18:54,405] {dagbag.py:508} INFO - Filling up the DagBag from /home/airflow/.local/lib/python3.7/site-packages/airflow/example_dags/example_python_operator.py
[2023-10-10 12:18:54,427] {processor.py:651} INFO - DAG(s) dict_keys(['example_python_operator']) retrieved from /home/airflow/.local/lib/python3.7/site-packages/airflow/example_dags/example_python_operator.py
[2023-10-10 12:18:54,475] {logging_mixin.py:115} INFO - [2023-10-10 12:18:54,474] {dag.py:2420} INFO - Sync 1 DAGs
[2023-10-10 12:18:54,506] {logging_mixin.py:115} INFO - [2023-10-10 12:18:54,506] {dag.py:2972} INFO - Setting next_dagrun for example_python_operator to None, run_after=None
[2023-10-10 12:18:54,524] {processor.py:161} INFO - Processing /home/airflow/.local/lib/python3.7/site-packages/airflow/example_dags/example_python_operator.py took 0.126 seconds
[2023-10-10 12:19:25,101] {processor.py:153} INFO - Started process (PID=1885) to work on /home/airflow/.local/lib/python3.7/site-packages/airflow/example_dags/example_python_operator.py
[2023-10-10 12:19:25,102] {processor.py:641} INFO - Processing file /home/airflow/.local/lib/python3.7/site-packages/airflow/example_dags/example_python_operator.py for tasks to queue
[2023-10-10 12:19:25,102] {logging_mixin.py:115} INFO - [2023-10-10 12:19:25,102] {dagbag.py:508} INFO - Filling up the DagBag from /home/airflow/.local/lib/python3.7/site-packages/airflow/example_dags/example_python_operator.py
[2023-10-10 12:19:25,139] {processor.py:651} INFO - DAG(s) dict_keys(['example_python_operator']) retrieved from /home/airflow/.local/lib/python3.7/site-packages/airflow/example_dags/example_python_operator.py
[2023-10-10 12:19:25,206] {logging_mixin.py:115} INFO - [2023-10-10 12:19:25,206] {dag.py:2420} INFO - Sync 1 DAGs
[2023-10-10 12:19:25,236] {logging_mixin.py:115} INFO - [2023-10-10 12:19:25,236] {dag.py:2972} INFO - Setting next_dagrun for example_python_operator to None, run_after=None
[2023-10-10 12:19:25,248] {processor.py:161} INFO - Processing /home/airflow/.local/lib/python3.7/site-packages/airflow/example_dags/example_python_operator.py took 0.152 seconds
[2023-10-10 12:19:55,780] {processor.py:153} INFO - Started process (PID=1946) to work on /home/airflow/.local/lib/python3.7/site-packages/airflow/example_dags/example_python_operator.py
[2023-10-10 12:19:55,781] {processor.py:641} INFO - Processing file /home/airflow/.local/lib/python3.7/site-packages/airflow/example_dags/example_python_operator.py for tasks to queue
[2023-10-10 12:19:55,782] {logging_mixin.py:115} INFO - [2023-10-10 12:19:55,782] {dagbag.py:508} INFO - Filling up the DagBag from /home/airflow/.local/lib/python3.7/site-packages/airflow/example_dags/example_python_operator.py
[2023-10-10 12:19:55,815] {processor.py:651} INFO - DAG(s) dict_keys(['example_python_operator']) retrieved from /home/airflow/.local/lib/python3.7/site-packages/airflow/example_dags/example_python_operator.py
[2023-10-10 12:19:55,882] {logging_mixin.py:115} INFO - [2023-10-10 12:19:55,882] {dag.py:2420} INFO - Sync 1 DAGs
[2023-10-10 12:19:55,919] {logging_mixin.py:115} INFO - [2023-10-10 12:19:55,919] {dag.py:2972} INFO - Setting next_dagrun for example_python_operator to None, run_after=None
[2023-10-10 12:19:55,939] {processor.py:161} INFO - Processing /home/airflow/.local/lib/python3.7/site-packages/airflow/example_dags/example_python_operator.py took 0.163 seconds
[2023-10-10 12:20:26,285] {processor.py:153} INFO - Started process (PID=1998) to work on /home/airflow/.local/lib/python3.7/site-packages/airflow/example_dags/example_python_operator.py
[2023-10-10 12:20:26,286] {processor.py:641} INFO - Processing file /home/airflow/.local/lib/python3.7/site-packages/airflow/example_dags/example_python_operator.py for tasks to queue
[2023-10-10 12:20:26,287] {logging_mixin.py:115} INFO - [2023-10-10 12:20:26,287] {dagbag.py:508} INFO - Filling up the DagBag from /home/airflow/.local/lib/python3.7/site-packages/airflow/example_dags/example_python_operator.py
[2023-10-10 12:20:26,309] {processor.py:651} INFO - DAG(s) dict_keys(['example_python_operator']) retrieved from /home/airflow/.local/lib/python3.7/site-packages/airflow/example_dags/example_python_operator.py
[2023-10-10 12:20:26,348] {logging_mixin.py:115} INFO - [2023-10-10 12:20:26,348] {dag.py:2420} INFO - Sync 1 DAGs
[2023-10-10 12:20:26,376] {logging_mixin.py:115} INFO - [2023-10-10 12:20:26,376] {dag.py:2972} INFO - Setting next_dagrun for example_python_operator to None, run_after=None
[2023-10-10 12:20:26,389] {processor.py:161} INFO - Processing /home/airflow/.local/lib/python3.7/site-packages/airflow/example_dags/example_python_operator.py took 0.109 seconds
[2023-10-10 12:20:56,589] {processor.py:153} INFO - Started process (PID=2061) to work on /home/airflow/.local/lib/python3.7/site-packages/airflow/example_dags/example_python_operator.py
[2023-10-10 12:20:56,590] {processor.py:641} INFO - Processing file /home/airflow/.local/lib/python3.7/site-packages/airflow/example_dags/example_python_operator.py for tasks to queue
[2023-10-10 12:20:56,590] {logging_mixin.py:115} INFO - [2023-10-10 12:20:56,590] {dagbag.py:508} INFO - Filling up the DagBag from /home/airflow/.local/lib/python3.7/site-packages/airflow/example_dags/example_python_operator.py
[2023-10-10 12:20:56,612] {processor.py:651} INFO - DAG(s) dict_keys(['example_python_operator']) retrieved from /home/airflow/.local/lib/python3.7/site-packages/airflow/example_dags/example_python_operator.py
[2023-10-10 12:20:56,660] {logging_mixin.py:115} INFO - [2023-10-10 12:20:56,660] {dag.py:2420} INFO - Sync 1 DAGs
[2023-10-10 12:20:56,689] {logging_mixin.py:115} INFO - [2023-10-10 12:20:56,689] {dag.py:2972} INFO - Setting next_dagrun for example_python_operator to None, run_after=None
[2023-10-10 12:20:56,704] {processor.py:161} INFO - Processing /home/airflow/.local/lib/python3.7/site-packages/airflow/example_dags/example_python_operator.py took 0.121 seconds
[2023-10-10 12:21:27,165] {processor.py:153} INFO - Started process (PID=2124) to work on /home/airflow/.local/lib/python3.7/site-packages/airflow/example_dags/example_python_operator.py
[2023-10-10 12:21:27,175] {processor.py:641} INFO - Processing file /home/airflow/.local/lib/python3.7/site-packages/airflow/example_dags/example_python_operator.py for tasks to queue
[2023-10-10 12:21:27,176] {logging_mixin.py:115} INFO - [2023-10-10 12:21:27,176] {dagbag.py:508} INFO - Filling up the DagBag from /home/airflow/.local/lib/python3.7/site-packages/airflow/example_dags/example_python_operator.py
[2023-10-10 12:21:27,207] {processor.py:651} INFO - DAG(s) dict_keys(['example_python_operator']) retrieved from /home/airflow/.local/lib/python3.7/site-packages/airflow/example_dags/example_python_operator.py
[2023-10-10 12:21:27,360] {logging_mixin.py:115} INFO - [2023-10-10 12:21:27,360] {dag.py:2420} INFO - Sync 1 DAGs
[2023-10-10 12:21:27,437] {logging_mixin.py:115} INFO - [2023-10-10 12:21:27,437] {dag.py:2972} INFO - Setting next_dagrun for example_python_operator to None, run_after=None
[2023-10-10 12:21:27,496] {processor.py:161} INFO - Processing /home/airflow/.local/lib/python3.7/site-packages/airflow/example_dags/example_python_operator.py took 0.336 seconds
[2023-10-10 12:21:57,566] {processor.py:153} INFO - Started process (PID=2177) to work on /home/airflow/.local/lib/python3.7/site-packages/airflow/example_dags/example_python_operator.py
[2023-10-10 12:21:57,567] {processor.py:641} INFO - Processing file /home/airflow/.local/lib/python3.7/site-packages/airflow/example_dags/example_python_operator.py for tasks to queue
[2023-10-10 12:21:57,568] {logging_mixin.py:115} INFO - [2023-10-10 12:21:57,568] {dagbag.py:508} INFO - Filling up the DagBag from /home/airflow/.local/lib/python3.7/site-packages/airflow/example_dags/example_python_operator.py
[2023-10-10 12:21:57,592] {processor.py:651} INFO - DAG(s) dict_keys(['example_python_operator']) retrieved from /home/airflow/.local/lib/python3.7/site-packages/airflow/example_dags/example_python_operator.py
[2023-10-10 12:21:57,635] {logging_mixin.py:115} INFO - [2023-10-10 12:21:57,635] {dag.py:2420} INFO - Sync 1 DAGs
[2023-10-10 12:21:57,665] {logging_mixin.py:115} INFO - [2023-10-10 12:21:57,665] {dag.py:2972} INFO - Setting next_dagrun for example_python_operator to None, run_after=None
[2023-10-10 12:21:57,678] {processor.py:161} INFO - Processing /home/airflow/.local/lib/python3.7/site-packages/airflow/example_dags/example_python_operator.py took 0.117 seconds
[2023-10-10 12:22:27,734] {processor.py:153} INFO - Started process (PID=2239) to work on /home/airflow/.local/lib/python3.7/site-packages/airflow/example_dags/example_python_operator.py
[2023-10-10 12:22:27,735] {processor.py:641} INFO - Processing file /home/airflow/.local/lib/python3.7/site-packages/airflow/example_dags/example_python_operator.py for tasks to queue
[2023-10-10 12:22:27,736] {logging_mixin.py:115} INFO - [2023-10-10 12:22:27,736] {dagbag.py:508} INFO - Filling up the DagBag from /home/airflow/.local/lib/python3.7/site-packages/airflow/example_dags/example_python_operator.py
[2023-10-10 12:22:27,759] {processor.py:651} INFO - DAG(s) dict_keys(['example_python_operator']) retrieved from /home/airflow/.local/lib/python3.7/site-packages/airflow/example_dags/example_python_operator.py
[2023-10-10 12:22:27,801] {logging_mixin.py:115} INFO - [2023-10-10 12:22:27,800] {dag.py:2420} INFO - Sync 1 DAGs
[2023-10-10 12:22:27,829] {logging_mixin.py:115} INFO - [2023-10-10 12:22:27,829] {dag.py:2972} INFO - Setting next_dagrun for example_python_operator to None, run_after=None
[2023-10-10 12:22:27,847] {processor.py:161} INFO - Processing /home/airflow/.local/lib/python3.7/site-packages/airflow/example_dags/example_python_operator.py took 0.118 seconds
[2023-10-10 12:22:57,998] {processor.py:153} INFO - Started process (PID=2292) to work on /home/airflow/.local/lib/python3.7/site-packages/airflow/example_dags/example_python_operator.py
[2023-10-10 12:22:57,999] {processor.py:641} INFO - Processing file /home/airflow/.local/lib/python3.7/site-packages/airflow/example_dags/example_python_operator.py for tasks to queue
[2023-10-10 12:22:58,000] {logging_mixin.py:115} INFO - [2023-10-10 12:22:58,000] {dagbag.py:508} INFO - Filling up the DagBag from /home/airflow/.local/lib/python3.7/site-packages/airflow/example_dags/example_python_operator.py
[2023-10-10 12:22:58,023] {processor.py:651} INFO - DAG(s) dict_keys(['example_python_operator']) retrieved from /home/airflow/.local/lib/python3.7/site-packages/airflow/example_dags/example_python_operator.py
[2023-10-10 12:22:58,117] {logging_mixin.py:115} INFO - [2023-10-10 12:22:58,117] {dag.py:2420} INFO - Sync 1 DAGs
[2023-10-10 12:22:58,148] {logging_mixin.py:115} INFO - [2023-10-10 12:22:58,148] {dag.py:2972} INFO - Setting next_dagrun for example_python_operator to None, run_after=None
[2023-10-10 12:22:58,164] {processor.py:161} INFO - Processing /home/airflow/.local/lib/python3.7/site-packages/airflow/example_dags/example_python_operator.py took 0.171 seconds
[2023-10-10 12:23:28,835] {processor.py:153} INFO - Started process (PID=2354) to work on /home/airflow/.local/lib/python3.7/site-packages/airflow/example_dags/example_python_operator.py
[2023-10-10 12:23:28,835] {processor.py:641} INFO - Processing file /home/airflow/.local/lib/python3.7/site-packages/airflow/example_dags/example_python_operator.py for tasks to queue
[2023-10-10 12:23:28,836] {logging_mixin.py:115} INFO - [2023-10-10 12:23:28,836] {dagbag.py:508} INFO - Filling up the DagBag from /home/airflow/.local/lib/python3.7/site-packages/airflow/example_dags/example_python_operator.py
[2023-10-10 12:23:28,858] {processor.py:651} INFO - DAG(s) dict_keys(['example_python_operator']) retrieved from /home/airflow/.local/lib/python3.7/site-packages/airflow/example_dags/example_python_operator.py
[2023-10-10 12:23:28,895] {logging_mixin.py:115} INFO - [2023-10-10 12:23:28,895] {dag.py:2420} INFO - Sync 1 DAGs
[2023-10-10 12:23:28,923] {logging_mixin.py:115} INFO - [2023-10-10 12:23:28,922] {dag.py:2972} INFO - Setting next_dagrun for example_python_operator to None, run_after=None
[2023-10-10 12:23:28,935] {processor.py:161} INFO - Processing /home/airflow/.local/lib/python3.7/site-packages/airflow/example_dags/example_python_operator.py took 0.105 seconds
[2023-10-10 12:23:59,717] {processor.py:153} INFO - Started process (PID=2416) to work on /home/airflow/.local/lib/python3.7/site-packages/airflow/example_dags/example_python_operator.py
[2023-10-10 12:23:59,718] {processor.py:641} INFO - Processing file /home/airflow/.local/lib/python3.7/site-packages/airflow/example_dags/example_python_operator.py for tasks to queue
[2023-10-10 12:23:59,719] {logging_mixin.py:115} INFO - [2023-10-10 12:23:59,718] {dagbag.py:508} INFO - Filling up the DagBag from /home/airflow/.local/lib/python3.7/site-packages/airflow/example_dags/example_python_operator.py
[2023-10-10 12:23:59,758] {processor.py:651} INFO - DAG(s) dict_keys(['example_python_operator']) retrieved from /home/airflow/.local/lib/python3.7/site-packages/airflow/example_dags/example_python_operator.py
[2023-10-10 12:23:59,815] {logging_mixin.py:115} INFO - [2023-10-10 12:23:59,815] {dag.py:2420} INFO - Sync 1 DAGs
[2023-10-10 12:23:59,843] {logging_mixin.py:115} INFO - [2023-10-10 12:23:59,843] {dag.py:2972} INFO - Setting next_dagrun for example_python_operator to None, run_after=None
[2023-10-10 12:23:59,859] {processor.py:161} INFO - Processing /home/airflow/.local/lib/python3.7/site-packages/airflow/example_dags/example_python_operator.py took 0.159 seconds
[2023-10-10 12:24:30,410] {processor.py:153} INFO - Started process (PID=2470) to work on /home/airflow/.local/lib/python3.7/site-packages/airflow/example_dags/example_python_operator.py
[2023-10-10 12:24:30,415] {processor.py:641} INFO - Processing file /home/airflow/.local/lib/python3.7/site-packages/airflow/example_dags/example_python_operator.py for tasks to queue
[2023-10-10 12:24:30,416] {logging_mixin.py:115} INFO - [2023-10-10 12:24:30,416] {dagbag.py:508} INFO - Filling up the DagBag from /home/airflow/.local/lib/python3.7/site-packages/airflow/example_dags/example_python_operator.py
[2023-10-10 12:24:30,442] {processor.py:651} INFO - DAG(s) dict_keys(['example_python_operator']) retrieved from /home/airflow/.local/lib/python3.7/site-packages/airflow/example_dags/example_python_operator.py
[2023-10-10 12:24:30,507] {logging_mixin.py:115} INFO - [2023-10-10 12:24:30,507] {dag.py:2420} INFO - Sync 1 DAGs
[2023-10-10 12:24:30,563] {logging_mixin.py:115} INFO - [2023-10-10 12:24:30,563] {dag.py:2972} INFO - Setting next_dagrun for example_python_operator to None, run_after=None
[2023-10-10 12:24:30,583] {processor.py:161} INFO - Processing /home/airflow/.local/lib/python3.7/site-packages/airflow/example_dags/example_python_operator.py took 0.178 seconds
[2023-10-10 12:25:01,118] {processor.py:153} INFO - Started process (PID=2532) to work on /home/airflow/.local/lib/python3.7/site-packages/airflow/example_dags/example_python_operator.py
[2023-10-10 12:25:01,119] {processor.py:641} INFO - Processing file /home/airflow/.local/lib/python3.7/site-packages/airflow/example_dags/example_python_operator.py for tasks to queue
[2023-10-10 12:25:01,119] {logging_mixin.py:115} INFO - [2023-10-10 12:25:01,119] {dagbag.py:508} INFO - Filling up the DagBag from /home/airflow/.local/lib/python3.7/site-packages/airflow/example_dags/example_python_operator.py
[2023-10-10 12:25:01,141] {processor.py:651} INFO - DAG(s) dict_keys(['example_python_operator']) retrieved from /home/airflow/.local/lib/python3.7/site-packages/airflow/example_dags/example_python_operator.py
[2023-10-10 12:25:01,181] {logging_mixin.py:115} INFO - [2023-10-10 12:25:01,181] {dag.py:2420} INFO - Sync 1 DAGs
[2023-10-10 12:25:01,209] {logging_mixin.py:115} INFO - [2023-10-10 12:25:01,208] {dag.py:2972} INFO - Setting next_dagrun for example_python_operator to None, run_after=None
[2023-10-10 12:25:01,223] {processor.py:161} INFO - Processing /home/airflow/.local/lib/python3.7/site-packages/airflow/example_dags/example_python_operator.py took 0.110 seconds
[2023-10-10 12:25:31,523] {processor.py:153} INFO - Started process (PID=2592) to work on /home/airflow/.local/lib/python3.7/site-packages/airflow/example_dags/example_python_operator.py
[2023-10-10 12:25:31,524] {processor.py:641} INFO - Processing file /home/airflow/.local/lib/python3.7/site-packages/airflow/example_dags/example_python_operator.py for tasks to queue
[2023-10-10 12:25:31,524] {logging_mixin.py:115} INFO - [2023-10-10 12:25:31,524] {dagbag.py:508} INFO - Filling up the DagBag from /home/airflow/.local/lib/python3.7/site-packages/airflow/example_dags/example_python_operator.py
[2023-10-10 12:25:31,563] {processor.py:651} INFO - DAG(s) dict_keys(['example_python_operator']) retrieved from /home/airflow/.local/lib/python3.7/site-packages/airflow/example_dags/example_python_operator.py
[2023-10-10 12:25:31,640] {logging_mixin.py:115} INFO - [2023-10-10 12:25:31,640] {dag.py:2420} INFO - Sync 1 DAGs
[2023-10-10 12:25:31,684] {logging_mixin.py:115} INFO - [2023-10-10 12:25:31,684] {dag.py:2972} INFO - Setting next_dagrun for example_python_operator to None, run_after=None
[2023-10-10 12:25:31,715] {processor.py:161} INFO - Processing /home/airflow/.local/lib/python3.7/site-packages/airflow/example_dags/example_python_operator.py took 0.198 seconds
[2023-10-10 12:26:02,348] {processor.py:153} INFO - Started process (PID=2647) to work on /home/airflow/.local/lib/python3.7/site-packages/airflow/example_dags/example_python_operator.py
[2023-10-10 12:26:02,349] {processor.py:641} INFO - Processing file /home/airflow/.local/lib/python3.7/site-packages/airflow/example_dags/example_python_operator.py for tasks to queue
[2023-10-10 12:26:02,350] {logging_mixin.py:115} INFO - [2023-10-10 12:26:02,350] {dagbag.py:508} INFO - Filling up the DagBag from /home/airflow/.local/lib/python3.7/site-packages/airflow/example_dags/example_python_operator.py
[2023-10-10 12:26:02,372] {processor.py:651} INFO - DAG(s) dict_keys(['example_python_operator']) retrieved from /home/airflow/.local/lib/python3.7/site-packages/airflow/example_dags/example_python_operator.py
[2023-10-10 12:26:02,411] {logging_mixin.py:115} INFO - [2023-10-10 12:26:02,411] {dag.py:2420} INFO - Sync 1 DAGs
[2023-10-10 12:26:02,444] {logging_mixin.py:115} INFO - [2023-10-10 12:26:02,444] {dag.py:2972} INFO - Setting next_dagrun for example_python_operator to None, run_after=None
[2023-10-10 12:26:02,468] {processor.py:161} INFO - Processing /home/airflow/.local/lib/python3.7/site-packages/airflow/example_dags/example_python_operator.py took 0.124 seconds
[2023-10-10 12:26:33,196] {processor.py:153} INFO - Started process (PID=2709) to work on /home/airflow/.local/lib/python3.7/site-packages/airflow/example_dags/example_python_operator.py
[2023-10-10 12:26:33,196] {processor.py:641} INFO - Processing file /home/airflow/.local/lib/python3.7/site-packages/airflow/example_dags/example_python_operator.py for tasks to queue
[2023-10-10 12:26:33,197] {logging_mixin.py:115} INFO - [2023-10-10 12:26:33,197] {dagbag.py:508} INFO - Filling up the DagBag from /home/airflow/.local/lib/python3.7/site-packages/airflow/example_dags/example_python_operator.py
[2023-10-10 12:26:33,220] {processor.py:651} INFO - DAG(s) dict_keys(['example_python_operator']) retrieved from /home/airflow/.local/lib/python3.7/site-packages/airflow/example_dags/example_python_operator.py
[2023-10-10 12:26:33,259] {logging_mixin.py:115} INFO - [2023-10-10 12:26:33,259] {dag.py:2420} INFO - Sync 1 DAGs
[2023-10-10 12:26:33,289] {logging_mixin.py:115} INFO - [2023-10-10 12:26:33,289] {dag.py:2972} INFO - Setting next_dagrun for example_python_operator to None, run_after=None
[2023-10-10 12:26:33,303] {processor.py:161} INFO - Processing /home/airflow/.local/lib/python3.7/site-packages/airflow/example_dags/example_python_operator.py took 0.112 seconds
