[2023-10-10 12:03:29,642] {processor.py:153} INFO - Started process (PID=79) to work on /home/airflow/.local/lib/python3.7/site-packages/airflow/example_dags/tutorial.py
[2023-10-10 12:03:29,642] {processor.py:641} INFO - Processing file /home/airflow/.local/lib/python3.7/site-packages/airflow/example_dags/tutorial.py for tasks to queue
[2023-10-10 12:03:29,655] {logging_mixin.py:115} INFO - [2023-10-10 12:03:29,655] {dagbag.py:508} INFO - Filling up the DagBag from /home/airflow/.local/lib/python3.7/site-packages/airflow/example_dags/tutorial.py
[2023-10-10 12:03:29,717] {processor.py:651} INFO - DAG(s) dict_keys(['tutorial']) retrieved from /home/airflow/.local/lib/python3.7/site-packages/airflow/example_dags/tutorial.py
[2023-10-10 12:03:30,439] {logging_mixin.py:115} INFO - [2023-10-10 12:03:30,439] {manager.py:508} INFO - Created Permission View: can read on DAG:tutorial
[2023-10-10 12:03:30,558] {logging_mixin.py:115} INFO - [2023-10-10 12:03:30,558] {manager.py:508} INFO - Created Permission View: can edit on DAG:tutorial
[2023-10-10 12:03:30,656] {logging_mixin.py:115} INFO - [2023-10-10 12:03:30,656] {manager.py:508} INFO - Created Permission View: can delete on DAG:tutorial
[2023-10-10 12:03:30,657] {logging_mixin.py:115} INFO - [2023-10-10 12:03:30,657] {dag.py:2420} INFO - Sync 1 DAGs
[2023-10-10 12:03:30,740] {logging_mixin.py:115} INFO - [2023-10-10 12:03:30,740] {dag.py:2439} INFO - Creating ORM DAG for tutorial
[2023-10-10 12:03:30,816] {logging_mixin.py:115} INFO - [2023-10-10 12:03:30,816] {dag.py:2972} INFO - Setting next_dagrun for tutorial to 2023-10-09T12:03:30.816294+00:00, run_after=2023-10-10T12:03:30.816294+00:00
[2023-10-10 12:03:31,076] {processor.py:161} INFO - Processing /home/airflow/.local/lib/python3.7/site-packages/airflow/example_dags/tutorial.py took 1.439 seconds
[2023-10-10 12:04:01,283] {processor.py:153} INFO - Started process (PID=124) to work on /home/airflow/.local/lib/python3.7/site-packages/airflow/example_dags/tutorial.py
[2023-10-10 12:04:01,284] {processor.py:641} INFO - Processing file /home/airflow/.local/lib/python3.7/site-packages/airflow/example_dags/tutorial.py for tasks to queue
[2023-10-10 12:04:01,284] {logging_mixin.py:115} INFO - [2023-10-10 12:04:01,284] {dagbag.py:508} INFO - Filling up the DagBag from /home/airflow/.local/lib/python3.7/site-packages/airflow/example_dags/tutorial.py
[2023-10-10 12:04:01,301] {processor.py:651} INFO - DAG(s) dict_keys(['tutorial']) retrieved from /home/airflow/.local/lib/python3.7/site-packages/airflow/example_dags/tutorial.py
[2023-10-10 12:04:01,390] {logging_mixin.py:115} INFO - [2023-10-10 12:04:01,390] {dag.py:2420} INFO - Sync 1 DAGs
[2023-10-10 12:04:01,420] {logging_mixin.py:115} INFO - [2023-10-10 12:04:01,420] {dag.py:2972} INFO - Setting next_dagrun for tutorial to 2023-10-09T12:04:01.419950+00:00, run_after=2023-10-10T12:04:01.419950+00:00
[2023-10-10 12:04:01,443] {processor.py:161} INFO - Processing /home/airflow/.local/lib/python3.7/site-packages/airflow/example_dags/tutorial.py took 0.164 seconds
[2023-10-10 12:04:31,856] {processor.py:153} INFO - Started process (PID=185) to work on /home/airflow/.local/lib/python3.7/site-packages/airflow/example_dags/tutorial.py
[2023-10-10 12:04:31,857] {processor.py:641} INFO - Processing file /home/airflow/.local/lib/python3.7/site-packages/airflow/example_dags/tutorial.py for tasks to queue
[2023-10-10 12:04:31,858] {logging_mixin.py:115} INFO - [2023-10-10 12:04:31,858] {dagbag.py:508} INFO - Filling up the DagBag from /home/airflow/.local/lib/python3.7/site-packages/airflow/example_dags/tutorial.py
[2023-10-10 12:04:31,867] {processor.py:651} INFO - DAG(s) dict_keys(['tutorial']) retrieved from /home/airflow/.local/lib/python3.7/site-packages/airflow/example_dags/tutorial.py
[2023-10-10 12:04:31,956] {logging_mixin.py:115} INFO - [2023-10-10 12:04:31,955] {dag.py:2420} INFO - Sync 1 DAGs
[2023-10-10 12:04:32,016] {logging_mixin.py:115} INFO - [2023-10-10 12:04:32,016] {dag.py:2972} INFO - Setting next_dagrun for tutorial to 2023-10-09T12:04:32.016065+00:00, run_after=2023-10-10T12:04:32.016065+00:00
[2023-10-10 12:04:32,056] {processor.py:161} INFO - Processing /home/airflow/.local/lib/python3.7/site-packages/airflow/example_dags/tutorial.py took 0.213 seconds
[2023-10-10 12:05:02,488] {processor.py:153} INFO - Started process (PID=237) to work on /home/airflow/.local/lib/python3.7/site-packages/airflow/example_dags/tutorial.py
[2023-10-10 12:05:02,490] {processor.py:641} INFO - Processing file /home/airflow/.local/lib/python3.7/site-packages/airflow/example_dags/tutorial.py for tasks to queue
[2023-10-10 12:05:02,490] {logging_mixin.py:115} INFO - [2023-10-10 12:05:02,490] {dagbag.py:508} INFO - Filling up the DagBag from /home/airflow/.local/lib/python3.7/site-packages/airflow/example_dags/tutorial.py
[2023-10-10 12:05:02,498] {processor.py:651} INFO - DAG(s) dict_keys(['tutorial']) retrieved from /home/airflow/.local/lib/python3.7/site-packages/airflow/example_dags/tutorial.py
[2023-10-10 12:05:02,540] {logging_mixin.py:115} INFO - [2023-10-10 12:05:02,539] {dag.py:2420} INFO - Sync 1 DAGs
[2023-10-10 12:05:02,568] {logging_mixin.py:115} INFO - [2023-10-10 12:05:02,568] {dag.py:2972} INFO - Setting next_dagrun for tutorial to 2023-10-09T12:05:02.568428+00:00, run_after=2023-10-10T12:05:02.568428+00:00
[2023-10-10 12:05:02,586] {processor.py:161} INFO - Processing /home/airflow/.local/lib/python3.7/site-packages/airflow/example_dags/tutorial.py took 0.103 seconds
[2023-10-10 12:05:33,205] {processor.py:153} INFO - Started process (PID=298) to work on /home/airflow/.local/lib/python3.7/site-packages/airflow/example_dags/tutorial.py
[2023-10-10 12:05:33,206] {processor.py:641} INFO - Processing file /home/airflow/.local/lib/python3.7/site-packages/airflow/example_dags/tutorial.py for tasks to queue
[2023-10-10 12:05:33,206] {logging_mixin.py:115} INFO - [2023-10-10 12:05:33,206] {dagbag.py:508} INFO - Filling up the DagBag from /home/airflow/.local/lib/python3.7/site-packages/airflow/example_dags/tutorial.py
[2023-10-10 12:05:33,220] {processor.py:651} INFO - DAG(s) dict_keys(['tutorial']) retrieved from /home/airflow/.local/lib/python3.7/site-packages/airflow/example_dags/tutorial.py
[2023-10-10 12:05:33,276] {logging_mixin.py:115} INFO - [2023-10-10 12:05:33,275] {dag.py:2420} INFO - Sync 1 DAGs
[2023-10-10 12:05:33,316] {logging_mixin.py:115} INFO - [2023-10-10 12:05:33,316] {dag.py:2972} INFO - Setting next_dagrun for tutorial to 2023-10-09T12:05:33.316150+00:00, run_after=2023-10-10T12:05:33.316150+00:00
[2023-10-10 12:05:33,336] {processor.py:161} INFO - Processing /home/airflow/.local/lib/python3.7/site-packages/airflow/example_dags/tutorial.py took 0.137 seconds
[2023-10-10 12:06:03,819] {processor.py:153} INFO - Started process (PID=351) to work on /home/airflow/.local/lib/python3.7/site-packages/airflow/example_dags/tutorial.py
[2023-10-10 12:06:03,820] {processor.py:641} INFO - Processing file /home/airflow/.local/lib/python3.7/site-packages/airflow/example_dags/tutorial.py for tasks to queue
[2023-10-10 12:06:03,821] {logging_mixin.py:115} INFO - [2023-10-10 12:06:03,821] {dagbag.py:508} INFO - Filling up the DagBag from /home/airflow/.local/lib/python3.7/site-packages/airflow/example_dags/tutorial.py
[2023-10-10 12:06:03,830] {processor.py:651} INFO - DAG(s) dict_keys(['tutorial']) retrieved from /home/airflow/.local/lib/python3.7/site-packages/airflow/example_dags/tutorial.py
[2023-10-10 12:06:03,871] {logging_mixin.py:115} INFO - [2023-10-10 12:06:03,871] {dag.py:2420} INFO - Sync 1 DAGs
[2023-10-10 12:06:03,920] {logging_mixin.py:115} INFO - [2023-10-10 12:06:03,920] {dag.py:2972} INFO - Setting next_dagrun for tutorial to 2023-10-09T12:06:03.920028+00:00, run_after=2023-10-10T12:06:03.920028+00:00
[2023-10-10 12:06:03,959] {processor.py:161} INFO - Processing /home/airflow/.local/lib/python3.7/site-packages/airflow/example_dags/tutorial.py took 0.146 seconds
[2023-10-10 12:06:34,677] {processor.py:153} INFO - Started process (PID=412) to work on /home/airflow/.local/lib/python3.7/site-packages/airflow/example_dags/tutorial.py
[2023-10-10 12:06:34,678] {processor.py:641} INFO - Processing file /home/airflow/.local/lib/python3.7/site-packages/airflow/example_dags/tutorial.py for tasks to queue
[2023-10-10 12:06:34,679] {logging_mixin.py:115} INFO - [2023-10-10 12:06:34,679] {dagbag.py:508} INFO - Filling up the DagBag from /home/airflow/.local/lib/python3.7/site-packages/airflow/example_dags/tutorial.py
[2023-10-10 12:06:34,688] {processor.py:651} INFO - DAG(s) dict_keys(['tutorial']) retrieved from /home/airflow/.local/lib/python3.7/site-packages/airflow/example_dags/tutorial.py
[2023-10-10 12:06:34,732] {logging_mixin.py:115} INFO - [2023-10-10 12:06:34,732] {dag.py:2420} INFO - Sync 1 DAGs
[2023-10-10 12:06:34,765] {logging_mixin.py:115} INFO - [2023-10-10 12:06:34,765] {dag.py:2972} INFO - Setting next_dagrun for tutorial to 2023-10-09T12:06:34.764701+00:00, run_after=2023-10-10T12:06:34.764701+00:00
[2023-10-10 12:06:34,780] {processor.py:161} INFO - Processing /home/airflow/.local/lib/python3.7/site-packages/airflow/example_dags/tutorial.py took 0.108 seconds
[2023-10-10 12:07:04,828] {processor.py:153} INFO - Started process (PID=473) to work on /home/airflow/.local/lib/python3.7/site-packages/airflow/example_dags/tutorial.py
[2023-10-10 12:07:04,829] {processor.py:641} INFO - Processing file /home/airflow/.local/lib/python3.7/site-packages/airflow/example_dags/tutorial.py for tasks to queue
[2023-10-10 12:07:04,829] {logging_mixin.py:115} INFO - [2023-10-10 12:07:04,829] {dagbag.py:508} INFO - Filling up the DagBag from /home/airflow/.local/lib/python3.7/site-packages/airflow/example_dags/tutorial.py
[2023-10-10 12:07:04,838] {processor.py:651} INFO - DAG(s) dict_keys(['tutorial']) retrieved from /home/airflow/.local/lib/python3.7/site-packages/airflow/example_dags/tutorial.py
[2023-10-10 12:07:04,879] {logging_mixin.py:115} INFO - [2023-10-10 12:07:04,879] {dag.py:2420} INFO - Sync 1 DAGs
[2023-10-10 12:07:04,909] {logging_mixin.py:115} INFO - [2023-10-10 12:07:04,909] {dag.py:2972} INFO - Setting next_dagrun for tutorial to 2023-10-09T12:07:04.909019+00:00, run_after=2023-10-10T12:07:04.909019+00:00
[2023-10-10 12:07:04,923] {processor.py:161} INFO - Processing /home/airflow/.local/lib/python3.7/site-packages/airflow/example_dags/tutorial.py took 0.100 seconds
[2023-10-10 12:07:35,586] {processor.py:153} INFO - Started process (PID=526) to work on /home/airflow/.local/lib/python3.7/site-packages/airflow/example_dags/tutorial.py
[2023-10-10 12:07:35,587] {processor.py:641} INFO - Processing file /home/airflow/.local/lib/python3.7/site-packages/airflow/example_dags/tutorial.py for tasks to queue
[2023-10-10 12:07:35,587] {logging_mixin.py:115} INFO - [2023-10-10 12:07:35,587] {dagbag.py:508} INFO - Filling up the DagBag from /home/airflow/.local/lib/python3.7/site-packages/airflow/example_dags/tutorial.py
[2023-10-10 12:07:35,596] {processor.py:651} INFO - DAG(s) dict_keys(['tutorial']) retrieved from /home/airflow/.local/lib/python3.7/site-packages/airflow/example_dags/tutorial.py
[2023-10-10 12:07:35,640] {logging_mixin.py:115} INFO - [2023-10-10 12:07:35,640] {dag.py:2420} INFO - Sync 1 DAGs
[2023-10-10 12:07:35,668] {logging_mixin.py:115} INFO - [2023-10-10 12:07:35,668] {dag.py:2972} INFO - Setting next_dagrun for tutorial to 2023-10-09T12:07:35.668483+00:00, run_after=2023-10-10T12:07:35.668483+00:00
[2023-10-10 12:07:35,682] {processor.py:161} INFO - Processing /home/airflow/.local/lib/python3.7/site-packages/airflow/example_dags/tutorial.py took 0.102 seconds
[2023-10-10 12:08:06,398] {processor.py:153} INFO - Started process (PID=587) to work on /home/airflow/.local/lib/python3.7/site-packages/airflow/example_dags/tutorial.py
[2023-10-10 12:08:06,399] {processor.py:641} INFO - Processing file /home/airflow/.local/lib/python3.7/site-packages/airflow/example_dags/tutorial.py for tasks to queue
[2023-10-10 12:08:06,400] {logging_mixin.py:115} INFO - [2023-10-10 12:08:06,400] {dagbag.py:508} INFO - Filling up the DagBag from /home/airflow/.local/lib/python3.7/site-packages/airflow/example_dags/tutorial.py
[2023-10-10 12:08:06,410] {processor.py:651} INFO - DAG(s) dict_keys(['tutorial']) retrieved from /home/airflow/.local/lib/python3.7/site-packages/airflow/example_dags/tutorial.py
[2023-10-10 12:08:06,449] {logging_mixin.py:115} INFO - [2023-10-10 12:08:06,449] {dag.py:2420} INFO - Sync 1 DAGs
[2023-10-10 12:08:06,482] {logging_mixin.py:115} INFO - [2023-10-10 12:08:06,482] {dag.py:2972} INFO - Setting next_dagrun for tutorial to 2023-10-09T12:08:06.481706+00:00, run_after=2023-10-10T12:08:06.481706+00:00
[2023-10-10 12:08:06,496] {processor.py:161} INFO - Processing /home/airflow/.local/lib/python3.7/site-packages/airflow/example_dags/tutorial.py took 0.104 seconds
[2023-10-10 12:08:36,868] {processor.py:153} INFO - Started process (PID=649) to work on /home/airflow/.local/lib/python3.7/site-packages/airflow/example_dags/tutorial.py
[2023-10-10 12:08:36,876] {processor.py:641} INFO - Processing file /home/airflow/.local/lib/python3.7/site-packages/airflow/example_dags/tutorial.py for tasks to queue
[2023-10-10 12:08:36,876] {logging_mixin.py:115} INFO - [2023-10-10 12:08:36,876] {dagbag.py:508} INFO - Filling up the DagBag from /home/airflow/.local/lib/python3.7/site-packages/airflow/example_dags/tutorial.py
[2023-10-10 12:08:36,884] {processor.py:651} INFO - DAG(s) dict_keys(['tutorial']) retrieved from /home/airflow/.local/lib/python3.7/site-packages/airflow/example_dags/tutorial.py
[2023-10-10 12:08:36,948] {logging_mixin.py:115} INFO - [2023-10-10 12:08:36,948] {dag.py:2420} INFO - Sync 1 DAGs
[2023-10-10 12:08:36,997] {logging_mixin.py:115} INFO - [2023-10-10 12:08:36,997] {dag.py:2972} INFO - Setting next_dagrun for tutorial to 2023-10-09T12:08:36.996642+00:00, run_after=2023-10-10T12:08:36.996642+00:00
[2023-10-10 12:08:37,019] {processor.py:161} INFO - Processing /home/airflow/.local/lib/python3.7/site-packages/airflow/example_dags/tutorial.py took 0.157 seconds
[2023-10-10 12:09:07,377] {processor.py:153} INFO - Started process (PID=702) to work on /home/airflow/.local/lib/python3.7/site-packages/airflow/example_dags/tutorial.py
[2023-10-10 12:09:07,378] {processor.py:641} INFO - Processing file /home/airflow/.local/lib/python3.7/site-packages/airflow/example_dags/tutorial.py for tasks to queue
[2023-10-10 12:09:07,378] {logging_mixin.py:115} INFO - [2023-10-10 12:09:07,378] {dagbag.py:508} INFO - Filling up the DagBag from /home/airflow/.local/lib/python3.7/site-packages/airflow/example_dags/tutorial.py
[2023-10-10 12:09:07,387] {processor.py:651} INFO - DAG(s) dict_keys(['tutorial']) retrieved from /home/airflow/.local/lib/python3.7/site-packages/airflow/example_dags/tutorial.py
[2023-10-10 12:09:07,446] {logging_mixin.py:115} INFO - [2023-10-10 12:09:07,446] {dag.py:2420} INFO - Sync 1 DAGs
[2023-10-10 12:09:07,502] {logging_mixin.py:115} INFO - [2023-10-10 12:09:07,502] {dag.py:2972} INFO - Setting next_dagrun for tutorial to 2023-10-09T12:09:07.502329+00:00, run_after=2023-10-10T12:09:07.502329+00:00
[2023-10-10 12:09:07,524] {processor.py:161} INFO - Processing /home/airflow/.local/lib/python3.7/site-packages/airflow/example_dags/tutorial.py took 0.161 seconds
[2023-10-10 12:09:37,920] {processor.py:153} INFO - Started process (PID=764) to work on /home/airflow/.local/lib/python3.7/site-packages/airflow/example_dags/tutorial.py
[2023-10-10 12:09:37,921] {processor.py:641} INFO - Processing file /home/airflow/.local/lib/python3.7/site-packages/airflow/example_dags/tutorial.py for tasks to queue
[2023-10-10 12:09:37,921] {logging_mixin.py:115} INFO - [2023-10-10 12:09:37,921] {dagbag.py:508} INFO - Filling up the DagBag from /home/airflow/.local/lib/python3.7/site-packages/airflow/example_dags/tutorial.py
[2023-10-10 12:09:37,930] {processor.py:651} INFO - DAG(s) dict_keys(['tutorial']) retrieved from /home/airflow/.local/lib/python3.7/site-packages/airflow/example_dags/tutorial.py
[2023-10-10 12:09:37,999] {logging_mixin.py:115} INFO - [2023-10-10 12:09:37,999] {dag.py:2420} INFO - Sync 1 DAGs
[2023-10-10 12:09:38,060] {logging_mixin.py:115} INFO - [2023-10-10 12:09:38,060] {dag.py:2972} INFO - Setting next_dagrun for tutorial to 2023-10-09T12:09:38.059672+00:00, run_after=2023-10-10T12:09:38.059672+00:00
[2023-10-10 12:09:38,076] {processor.py:161} INFO - Processing /home/airflow/.local/lib/python3.7/site-packages/airflow/example_dags/tutorial.py took 0.162 seconds
[2023-10-10 12:10:08,395] {processor.py:153} INFO - Started process (PID=823) to work on /home/airflow/.local/lib/python3.7/site-packages/airflow/example_dags/tutorial.py
[2023-10-10 12:10:08,396] {processor.py:641} INFO - Processing file /home/airflow/.local/lib/python3.7/site-packages/airflow/example_dags/tutorial.py for tasks to queue
[2023-10-10 12:10:08,396] {logging_mixin.py:115} INFO - [2023-10-10 12:10:08,396] {dagbag.py:508} INFO - Filling up the DagBag from /home/airflow/.local/lib/python3.7/site-packages/airflow/example_dags/tutorial.py
[2023-10-10 12:10:08,404] {processor.py:651} INFO - DAG(s) dict_keys(['tutorial']) retrieved from /home/airflow/.local/lib/python3.7/site-packages/airflow/example_dags/tutorial.py
[2023-10-10 12:10:08,479] {logging_mixin.py:115} INFO - [2023-10-10 12:10:08,479] {dag.py:2420} INFO - Sync 1 DAGs
[2023-10-10 12:10:08,520] {logging_mixin.py:115} INFO - [2023-10-10 12:10:08,520] {dag.py:2972} INFO - Setting next_dagrun for tutorial to 2023-10-09T12:10:08.519797+00:00, run_after=2023-10-10T12:10:08.519797+00:00
[2023-10-10 12:10:08,540] {processor.py:161} INFO - Processing /home/airflow/.local/lib/python3.7/site-packages/airflow/example_dags/tutorial.py took 0.150 seconds
[2023-10-10 12:10:39,033] {processor.py:153} INFO - Started process (PID=878) to work on /home/airflow/.local/lib/python3.7/site-packages/airflow/example_dags/tutorial.py
[2023-10-10 12:10:39,034] {processor.py:641} INFO - Processing file /home/airflow/.local/lib/python3.7/site-packages/airflow/example_dags/tutorial.py for tasks to queue
[2023-10-10 12:10:39,035] {logging_mixin.py:115} INFO - [2023-10-10 12:10:39,034] {dagbag.py:508} INFO - Filling up the DagBag from /home/airflow/.local/lib/python3.7/site-packages/airflow/example_dags/tutorial.py
[2023-10-10 12:10:39,043] {processor.py:651} INFO - DAG(s) dict_keys(['tutorial']) retrieved from /home/airflow/.local/lib/python3.7/site-packages/airflow/example_dags/tutorial.py
[2023-10-10 12:10:39,146] {logging_mixin.py:115} INFO - [2023-10-10 12:10:39,146] {dag.py:2420} INFO - Sync 1 DAGs
[2023-10-10 12:10:39,189] {logging_mixin.py:115} INFO - [2023-10-10 12:10:39,189] {dag.py:2972} INFO - Setting next_dagrun for tutorial to 2023-10-09T12:10:39.189218+00:00, run_after=2023-10-10T12:10:39.189218+00:00
[2023-10-10 12:10:39,208] {processor.py:161} INFO - Processing /home/airflow/.local/lib/python3.7/site-packages/airflow/example_dags/tutorial.py took 0.181 seconds
[2023-10-10 12:11:09,769] {processor.py:153} INFO - Started process (PID=939) to work on /home/airflow/.local/lib/python3.7/site-packages/airflow/example_dags/tutorial.py
[2023-10-10 12:11:09,770] {processor.py:641} INFO - Processing file /home/airflow/.local/lib/python3.7/site-packages/airflow/example_dags/tutorial.py for tasks to queue
[2023-10-10 12:11:09,771] {logging_mixin.py:115} INFO - [2023-10-10 12:11:09,771] {dagbag.py:508} INFO - Filling up the DagBag from /home/airflow/.local/lib/python3.7/site-packages/airflow/example_dags/tutorial.py
[2023-10-10 12:11:09,779] {processor.py:651} INFO - DAG(s) dict_keys(['tutorial']) retrieved from /home/airflow/.local/lib/python3.7/site-packages/airflow/example_dags/tutorial.py
[2023-10-10 12:11:09,824] {logging_mixin.py:115} INFO - [2023-10-10 12:11:09,824] {dag.py:2420} INFO - Sync 1 DAGs
[2023-10-10 12:11:09,861] {logging_mixin.py:115} INFO - [2023-10-10 12:11:09,861] {dag.py:2972} INFO - Setting next_dagrun for tutorial to 2023-10-09T12:11:09.861146+00:00, run_after=2023-10-10T12:11:09.861146+00:00
[2023-10-10 12:11:09,875] {processor.py:161} INFO - Processing /home/airflow/.local/lib/python3.7/site-packages/airflow/example_dags/tutorial.py took 0.111 seconds
[2023-10-10 12:11:40,223] {processor.py:153} INFO - Started process (PID=991) to work on /home/airflow/.local/lib/python3.7/site-packages/airflow/example_dags/tutorial.py
[2023-10-10 12:11:40,224] {processor.py:641} INFO - Processing file /home/airflow/.local/lib/python3.7/site-packages/airflow/example_dags/tutorial.py for tasks to queue
[2023-10-10 12:11:40,224] {logging_mixin.py:115} INFO - [2023-10-10 12:11:40,224] {dagbag.py:508} INFO - Filling up the DagBag from /home/airflow/.local/lib/python3.7/site-packages/airflow/example_dags/tutorial.py
[2023-10-10 12:11:40,232] {processor.py:651} INFO - DAG(s) dict_keys(['tutorial']) retrieved from /home/airflow/.local/lib/python3.7/site-packages/airflow/example_dags/tutorial.py
[2023-10-10 12:11:40,272] {logging_mixin.py:115} INFO - [2023-10-10 12:11:40,272] {dag.py:2420} INFO - Sync 1 DAGs
[2023-10-10 12:11:40,302] {logging_mixin.py:115} INFO - [2023-10-10 12:11:40,301] {dag.py:2972} INFO - Setting next_dagrun for tutorial to 2023-10-09T12:11:40.301572+00:00, run_after=2023-10-10T12:11:40.301572+00:00
[2023-10-10 12:11:40,318] {processor.py:161} INFO - Processing /home/airflow/.local/lib/python3.7/site-packages/airflow/example_dags/tutorial.py took 0.101 seconds
[2023-10-10 12:12:10,628] {processor.py:153} INFO - Started process (PID=1052) to work on /home/airflow/.local/lib/python3.7/site-packages/airflow/example_dags/tutorial.py
[2023-10-10 12:12:10,629] {processor.py:641} INFO - Processing file /home/airflow/.local/lib/python3.7/site-packages/airflow/example_dags/tutorial.py for tasks to queue
[2023-10-10 12:12:10,629] {logging_mixin.py:115} INFO - [2023-10-10 12:12:10,629] {dagbag.py:508} INFO - Filling up the DagBag from /home/airflow/.local/lib/python3.7/site-packages/airflow/example_dags/tutorial.py
[2023-10-10 12:12:10,637] {processor.py:651} INFO - DAG(s) dict_keys(['tutorial']) retrieved from /home/airflow/.local/lib/python3.7/site-packages/airflow/example_dags/tutorial.py
[2023-10-10 12:12:10,679] {logging_mixin.py:115} INFO - [2023-10-10 12:12:10,678] {dag.py:2420} INFO - Sync 1 DAGs
[2023-10-10 12:12:10,708] {logging_mixin.py:115} INFO - [2023-10-10 12:12:10,708] {dag.py:2972} INFO - Setting next_dagrun for tutorial to 2023-10-09T12:12:10.707760+00:00, run_after=2023-10-10T12:12:10.707760+00:00
[2023-10-10 12:12:10,722] {processor.py:161} INFO - Processing /home/airflow/.local/lib/python3.7/site-packages/airflow/example_dags/tutorial.py took 0.100 seconds
[2023-10-10 12:12:41,187] {processor.py:153} INFO - Started process (PID=1111) to work on /home/airflow/.local/lib/python3.7/site-packages/airflow/example_dags/tutorial.py
[2023-10-10 12:12:41,187] {processor.py:641} INFO - Processing file /home/airflow/.local/lib/python3.7/site-packages/airflow/example_dags/tutorial.py for tasks to queue
[2023-10-10 12:12:41,188] {logging_mixin.py:115} INFO - [2023-10-10 12:12:41,188] {dagbag.py:508} INFO - Filling up the DagBag from /home/airflow/.local/lib/python3.7/site-packages/airflow/example_dags/tutorial.py
[2023-10-10 12:12:41,200] {processor.py:651} INFO - DAG(s) dict_keys(['tutorial']) retrieved from /home/airflow/.local/lib/python3.7/site-packages/airflow/example_dags/tutorial.py
[2023-10-10 12:12:41,260] {logging_mixin.py:115} INFO - [2023-10-10 12:12:41,260] {dag.py:2420} INFO - Sync 1 DAGs
[2023-10-10 12:12:41,302] {logging_mixin.py:115} INFO - [2023-10-10 12:12:41,301] {dag.py:2972} INFO - Setting next_dagrun for tutorial to 2023-10-09T12:12:41.301609+00:00, run_after=2023-10-10T12:12:41.301609+00:00
[2023-10-10 12:12:41,323] {processor.py:161} INFO - Processing /home/airflow/.local/lib/python3.7/site-packages/airflow/example_dags/tutorial.py took 0.142 seconds
[2023-10-10 12:13:12,028] {processor.py:153} INFO - Started process (PID=1165) to work on /home/airflow/.local/lib/python3.7/site-packages/airflow/example_dags/tutorial.py
[2023-10-10 12:13:12,029] {processor.py:641} INFO - Processing file /home/airflow/.local/lib/python3.7/site-packages/airflow/example_dags/tutorial.py for tasks to queue
[2023-10-10 12:13:12,029] {logging_mixin.py:115} INFO - [2023-10-10 12:13:12,029] {dagbag.py:508} INFO - Filling up the DagBag from /home/airflow/.local/lib/python3.7/site-packages/airflow/example_dags/tutorial.py
[2023-10-10 12:13:12,038] {processor.py:651} INFO - DAG(s) dict_keys(['tutorial']) retrieved from /home/airflow/.local/lib/python3.7/site-packages/airflow/example_dags/tutorial.py
[2023-10-10 12:13:12,081] {logging_mixin.py:115} INFO - [2023-10-10 12:13:12,080] {dag.py:2420} INFO - Sync 1 DAGs
[2023-10-10 12:13:12,111] {logging_mixin.py:115} INFO - [2023-10-10 12:13:12,111] {dag.py:2972} INFO - Setting next_dagrun for tutorial to 2023-10-09T12:13:12.111078+00:00, run_after=2023-10-10T12:13:12.111078+00:00
[2023-10-10 12:13:12,128] {processor.py:161} INFO - Processing /home/airflow/.local/lib/python3.7/site-packages/airflow/example_dags/tutorial.py took 0.105 seconds
[2023-10-10 12:13:42,715] {processor.py:153} INFO - Started process (PID=1227) to work on /home/airflow/.local/lib/python3.7/site-packages/airflow/example_dags/tutorial.py
[2023-10-10 12:13:42,716] {processor.py:641} INFO - Processing file /home/airflow/.local/lib/python3.7/site-packages/airflow/example_dags/tutorial.py for tasks to queue
[2023-10-10 12:13:42,717] {logging_mixin.py:115} INFO - [2023-10-10 12:13:42,717] {dagbag.py:508} INFO - Filling up the DagBag from /home/airflow/.local/lib/python3.7/site-packages/airflow/example_dags/tutorial.py
[2023-10-10 12:13:42,725] {processor.py:651} INFO - DAG(s) dict_keys(['tutorial']) retrieved from /home/airflow/.local/lib/python3.7/site-packages/airflow/example_dags/tutorial.py
[2023-10-10 12:13:42,818] {logging_mixin.py:115} INFO - [2023-10-10 12:13:42,818] {dag.py:2420} INFO - Sync 1 DAGs
[2023-10-10 12:13:42,877] {logging_mixin.py:115} INFO - [2023-10-10 12:13:42,877] {dag.py:2972} INFO - Setting next_dagrun for tutorial to 2023-10-09T12:13:42.877323+00:00, run_after=2023-10-10T12:13:42.877323+00:00
[2023-10-10 12:13:42,898] {processor.py:161} INFO - Processing /home/airflow/.local/lib/python3.7/site-packages/airflow/example_dags/tutorial.py took 0.188 seconds
[2023-10-10 12:14:13,601] {processor.py:153} INFO - Started process (PID=1280) to work on /home/airflow/.local/lib/python3.7/site-packages/airflow/example_dags/tutorial.py
[2023-10-10 12:14:13,602] {processor.py:641} INFO - Processing file /home/airflow/.local/lib/python3.7/site-packages/airflow/example_dags/tutorial.py for tasks to queue
[2023-10-10 12:14:13,603] {logging_mixin.py:115} INFO - [2023-10-10 12:14:13,603] {dagbag.py:508} INFO - Filling up the DagBag from /home/airflow/.local/lib/python3.7/site-packages/airflow/example_dags/tutorial.py
[2023-10-10 12:14:13,611] {processor.py:651} INFO - DAG(s) dict_keys(['tutorial']) retrieved from /home/airflow/.local/lib/python3.7/site-packages/airflow/example_dags/tutorial.py
[2023-10-10 12:14:13,653] {logging_mixin.py:115} INFO - [2023-10-10 12:14:13,652] {dag.py:2420} INFO - Sync 1 DAGs
[2023-10-10 12:14:13,701] {logging_mixin.py:115} INFO - [2023-10-10 12:14:13,701] {dag.py:2972} INFO - Setting next_dagrun for tutorial to 2023-10-09T12:14:13.700606+00:00, run_after=2023-10-10T12:14:13.700606+00:00
[2023-10-10 12:14:13,725] {processor.py:161} INFO - Processing /home/airflow/.local/lib/python3.7/site-packages/airflow/example_dags/tutorial.py took 0.129 seconds
[2023-10-10 12:14:43,922] {processor.py:153} INFO - Started process (PID=1342) to work on /home/airflow/.local/lib/python3.7/site-packages/airflow/example_dags/tutorial.py
[2023-10-10 12:14:43,923] {processor.py:641} INFO - Processing file /home/airflow/.local/lib/python3.7/site-packages/airflow/example_dags/tutorial.py for tasks to queue
[2023-10-10 12:14:43,924] {logging_mixin.py:115} INFO - [2023-10-10 12:14:43,924] {dagbag.py:508} INFO - Filling up the DagBag from /home/airflow/.local/lib/python3.7/site-packages/airflow/example_dags/tutorial.py
[2023-10-10 12:14:43,940] {processor.py:651} INFO - DAG(s) dict_keys(['tutorial']) retrieved from /home/airflow/.local/lib/python3.7/site-packages/airflow/example_dags/tutorial.py
[2023-10-10 12:14:44,016] {logging_mixin.py:115} INFO - [2023-10-10 12:14:44,015] {dag.py:2420} INFO - Sync 1 DAGs
[2023-10-10 12:14:44,066] {logging_mixin.py:115} INFO - [2023-10-10 12:14:44,066] {dag.py:2972} INFO - Setting next_dagrun for tutorial to 2023-10-09T12:14:44.066224+00:00, run_after=2023-10-10T12:14:44.066224+00:00
[2023-10-10 12:14:44,096] {processor.py:161} INFO - Processing /home/airflow/.local/lib/python3.7/site-packages/airflow/example_dags/tutorial.py took 0.179 seconds
[2023-10-10 12:15:14,681] {processor.py:153} INFO - Started process (PID=1406) to work on /home/airflow/.local/lib/python3.7/site-packages/airflow/example_dags/tutorial.py
[2023-10-10 12:15:14,682] {processor.py:641} INFO - Processing file /home/airflow/.local/lib/python3.7/site-packages/airflow/example_dags/tutorial.py for tasks to queue
[2023-10-10 12:15:14,682] {logging_mixin.py:115} INFO - [2023-10-10 12:15:14,682] {dagbag.py:508} INFO - Filling up the DagBag from /home/airflow/.local/lib/python3.7/site-packages/airflow/example_dags/tutorial.py
[2023-10-10 12:15:14,695] {processor.py:651} INFO - DAG(s) dict_keys(['tutorial']) retrieved from /home/airflow/.local/lib/python3.7/site-packages/airflow/example_dags/tutorial.py
[2023-10-10 12:15:14,780] {logging_mixin.py:115} INFO - [2023-10-10 12:15:14,780] {dag.py:2420} INFO - Sync 1 DAGs
[2023-10-10 12:15:14,810] {logging_mixin.py:115} INFO - [2023-10-10 12:15:14,810] {dag.py:2972} INFO - Setting next_dagrun for tutorial to 2023-10-09T12:15:14.810105+00:00, run_after=2023-10-10T12:15:14.810105+00:00
[2023-10-10 12:15:14,824] {processor.py:161} INFO - Processing /home/airflow/.local/lib/python3.7/site-packages/airflow/example_dags/tutorial.py took 0.158 seconds
[2023-10-10 12:15:45,552] {processor.py:153} INFO - Started process (PID=1461) to work on /home/airflow/.local/lib/python3.7/site-packages/airflow/example_dags/tutorial.py
[2023-10-10 12:15:45,552] {processor.py:641} INFO - Processing file /home/airflow/.local/lib/python3.7/site-packages/airflow/example_dags/tutorial.py for tasks to queue
[2023-10-10 12:15:45,553] {logging_mixin.py:115} INFO - [2023-10-10 12:15:45,553] {dagbag.py:508} INFO - Filling up the DagBag from /home/airflow/.local/lib/python3.7/site-packages/airflow/example_dags/tutorial.py
[2023-10-10 12:15:45,561] {processor.py:651} INFO - DAG(s) dict_keys(['tutorial']) retrieved from /home/airflow/.local/lib/python3.7/site-packages/airflow/example_dags/tutorial.py
[2023-10-10 12:15:45,600] {logging_mixin.py:115} INFO - [2023-10-10 12:15:45,600] {dag.py:2420} INFO - Sync 1 DAGs
[2023-10-10 12:15:45,630] {logging_mixin.py:115} INFO - [2023-10-10 12:15:45,630] {dag.py:2972} INFO - Setting next_dagrun for tutorial to 2023-10-09T12:15:45.630093+00:00, run_after=2023-10-10T12:15:45.630093+00:00
[2023-10-10 12:15:45,644] {processor.py:161} INFO - Processing /home/airflow/.local/lib/python3.7/site-packages/airflow/example_dags/tutorial.py took 0.097 seconds
[2023-10-10 12:16:16,185] {processor.py:153} INFO - Started process (PID=1523) to work on /home/airflow/.local/lib/python3.7/site-packages/airflow/example_dags/tutorial.py
[2023-10-10 12:16:16,185] {processor.py:641} INFO - Processing file /home/airflow/.local/lib/python3.7/site-packages/airflow/example_dags/tutorial.py for tasks to queue
[2023-10-10 12:16:16,186] {logging_mixin.py:115} INFO - [2023-10-10 12:16:16,186] {dagbag.py:508} INFO - Filling up the DagBag from /home/airflow/.local/lib/python3.7/site-packages/airflow/example_dags/tutorial.py
[2023-10-10 12:16:16,196] {processor.py:651} INFO - DAG(s) dict_keys(['tutorial']) retrieved from /home/airflow/.local/lib/python3.7/site-packages/airflow/example_dags/tutorial.py
[2023-10-10 12:16:16,247] {logging_mixin.py:115} INFO - [2023-10-10 12:16:16,247] {dag.py:2420} INFO - Sync 1 DAGs
[2023-10-10 12:16:16,299] {logging_mixin.py:115} INFO - [2023-10-10 12:16:16,299] {dag.py:2972} INFO - Setting next_dagrun for tutorial to 2023-10-09T12:16:16.299120+00:00, run_after=2023-10-10T12:16:16.299120+00:00
[2023-10-10 12:16:16,320] {processor.py:161} INFO - Processing /home/airflow/.local/lib/python3.7/site-packages/airflow/example_dags/tutorial.py took 0.140 seconds
[2023-10-10 12:16:46,365] {processor.py:153} INFO - Started process (PID=1587) to work on /home/airflow/.local/lib/python3.7/site-packages/airflow/example_dags/tutorial.py
[2023-10-10 12:16:46,376] {processor.py:641} INFO - Processing file /home/airflow/.local/lib/python3.7/site-packages/airflow/example_dags/tutorial.py for tasks to queue
[2023-10-10 12:16:46,376] {logging_mixin.py:115} INFO - [2023-10-10 12:16:46,376] {dagbag.py:508} INFO - Filling up the DagBag from /home/airflow/.local/lib/python3.7/site-packages/airflow/example_dags/tutorial.py
[2023-10-10 12:16:46,385] {processor.py:651} INFO - DAG(s) dict_keys(['tutorial']) retrieved from /home/airflow/.local/lib/python3.7/site-packages/airflow/example_dags/tutorial.py
[2023-10-10 12:16:46,459] {logging_mixin.py:115} INFO - [2023-10-10 12:16:46,459] {dag.py:2420} INFO - Sync 1 DAGs
[2023-10-10 12:16:46,501] {logging_mixin.py:115} INFO - [2023-10-10 12:16:46,501] {dag.py:2972} INFO - Setting next_dagrun for tutorial to 2023-10-09T12:16:46.501083+00:00, run_after=2023-10-10T12:16:46.501083+00:00
[2023-10-10 12:16:46,520] {processor.py:161} INFO - Processing /home/airflow/.local/lib/python3.7/site-packages/airflow/example_dags/tutorial.py took 0.160 seconds
[2023-10-10 12:17:17,410] {processor.py:153} INFO - Started process (PID=1640) to work on /home/airflow/.local/lib/python3.7/site-packages/airflow/example_dags/tutorial.py
[2023-10-10 12:17:17,411] {processor.py:641} INFO - Processing file /home/airflow/.local/lib/python3.7/site-packages/airflow/example_dags/tutorial.py for tasks to queue
[2023-10-10 12:17:17,411] {logging_mixin.py:115} INFO - [2023-10-10 12:17:17,411] {dagbag.py:508} INFO - Filling up the DagBag from /home/airflow/.local/lib/python3.7/site-packages/airflow/example_dags/tutorial.py
[2023-10-10 12:17:17,419] {processor.py:651} INFO - DAG(s) dict_keys(['tutorial']) retrieved from /home/airflow/.local/lib/python3.7/site-packages/airflow/example_dags/tutorial.py
[2023-10-10 12:17:17,461] {logging_mixin.py:115} INFO - [2023-10-10 12:17:17,461] {dag.py:2420} INFO - Sync 1 DAGs
[2023-10-10 12:17:17,496] {logging_mixin.py:115} INFO - [2023-10-10 12:17:17,496] {dag.py:2972} INFO - Setting next_dagrun for tutorial to 2023-10-09T12:17:17.495869+00:00, run_after=2023-10-10T12:17:17.495869+00:00
[2023-10-10 12:17:17,510] {processor.py:161} INFO - Processing /home/airflow/.local/lib/python3.7/site-packages/airflow/example_dags/tutorial.py took 0.106 seconds
[2023-10-10 12:17:48,008] {processor.py:153} INFO - Started process (PID=1702) to work on /home/airflow/.local/lib/python3.7/site-packages/airflow/example_dags/tutorial.py
[2023-10-10 12:17:48,010] {processor.py:641} INFO - Processing file /home/airflow/.local/lib/python3.7/site-packages/airflow/example_dags/tutorial.py for tasks to queue
[2023-10-10 12:17:48,011] {logging_mixin.py:115} INFO - [2023-10-10 12:17:48,011] {dagbag.py:508} INFO - Filling up the DagBag from /home/airflow/.local/lib/python3.7/site-packages/airflow/example_dags/tutorial.py
[2023-10-10 12:17:48,020] {processor.py:651} INFO - DAG(s) dict_keys(['tutorial']) retrieved from /home/airflow/.local/lib/python3.7/site-packages/airflow/example_dags/tutorial.py
[2023-10-10 12:17:48,067] {logging_mixin.py:115} INFO - [2023-10-10 12:17:48,067] {dag.py:2420} INFO - Sync 1 DAGs
[2023-10-10 12:17:48,105] {logging_mixin.py:115} INFO - [2023-10-10 12:17:48,104] {dag.py:2972} INFO - Setting next_dagrun for tutorial to 2023-10-09T12:17:48.104562+00:00, run_after=2023-10-10T12:17:48.104562+00:00
[2023-10-10 12:17:48,120] {processor.py:161} INFO - Processing /home/airflow/.local/lib/python3.7/site-packages/airflow/example_dags/tutorial.py took 0.116 seconds
[2023-10-10 12:18:18,984] {processor.py:153} INFO - Started process (PID=1761) to work on /home/airflow/.local/lib/python3.7/site-packages/airflow/example_dags/tutorial.py
[2023-10-10 12:18:18,995] {processor.py:641} INFO - Processing file /home/airflow/.local/lib/python3.7/site-packages/airflow/example_dags/tutorial.py for tasks to queue
[2023-10-10 12:18:18,996] {logging_mixin.py:115} INFO - [2023-10-10 12:18:18,996] {dagbag.py:508} INFO - Filling up the DagBag from /home/airflow/.local/lib/python3.7/site-packages/airflow/example_dags/tutorial.py
[2023-10-10 12:18:19,037] {processor.py:651} INFO - DAG(s) dict_keys(['tutorial']) retrieved from /home/airflow/.local/lib/python3.7/site-packages/airflow/example_dags/tutorial.py
[2023-10-10 12:18:19,237] {logging_mixin.py:115} INFO - [2023-10-10 12:18:19,236] {dag.py:2420} INFO - Sync 1 DAGs
[2023-10-10 12:18:19,358] {logging_mixin.py:115} INFO - [2023-10-10 12:18:19,358] {dag.py:2972} INFO - Setting next_dagrun for tutorial to 2023-10-09T12:18:19.357800+00:00, run_after=2023-10-10T12:18:19.357800+00:00
[2023-10-10 12:18:19,416] {processor.py:161} INFO - Processing /home/airflow/.local/lib/python3.7/site-packages/airflow/example_dags/tutorial.py took 0.437 seconds
[2023-10-10 12:18:49,720] {processor.py:153} INFO - Started process (PID=1817) to work on /home/airflow/.local/lib/python3.7/site-packages/airflow/example_dags/tutorial.py
[2023-10-10 12:18:49,721] {processor.py:641} INFO - Processing file /home/airflow/.local/lib/python3.7/site-packages/airflow/example_dags/tutorial.py for tasks to queue
[2023-10-10 12:18:49,722] {logging_mixin.py:115} INFO - [2023-10-10 12:18:49,722] {dagbag.py:508} INFO - Filling up the DagBag from /home/airflow/.local/lib/python3.7/site-packages/airflow/example_dags/tutorial.py
[2023-10-10 12:18:49,730] {processor.py:651} INFO - DAG(s) dict_keys(['tutorial']) retrieved from /home/airflow/.local/lib/python3.7/site-packages/airflow/example_dags/tutorial.py
[2023-10-10 12:18:49,786] {logging_mixin.py:115} INFO - [2023-10-10 12:18:49,786] {dag.py:2420} INFO - Sync 1 DAGs
[2023-10-10 12:18:49,826] {logging_mixin.py:115} INFO - [2023-10-10 12:18:49,826] {dag.py:2972} INFO - Setting next_dagrun for tutorial to 2023-10-09T12:18:49.825954+00:00, run_after=2023-10-10T12:18:49.825954+00:00
[2023-10-10 12:18:49,861] {processor.py:161} INFO - Processing /home/airflow/.local/lib/python3.7/site-packages/airflow/example_dags/tutorial.py took 0.146 seconds
[2023-10-10 12:19:20,507] {processor.py:153} INFO - Started process (PID=1878) to work on /home/airflow/.local/lib/python3.7/site-packages/airflow/example_dags/tutorial.py
[2023-10-10 12:19:20,517] {processor.py:641} INFO - Processing file /home/airflow/.local/lib/python3.7/site-packages/airflow/example_dags/tutorial.py for tasks to queue
[2023-10-10 12:19:20,517] {logging_mixin.py:115} INFO - [2023-10-10 12:19:20,517] {dagbag.py:508} INFO - Filling up the DagBag from /home/airflow/.local/lib/python3.7/site-packages/airflow/example_dags/tutorial.py
[2023-10-10 12:19:20,539] {processor.py:651} INFO - DAG(s) dict_keys(['tutorial']) retrieved from /home/airflow/.local/lib/python3.7/site-packages/airflow/example_dags/tutorial.py
[2023-10-10 12:19:20,599] {logging_mixin.py:115} INFO - [2023-10-10 12:19:20,599] {dag.py:2420} INFO - Sync 1 DAGs
[2023-10-10 12:19:20,642] {logging_mixin.py:115} INFO - [2023-10-10 12:19:20,642] {dag.py:2972} INFO - Setting next_dagrun for tutorial to 2023-10-09T12:19:20.641861+00:00, run_after=2023-10-10T12:19:20.641861+00:00
[2023-10-10 12:19:20,676] {processor.py:161} INFO - Processing /home/airflow/.local/lib/python3.7/site-packages/airflow/example_dags/tutorial.py took 0.174 seconds
[2023-10-10 12:19:51,085] {processor.py:153} INFO - Started process (PID=1930) to work on /home/airflow/.local/lib/python3.7/site-packages/airflow/example_dags/tutorial.py
[2023-10-10 12:19:51,086] {processor.py:641} INFO - Processing file /home/airflow/.local/lib/python3.7/site-packages/airflow/example_dags/tutorial.py for tasks to queue
[2023-10-10 12:19:51,087] {logging_mixin.py:115} INFO - [2023-10-10 12:19:51,087] {dagbag.py:508} INFO - Filling up the DagBag from /home/airflow/.local/lib/python3.7/site-packages/airflow/example_dags/tutorial.py
[2023-10-10 12:19:51,095] {processor.py:651} INFO - DAG(s) dict_keys(['tutorial']) retrieved from /home/airflow/.local/lib/python3.7/site-packages/airflow/example_dags/tutorial.py
[2023-10-10 12:19:51,143] {logging_mixin.py:115} INFO - [2023-10-10 12:19:51,142] {dag.py:2420} INFO - Sync 1 DAGs
[2023-10-10 12:19:51,173] {logging_mixin.py:115} INFO - [2023-10-10 12:19:51,173] {dag.py:2972} INFO - Setting next_dagrun for tutorial to 2023-10-09T12:19:51.172664+00:00, run_after=2023-10-10T12:19:51.172664+00:00
[2023-10-10 12:19:51,187] {processor.py:161} INFO - Processing /home/airflow/.local/lib/python3.7/site-packages/airflow/example_dags/tutorial.py took 0.106 seconds
[2023-10-10 12:20:21,827] {processor.py:153} INFO - Started process (PID=1991) to work on /home/airflow/.local/lib/python3.7/site-packages/airflow/example_dags/tutorial.py
[2023-10-10 12:20:21,827] {processor.py:641} INFO - Processing file /home/airflow/.local/lib/python3.7/site-packages/airflow/example_dags/tutorial.py for tasks to queue
[2023-10-10 12:20:21,828] {logging_mixin.py:115} INFO - [2023-10-10 12:20:21,828] {dagbag.py:508} INFO - Filling up the DagBag from /home/airflow/.local/lib/python3.7/site-packages/airflow/example_dags/tutorial.py
[2023-10-10 12:20:21,840] {processor.py:651} INFO - DAG(s) dict_keys(['tutorial']) retrieved from /home/airflow/.local/lib/python3.7/site-packages/airflow/example_dags/tutorial.py
[2023-10-10 12:20:21,881] {logging_mixin.py:115} INFO - [2023-10-10 12:20:21,881] {dag.py:2420} INFO - Sync 1 DAGs
[2023-10-10 12:20:21,909] {logging_mixin.py:115} INFO - [2023-10-10 12:20:21,909] {dag.py:2972} INFO - Setting next_dagrun for tutorial to 2023-10-09T12:20:21.909229+00:00, run_after=2023-10-10T12:20:21.909229+00:00
[2023-10-10 12:20:21,927] {processor.py:161} INFO - Processing /home/airflow/.local/lib/python3.7/site-packages/airflow/example_dags/tutorial.py took 0.105 seconds
[2023-10-10 12:20:52,026] {processor.py:153} INFO - Started process (PID=2053) to work on /home/airflow/.local/lib/python3.7/site-packages/airflow/example_dags/tutorial.py
[2023-10-10 12:20:52,027] {processor.py:641} INFO - Processing file /home/airflow/.local/lib/python3.7/site-packages/airflow/example_dags/tutorial.py for tasks to queue
[2023-10-10 12:20:52,027] {logging_mixin.py:115} INFO - [2023-10-10 12:20:52,027] {dagbag.py:508} INFO - Filling up the DagBag from /home/airflow/.local/lib/python3.7/site-packages/airflow/example_dags/tutorial.py
[2023-10-10 12:20:52,040] {processor.py:651} INFO - DAG(s) dict_keys(['tutorial']) retrieved from /home/airflow/.local/lib/python3.7/site-packages/airflow/example_dags/tutorial.py
[2023-10-10 12:20:52,120] {logging_mixin.py:115} INFO - [2023-10-10 12:20:52,120] {dag.py:2420} INFO - Sync 1 DAGs
[2023-10-10 12:20:52,157] {logging_mixin.py:115} INFO - [2023-10-10 12:20:52,157] {dag.py:2972} INFO - Setting next_dagrun for tutorial to 2023-10-09T12:20:52.157077+00:00, run_after=2023-10-10T12:20:52.157077+00:00
[2023-10-10 12:20:52,180] {processor.py:161} INFO - Processing /home/airflow/.local/lib/python3.7/site-packages/airflow/example_dags/tutorial.py took 0.160 seconds
[2023-10-10 12:21:22,544] {processor.py:153} INFO - Started process (PID=2107) to work on /home/airflow/.local/lib/python3.7/site-packages/airflow/example_dags/tutorial.py
[2023-10-10 12:21:22,545] {processor.py:641} INFO - Processing file /home/airflow/.local/lib/python3.7/site-packages/airflow/example_dags/tutorial.py for tasks to queue
[2023-10-10 12:21:22,545] {logging_mixin.py:115} INFO - [2023-10-10 12:21:22,545] {dagbag.py:508} INFO - Filling up the DagBag from /home/airflow/.local/lib/python3.7/site-packages/airflow/example_dags/tutorial.py
[2023-10-10 12:21:22,553] {processor.py:651} INFO - DAG(s) dict_keys(['tutorial']) retrieved from /home/airflow/.local/lib/python3.7/site-packages/airflow/example_dags/tutorial.py
[2023-10-10 12:21:22,595] {logging_mixin.py:115} INFO - [2023-10-10 12:21:22,595] {dag.py:2420} INFO - Sync 1 DAGs
[2023-10-10 12:21:22,624] {logging_mixin.py:115} INFO - [2023-10-10 12:21:22,624] {dag.py:2972} INFO - Setting next_dagrun for tutorial to 2023-10-09T12:21:22.624104+00:00, run_after=2023-10-10T12:21:22.624104+00:00
[2023-10-10 12:21:22,638] {processor.py:161} INFO - Processing /home/airflow/.local/lib/python3.7/site-packages/airflow/example_dags/tutorial.py took 0.099 seconds
[2023-10-10 12:21:52,682] {processor.py:153} INFO - Started process (PID=2168) to work on /home/airflow/.local/lib/python3.7/site-packages/airflow/example_dags/tutorial.py
[2023-10-10 12:21:52,683] {processor.py:641} INFO - Processing file /home/airflow/.local/lib/python3.7/site-packages/airflow/example_dags/tutorial.py for tasks to queue
[2023-10-10 12:21:52,683] {logging_mixin.py:115} INFO - [2023-10-10 12:21:52,683] {dagbag.py:508} INFO - Filling up the DagBag from /home/airflow/.local/lib/python3.7/site-packages/airflow/example_dags/tutorial.py
[2023-10-10 12:21:52,691] {processor.py:651} INFO - DAG(s) dict_keys(['tutorial']) retrieved from /home/airflow/.local/lib/python3.7/site-packages/airflow/example_dags/tutorial.py
[2023-10-10 12:21:52,731] {logging_mixin.py:115} INFO - [2023-10-10 12:21:52,731] {dag.py:2420} INFO - Sync 1 DAGs
[2023-10-10 12:21:52,759] {logging_mixin.py:115} INFO - [2023-10-10 12:21:52,759] {dag.py:2972} INFO - Setting next_dagrun for tutorial to 2023-10-09T12:21:52.759014+00:00, run_after=2023-10-10T12:21:52.759014+00:00
[2023-10-10 12:21:52,772] {processor.py:161} INFO - Processing /home/airflow/.local/lib/python3.7/site-packages/airflow/example_dags/tutorial.py took 0.096 seconds
[2023-10-10 12:22:23,057] {processor.py:153} INFO - Started process (PID=2222) to work on /home/airflow/.local/lib/python3.7/site-packages/airflow/example_dags/tutorial.py
[2023-10-10 12:22:23,058] {processor.py:641} INFO - Processing file /home/airflow/.local/lib/python3.7/site-packages/airflow/example_dags/tutorial.py for tasks to queue
[2023-10-10 12:22:23,059] {logging_mixin.py:115} INFO - [2023-10-10 12:22:23,059] {dagbag.py:508} INFO - Filling up the DagBag from /home/airflow/.local/lib/python3.7/site-packages/airflow/example_dags/tutorial.py
[2023-10-10 12:22:23,068] {processor.py:651} INFO - DAG(s) dict_keys(['tutorial']) retrieved from /home/airflow/.local/lib/python3.7/site-packages/airflow/example_dags/tutorial.py
[2023-10-10 12:22:23,111] {logging_mixin.py:115} INFO - [2023-10-10 12:22:23,110] {dag.py:2420} INFO - Sync 1 DAGs
[2023-10-10 12:22:23,140] {logging_mixin.py:115} INFO - [2023-10-10 12:22:23,140] {dag.py:2972} INFO - Setting next_dagrun for tutorial to 2023-10-09T12:22:23.139729+00:00, run_after=2023-10-10T12:22:23.139729+00:00
[2023-10-10 12:22:23,158] {processor.py:161} INFO - Processing /home/airflow/.local/lib/python3.7/site-packages/airflow/example_dags/tutorial.py took 0.106 seconds
[2023-10-10 12:22:54,096] {processor.py:153} INFO - Started process (PID=2284) to work on /home/airflow/.local/lib/python3.7/site-packages/airflow/example_dags/tutorial.py
[2023-10-10 12:22:54,097] {processor.py:641} INFO - Processing file /home/airflow/.local/lib/python3.7/site-packages/airflow/example_dags/tutorial.py for tasks to queue
[2023-10-10 12:22:54,098] {logging_mixin.py:115} INFO - [2023-10-10 12:22:54,097] {dagbag.py:508} INFO - Filling up the DagBag from /home/airflow/.local/lib/python3.7/site-packages/airflow/example_dags/tutorial.py
[2023-10-10 12:22:54,106] {processor.py:651} INFO - DAG(s) dict_keys(['tutorial']) retrieved from /home/airflow/.local/lib/python3.7/site-packages/airflow/example_dags/tutorial.py
[2023-10-10 12:22:54,184] {logging_mixin.py:115} INFO - [2023-10-10 12:22:54,184] {dag.py:2420} INFO - Sync 1 DAGs
[2023-10-10 12:22:54,243] {logging_mixin.py:115} INFO - [2023-10-10 12:22:54,243] {dag.py:2972} INFO - Setting next_dagrun for tutorial to 2023-10-09T12:22:54.243153+00:00, run_after=2023-10-10T12:22:54.243153+00:00
[2023-10-10 12:22:54,267] {processor.py:161} INFO - Processing /home/airflow/.local/lib/python3.7/site-packages/airflow/example_dags/tutorial.py took 0.185 seconds
[2023-10-10 12:23:25,260] {processor.py:153} INFO - Started process (PID=2346) to work on /home/airflow/.local/lib/python3.7/site-packages/airflow/example_dags/tutorial.py
[2023-10-10 12:23:25,261] {processor.py:641} INFO - Processing file /home/airflow/.local/lib/python3.7/site-packages/airflow/example_dags/tutorial.py for tasks to queue
[2023-10-10 12:23:25,262] {logging_mixin.py:115} INFO - [2023-10-10 12:23:25,262] {dagbag.py:508} INFO - Filling up the DagBag from /home/airflow/.local/lib/python3.7/site-packages/airflow/example_dags/tutorial.py
[2023-10-10 12:23:25,271] {processor.py:651} INFO - DAG(s) dict_keys(['tutorial']) retrieved from /home/airflow/.local/lib/python3.7/site-packages/airflow/example_dags/tutorial.py
[2023-10-10 12:23:25,312] {logging_mixin.py:115} INFO - [2023-10-10 12:23:25,312] {dag.py:2420} INFO - Sync 1 DAGs
[2023-10-10 12:23:25,345] {logging_mixin.py:115} INFO - [2023-10-10 12:23:25,345] {dag.py:2972} INFO - Setting next_dagrun for tutorial to 2023-10-09T12:23:25.344681+00:00, run_after=2023-10-10T12:23:25.344681+00:00
[2023-10-10 12:23:25,366] {processor.py:161} INFO - Processing /home/airflow/.local/lib/python3.7/site-packages/airflow/example_dags/tutorial.py took 0.111 seconds
[2023-10-10 12:23:55,915] {processor.py:153} INFO - Started process (PID=2399) to work on /home/airflow/.local/lib/python3.7/site-packages/airflow/example_dags/tutorial.py
[2023-10-10 12:23:55,916] {processor.py:641} INFO - Processing file /home/airflow/.local/lib/python3.7/site-packages/airflow/example_dags/tutorial.py for tasks to queue
[2023-10-10 12:23:55,917] {logging_mixin.py:115} INFO - [2023-10-10 12:23:55,916] {dagbag.py:508} INFO - Filling up the DagBag from /home/airflow/.local/lib/python3.7/site-packages/airflow/example_dags/tutorial.py
[2023-10-10 12:23:55,926] {processor.py:651} INFO - DAG(s) dict_keys(['tutorial']) retrieved from /home/airflow/.local/lib/python3.7/site-packages/airflow/example_dags/tutorial.py
[2023-10-10 12:23:55,966] {logging_mixin.py:115} INFO - [2023-10-10 12:23:55,966] {dag.py:2420} INFO - Sync 1 DAGs
[2023-10-10 12:23:56,001] {logging_mixin.py:115} INFO - [2023-10-10 12:23:56,001] {dag.py:2972} INFO - Setting next_dagrun for tutorial to 2023-10-09T12:23:56.000984+00:00, run_after=2023-10-10T12:23:56.000984+00:00
[2023-10-10 12:23:56,019] {processor.py:161} INFO - Processing /home/airflow/.local/lib/python3.7/site-packages/airflow/example_dags/tutorial.py took 0.109 seconds
[2023-10-10 12:24:26,652] {processor.py:153} INFO - Started process (PID=2462) to work on /home/airflow/.local/lib/python3.7/site-packages/airflow/example_dags/tutorial.py
[2023-10-10 12:24:26,653] {processor.py:641} INFO - Processing file /home/airflow/.local/lib/python3.7/site-packages/airflow/example_dags/tutorial.py for tasks to queue
[2023-10-10 12:24:26,654] {logging_mixin.py:115} INFO - [2023-10-10 12:24:26,654] {dagbag.py:508} INFO - Filling up the DagBag from /home/airflow/.local/lib/python3.7/site-packages/airflow/example_dags/tutorial.py
[2023-10-10 12:24:26,663] {processor.py:651} INFO - DAG(s) dict_keys(['tutorial']) retrieved from /home/airflow/.local/lib/python3.7/site-packages/airflow/example_dags/tutorial.py
[2023-10-10 12:24:26,707] {logging_mixin.py:115} INFO - [2023-10-10 12:24:26,707] {dag.py:2420} INFO - Sync 1 DAGs
[2023-10-10 12:24:26,737] {logging_mixin.py:115} INFO - [2023-10-10 12:24:26,737] {dag.py:2972} INFO - Setting next_dagrun for tutorial to 2023-10-09T12:24:26.736935+00:00, run_after=2023-10-10T12:24:26.736935+00:00
[2023-10-10 12:24:26,750] {processor.py:161} INFO - Processing /home/airflow/.local/lib/python3.7/site-packages/airflow/example_dags/tutorial.py took 0.104 seconds
[2023-10-10 12:24:57,437] {processor.py:153} INFO - Started process (PID=2524) to work on /home/airflow/.local/lib/python3.7/site-packages/airflow/example_dags/tutorial.py
[2023-10-10 12:24:57,438] {processor.py:641} INFO - Processing file /home/airflow/.local/lib/python3.7/site-packages/airflow/example_dags/tutorial.py for tasks to queue
[2023-10-10 12:24:57,439] {logging_mixin.py:115} INFO - [2023-10-10 12:24:57,439] {dagbag.py:508} INFO - Filling up the DagBag from /home/airflow/.local/lib/python3.7/site-packages/airflow/example_dags/tutorial.py
[2023-10-10 12:24:57,456] {processor.py:651} INFO - DAG(s) dict_keys(['tutorial']) retrieved from /home/airflow/.local/lib/python3.7/site-packages/airflow/example_dags/tutorial.py
[2023-10-10 12:24:57,521] {logging_mixin.py:115} INFO - [2023-10-10 12:24:57,521] {dag.py:2420} INFO - Sync 1 DAGs
[2023-10-10 12:24:57,568] {logging_mixin.py:115} INFO - [2023-10-10 12:24:57,568] {dag.py:2972} INFO - Setting next_dagrun for tutorial to 2023-10-09T12:24:57.568300+00:00, run_after=2023-10-10T12:24:57.568300+00:00
[2023-10-10 12:24:57,596] {processor.py:161} INFO - Processing /home/airflow/.local/lib/python3.7/site-packages/airflow/example_dags/tutorial.py took 0.164 seconds
[2023-10-10 12:25:27,815] {processor.py:153} INFO - Started process (PID=2577) to work on /home/airflow/.local/lib/python3.7/site-packages/airflow/example_dags/tutorial.py
[2023-10-10 12:25:27,816] {processor.py:641} INFO - Processing file /home/airflow/.local/lib/python3.7/site-packages/airflow/example_dags/tutorial.py for tasks to queue
[2023-10-10 12:25:27,817] {logging_mixin.py:115} INFO - [2023-10-10 12:25:27,817] {dagbag.py:508} INFO - Filling up the DagBag from /home/airflow/.local/lib/python3.7/site-packages/airflow/example_dags/tutorial.py
[2023-10-10 12:25:27,826] {processor.py:651} INFO - DAG(s) dict_keys(['tutorial']) retrieved from /home/airflow/.local/lib/python3.7/site-packages/airflow/example_dags/tutorial.py
[2023-10-10 12:25:27,868] {logging_mixin.py:115} INFO - [2023-10-10 12:25:27,868] {dag.py:2420} INFO - Sync 1 DAGs
[2023-10-10 12:25:27,900] {logging_mixin.py:115} INFO - [2023-10-10 12:25:27,900] {dag.py:2972} INFO - Setting next_dagrun for tutorial to 2023-10-09T12:25:27.899898+00:00, run_after=2023-10-10T12:25:27.899898+00:00
[2023-10-10 12:25:27,916] {processor.py:161} INFO - Processing /home/airflow/.local/lib/python3.7/site-packages/airflow/example_dags/tutorial.py took 0.106 seconds
[2023-10-10 12:25:58,802] {processor.py:153} INFO - Started process (PID=2639) to work on /home/airflow/.local/lib/python3.7/site-packages/airflow/example_dags/tutorial.py
[2023-10-10 12:25:58,803] {processor.py:641} INFO - Processing file /home/airflow/.local/lib/python3.7/site-packages/airflow/example_dags/tutorial.py for tasks to queue
[2023-10-10 12:25:58,803] {logging_mixin.py:115} INFO - [2023-10-10 12:25:58,803] {dagbag.py:508} INFO - Filling up the DagBag from /home/airflow/.local/lib/python3.7/site-packages/airflow/example_dags/tutorial.py
[2023-10-10 12:25:58,812] {processor.py:651} INFO - DAG(s) dict_keys(['tutorial']) retrieved from /home/airflow/.local/lib/python3.7/site-packages/airflow/example_dags/tutorial.py
[2023-10-10 12:25:58,852] {logging_mixin.py:115} INFO - [2023-10-10 12:25:58,852] {dag.py:2420} INFO - Sync 1 DAGs
[2023-10-10 12:25:58,881] {logging_mixin.py:115} INFO - [2023-10-10 12:25:58,881] {dag.py:2972} INFO - Setting next_dagrun for tutorial to 2023-10-09T12:25:58.880761+00:00, run_after=2023-10-10T12:25:58.880761+00:00
[2023-10-10 12:25:58,894] {processor.py:161} INFO - Processing /home/airflow/.local/lib/python3.7/site-packages/airflow/example_dags/tutorial.py took 0.098 seconds
[2023-10-10 12:26:29,381] {processor.py:153} INFO - Started process (PID=2692) to work on /home/airflow/.local/lib/python3.7/site-packages/airflow/example_dags/tutorial.py
[2023-10-10 12:26:29,382] {processor.py:641} INFO - Processing file /home/airflow/.local/lib/python3.7/site-packages/airflow/example_dags/tutorial.py for tasks to queue
[2023-10-10 12:26:29,382] {logging_mixin.py:115} INFO - [2023-10-10 12:26:29,382] {dagbag.py:508} INFO - Filling up the DagBag from /home/airflow/.local/lib/python3.7/site-packages/airflow/example_dags/tutorial.py
[2023-10-10 12:26:29,400] {processor.py:651} INFO - DAG(s) dict_keys(['tutorial']) retrieved from /home/airflow/.local/lib/python3.7/site-packages/airflow/example_dags/tutorial.py
[2023-10-10 12:26:29,482] {logging_mixin.py:115} INFO - [2023-10-10 12:26:29,482] {dag.py:2420} INFO - Sync 1 DAGs
[2023-10-10 12:26:29,537] {logging_mixin.py:115} INFO - [2023-10-10 12:26:29,537] {dag.py:2972} INFO - Setting next_dagrun for tutorial to 2023-10-09T12:26:29.537269+00:00, run_after=2023-10-10T12:26:29.537269+00:00
[2023-10-10 12:26:29,560] {processor.py:161} INFO - Processing /home/airflow/.local/lib/python3.7/site-packages/airflow/example_dags/tutorial.py took 0.184 seconds
