[2023-10-10 12:03:43,416] {processor.py:153} INFO - Started process (PID=102) to work on /home/airflow/.local/lib/python3.7/site-packages/airflow/example_dags/tutorial_etl_dag.py
[2023-10-10 12:03:43,417] {processor.py:641} INFO - Processing file /home/airflow/.local/lib/python3.7/site-packages/airflow/example_dags/tutorial_etl_dag.py for tasks to queue
[2023-10-10 12:03:43,418] {logging_mixin.py:115} INFO - [2023-10-10 12:03:43,417] {dagbag.py:508} INFO - Filling up the DagBag from /home/airflow/.local/lib/python3.7/site-packages/airflow/example_dags/tutorial_etl_dag.py
[2023-10-10 12:03:43,478] {processor.py:651} INFO - DAG(s) dict_keys(['tutorial_etl_dag']) retrieved from /home/airflow/.local/lib/python3.7/site-packages/airflow/example_dags/tutorial_etl_dag.py
[2023-10-10 12:03:43,978] {logging_mixin.py:115} INFO - [2023-10-10 12:03:43,977] {manager.py:508} INFO - Created Permission View: can read on DAG:tutorial_etl_dag
[2023-10-10 12:03:44,096] {logging_mixin.py:115} INFO - [2023-10-10 12:03:44,096] {manager.py:508} INFO - Created Permission View: can edit on DAG:tutorial_etl_dag
[2023-10-10 12:03:44,155] {logging_mixin.py:115} INFO - [2023-10-10 12:03:44,155] {manager.py:508} INFO - Created Permission View: can delete on DAG:tutorial_etl_dag
[2023-10-10 12:03:44,156] {logging_mixin.py:115} INFO - [2023-10-10 12:03:44,156] {dag.py:2420} INFO - Sync 1 DAGs
[2023-10-10 12:03:44,197] {logging_mixin.py:115} INFO - [2023-10-10 12:03:44,197] {dag.py:2439} INFO - Creating ORM DAG for tutorial_etl_dag
[2023-10-10 12:03:44,276] {logging_mixin.py:115} INFO - [2023-10-10 12:03:44,276] {dag.py:2972} INFO - Setting next_dagrun for tutorial_etl_dag to None, run_after=None
[2023-10-10 12:03:44,336] {processor.py:161} INFO - Processing /home/airflow/.local/lib/python3.7/site-packages/airflow/example_dags/tutorial_etl_dag.py took 0.958 seconds
[2023-10-10 12:04:14,768] {processor.py:153} INFO - Started process (PID=154) to work on /home/airflow/.local/lib/python3.7/site-packages/airflow/example_dags/tutorial_etl_dag.py
[2023-10-10 12:04:14,769] {processor.py:641} INFO - Processing file /home/airflow/.local/lib/python3.7/site-packages/airflow/example_dags/tutorial_etl_dag.py for tasks to queue
[2023-10-10 12:04:14,770] {logging_mixin.py:115} INFO - [2023-10-10 12:04:14,770] {dagbag.py:508} INFO - Filling up the DagBag from /home/airflow/.local/lib/python3.7/site-packages/airflow/example_dags/tutorial_etl_dag.py
[2023-10-10 12:04:14,784] {processor.py:651} INFO - DAG(s) dict_keys(['tutorial_etl_dag']) retrieved from /home/airflow/.local/lib/python3.7/site-packages/airflow/example_dags/tutorial_etl_dag.py
[2023-10-10 12:04:14,847] {logging_mixin.py:115} INFO - [2023-10-10 12:04:14,847] {dag.py:2420} INFO - Sync 1 DAGs
[2023-10-10 12:04:14,888] {logging_mixin.py:115} INFO - [2023-10-10 12:04:14,888] {dag.py:2972} INFO - Setting next_dagrun for tutorial_etl_dag to None, run_after=None
[2023-10-10 12:04:14,907] {processor.py:161} INFO - Processing /home/airflow/.local/lib/python3.7/site-packages/airflow/example_dags/tutorial_etl_dag.py took 0.144 seconds
[2023-10-10 12:04:45,580] {processor.py:153} INFO - Started process (PID=215) to work on /home/airflow/.local/lib/python3.7/site-packages/airflow/example_dags/tutorial_etl_dag.py
[2023-10-10 12:04:45,581] {processor.py:641} INFO - Processing file /home/airflow/.local/lib/python3.7/site-packages/airflow/example_dags/tutorial_etl_dag.py for tasks to queue
[2023-10-10 12:04:45,581] {logging_mixin.py:115} INFO - [2023-10-10 12:04:45,581] {dagbag.py:508} INFO - Filling up the DagBag from /home/airflow/.local/lib/python3.7/site-packages/airflow/example_dags/tutorial_etl_dag.py
[2023-10-10 12:04:45,599] {processor.py:651} INFO - DAG(s) dict_keys(['tutorial_etl_dag']) retrieved from /home/airflow/.local/lib/python3.7/site-packages/airflow/example_dags/tutorial_etl_dag.py
[2023-10-10 12:04:45,677] {logging_mixin.py:115} INFO - [2023-10-10 12:04:45,677] {dag.py:2420} INFO - Sync 1 DAGs
[2023-10-10 12:04:45,722] {logging_mixin.py:115} INFO - [2023-10-10 12:04:45,721] {dag.py:2972} INFO - Setting next_dagrun for tutorial_etl_dag to None, run_after=None
[2023-10-10 12:04:45,747] {processor.py:161} INFO - Processing /home/airflow/.local/lib/python3.7/site-packages/airflow/example_dags/tutorial_etl_dag.py took 0.171 seconds
[2023-10-10 12:05:16,250] {processor.py:153} INFO - Started process (PID=267) to work on /home/airflow/.local/lib/python3.7/site-packages/airflow/example_dags/tutorial_etl_dag.py
[2023-10-10 12:05:16,251] {processor.py:641} INFO - Processing file /home/airflow/.local/lib/python3.7/site-packages/airflow/example_dags/tutorial_etl_dag.py for tasks to queue
[2023-10-10 12:05:16,252] {logging_mixin.py:115} INFO - [2023-10-10 12:05:16,252] {dagbag.py:508} INFO - Filling up the DagBag from /home/airflow/.local/lib/python3.7/site-packages/airflow/example_dags/tutorial_etl_dag.py
[2023-10-10 12:05:16,262] {processor.py:651} INFO - DAG(s) dict_keys(['tutorial_etl_dag']) retrieved from /home/airflow/.local/lib/python3.7/site-packages/airflow/example_dags/tutorial_etl_dag.py
[2023-10-10 12:05:16,306] {logging_mixin.py:115} INFO - [2023-10-10 12:05:16,306] {dag.py:2420} INFO - Sync 1 DAGs
[2023-10-10 12:05:16,335] {logging_mixin.py:115} INFO - [2023-10-10 12:05:16,335] {dag.py:2972} INFO - Setting next_dagrun for tutorial_etl_dag to None, run_after=None
[2023-10-10 12:05:16,350] {processor.py:161} INFO - Processing /home/airflow/.local/lib/python3.7/site-packages/airflow/example_dags/tutorial_etl_dag.py took 0.105 seconds
[2023-10-10 12:05:46,951] {processor.py:153} INFO - Started process (PID=329) to work on /home/airflow/.local/lib/python3.7/site-packages/airflow/example_dags/tutorial_etl_dag.py
[2023-10-10 12:05:46,952] {processor.py:641} INFO - Processing file /home/airflow/.local/lib/python3.7/site-packages/airflow/example_dags/tutorial_etl_dag.py for tasks to queue
[2023-10-10 12:05:46,953] {logging_mixin.py:115} INFO - [2023-10-10 12:05:46,953] {dagbag.py:508} INFO - Filling up the DagBag from /home/airflow/.local/lib/python3.7/site-packages/airflow/example_dags/tutorial_etl_dag.py
[2023-10-10 12:05:46,964] {processor.py:651} INFO - DAG(s) dict_keys(['tutorial_etl_dag']) retrieved from /home/airflow/.local/lib/python3.7/site-packages/airflow/example_dags/tutorial_etl_dag.py
[2023-10-10 12:05:47,020] {logging_mixin.py:115} INFO - [2023-10-10 12:05:47,020] {dag.py:2420} INFO - Sync 1 DAGs
[2023-10-10 12:05:47,052] {logging_mixin.py:115} INFO - [2023-10-10 12:05:47,052] {dag.py:2972} INFO - Setting next_dagrun for tutorial_etl_dag to None, run_after=None
[2023-10-10 12:05:47,066] {processor.py:161} INFO - Processing /home/airflow/.local/lib/python3.7/site-packages/airflow/example_dags/tutorial_etl_dag.py took 0.119 seconds
[2023-10-10 12:06:17,441] {processor.py:153} INFO - Started process (PID=390) to work on /home/airflow/.local/lib/python3.7/site-packages/airflow/example_dags/tutorial_etl_dag.py
[2023-10-10 12:06:17,442] {processor.py:641} INFO - Processing file /home/airflow/.local/lib/python3.7/site-packages/airflow/example_dags/tutorial_etl_dag.py for tasks to queue
[2023-10-10 12:06:17,443] {logging_mixin.py:115} INFO - [2023-10-10 12:06:17,443] {dagbag.py:508} INFO - Filling up the DagBag from /home/airflow/.local/lib/python3.7/site-packages/airflow/example_dags/tutorial_etl_dag.py
[2023-10-10 12:06:17,461] {processor.py:651} INFO - DAG(s) dict_keys(['tutorial_etl_dag']) retrieved from /home/airflow/.local/lib/python3.7/site-packages/airflow/example_dags/tutorial_etl_dag.py
[2023-10-10 12:06:17,538] {logging_mixin.py:115} INFO - [2023-10-10 12:06:17,538] {dag.py:2420} INFO - Sync 1 DAGs
[2023-10-10 12:06:17,580] {logging_mixin.py:115} INFO - [2023-10-10 12:06:17,580] {dag.py:2972} INFO - Setting next_dagrun for tutorial_etl_dag to None, run_after=None
[2023-10-10 12:06:17,616] {processor.py:161} INFO - Processing /home/airflow/.local/lib/python3.7/site-packages/airflow/example_dags/tutorial_etl_dag.py took 0.180 seconds
[2023-10-10 12:06:47,838] {processor.py:153} INFO - Started process (PID=443) to work on /home/airflow/.local/lib/python3.7/site-packages/airflow/example_dags/tutorial_etl_dag.py
[2023-10-10 12:06:47,839] {processor.py:641} INFO - Processing file /home/airflow/.local/lib/python3.7/site-packages/airflow/example_dags/tutorial_etl_dag.py for tasks to queue
[2023-10-10 12:06:47,840] {logging_mixin.py:115} INFO - [2023-10-10 12:06:47,840] {dagbag.py:508} INFO - Filling up the DagBag from /home/airflow/.local/lib/python3.7/site-packages/airflow/example_dags/tutorial_etl_dag.py
[2023-10-10 12:06:47,850] {processor.py:651} INFO - DAG(s) dict_keys(['tutorial_etl_dag']) retrieved from /home/airflow/.local/lib/python3.7/site-packages/airflow/example_dags/tutorial_etl_dag.py
[2023-10-10 12:06:47,894] {logging_mixin.py:115} INFO - [2023-10-10 12:06:47,894] {dag.py:2420} INFO - Sync 1 DAGs
[2023-10-10 12:06:47,931] {logging_mixin.py:115} INFO - [2023-10-10 12:06:47,931] {dag.py:2972} INFO - Setting next_dagrun for tutorial_etl_dag to None, run_after=None
[2023-10-10 12:06:47,948] {processor.py:161} INFO - Processing /home/airflow/.local/lib/python3.7/site-packages/airflow/example_dags/tutorial_etl_dag.py took 0.114 seconds
[2023-10-10 12:07:18,160] {processor.py:153} INFO - Started process (PID=504) to work on /home/airflow/.local/lib/python3.7/site-packages/airflow/example_dags/tutorial_etl_dag.py
[2023-10-10 12:07:18,160] {processor.py:641} INFO - Processing file /home/airflow/.local/lib/python3.7/site-packages/airflow/example_dags/tutorial_etl_dag.py for tasks to queue
[2023-10-10 12:07:18,161] {logging_mixin.py:115} INFO - [2023-10-10 12:07:18,161] {dagbag.py:508} INFO - Filling up the DagBag from /home/airflow/.local/lib/python3.7/site-packages/airflow/example_dags/tutorial_etl_dag.py
[2023-10-10 12:07:18,171] {processor.py:651} INFO - DAG(s) dict_keys(['tutorial_etl_dag']) retrieved from /home/airflow/.local/lib/python3.7/site-packages/airflow/example_dags/tutorial_etl_dag.py
[2023-10-10 12:07:18,211] {logging_mixin.py:115} INFO - [2023-10-10 12:07:18,211] {dag.py:2420} INFO - Sync 1 DAGs
[2023-10-10 12:07:18,240] {logging_mixin.py:115} INFO - [2023-10-10 12:07:18,240] {dag.py:2972} INFO - Setting next_dagrun for tutorial_etl_dag to None, run_after=None
[2023-10-10 12:07:18,256] {processor.py:161} INFO - Processing /home/airflow/.local/lib/python3.7/site-packages/airflow/example_dags/tutorial_etl_dag.py took 0.101 seconds
[2023-10-10 12:07:48,347] {processor.py:153} INFO - Started process (PID=556) to work on /home/airflow/.local/lib/python3.7/site-packages/airflow/example_dags/tutorial_etl_dag.py
[2023-10-10 12:07:48,348] {processor.py:641} INFO - Processing file /home/airflow/.local/lib/python3.7/site-packages/airflow/example_dags/tutorial_etl_dag.py for tasks to queue
[2023-10-10 12:07:48,349] {logging_mixin.py:115} INFO - [2023-10-10 12:07:48,348] {dagbag.py:508} INFO - Filling up the DagBag from /home/airflow/.local/lib/python3.7/site-packages/airflow/example_dags/tutorial_etl_dag.py
[2023-10-10 12:07:48,358] {processor.py:651} INFO - DAG(s) dict_keys(['tutorial_etl_dag']) retrieved from /home/airflow/.local/lib/python3.7/site-packages/airflow/example_dags/tutorial_etl_dag.py
[2023-10-10 12:07:48,399] {logging_mixin.py:115} INFO - [2023-10-10 12:07:48,399] {dag.py:2420} INFO - Sync 1 DAGs
[2023-10-10 12:07:48,428] {logging_mixin.py:115} INFO - [2023-10-10 12:07:48,428] {dag.py:2972} INFO - Setting next_dagrun for tutorial_etl_dag to None, run_after=None
[2023-10-10 12:07:48,442] {processor.py:161} INFO - Processing /home/airflow/.local/lib/python3.7/site-packages/airflow/example_dags/tutorial_etl_dag.py took 0.100 seconds
[2023-10-10 12:08:18,891] {processor.py:153} INFO - Started process (PID=617) to work on /home/airflow/.local/lib/python3.7/site-packages/airflow/example_dags/tutorial_etl_dag.py
[2023-10-10 12:08:18,892] {processor.py:641} INFO - Processing file /home/airflow/.local/lib/python3.7/site-packages/airflow/example_dags/tutorial_etl_dag.py for tasks to queue
[2023-10-10 12:08:18,892] {logging_mixin.py:115} INFO - [2023-10-10 12:08:18,892] {dagbag.py:508} INFO - Filling up the DagBag from /home/airflow/.local/lib/python3.7/site-packages/airflow/example_dags/tutorial_etl_dag.py
[2023-10-10 12:08:18,902] {processor.py:651} INFO - DAG(s) dict_keys(['tutorial_etl_dag']) retrieved from /home/airflow/.local/lib/python3.7/site-packages/airflow/example_dags/tutorial_etl_dag.py
[2023-10-10 12:08:18,945] {logging_mixin.py:115} INFO - [2023-10-10 12:08:18,945] {dag.py:2420} INFO - Sync 1 DAGs
[2023-10-10 12:08:18,973] {logging_mixin.py:115} INFO - [2023-10-10 12:08:18,972] {dag.py:2972} INFO - Setting next_dagrun for tutorial_etl_dag to None, run_after=None
[2023-10-10 12:08:18,987] {processor.py:161} INFO - Processing /home/airflow/.local/lib/python3.7/site-packages/airflow/example_dags/tutorial_etl_dag.py took 0.101 seconds
[2023-10-10 12:08:49,391] {processor.py:153} INFO - Started process (PID=679) to work on /home/airflow/.local/lib/python3.7/site-packages/airflow/example_dags/tutorial_etl_dag.py
[2023-10-10 12:08:49,392] {processor.py:641} INFO - Processing file /home/airflow/.local/lib/python3.7/site-packages/airflow/example_dags/tutorial_etl_dag.py for tasks to queue
[2023-10-10 12:08:49,393] {logging_mixin.py:115} INFO - [2023-10-10 12:08:49,392] {dagbag.py:508} INFO - Filling up the DagBag from /home/airflow/.local/lib/python3.7/site-packages/airflow/example_dags/tutorial_etl_dag.py
[2023-10-10 12:08:49,403] {processor.py:651} INFO - DAG(s) dict_keys(['tutorial_etl_dag']) retrieved from /home/airflow/.local/lib/python3.7/site-packages/airflow/example_dags/tutorial_etl_dag.py
[2023-10-10 12:08:49,448] {logging_mixin.py:115} INFO - [2023-10-10 12:08:49,448] {dag.py:2420} INFO - Sync 1 DAGs
[2023-10-10 12:08:49,477] {logging_mixin.py:115} INFO - [2023-10-10 12:08:49,477] {dag.py:2972} INFO - Setting next_dagrun for tutorial_etl_dag to None, run_after=None
[2023-10-10 12:08:49,491] {processor.py:161} INFO - Processing /home/airflow/.local/lib/python3.7/site-packages/airflow/example_dags/tutorial_etl_dag.py took 0.104 seconds
[2023-10-10 12:09:19,923] {processor.py:153} INFO - Started process (PID=732) to work on /home/airflow/.local/lib/python3.7/site-packages/airflow/example_dags/tutorial_etl_dag.py
[2023-10-10 12:09:19,924] {processor.py:641} INFO - Processing file /home/airflow/.local/lib/python3.7/site-packages/airflow/example_dags/tutorial_etl_dag.py for tasks to queue
[2023-10-10 12:09:19,925] {logging_mixin.py:115} INFO - [2023-10-10 12:09:19,924] {dagbag.py:508} INFO - Filling up the DagBag from /home/airflow/.local/lib/python3.7/site-packages/airflow/example_dags/tutorial_etl_dag.py
[2023-10-10 12:09:19,939] {processor.py:651} INFO - DAG(s) dict_keys(['tutorial_etl_dag']) retrieved from /home/airflow/.local/lib/python3.7/site-packages/airflow/example_dags/tutorial_etl_dag.py
[2023-10-10 12:09:19,998] {logging_mixin.py:115} INFO - [2023-10-10 12:09:19,997] {dag.py:2420} INFO - Sync 1 DAGs
[2023-10-10 12:09:20,041] {logging_mixin.py:115} INFO - [2023-10-10 12:09:20,041] {dag.py:2972} INFO - Setting next_dagrun for tutorial_etl_dag to None, run_after=None
[2023-10-10 12:09:20,065] {processor.py:161} INFO - Processing /home/airflow/.local/lib/python3.7/site-packages/airflow/example_dags/tutorial_etl_dag.py took 0.148 seconds
[2023-10-10 12:09:50,581] {processor.py:153} INFO - Started process (PID=794) to work on /home/airflow/.local/lib/python3.7/site-packages/airflow/example_dags/tutorial_etl_dag.py
[2023-10-10 12:09:50,581] {processor.py:641} INFO - Processing file /home/airflow/.local/lib/python3.7/site-packages/airflow/example_dags/tutorial_etl_dag.py for tasks to queue
[2023-10-10 12:09:50,582] {logging_mixin.py:115} INFO - [2023-10-10 12:09:50,582] {dagbag.py:508} INFO - Filling up the DagBag from /home/airflow/.local/lib/python3.7/site-packages/airflow/example_dags/tutorial_etl_dag.py
[2023-10-10 12:09:50,592] {processor.py:651} INFO - DAG(s) dict_keys(['tutorial_etl_dag']) retrieved from /home/airflow/.local/lib/python3.7/site-packages/airflow/example_dags/tutorial_etl_dag.py
[2023-10-10 12:09:50,637] {logging_mixin.py:115} INFO - [2023-10-10 12:09:50,637] {dag.py:2420} INFO - Sync 1 DAGs
[2023-10-10 12:09:50,677] {logging_mixin.py:115} INFO - [2023-10-10 12:09:50,677] {dag.py:2972} INFO - Setting next_dagrun for tutorial_etl_dag to None, run_after=None
[2023-10-10 12:09:50,691] {processor.py:161} INFO - Processing /home/airflow/.local/lib/python3.7/site-packages/airflow/example_dags/tutorial_etl_dag.py took 0.115 seconds
[2023-10-10 12:10:21,251] {processor.py:153} INFO - Started process (PID=855) to work on /home/airflow/.local/lib/python3.7/site-packages/airflow/example_dags/tutorial_etl_dag.py
[2023-10-10 12:10:21,256] {processor.py:641} INFO - Processing file /home/airflow/.local/lib/python3.7/site-packages/airflow/example_dags/tutorial_etl_dag.py for tasks to queue
[2023-10-10 12:10:21,256] {logging_mixin.py:115} INFO - [2023-10-10 12:10:21,256] {dagbag.py:508} INFO - Filling up the DagBag from /home/airflow/.local/lib/python3.7/site-packages/airflow/example_dags/tutorial_etl_dag.py
[2023-10-10 12:10:21,266] {processor.py:651} INFO - DAG(s) dict_keys(['tutorial_etl_dag']) retrieved from /home/airflow/.local/lib/python3.7/site-packages/airflow/example_dags/tutorial_etl_dag.py
[2023-10-10 12:10:21,338] {logging_mixin.py:115} INFO - [2023-10-10 12:10:21,338] {dag.py:2420} INFO - Sync 1 DAGs
[2023-10-10 12:10:21,379] {logging_mixin.py:115} INFO - [2023-10-10 12:10:21,379] {dag.py:2972} INFO - Setting next_dagrun for tutorial_etl_dag to None, run_after=None
[2023-10-10 12:10:21,400] {processor.py:161} INFO - Processing /home/airflow/.local/lib/python3.7/site-packages/airflow/example_dags/tutorial_etl_dag.py took 0.153 seconds
[2023-10-10 12:10:51,812] {processor.py:153} INFO - Started process (PID=908) to work on /home/airflow/.local/lib/python3.7/site-packages/airflow/example_dags/tutorial_etl_dag.py
[2023-10-10 12:10:51,815] {processor.py:641} INFO - Processing file /home/airflow/.local/lib/python3.7/site-packages/airflow/example_dags/tutorial_etl_dag.py for tasks to queue
[2023-10-10 12:10:51,816] {logging_mixin.py:115} INFO - [2023-10-10 12:10:51,816] {dagbag.py:508} INFO - Filling up the DagBag from /home/airflow/.local/lib/python3.7/site-packages/airflow/example_dags/tutorial_etl_dag.py
[2023-10-10 12:10:51,827] {processor.py:651} INFO - DAG(s) dict_keys(['tutorial_etl_dag']) retrieved from /home/airflow/.local/lib/python3.7/site-packages/airflow/example_dags/tutorial_etl_dag.py
[2023-10-10 12:10:51,885] {logging_mixin.py:115} INFO - [2023-10-10 12:10:51,885] {dag.py:2420} INFO - Sync 1 DAGs
[2023-10-10 12:10:51,943] {logging_mixin.py:115} INFO - [2023-10-10 12:10:51,942] {dag.py:2972} INFO - Setting next_dagrun for tutorial_etl_dag to None, run_after=None
[2023-10-10 12:10:51,963] {processor.py:161} INFO - Processing /home/airflow/.local/lib/python3.7/site-packages/airflow/example_dags/tutorial_etl_dag.py took 0.156 seconds
[2023-10-10 12:11:22,380] {processor.py:153} INFO - Started process (PID=969) to work on /home/airflow/.local/lib/python3.7/site-packages/airflow/example_dags/tutorial_etl_dag.py
[2023-10-10 12:11:22,381] {processor.py:641} INFO - Processing file /home/airflow/.local/lib/python3.7/site-packages/airflow/example_dags/tutorial_etl_dag.py for tasks to queue
[2023-10-10 12:11:22,381] {logging_mixin.py:115} INFO - [2023-10-10 12:11:22,381] {dagbag.py:508} INFO - Filling up the DagBag from /home/airflow/.local/lib/python3.7/site-packages/airflow/example_dags/tutorial_etl_dag.py
[2023-10-10 12:11:22,391] {processor.py:651} INFO - DAG(s) dict_keys(['tutorial_etl_dag']) retrieved from /home/airflow/.local/lib/python3.7/site-packages/airflow/example_dags/tutorial_etl_dag.py
[2023-10-10 12:11:22,430] {logging_mixin.py:115} INFO - [2023-10-10 12:11:22,430] {dag.py:2420} INFO - Sync 1 DAGs
[2023-10-10 12:11:22,457] {logging_mixin.py:115} INFO - [2023-10-10 12:11:22,457] {dag.py:2972} INFO - Setting next_dagrun for tutorial_etl_dag to None, run_after=None
[2023-10-10 12:11:22,471] {processor.py:161} INFO - Processing /home/airflow/.local/lib/python3.7/site-packages/airflow/example_dags/tutorial_etl_dag.py took 0.096 seconds
[2023-10-10 12:11:52,901] {processor.py:153} INFO - Started process (PID=1021) to work on /home/airflow/.local/lib/python3.7/site-packages/airflow/example_dags/tutorial_etl_dag.py
[2023-10-10 12:11:52,902] {processor.py:641} INFO - Processing file /home/airflow/.local/lib/python3.7/site-packages/airflow/example_dags/tutorial_etl_dag.py for tasks to queue
[2023-10-10 12:11:52,903] {logging_mixin.py:115} INFO - [2023-10-10 12:11:52,903] {dagbag.py:508} INFO - Filling up the DagBag from /home/airflow/.local/lib/python3.7/site-packages/airflow/example_dags/tutorial_etl_dag.py
[2023-10-10 12:11:52,914] {processor.py:651} INFO - DAG(s) dict_keys(['tutorial_etl_dag']) retrieved from /home/airflow/.local/lib/python3.7/site-packages/airflow/example_dags/tutorial_etl_dag.py
[2023-10-10 12:11:52,953] {logging_mixin.py:115} INFO - [2023-10-10 12:11:52,953] {dag.py:2420} INFO - Sync 1 DAGs
[2023-10-10 12:11:52,981] {logging_mixin.py:115} INFO - [2023-10-10 12:11:52,981] {dag.py:2972} INFO - Setting next_dagrun for tutorial_etl_dag to None, run_after=None
[2023-10-10 12:11:52,995] {processor.py:161} INFO - Processing /home/airflow/.local/lib/python3.7/site-packages/airflow/example_dags/tutorial_etl_dag.py took 0.099 seconds
[2023-10-10 12:12:23,336] {processor.py:153} INFO - Started process (PID=1082) to work on /home/airflow/.local/lib/python3.7/site-packages/airflow/example_dags/tutorial_etl_dag.py
[2023-10-10 12:12:23,337] {processor.py:641} INFO - Processing file /home/airflow/.local/lib/python3.7/site-packages/airflow/example_dags/tutorial_etl_dag.py for tasks to queue
[2023-10-10 12:12:23,338] {logging_mixin.py:115} INFO - [2023-10-10 12:12:23,338] {dagbag.py:508} INFO - Filling up the DagBag from /home/airflow/.local/lib/python3.7/site-packages/airflow/example_dags/tutorial_etl_dag.py
[2023-10-10 12:12:23,348] {processor.py:651} INFO - DAG(s) dict_keys(['tutorial_etl_dag']) retrieved from /home/airflow/.local/lib/python3.7/site-packages/airflow/example_dags/tutorial_etl_dag.py
[2023-10-10 12:12:23,403] {logging_mixin.py:115} INFO - [2023-10-10 12:12:23,403] {dag.py:2420} INFO - Sync 1 DAGs
[2023-10-10 12:12:23,440] {logging_mixin.py:115} INFO - [2023-10-10 12:12:23,440] {dag.py:2972} INFO - Setting next_dagrun for tutorial_etl_dag to None, run_after=None
[2023-10-10 12:12:23,453] {processor.py:161} INFO - Processing /home/airflow/.local/lib/python3.7/site-packages/airflow/example_dags/tutorial_etl_dag.py took 0.125 seconds
[2023-10-10 12:12:54,103] {processor.py:153} INFO - Started process (PID=1143) to work on /home/airflow/.local/lib/python3.7/site-packages/airflow/example_dags/tutorial_etl_dag.py
[2023-10-10 12:12:54,103] {processor.py:641} INFO - Processing file /home/airflow/.local/lib/python3.7/site-packages/airflow/example_dags/tutorial_etl_dag.py for tasks to queue
[2023-10-10 12:12:54,104] {logging_mixin.py:115} INFO - [2023-10-10 12:12:54,104] {dagbag.py:508} INFO - Filling up the DagBag from /home/airflow/.local/lib/python3.7/site-packages/airflow/example_dags/tutorial_etl_dag.py
[2023-10-10 12:12:54,118] {processor.py:651} INFO - DAG(s) dict_keys(['tutorial_etl_dag']) retrieved from /home/airflow/.local/lib/python3.7/site-packages/airflow/example_dags/tutorial_etl_dag.py
[2023-10-10 12:12:54,178] {logging_mixin.py:115} INFO - [2023-10-10 12:12:54,177] {dag.py:2420} INFO - Sync 1 DAGs
[2023-10-10 12:12:54,217] {logging_mixin.py:115} INFO - [2023-10-10 12:12:54,217] {dag.py:2972} INFO - Setting next_dagrun for tutorial_etl_dag to None, run_after=None
[2023-10-10 12:12:54,256] {processor.py:161} INFO - Processing /home/airflow/.local/lib/python3.7/site-packages/airflow/example_dags/tutorial_etl_dag.py took 0.158 seconds
[2023-10-10 12:13:24,880] {processor.py:153} INFO - Started process (PID=1196) to work on /home/airflow/.local/lib/python3.7/site-packages/airflow/example_dags/tutorial_etl_dag.py
[2023-10-10 12:13:24,882] {processor.py:641} INFO - Processing file /home/airflow/.local/lib/python3.7/site-packages/airflow/example_dags/tutorial_etl_dag.py for tasks to queue
[2023-10-10 12:13:24,882] {logging_mixin.py:115} INFO - [2023-10-10 12:13:24,882] {dagbag.py:508} INFO - Filling up the DagBag from /home/airflow/.local/lib/python3.7/site-packages/airflow/example_dags/tutorial_etl_dag.py
[2023-10-10 12:13:24,892] {processor.py:651} INFO - DAG(s) dict_keys(['tutorial_etl_dag']) retrieved from /home/airflow/.local/lib/python3.7/site-packages/airflow/example_dags/tutorial_etl_dag.py
[2023-10-10 12:13:24,935] {logging_mixin.py:115} INFO - [2023-10-10 12:13:24,935] {dag.py:2420} INFO - Sync 1 DAGs
[2023-10-10 12:13:24,967] {logging_mixin.py:115} INFO - [2023-10-10 12:13:24,966] {dag.py:2972} INFO - Setting next_dagrun for tutorial_etl_dag to None, run_after=None
[2023-10-10 12:13:24,981] {processor.py:161} INFO - Processing /home/airflow/.local/lib/python3.7/site-packages/airflow/example_dags/tutorial_etl_dag.py took 0.105 seconds
[2023-10-10 12:13:55,582] {processor.py:153} INFO - Started process (PID=1258) to work on /home/airflow/.local/lib/python3.7/site-packages/airflow/example_dags/tutorial_etl_dag.py
[2023-10-10 12:13:55,583] {processor.py:641} INFO - Processing file /home/airflow/.local/lib/python3.7/site-packages/airflow/example_dags/tutorial_etl_dag.py for tasks to queue
[2023-10-10 12:13:55,584] {logging_mixin.py:115} INFO - [2023-10-10 12:13:55,584] {dagbag.py:508} INFO - Filling up the DagBag from /home/airflow/.local/lib/python3.7/site-packages/airflow/example_dags/tutorial_etl_dag.py
[2023-10-10 12:13:55,597] {processor.py:651} INFO - DAG(s) dict_keys(['tutorial_etl_dag']) retrieved from /home/airflow/.local/lib/python3.7/site-packages/airflow/example_dags/tutorial_etl_dag.py
[2023-10-10 12:13:55,642] {logging_mixin.py:115} INFO - [2023-10-10 12:13:55,642] {dag.py:2420} INFO - Sync 1 DAGs
[2023-10-10 12:13:55,670] {logging_mixin.py:115} INFO - [2023-10-10 12:13:55,670] {dag.py:2972} INFO - Setting next_dagrun for tutorial_etl_dag to None, run_after=None
[2023-10-10 12:13:55,682] {processor.py:161} INFO - Processing /home/airflow/.local/lib/python3.7/site-packages/airflow/example_dags/tutorial_etl_dag.py took 0.105 seconds
[2023-10-10 12:14:25,856] {processor.py:153} INFO - Started process (PID=1320) to work on /home/airflow/.local/lib/python3.7/site-packages/airflow/example_dags/tutorial_etl_dag.py
[2023-10-10 12:14:25,856] {processor.py:641} INFO - Processing file /home/airflow/.local/lib/python3.7/site-packages/airflow/example_dags/tutorial_etl_dag.py for tasks to queue
[2023-10-10 12:14:25,857] {logging_mixin.py:115} INFO - [2023-10-10 12:14:25,857] {dagbag.py:508} INFO - Filling up the DagBag from /home/airflow/.local/lib/python3.7/site-packages/airflow/example_dags/tutorial_etl_dag.py
[2023-10-10 12:14:25,875] {processor.py:651} INFO - DAG(s) dict_keys(['tutorial_etl_dag']) retrieved from /home/airflow/.local/lib/python3.7/site-packages/airflow/example_dags/tutorial_etl_dag.py
[2023-10-10 12:14:25,928] {logging_mixin.py:115} INFO - [2023-10-10 12:14:25,928] {dag.py:2420} INFO - Sync 1 DAGs
[2023-10-10 12:14:25,960] {logging_mixin.py:115} INFO - [2023-10-10 12:14:25,960] {dag.py:2972} INFO - Setting next_dagrun for tutorial_etl_dag to None, run_after=None
[2023-10-10 12:14:25,973] {processor.py:161} INFO - Processing /home/airflow/.local/lib/python3.7/site-packages/airflow/example_dags/tutorial_etl_dag.py took 0.130 seconds
[2023-10-10 12:14:56,757] {processor.py:153} INFO - Started process (PID=1373) to work on /home/airflow/.local/lib/python3.7/site-packages/airflow/example_dags/tutorial_etl_dag.py
[2023-10-10 12:14:56,758] {processor.py:641} INFO - Processing file /home/airflow/.local/lib/python3.7/site-packages/airflow/example_dags/tutorial_etl_dag.py for tasks to queue
[2023-10-10 12:14:56,758] {logging_mixin.py:115} INFO - [2023-10-10 12:14:56,758] {dagbag.py:508} INFO - Filling up the DagBag from /home/airflow/.local/lib/python3.7/site-packages/airflow/example_dags/tutorial_etl_dag.py
[2023-10-10 12:14:56,768] {processor.py:651} INFO - DAG(s) dict_keys(['tutorial_etl_dag']) retrieved from /home/airflow/.local/lib/python3.7/site-packages/airflow/example_dags/tutorial_etl_dag.py
[2023-10-10 12:14:56,806] {logging_mixin.py:115} INFO - [2023-10-10 12:14:56,806] {dag.py:2420} INFO - Sync 1 DAGs
[2023-10-10 12:14:56,834] {logging_mixin.py:115} INFO - [2023-10-10 12:14:56,834] {dag.py:2972} INFO - Setting next_dagrun for tutorial_etl_dag to None, run_after=None
[2023-10-10 12:14:56,846] {processor.py:161} INFO - Processing /home/airflow/.local/lib/python3.7/site-packages/airflow/example_dags/tutorial_etl_dag.py took 0.095 seconds
[2023-10-10 12:15:27,648] {processor.py:153} INFO - Started process (PID=1437) to work on /home/airflow/.local/lib/python3.7/site-packages/airflow/example_dags/tutorial_etl_dag.py
[2023-10-10 12:15:27,649] {processor.py:641} INFO - Processing file /home/airflow/.local/lib/python3.7/site-packages/airflow/example_dags/tutorial_etl_dag.py for tasks to queue
[2023-10-10 12:15:27,649] {logging_mixin.py:115} INFO - [2023-10-10 12:15:27,649] {dagbag.py:508} INFO - Filling up the DagBag from /home/airflow/.local/lib/python3.7/site-packages/airflow/example_dags/tutorial_etl_dag.py
[2023-10-10 12:15:27,663] {processor.py:651} INFO - DAG(s) dict_keys(['tutorial_etl_dag']) retrieved from /home/airflow/.local/lib/python3.7/site-packages/airflow/example_dags/tutorial_etl_dag.py
[2023-10-10 12:15:27,739] {logging_mixin.py:115} INFO - [2023-10-10 12:15:27,739] {dag.py:2420} INFO - Sync 1 DAGs
[2023-10-10 12:15:27,768] {logging_mixin.py:115} INFO - [2023-10-10 12:15:27,768] {dag.py:2972} INFO - Setting next_dagrun for tutorial_etl_dag to None, run_after=None
[2023-10-10 12:15:27,780] {processor.py:161} INFO - Processing /home/airflow/.local/lib/python3.7/site-packages/airflow/example_dags/tutorial_etl_dag.py took 0.138 seconds
[2023-10-10 12:15:58,339] {processor.py:153} INFO - Started process (PID=1492) to work on /home/airflow/.local/lib/python3.7/site-packages/airflow/example_dags/tutorial_etl_dag.py
[2023-10-10 12:15:58,340] {processor.py:641} INFO - Processing file /home/airflow/.local/lib/python3.7/site-packages/airflow/example_dags/tutorial_etl_dag.py for tasks to queue
[2023-10-10 12:15:58,341] {logging_mixin.py:115} INFO - [2023-10-10 12:15:58,341] {dagbag.py:508} INFO - Filling up the DagBag from /home/airflow/.local/lib/python3.7/site-packages/airflow/example_dags/tutorial_etl_dag.py
[2023-10-10 12:15:58,351] {processor.py:651} INFO - DAG(s) dict_keys(['tutorial_etl_dag']) retrieved from /home/airflow/.local/lib/python3.7/site-packages/airflow/example_dags/tutorial_etl_dag.py
[2023-10-10 12:15:58,393] {logging_mixin.py:115} INFO - [2023-10-10 12:15:58,392] {dag.py:2420} INFO - Sync 1 DAGs
[2023-10-10 12:15:58,431] {logging_mixin.py:115} INFO - [2023-10-10 12:15:58,431] {dag.py:2972} INFO - Setting next_dagrun for tutorial_etl_dag to None, run_after=None
[2023-10-10 12:15:58,446] {processor.py:161} INFO - Processing /home/airflow/.local/lib/python3.7/site-packages/airflow/example_dags/tutorial_etl_dag.py took 0.112 seconds
[2023-10-10 12:16:29,056] {processor.py:153} INFO - Started process (PID=1554) to work on /home/airflow/.local/lib/python3.7/site-packages/airflow/example_dags/tutorial_etl_dag.py
[2023-10-10 12:16:29,057] {processor.py:641} INFO - Processing file /home/airflow/.local/lib/python3.7/site-packages/airflow/example_dags/tutorial_etl_dag.py for tasks to queue
[2023-10-10 12:16:29,058] {logging_mixin.py:115} INFO - [2023-10-10 12:16:29,057] {dagbag.py:508} INFO - Filling up the DagBag from /home/airflow/.local/lib/python3.7/site-packages/airflow/example_dags/tutorial_etl_dag.py
[2023-10-10 12:16:29,069] {processor.py:651} INFO - DAG(s) dict_keys(['tutorial_etl_dag']) retrieved from /home/airflow/.local/lib/python3.7/site-packages/airflow/example_dags/tutorial_etl_dag.py
[2023-10-10 12:16:29,110] {logging_mixin.py:115} INFO - [2023-10-10 12:16:29,110] {dag.py:2420} INFO - Sync 1 DAGs
[2023-10-10 12:16:29,138] {logging_mixin.py:115} INFO - [2023-10-10 12:16:29,138] {dag.py:2972} INFO - Setting next_dagrun for tutorial_etl_dag to None, run_after=None
[2023-10-10 12:16:29,151] {processor.py:161} INFO - Processing /home/airflow/.local/lib/python3.7/site-packages/airflow/example_dags/tutorial_etl_dag.py took 0.101 seconds
[2023-10-10 12:16:59,436] {processor.py:153} INFO - Started process (PID=1617) to work on /home/airflow/.local/lib/python3.7/site-packages/airflow/example_dags/tutorial_etl_dag.py
[2023-10-10 12:16:59,437] {processor.py:641} INFO - Processing file /home/airflow/.local/lib/python3.7/site-packages/airflow/example_dags/tutorial_etl_dag.py for tasks to queue
[2023-10-10 12:16:59,438] {logging_mixin.py:115} INFO - [2023-10-10 12:16:59,437] {dagbag.py:508} INFO - Filling up the DagBag from /home/airflow/.local/lib/python3.7/site-packages/airflow/example_dags/tutorial_etl_dag.py
[2023-10-10 12:16:59,448] {processor.py:651} INFO - DAG(s) dict_keys(['tutorial_etl_dag']) retrieved from /home/airflow/.local/lib/python3.7/site-packages/airflow/example_dags/tutorial_etl_dag.py
[2023-10-10 12:16:59,494] {logging_mixin.py:115} INFO - [2023-10-10 12:16:59,494] {dag.py:2420} INFO - Sync 1 DAGs
[2023-10-10 12:16:59,525] {logging_mixin.py:115} INFO - [2023-10-10 12:16:59,525] {dag.py:2972} INFO - Setting next_dagrun for tutorial_etl_dag to None, run_after=None
[2023-10-10 12:16:59,539] {processor.py:161} INFO - Processing /home/airflow/.local/lib/python3.7/site-packages/airflow/example_dags/tutorial_etl_dag.py took 0.108 seconds
[2023-10-10 12:17:30,624] {processor.py:153} INFO - Started process (PID=1670) to work on /home/airflow/.local/lib/python3.7/site-packages/airflow/example_dags/tutorial_etl_dag.py
[2023-10-10 12:17:30,635] {processor.py:641} INFO - Processing file /home/airflow/.local/lib/python3.7/site-packages/airflow/example_dags/tutorial_etl_dag.py for tasks to queue
[2023-10-10 12:17:30,636] {logging_mixin.py:115} INFO - [2023-10-10 12:17:30,636] {dagbag.py:508} INFO - Filling up the DagBag from /home/airflow/.local/lib/python3.7/site-packages/airflow/example_dags/tutorial_etl_dag.py
[2023-10-10 12:17:30,646] {processor.py:651} INFO - DAG(s) dict_keys(['tutorial_etl_dag']) retrieved from /home/airflow/.local/lib/python3.7/site-packages/airflow/example_dags/tutorial_etl_dag.py
[2023-10-10 12:17:30,718] {logging_mixin.py:115} INFO - [2023-10-10 12:17:30,718] {dag.py:2420} INFO - Sync 1 DAGs
[2023-10-10 12:17:30,760] {logging_mixin.py:115} INFO - [2023-10-10 12:17:30,759] {dag.py:2972} INFO - Setting next_dagrun for tutorial_etl_dag to None, run_after=None
[2023-10-10 12:17:30,778] {processor.py:161} INFO - Processing /home/airflow/.local/lib/python3.7/site-packages/airflow/example_dags/tutorial_etl_dag.py took 0.160 seconds
[2023-10-10 12:18:00,912] {processor.py:153} INFO - Started process (PID=1732) to work on /home/airflow/.local/lib/python3.7/site-packages/airflow/example_dags/tutorial_etl_dag.py
[2023-10-10 12:18:00,913] {processor.py:641} INFO - Processing file /home/airflow/.local/lib/python3.7/site-packages/airflow/example_dags/tutorial_etl_dag.py for tasks to queue
[2023-10-10 12:18:00,913] {logging_mixin.py:115} INFO - [2023-10-10 12:18:00,913] {dagbag.py:508} INFO - Filling up the DagBag from /home/airflow/.local/lib/python3.7/site-packages/airflow/example_dags/tutorial_etl_dag.py
[2023-10-10 12:18:00,923] {processor.py:651} INFO - DAG(s) dict_keys(['tutorial_etl_dag']) retrieved from /home/airflow/.local/lib/python3.7/site-packages/airflow/example_dags/tutorial_etl_dag.py
[2023-10-10 12:18:00,985] {logging_mixin.py:115} INFO - [2023-10-10 12:18:00,985] {dag.py:2420} INFO - Sync 1 DAGs
[2023-10-10 12:18:01,039] {logging_mixin.py:115} INFO - [2023-10-10 12:18:01,039] {dag.py:2972} INFO - Setting next_dagrun for tutorial_etl_dag to None, run_after=None
[2023-10-10 12:18:01,061] {processor.py:161} INFO - Processing /home/airflow/.local/lib/python3.7/site-packages/airflow/example_dags/tutorial_etl_dag.py took 0.154 seconds
[2023-10-10 12:18:32,442] {processor.py:153} INFO - Started process (PID=1794) to work on /home/airflow/.local/lib/python3.7/site-packages/airflow/example_dags/tutorial_etl_dag.py
[2023-10-10 12:18:32,443] {processor.py:641} INFO - Processing file /home/airflow/.local/lib/python3.7/site-packages/airflow/example_dags/tutorial_etl_dag.py for tasks to queue
[2023-10-10 12:18:32,444] {logging_mixin.py:115} INFO - [2023-10-10 12:18:32,444] {dagbag.py:508} INFO - Filling up the DagBag from /home/airflow/.local/lib/python3.7/site-packages/airflow/example_dags/tutorial_etl_dag.py
[2023-10-10 12:18:32,461] {processor.py:651} INFO - DAG(s) dict_keys(['tutorial_etl_dag']) retrieved from /home/airflow/.local/lib/python3.7/site-packages/airflow/example_dags/tutorial_etl_dag.py
[2023-10-10 12:18:32,544] {logging_mixin.py:115} INFO - [2023-10-10 12:18:32,544] {dag.py:2420} INFO - Sync 1 DAGs
[2023-10-10 12:18:32,597] {logging_mixin.py:115} INFO - [2023-10-10 12:18:32,597] {dag.py:2972} INFO - Setting next_dagrun for tutorial_etl_dag to None, run_after=None
[2023-10-10 12:18:32,637] {processor.py:161} INFO - Processing /home/airflow/.local/lib/python3.7/site-packages/airflow/example_dags/tutorial_etl_dag.py took 0.200 seconds
[2023-10-10 12:19:03,513] {processor.py:153} INFO - Started process (PID=1847) to work on /home/airflow/.local/lib/python3.7/site-packages/airflow/example_dags/tutorial_etl_dag.py
[2023-10-10 12:19:03,515] {processor.py:641} INFO - Processing file /home/airflow/.local/lib/python3.7/site-packages/airflow/example_dags/tutorial_etl_dag.py for tasks to queue
[2023-10-10 12:19:03,516] {logging_mixin.py:115} INFO - [2023-10-10 12:19:03,516] {dagbag.py:508} INFO - Filling up the DagBag from /home/airflow/.local/lib/python3.7/site-packages/airflow/example_dags/tutorial_etl_dag.py
[2023-10-10 12:19:03,526] {processor.py:651} INFO - DAG(s) dict_keys(['tutorial_etl_dag']) retrieved from /home/airflow/.local/lib/python3.7/site-packages/airflow/example_dags/tutorial_etl_dag.py
[2023-10-10 12:19:03,566] {logging_mixin.py:115} INFO - [2023-10-10 12:19:03,565] {dag.py:2420} INFO - Sync 1 DAGs
[2023-10-10 12:19:03,598] {logging_mixin.py:115} INFO - [2023-10-10 12:19:03,598] {dag.py:2972} INFO - Setting next_dagrun for tutorial_etl_dag to None, run_after=None
[2023-10-10 12:19:03,616] {processor.py:161} INFO - Processing /home/airflow/.local/lib/python3.7/site-packages/airflow/example_dags/tutorial_etl_dag.py took 0.108 seconds
[2023-10-10 12:19:34,116] {processor.py:153} INFO - Started process (PID=1908) to work on /home/airflow/.local/lib/python3.7/site-packages/airflow/example_dags/tutorial_etl_dag.py
[2023-10-10 12:19:34,117] {processor.py:641} INFO - Processing file /home/airflow/.local/lib/python3.7/site-packages/airflow/example_dags/tutorial_etl_dag.py for tasks to queue
[2023-10-10 12:19:34,118] {logging_mixin.py:115} INFO - [2023-10-10 12:19:34,118] {dagbag.py:508} INFO - Filling up the DagBag from /home/airflow/.local/lib/python3.7/site-packages/airflow/example_dags/tutorial_etl_dag.py
[2023-10-10 12:19:34,128] {processor.py:651} INFO - DAG(s) dict_keys(['tutorial_etl_dag']) retrieved from /home/airflow/.local/lib/python3.7/site-packages/airflow/example_dags/tutorial_etl_dag.py
[2023-10-10 12:19:34,167] {logging_mixin.py:115} INFO - [2023-10-10 12:19:34,167] {dag.py:2420} INFO - Sync 1 DAGs
[2023-10-10 12:19:34,196] {logging_mixin.py:115} INFO - [2023-10-10 12:19:34,196] {dag.py:2972} INFO - Setting next_dagrun for tutorial_etl_dag to None, run_after=None
[2023-10-10 12:19:34,210] {processor.py:161} INFO - Processing /home/airflow/.local/lib/python3.7/site-packages/airflow/example_dags/tutorial_etl_dag.py took 0.099 seconds
[2023-10-10 12:20:04,814] {processor.py:153} INFO - Started process (PID=1960) to work on /home/airflow/.local/lib/python3.7/site-packages/airflow/example_dags/tutorial_etl_dag.py
[2023-10-10 12:20:04,814] {processor.py:641} INFO - Processing file /home/airflow/.local/lib/python3.7/site-packages/airflow/example_dags/tutorial_etl_dag.py for tasks to queue
[2023-10-10 12:20:04,815] {logging_mixin.py:115} INFO - [2023-10-10 12:20:04,815] {dagbag.py:508} INFO - Filling up the DagBag from /home/airflow/.local/lib/python3.7/site-packages/airflow/example_dags/tutorial_etl_dag.py
[2023-10-10 12:20:04,824] {processor.py:651} INFO - DAG(s) dict_keys(['tutorial_etl_dag']) retrieved from /home/airflow/.local/lib/python3.7/site-packages/airflow/example_dags/tutorial_etl_dag.py
[2023-10-10 12:20:04,864] {logging_mixin.py:115} INFO - [2023-10-10 12:20:04,864] {dag.py:2420} INFO - Sync 1 DAGs
[2023-10-10 12:20:04,892] {logging_mixin.py:115} INFO - [2023-10-10 12:20:04,892] {dag.py:2972} INFO - Setting next_dagrun for tutorial_etl_dag to None, run_after=None
[2023-10-10 12:20:04,905] {processor.py:161} INFO - Processing /home/airflow/.local/lib/python3.7/site-packages/airflow/example_dags/tutorial_etl_dag.py took 0.096 seconds
[2023-10-10 12:20:35,156] {processor.py:153} INFO - Started process (PID=2021) to work on /home/airflow/.local/lib/python3.7/site-packages/airflow/example_dags/tutorial_etl_dag.py
[2023-10-10 12:20:35,157] {processor.py:641} INFO - Processing file /home/airflow/.local/lib/python3.7/site-packages/airflow/example_dags/tutorial_etl_dag.py for tasks to queue
[2023-10-10 12:20:35,157] {logging_mixin.py:115} INFO - [2023-10-10 12:20:35,157] {dagbag.py:508} INFO - Filling up the DagBag from /home/airflow/.local/lib/python3.7/site-packages/airflow/example_dags/tutorial_etl_dag.py
[2023-10-10 12:20:35,167] {processor.py:651} INFO - DAG(s) dict_keys(['tutorial_etl_dag']) retrieved from /home/airflow/.local/lib/python3.7/site-packages/airflow/example_dags/tutorial_etl_dag.py
[2023-10-10 12:20:35,207] {logging_mixin.py:115} INFO - [2023-10-10 12:20:35,207] {dag.py:2420} INFO - Sync 1 DAGs
[2023-10-10 12:20:35,239] {logging_mixin.py:115} INFO - [2023-10-10 12:20:35,239] {dag.py:2972} INFO - Setting next_dagrun for tutorial_etl_dag to None, run_after=None
[2023-10-10 12:20:35,251] {processor.py:161} INFO - Processing /home/airflow/.local/lib/python3.7/site-packages/airflow/example_dags/tutorial_etl_dag.py took 0.101 seconds
[2023-10-10 12:21:05,592] {processor.py:153} INFO - Started process (PID=2085) to work on /home/airflow/.local/lib/python3.7/site-packages/airflow/example_dags/tutorial_etl_dag.py
[2023-10-10 12:21:05,593] {processor.py:641} INFO - Processing file /home/airflow/.local/lib/python3.7/site-packages/airflow/example_dags/tutorial_etl_dag.py for tasks to queue
[2023-10-10 12:21:05,594] {logging_mixin.py:115} INFO - [2023-10-10 12:21:05,594] {dagbag.py:508} INFO - Filling up the DagBag from /home/airflow/.local/lib/python3.7/site-packages/airflow/example_dags/tutorial_etl_dag.py
[2023-10-10 12:21:05,604] {processor.py:651} INFO - DAG(s) dict_keys(['tutorial_etl_dag']) retrieved from /home/airflow/.local/lib/python3.7/site-packages/airflow/example_dags/tutorial_etl_dag.py
[2023-10-10 12:21:05,657] {logging_mixin.py:115} INFO - [2023-10-10 12:21:05,656] {dag.py:2420} INFO - Sync 1 DAGs
[2023-10-10 12:21:05,719] {logging_mixin.py:115} INFO - [2023-10-10 12:21:05,718] {dag.py:2972} INFO - Setting next_dagrun for tutorial_etl_dag to None, run_after=None
[2023-10-10 12:21:05,741] {processor.py:161} INFO - Processing /home/airflow/.local/lib/python3.7/site-packages/airflow/example_dags/tutorial_etl_dag.py took 0.154 seconds
[2023-10-10 12:21:36,422] {processor.py:153} INFO - Started process (PID=2138) to work on /home/airflow/.local/lib/python3.7/site-packages/airflow/example_dags/tutorial_etl_dag.py
[2023-10-10 12:21:36,422] {processor.py:641} INFO - Processing file /home/airflow/.local/lib/python3.7/site-packages/airflow/example_dags/tutorial_etl_dag.py for tasks to queue
[2023-10-10 12:21:36,423] {logging_mixin.py:115} INFO - [2023-10-10 12:21:36,423] {dagbag.py:508} INFO - Filling up the DagBag from /home/airflow/.local/lib/python3.7/site-packages/airflow/example_dags/tutorial_etl_dag.py
[2023-10-10 12:21:36,433] {processor.py:651} INFO - DAG(s) dict_keys(['tutorial_etl_dag']) retrieved from /home/airflow/.local/lib/python3.7/site-packages/airflow/example_dags/tutorial_etl_dag.py
[2023-10-10 12:21:36,474] {logging_mixin.py:115} INFO - [2023-10-10 12:21:36,474] {dag.py:2420} INFO - Sync 1 DAGs
[2023-10-10 12:21:36,508] {logging_mixin.py:115} INFO - [2023-10-10 12:21:36,508] {dag.py:2972} INFO - Setting next_dagrun for tutorial_etl_dag to None, run_after=None
[2023-10-10 12:21:36,540] {processor.py:161} INFO - Processing /home/airflow/.local/lib/python3.7/site-packages/airflow/example_dags/tutorial_etl_dag.py took 0.124 seconds
[2023-10-10 12:22:06,741] {processor.py:153} INFO - Started process (PID=2200) to work on /home/airflow/.local/lib/python3.7/site-packages/airflow/example_dags/tutorial_etl_dag.py
[2023-10-10 12:22:06,742] {processor.py:641} INFO - Processing file /home/airflow/.local/lib/python3.7/site-packages/airflow/example_dags/tutorial_etl_dag.py for tasks to queue
[2023-10-10 12:22:06,743] {logging_mixin.py:115} INFO - [2023-10-10 12:22:06,743] {dagbag.py:508} INFO - Filling up the DagBag from /home/airflow/.local/lib/python3.7/site-packages/airflow/example_dags/tutorial_etl_dag.py
[2023-10-10 12:22:06,756] {processor.py:651} INFO - DAG(s) dict_keys(['tutorial_etl_dag']) retrieved from /home/airflow/.local/lib/python3.7/site-packages/airflow/example_dags/tutorial_etl_dag.py
[2023-10-10 12:22:06,819] {logging_mixin.py:115} INFO - [2023-10-10 12:22:06,819] {dag.py:2420} INFO - Sync 1 DAGs
[2023-10-10 12:22:06,864] {logging_mixin.py:115} INFO - [2023-10-10 12:22:06,864] {dag.py:2972} INFO - Setting next_dagrun for tutorial_etl_dag to None, run_after=None
[2023-10-10 12:22:06,900] {processor.py:161} INFO - Processing /home/airflow/.local/lib/python3.7/site-packages/airflow/example_dags/tutorial_etl_dag.py took 0.164 seconds
[2023-10-10 12:22:37,846] {processor.py:153} INFO - Started process (PID=2262) to work on /home/airflow/.local/lib/python3.7/site-packages/airflow/example_dags/tutorial_etl_dag.py
[2023-10-10 12:22:37,855] {processor.py:641} INFO - Processing file /home/airflow/.local/lib/python3.7/site-packages/airflow/example_dags/tutorial_etl_dag.py for tasks to queue
[2023-10-10 12:22:37,856] {logging_mixin.py:115} INFO - [2023-10-10 12:22:37,856] {dagbag.py:508} INFO - Filling up the DagBag from /home/airflow/.local/lib/python3.7/site-packages/airflow/example_dags/tutorial_etl_dag.py
[2023-10-10 12:22:37,865] {processor.py:651} INFO - DAG(s) dict_keys(['tutorial_etl_dag']) retrieved from /home/airflow/.local/lib/python3.7/site-packages/airflow/example_dags/tutorial_etl_dag.py
[2023-10-10 12:22:37,937] {logging_mixin.py:115} INFO - [2023-10-10 12:22:37,937] {dag.py:2420} INFO - Sync 1 DAGs
[2023-10-10 12:22:37,978] {logging_mixin.py:115} INFO - [2023-10-10 12:22:37,978] {dag.py:2972} INFO - Setting next_dagrun for tutorial_etl_dag to None, run_after=None
[2023-10-10 12:22:37,998] {processor.py:161} INFO - Processing /home/airflow/.local/lib/python3.7/site-packages/airflow/example_dags/tutorial_etl_dag.py took 0.157 seconds
[2023-10-10 12:23:08,144] {processor.py:153} INFO - Started process (PID=2315) to work on /home/airflow/.local/lib/python3.7/site-packages/airflow/example_dags/tutorial_etl_dag.py
[2023-10-10 12:23:08,145] {processor.py:641} INFO - Processing file /home/airflow/.local/lib/python3.7/site-packages/airflow/example_dags/tutorial_etl_dag.py for tasks to queue
[2023-10-10 12:23:08,146] {logging_mixin.py:115} INFO - [2023-10-10 12:23:08,146] {dagbag.py:508} INFO - Filling up the DagBag from /home/airflow/.local/lib/python3.7/site-packages/airflow/example_dags/tutorial_etl_dag.py
[2023-10-10 12:23:08,157] {processor.py:651} INFO - DAG(s) dict_keys(['tutorial_etl_dag']) retrieved from /home/airflow/.local/lib/python3.7/site-packages/airflow/example_dags/tutorial_etl_dag.py
[2023-10-10 12:23:08,205] {logging_mixin.py:115} INFO - [2023-10-10 12:23:08,205] {dag.py:2420} INFO - Sync 1 DAGs
[2023-10-10 12:23:08,233] {logging_mixin.py:115} INFO - [2023-10-10 12:23:08,233] {dag.py:2972} INFO - Setting next_dagrun for tutorial_etl_dag to None, run_after=None
[2023-10-10 12:23:08,246] {processor.py:161} INFO - Processing /home/airflow/.local/lib/python3.7/site-packages/airflow/example_dags/tutorial_etl_dag.py took 0.107 seconds
[2023-10-10 12:23:38,876] {processor.py:153} INFO - Started process (PID=2377) to work on /home/airflow/.local/lib/python3.7/site-packages/airflow/example_dags/tutorial_etl_dag.py
[2023-10-10 12:23:38,877] {processor.py:641} INFO - Processing file /home/airflow/.local/lib/python3.7/site-packages/airflow/example_dags/tutorial_etl_dag.py for tasks to queue
[2023-10-10 12:23:38,877] {logging_mixin.py:115} INFO - [2023-10-10 12:23:38,877] {dagbag.py:508} INFO - Filling up the DagBag from /home/airflow/.local/lib/python3.7/site-packages/airflow/example_dags/tutorial_etl_dag.py
[2023-10-10 12:23:38,888] {processor.py:651} INFO - DAG(s) dict_keys(['tutorial_etl_dag']) retrieved from /home/airflow/.local/lib/python3.7/site-packages/airflow/example_dags/tutorial_etl_dag.py
[2023-10-10 12:23:38,929] {logging_mixin.py:115} INFO - [2023-10-10 12:23:38,928] {dag.py:2420} INFO - Sync 1 DAGs
[2023-10-10 12:23:38,978] {logging_mixin.py:115} INFO - [2023-10-10 12:23:38,978] {dag.py:2972} INFO - Setting next_dagrun for tutorial_etl_dag to None, run_after=None
[2023-10-10 12:23:39,006] {processor.py:161} INFO - Processing /home/airflow/.local/lib/python3.7/site-packages/airflow/example_dags/tutorial_etl_dag.py took 0.136 seconds
[2023-10-10 12:24:09,636] {processor.py:153} INFO - Started process (PID=2430) to work on /home/airflow/.local/lib/python3.7/site-packages/airflow/example_dags/tutorial_etl_dag.py
[2023-10-10 12:24:09,637] {processor.py:641} INFO - Processing file /home/airflow/.local/lib/python3.7/site-packages/airflow/example_dags/tutorial_etl_dag.py for tasks to queue
[2023-10-10 12:24:09,637] {logging_mixin.py:115} INFO - [2023-10-10 12:24:09,637] {dagbag.py:508} INFO - Filling up the DagBag from /home/airflow/.local/lib/python3.7/site-packages/airflow/example_dags/tutorial_etl_dag.py
[2023-10-10 12:24:09,647] {processor.py:651} INFO - DAG(s) dict_keys(['tutorial_etl_dag']) retrieved from /home/airflow/.local/lib/python3.7/site-packages/airflow/example_dags/tutorial_etl_dag.py
[2023-10-10 12:24:09,688] {logging_mixin.py:115} INFO - [2023-10-10 12:24:09,688] {dag.py:2420} INFO - Sync 1 DAGs
[2023-10-10 12:24:09,718] {logging_mixin.py:115} INFO - [2023-10-10 12:24:09,718] {dag.py:2972} INFO - Setting next_dagrun for tutorial_etl_dag to None, run_after=None
[2023-10-10 12:24:09,732] {processor.py:161} INFO - Processing /home/airflow/.local/lib/python3.7/site-packages/airflow/example_dags/tutorial_etl_dag.py took 0.101 seconds
[2023-10-10 12:24:40,360] {processor.py:153} INFO - Started process (PID=2493) to work on /home/airflow/.local/lib/python3.7/site-packages/airflow/example_dags/tutorial_etl_dag.py
[2023-10-10 12:24:40,360] {processor.py:641} INFO - Processing file /home/airflow/.local/lib/python3.7/site-packages/airflow/example_dags/tutorial_etl_dag.py for tasks to queue
[2023-10-10 12:24:40,361] {logging_mixin.py:115} INFO - [2023-10-10 12:24:40,361] {dagbag.py:508} INFO - Filling up the DagBag from /home/airflow/.local/lib/python3.7/site-packages/airflow/example_dags/tutorial_etl_dag.py
[2023-10-10 12:24:40,371] {processor.py:651} INFO - DAG(s) dict_keys(['tutorial_etl_dag']) retrieved from /home/airflow/.local/lib/python3.7/site-packages/airflow/example_dags/tutorial_etl_dag.py
[2023-10-10 12:24:40,411] {logging_mixin.py:115} INFO - [2023-10-10 12:24:40,410] {dag.py:2420} INFO - Sync 1 DAGs
[2023-10-10 12:24:40,439] {logging_mixin.py:115} INFO - [2023-10-10 12:24:40,438] {dag.py:2972} INFO - Setting next_dagrun for tutorial_etl_dag to None, run_after=None
[2023-10-10 12:24:40,452] {processor.py:161} INFO - Processing /home/airflow/.local/lib/python3.7/site-packages/airflow/example_dags/tutorial_etl_dag.py took 0.097 seconds
[2023-10-10 12:25:11,016] {processor.py:153} INFO - Started process (PID=2555) to work on /home/airflow/.local/lib/python3.7/site-packages/airflow/example_dags/tutorial_etl_dag.py
[2023-10-10 12:25:11,017] {processor.py:641} INFO - Processing file /home/airflow/.local/lib/python3.7/site-packages/airflow/example_dags/tutorial_etl_dag.py for tasks to queue
[2023-10-10 12:25:11,018] {logging_mixin.py:115} INFO - [2023-10-10 12:25:11,017] {dagbag.py:508} INFO - Filling up the DagBag from /home/airflow/.local/lib/python3.7/site-packages/airflow/example_dags/tutorial_etl_dag.py
[2023-10-10 12:25:11,028] {processor.py:651} INFO - DAG(s) dict_keys(['tutorial_etl_dag']) retrieved from /home/airflow/.local/lib/python3.7/site-packages/airflow/example_dags/tutorial_etl_dag.py
[2023-10-10 12:25:11,079] {logging_mixin.py:115} INFO - [2023-10-10 12:25:11,079] {dag.py:2420} INFO - Sync 1 DAGs
[2023-10-10 12:25:11,121] {logging_mixin.py:115} INFO - [2023-10-10 12:25:11,121] {dag.py:2972} INFO - Setting next_dagrun for tutorial_etl_dag to None, run_after=None
[2023-10-10 12:25:11,139] {processor.py:161} INFO - Processing /home/airflow/.local/lib/python3.7/site-packages/airflow/example_dags/tutorial_etl_dag.py took 0.128 seconds
[2023-10-10 12:25:41,706] {processor.py:153} INFO - Started process (PID=2608) to work on /home/airflow/.local/lib/python3.7/site-packages/airflow/example_dags/tutorial_etl_dag.py
[2023-10-10 12:25:41,707] {processor.py:641} INFO - Processing file /home/airflow/.local/lib/python3.7/site-packages/airflow/example_dags/tutorial_etl_dag.py for tasks to queue
[2023-10-10 12:25:41,708] {logging_mixin.py:115} INFO - [2023-10-10 12:25:41,708] {dagbag.py:508} INFO - Filling up the DagBag from /home/airflow/.local/lib/python3.7/site-packages/airflow/example_dags/tutorial_etl_dag.py
[2023-10-10 12:25:41,723] {processor.py:651} INFO - DAG(s) dict_keys(['tutorial_etl_dag']) retrieved from /home/airflow/.local/lib/python3.7/site-packages/airflow/example_dags/tutorial_etl_dag.py
[2023-10-10 12:25:41,779] {logging_mixin.py:115} INFO - [2023-10-10 12:25:41,778] {dag.py:2420} INFO - Sync 1 DAGs
[2023-10-10 12:25:41,816] {logging_mixin.py:115} INFO - [2023-10-10 12:25:41,816] {dag.py:2972} INFO - Setting next_dagrun for tutorial_etl_dag to None, run_after=None
[2023-10-10 12:25:41,836] {processor.py:161} INFO - Processing /home/airflow/.local/lib/python3.7/site-packages/airflow/example_dags/tutorial_etl_dag.py took 0.135 seconds
[2023-10-10 12:26:12,256] {processor.py:153} INFO - Started process (PID=2670) to work on /home/airflow/.local/lib/python3.7/site-packages/airflow/example_dags/tutorial_etl_dag.py
[2023-10-10 12:26:12,257] {processor.py:641} INFO - Processing file /home/airflow/.local/lib/python3.7/site-packages/airflow/example_dags/tutorial_etl_dag.py for tasks to queue
[2023-10-10 12:26:12,258] {logging_mixin.py:115} INFO - [2023-10-10 12:26:12,258] {dagbag.py:508} INFO - Filling up the DagBag from /home/airflow/.local/lib/python3.7/site-packages/airflow/example_dags/tutorial_etl_dag.py
[2023-10-10 12:26:12,268] {processor.py:651} INFO - DAG(s) dict_keys(['tutorial_etl_dag']) retrieved from /home/airflow/.local/lib/python3.7/site-packages/airflow/example_dags/tutorial_etl_dag.py
[2023-10-10 12:26:12,307] {logging_mixin.py:115} INFO - [2023-10-10 12:26:12,307] {dag.py:2420} INFO - Sync 1 DAGs
[2023-10-10 12:26:12,339] {logging_mixin.py:115} INFO - [2023-10-10 12:26:12,339] {dag.py:2972} INFO - Setting next_dagrun for tutorial_etl_dag to None, run_after=None
[2023-10-10 12:26:12,352] {processor.py:161} INFO - Processing /home/airflow/.local/lib/python3.7/site-packages/airflow/example_dags/tutorial_etl_dag.py took 0.101 seconds
[2023-10-10 12:26:43,108] {processor.py:153} INFO - Started process (PID=2732) to work on /home/airflow/.local/lib/python3.7/site-packages/airflow/example_dags/tutorial_etl_dag.py
[2023-10-10 12:26:43,109] {processor.py:641} INFO - Processing file /home/airflow/.local/lib/python3.7/site-packages/airflow/example_dags/tutorial_etl_dag.py for tasks to queue
[2023-10-10 12:26:43,109] {logging_mixin.py:115} INFO - [2023-10-10 12:26:43,109] {dagbag.py:508} INFO - Filling up the DagBag from /home/airflow/.local/lib/python3.7/site-packages/airflow/example_dags/tutorial_etl_dag.py
[2023-10-10 12:26:43,120] {processor.py:651} INFO - DAG(s) dict_keys(['tutorial_etl_dag']) retrieved from /home/airflow/.local/lib/python3.7/site-packages/airflow/example_dags/tutorial_etl_dag.py
[2023-10-10 12:26:43,158] {logging_mixin.py:115} INFO - [2023-10-10 12:26:43,158] {dag.py:2420} INFO - Sync 1 DAGs
[2023-10-10 12:26:43,187] {logging_mixin.py:115} INFO - [2023-10-10 12:26:43,187] {dag.py:2972} INFO - Setting next_dagrun for tutorial_etl_dag to None, run_after=None
[2023-10-10 12:26:43,200] {processor.py:161} INFO - Processing /home/airflow/.local/lib/python3.7/site-packages/airflow/example_dags/tutorial_etl_dag.py took 0.097 seconds
